 -1.00000000E+00  7.95774715E-02 -1.26609068E-14 -4.31700190E-13
 -9.98665777E-01  7.95774715E-02 -1.26440143E-14 -4.31124206E-13
 -9.97331554E-01  7.95774715E-02 -1.26271218E-14 -4.30548222E-13
 -9.95997332E-01  7.95774715E-02 -1.26102293E-14 -4.29972237E-13
 -9.94663109E-01  7.95774715E-02 -1.25933369E-14 -4.29396253E-13
 -9.93328886E-01  7.95774715E-02 -1.25764444E-14 -4.28820269E-13
 -9.91994663E-01  7.95774715E-02 -1.25595519E-14 -4.28244285E-13
 -9.90660440E-01  7.95774715E-02 -1.25426595E-14 -4.27668300E-13
 -9.89326217E-01  7.95774715E-02 -1.25257670E-14 -4.27092316E-13
 -9.87991995E-01  7.95774715E-02 -1.25088745E-14 -4.26516332E-13
 -9.86657772E-01  7.95774715E-02 -1.24919821E-14 -4.25940348E-13
 -9.85323549E-01  7.95774715E-02 -1.24750896E-14 -4.25364363E-13
 -9.83989326E-01  7.95774715E-02 -1.24581971E-14 -4.24788379E-13
 -9.82655103E-01  7.95774715E-02 -1.24413046E-14 -4.24212395E-13
 -9.81320881E-01  7.95774715E-02 -1.24244122E-14 -4.23636411E-13
 -9.79986658E-01  7.95774715E-02 -1.24075197E-14 -4.23060426E-13
 -9.78652435E-01  7.95774715E-02 -1.23906272E-14 -4.22484442E-13
 -9.77318212E-01  7.95774715E-02 -1.23737348E-14 -4.21908458E-13
 -9.75983989E-01  7.95774715E-02 -1.23568423E-14 -4.21332474E-13
 -9.74649767E-01  7.95774715E-02 -1.23399498E-14 -4.20756489E-13
 -9.73315544E-01  7.95774715E-02 -1.23230573E-14 -4.20180505E-13
 -9.71981321E-01  7.95774715E-02 -1.23061649E-14 -4.19604521E-13
 -9.70647098E-01  7.95774715E-02 -1.22892724E-14 -4.19028537E-13
 -9.69312875E-01  7.95774715E-02 -1.22723799E-14 -4.18452552E-13
 -9.67978652E-01  7.95774715E-02 -1.22554875E-14 -4.17876568E-13
 -9.66644430E-01  7.95774715E-02 -1.22385950E-14 -4.17300584E-13
 -9.65310207E-01  7.95774715E-02 -1.22217025E-14 -4.16724600E-13
 -9.63975984E-01  7.95774715E-02 -1.22048100E-14 -4.16148615E-13
 -9.62641761E-01  7.95774715E-02 -1.21879176E-14 -4.15572631E-13
 -9.61307538E-01  7.95774715E-02 -1.21710251E-14 -4.14996647E-13
 -9.59973316E-01  7.95774715E-02 -1.21541326E-14 -4.14420663E-13
 -9.58639093E-01  7.95774715E-02 -1.21372402E-14 -4.13844678E-13
 -9.57304870E-01  7.95774715E-02 -1.21203477E-14 -4.13268694E-13
 -9.55970647E-01  7.95774715E-02 -1.21034552E-14 -4.12692710E-13
 -9.54636424E-01  7.95774715E-02 -1.20865628E-14 -4.12116726E-13
 -9.53302201E-01  7.95774715E-02 -1.20696703E-14 -4.11540742E-13
 -9.51967979E-01  7.95774715E-02 -1.20527778E-14 -4.10964757E-13
 -9.50633756E-01  7.95774715E-02 -1.20358853E-14 -4.10388773E-13
 -9.49299533E-01  7.95774715E-02 -1.20189929E-14 -4.09812789E-13
 -9.47965310E-01  7.95774715E-02 -1.20021004E-14 -4.09236805E-13
 -9.46631087E-01  7.95774715E-02 -1.19852079E-14 -4.08660820E-13
 -9.45296865E-01  7.95774715E-02 -1.19683155E-14 -4.08084836E-13
 -9.43962642E-01  7.95774715E-02 -1.19514230E-14 -4.07508852E-13
 -9.42628419E-01  7.95774715E-02 -1.19345305E-14 -4.06932868E-13
 -9.41294196E-01  7.95774715E-02 -1.19176380E-14 -4.06356883E-13
 -9.39959973E-01  7.95774715E-02 -1.19007456E-14 -4.05780899E-13
 -9.38625751E-01  7.95774715E-02 -1.18838531E-14 -4.05204915E-13
 -9.37291528E-01  7.95774715E-02 -1.18669606E-14 -4.04628931E-13
 -9.35957305E-01  7.95774715E-02 -1.18500682E-14 -4.04052946E-13
 -9.34623082E-01  7.95774715E-02 -1.18331757E-14 -4.03476962E-13
 -9.33288859E-01  7.95774715E-02 -1.18162832E-14 -4.02900978E-13
 -9.31954636E-01  7.95774715E-02 -1.17993908E-14 -4.02324994E-13
 -9.30620414E-01  7.95774715E-02 -1.17824983E-14 -4.01749009E-13
 -9.29286191E-01  7.95774715E-02 -1.17656058E-14 -4.01173025E-13
 -9.27951968E-01  7.95774715E-02 -1.17487133E-14 -4.00597041E-13
 -9.26617745E-01  7.95774715E-02 -1.17318209E-14 -4.00021057E-13
 -9.25283522E-01  7.95774715E-02 -1.17149284E-14 -3.99445072E-13
 -9.23949300E-01  7.95774715E-02 -1.16980359E-14 -3.98869088E-13
 -9.22615077E-01  7.95774715E-02 -1.16811435E-14 -3.98293104E-13
 -9.21280854E-01  7.95774715E-02 -1.16642510E-14 -3.97717120E-13
 -9.19946631E-01  7.95774715E-02 -1.16473585E-14 -3.97141135E-13
 -9.18612408E-01  7.95774715E-02 -1.16304660E-14 -3.96565151E-13
 -9.17278185E-01  7.95774715E-02 -1.16135736E-14 -3.95989167E-13
 -9.15943963E-01  7.95774715E-02 -1.15966811E-14 -3.95413183E-13
 -9.14609740E-01  7.95774715E-02 -1.15797886E-14 -3.94837198E-13
 -9.13275517E-01  7.95774715E-02 -1.15628962E-14 -3.94261214E-13
 -9.11941294E-01  7.95774715E-02 -1.15460037E-14 -3.93685230E-13
 -9.10607071E-01  7.95774715E-02 -1.15291112E-14 -3.93109246E-13
 -9.09272849E-01  7.95774715E-02 -1.15122188E-14 -3.92533262E-13
 -9.07938626E-01  7.95774715E-02 -1.14953263E-14 -3.91957277E-13
 -9.06604403E-01  7.95774715E-02 -1.14784338E-14 -3.91381293E-13
 -9.05270180E-01  7.95774715E-02 -1.14615413E-14 -3.90805309E-13
 -9.03935957E-01  7.95774715E-02 -1.14446489E-14 -3.90229325E-13
 -9.02601734E-01  7.95774715E-02 -1.14277564E-14 -3.89653340E-13
 -9.01267512E-01  7.95774715E-02 -1.14108639E-14 -3.89077356E-13
 -8.99933289E-01  7.95774715E-02 -1.13939715E-14 -3.88501372E-13
 -8.98599066E-01  7.95774715E-02 -1.13770790E-14 -3.87925388E-13
 -8.97264843E-01  7.95774715E-02 -1.13601865E-14 -3.87349403E-13
 -8.95930620E-01  7.95774715E-02 -1.13432940E-14 -3.86773419E-13
 -8.94596398E-01  7.95774715E-02 -1.13264016E-14 -3.86197435E-13
 -8.93262175E-01  7.95774715E-02 -1.13095091E-14 -3.85621451E-13
 -8.91927952E-01  7.95774715E-02 -1.12926166E-14 -3.85045466E-13
 -8.90593729E-01  7.95774715E-02 -1.12757242E-14 -3.84469482E-13
 -8.89259506E-01  7.95774715E-02 -1.12588317E-14 -3.83893498E-13
 -8.87925284E-01  7.95774715E-02 -1.12419392E-14 -3.83317514E-13
 -8.86591061E-01  7.95774715E-02 -1.12250468E-14 -3.82741529E-13
 -8.85256838E-01  7.95774715E-02 -1.12081543E-14 -3.82165545E-13
 -8.83922615E-01  7.95774715E-02 -1.11912618E-14 -3.81589561E-13
 -8.82588392E-01  7.95774715E-02 -1.11743693E-14 -3.81013577E-13
 -8.81254169E-01  7.95774715E-02 -1.11574769E-14 -3.80437592E-13
 -8.79919947E-01  7.95774715E-02 -1.11405844E-14 -3.79861608E-13
 -8.78585724E-01  7.95774715E-02 -1.11236919E-14 -3.79285624E-13
 -8.77251501E-01  7.95774715E-02 -1.11067995E-14 -3.78709640E-13
 -8.75917278E-01  7.95774715E-02 -1.10899070E-14 -3.78133655E-13
 -8.74583055E-01  7.95774715E-02 -1.10730145E-14 -3.77557671E-13
 -8.73248833E-01  7.95774715E-02 -1.10561220E-14 -3.76981687E-13
 -8.71914610E-01  7.95774715E-02 -1.10392296E-14 -3.76405703E-13
 -8.70580387E-01  7.95774715E-02 -1.10223371E-14 -3.75829718E-13
 -8.69246164E-01  7.95774715E-02 -1.10054446E-14 -3.75253734E-13
 -8.67911941E-01  7.95774715E-02 -1.09885522E-14 -3.74677750E-13
 -8.66577718E-01  7.95774715E-02 -1.09716597E-14 -3.74101766E-13
 -8.65243496E-01  7.95774715E-02 -1.09547672E-14 -3.73525781E-13
 -8.63909273E-01  7.95774715E-02 -1.09378747E-14 -3.72949797E-13
 -8.62575050E-01  7.95774715E-02 -1.09209823E-14 -3.72373813E-13
 -8.61240827E-01  7.95774715E-02 -1.09040898E-14 -3.71797829E-13
 -8.59906604E-01  7.95774715E-02 -1.08871973E-14 -3.71221845E-13
 -8.58572382E-01  7.95774715E-02 -1.08703049E-14 -3.70645860E-13
 -8.57238159E-01  7.95774715E-02 -1.08534124E-14 -3.70069876E-13
 -8.55903936E-01  7.95774715E-02 -1.08365199E-14 -3.69493892E-13
 -8.54569713E-01  7.95774715E-02 -1.08196275E-14 -3.68917908E-13
 -8.53235490E-01  7.95774715E-02 -1.08027350E-14 -3.68341923E-13
 -8.51901268E-01  7.95774715E-02 -1.07858425E-14 -3.67765939E-13
 -8.50567045E-01  7.95774715E-02 -1.07689500E-14 -3.67189955E-13
 -8.49232822E-01  7.95774715E-02 -1.07520576E-14 -3.66613971E-13
 -8.47898599E-01  7.95774715E-02 -1.07351651E-14 -3.66037986E-13
 -8.46564376E-01  7.95774715E-02 -1.07182726E-14 -3.65462002E-13
 -8.45230153E-01  7.95774715E-02 -1.07013802E-14 -3.64886018E-13
 -8.43895931E-01  7.95774715E-02 -1.06844877E-14 -3.64310034E-13
 -8.42561708E-01  7.95774715E-02 -1.06675952E-14 -3.63734049E-13
 -8.41227485E-01  7.95774715E-02 -1.06507027E-14 -3.63158065E-13
 -8.39893262E-01  7.95774715E-02 -1.06338103E-14 -3.62582081E-13
 -8.38559039E-01  7.95774715E-02 -1.06169178E-14 -3.62006097E-13
 -8.37224817E-01  7.95774715E-02 -1.06000253E-14 -3.61430112E-13
 -8.35890594E-01  7.95774715E-02 -1.05831329E-14 -3.60854128E-13
 -8.34556371E-01  7.95774715E-02 -1.05662404E-14 -3.60278144E-13
 -8.33222148E-01  7.95774715E-02 -1.05493479E-14 -3.59702160E-13
 -8.31887925E-01  7.95774715E-02 -1.05324555E-14 -3.59126175E-13
 -8.30553702E-01  7.95774715E-02 -1.05155630E-14 -3.58550191E-13
 -8.29219480E-01  7.95774715E-02 -1.04986705E-14 -3.57974207E-13
 -8.27885257E-01  7.95774715E-02 -1.04817780E-14 -3.57398223E-13
 -8.26551034E-01  7.95774715E-02 -1.04648856E-14 -3.56822238E-13
 -8.25216811E-01  7.95774715E-02 -1.04479931E-14 -3.56246254E-13
 -8.23882588E-01  7.95774715E-02 -1.04311006E-14 -3.55670270E-13
 -8.22548366E-01  7.95774715E-02 -1.04142082E-14 -3.55094286E-13
 -8.21214143E-01  7.95774715E-02 -1.03973157E-14 -3.54518301E-13
 -8.19879920E-01  7.95774715E-02 -1.03804232E-14 -3.53942317E-13
 -8.18545697E-01  7.95774715E-02 -1.03635307E-14 -3.53366333E-13
 -8.17211474E-01  7.95774715E-02 -1.03466383E-14 -3.52790349E-13
 -8.15877252E-01  7.95774715E-02 -1.03297458E-14 -3.52214365E-13
 -8.14543029E-01  7.95774715E-02 -1.03128533E-14 -3.51638380E-13
 -8.13208806E-01  7.95774715E-02 -1.02959609E-14 -3.51062396E-13
 -8.11874583E-01  7.95774715E-02 -1.02790684E-14 -3.50486412E-13
 -8.10540360E-01  7.95774715E-02 -1.02621759E-14 -3.49910428E-13
 -8.09206137E-01  7.95774715E-02 -1.02452835E-14 -3.49334443E-13
 -8.07871915E-01  7.95774715E-02 -1.02283910E-14 -3.48758459E-13
 -8.06537692E-01  7.95774715E-02 -1.02114985E-14 -3.48182475E-13
 -8.05203469E-01  7.95774715E-02 -1.01946060E-14 -3.47606491E-13
 -8.03869246E-01  7.95774715E-02 -1.01777136E-14 -3.47030506E-13
 -8.02535023E-01  7.95774715E-02 -1.01608211E-14 -3.46454522E-13
 -8.01200801E-01  7.95774715E-02 -1.01439286E-14 -3.45878538E-13
 -7.99866578E-01  7.95774715E-02 -1.01270362E-14 -3.45302554E-13
 -7.98532355E-01  7.95774715E-02 -1.01101437E-14 -3.44726569E-13
 -7.97198132E-01  7.95774715E-02 -1.00932512E-14 -3.44150585E-13
 -7.95863909E-01  7.95774715E-02 -1.00763587E-14 -3.43574601E-13
 -7.94529686E-01  7.95774715E-02 -1.00594663E-14 -3.42998617E-13
 -7.93195464E-01  7.95774715E-02 -1.00425738E-14 -3.42422632E-13
 -7.91861241E-01  7.95774715E-02 -1.00256813E-14 -3.41846648E-13
 -7.90527018E-01  7.95774715E-02 -1.00087889E-14 -3.41270664E-13
 -7.89192795E-01  7.95774715E-02 -9.99189639E-15 -3.40694680E-13
 -7.87858572E-01  7.95774715E-02 -9.97500392E-15 -3.40118695E-13
 -7.86524350E-01  7.95774715E-02 -9.95811145E-15 -3.39542711E-13
 -7.85190127E-01  7.95774715E-02 -9.94121898E-15 -3.38966727E-13
 -7.83855904E-01  7.95774715E-02 -9.92432651E-15 -3.38390743E-13
 -7.82521681E-01  7.95774715E-02 -9.90743404E-15 -3.37814758E-13
 -7.81187458E-01  7.95774715E-02 -9.89054157E-15 -3.37238774E-13
 -7.79853235E-01  7.95774715E-02 -9.87364910E-15 -3.36662790E-13
 -7.78519013E-01  7.95774715E-02 -9.85675663E-15 -3.36086806E-13
 -7.77184790E-01  7.95774715E-02 -9.83986416E-15 -3.35510821E-13
 -7.75850567E-01  7.95774715E-02 -9.82297169E-15 -3.34934837E-13
 -7.74516344E-01  7.95774715E-02 -9.80607922E-15 -3.34358853E-13
 -7.73182121E-01  7.95774715E-02 -9.78918675E-15 -3.33782869E-13
 -7.71847899E-01  7.95774715E-02 -9.77229427E-15 -3.33206884E-13
 -7.70513676E-01  7.95774715E-02 -9.75540180E-15 -3.32630900E-13
 -7.69179453E-01  7.95774715E-02 -9.73850933E-15 -3.32054916E-13
 -7.67845230E-01  7.95774715E-02 -9.72161686E-15 -3.31478932E-13
 -7.66511007E-01  7.95774715E-02 -9.70472439E-15 -3.30902948E-13
 -7.65176785E-01  7.95774715E-02 -9.68783192E-15 -3.30326963E-13
 -7.63842562E-01  7.95774715E-02 -9.67093945E-15 -3.29750979E-13
 -7.62508339E-01  7.95774715E-02 -9.65404698E-15 -3.29174995E-13
 -7.61174116E-01  7.95774715E-02 -9.63715451E-15 -3.28599011E-13
 -7.59839893E-01  7.95774715E-02 -9.62026204E-15 -3.28023026E-13
 -7.58505670E-01  7.95774715E-02 -9.60336957E-15 -3.27447042E-13
 -7.57171448E-01  7.95774715E-02 -9.58647710E-15 -3.26871058E-13
 -7.55837225E-01  7.95774715E-02 -9.56958463E-15 -3.26295074E-13
 -7.54503002E-01  7.95774715E-02 -9.55269216E-15 -3.25719089E-13
 -7.53168779E-01  7.95774715E-02 -9.53579969E-15 -3.25143105E-13
 -7.51834556E-01  7.95774715E-02 -9.51890721E-15 -3.24567121E-13
 -7.50500334E-01  7.95774715E-02 -9.50201474E-15 -3.23991137E-13
 -7.49166111E-01  7.95774715E-02 -9.48512227E-15 -3.23415152E-13
 -7.47831888E-01  7.95774715E-02 -9.46822980E-15 -3.22839168E-13
 -7.46497665E-01  7.95774715E-02 -9.45133733E-15 -3.22263184E-13
 -7.45163442E-01  7.95774715E-02 -9.43444486E-15 -3.21687200E-13
 -7.43829219E-01  7.95774715E-02 -9.41755239E-15 -3.21111215E-13
 -7.42494997E-01  7.95774715E-02 -9.40065992E-15 -3.20535231E-13
 -7.41160774E-01  7.95774715E-02 -9.38376745E-15 -3.19959247E-13
 -7.39826551E-01  7.95774715E-02 -9.36687498E-15 -3.19383263E-13
 -7.38492328E-01  7.95774715E-02 -9.34998251E-15 -3.18807278E-13
 -7.37158105E-01  7.95774715E-02 -9.33309004E-15 -3.18231294E-13
 -7.35823883E-01  7.95774715E-02 -9.31619757E-15 -3.17655310E-13
 -7.34489660E-01  7.95774715E-02 -9.29930510E-15 -3.17079326E-13
 -7.33155437E-01  7.95774715E-02 -9.28241263E-15 -3.16503341E-13
 -7.31821214E-01  7.95774715E-02 -9.26552015E-15 -3.15927357E-13
 -7.30486991E-01  7.95774715E-02 -9.24862768E-15 -3.15351373E-13
 -7.29152769E-01  7.95774715E-02 -9.23173521E-15 -3.14775389E-13
 -7.27818546E-01  7.95774715E-02 -9.21484274E-15 -3.14199404E-13
 -7.26484323E-01  7.95774715E-02 -9.19795027E-15 -3.13623420E-13
 -7.25150100E-01  7.95774715E-02 -9.18105780E-15 -3.13047436E-13
 -7.23815877E-01  7.95774715E-02 -9.16416533E-15 -3.12471452E-13
 -7.22481654E-01  7.95774715E-02 -9.14727286E-15 -3.11895468E-13
 -7.21147432E-01  7.95774715E-02 -9.13038039E-15 -3.11319483E-13
 -7.19813209E-01  7.95774715E-02 -9.11348792E-15 -3.10743499E-13
 -7.18478986E-01  7.95774715E-02 -9.09659545E-15 -3.10167515E-13
 -7.17144763E-01  7.95774715E-02 -9.07970298E-15 -3.09591531E-13
 -7.15810540E-01  7.95774715E-02 -9.06281051E-15 -3.09015546E-13
 -7.14476318E-01  7.95774715E-02 -9.04591804E-15 -3.08439562E-13
 -7.13142095E-01  7.95774715E-02 -9.02902557E-15 -3.07863578E-13
 -7.11807872E-01  7.95774715E-02 -9.01213310E-15 -3.07287594E-13
 -7.10473649E-01  7.95774715E-02 -8.99524062E-15 -3.06711609E-13
 -7.09139426E-01  7.95774715E-02 -8.97834815E-15 -3.06135625E-13
 -7.07805203E-01  7.95774715E-02 -8.96145568E-15 -3.05559641E-13
 -7.06470981E-01  7.95774715E-02 -8.94456321E-15 -3.04983657E-13
 -7.05136758E-01  7.95774715E-02 -8.92767074E-15 -3.04407672E-13
 -7.03802535E-01  7.95774715E-02 -8.91077827E-15 -3.03831688E-13
 -7.02468312E-01  7.95774715E-02 -8.89388580E-15 -3.03255704E-13
 -7.01134089E-01  7.95774715E-02 -8.87699333E-15 -3.02679720E-13
 -6.99799867E-01  7.95774715E-02 -8.86010086E-15 -3.02103735E-13
 -6.98465644E-01  7.95774715E-02 -8.84320839E-15 -3.01527751E-13
 -6.97131421E-01  7.95774715E-02 -8.82631592E-15 -3.00951767E-13
 -6.95797198E-01  7.95774715E-02 -8.80942345E-15 -3.00375783E-13
 -6.94462975E-01  7.95774715E-02 -8.79253098E-15 -2.99799798E-13
 -6.93128753E-01  7.95774715E-02 -8.77563851E-15 -2.99223814E-13
 -6.91794530E-01  7.95774715E-02 -8.75874604E-15 -2.98647830E-13
 -6.90460307E-01  7.95774715E-02 -8.74185356E-15 -2.98071846E-13
 -6.89126084E-01  7.95774715E-02 -8.72496109E-15 -2.97495861E-13
 -6.87791861E-01  7.95774715E-02 -8.70806862E-15 -2.96919877E-13
 -6.86457638E-01  7.95774715E-02 -8.69117615E-15 -2.96343893E-13
 -6.85123416E-01  7.95774715E-02 -8.67428368E-15 -2.95767909E-13
 -6.83789193E-01  7.95774715E-02 -8.65739121E-15 -2.95191924E-13
 -6.82454970E-01  7.95774715E-02 -8.64049874E-15 -2.94615940E-13
 -6.81120747E-01  7.95774715E-02 -8.62360627E-15 -2.94039956E-13
 -6.79786524E-01  7.95774715E-02 -8.60671380E-15 -2.93463972E-13
 -6.78452302E-01  7.95774715E-02 -8.58982133E-15 -2.92887987E-13
 -6.77118079E-01  7.95774715E-02 -8.57292886E-15 -2.92312003E-13
 -6.75783856E-01  7.95774715E-02 -8.55603639E-15 -2.91736019E-13
 -6.74449633E-01  7.95774715E-02 -8.53914392E-15 -2.91160035E-13
 -6.73115410E-01  7.95774715E-02 -8.52225145E-15 -2.90584051E-13
 -6.71781187E-01  7.95774715E-02 -8.50535898E-15 -2.90008066E-13
 -6.70446965E-01  7.95774715E-02 -8.48846650E-15 -2.89432082E-13
 -6.69112742E-01  7.95774715E-02 -8.47157403E-15 -2.88856098E-13
 -6.67778519E-01  7.95774715E-02 -8.45468156E-15 -2.88280114E-13
 -6.66444296E-01  7.95774715E-02 -8.43778909E-15 -2.87704129E-13
 -6.65110073E-01  7.95774715E-02 -8.42089662E-15 -2.87128145E-13
 -6.63775851E-01  7.95774715E-02 -8.40400415E-15 -2.86552161E-13
 -6.62441628E-01  7.95774715E-02 -8.38711168E-15 -2.85976177E-13
 -6.61107405E-01  7.95774715E-02 -8.37021921E-15 -2.85400192E-13
 -6.59773182E-01  7.95774715E-02 -8.35332674E-15 -2.84824208E-13
 -6.58438959E-01  7.95774715E-02 -8.33643427E-15 -2.84248224E-13
 -6.57104736E-01  7.95774715E-02 -8.31954180E-15 -2.83672240E-13
 -6.55770514E-01  7.95774715E-02 -8.30264933E-15 -2.83096255E-13
 -6.54436291E-01  7.95774715E-02 -8.28575686E-15 -2.82520271E-13
 -6.53102068E-01  7.95774715E-02 -8.26886439E-15 -2.81944287E-13
 -6.51767845E-01  7.95774715E-02 -8.25197192E-15 -2.81368303E-13
 -6.50433622E-01  7.95774715E-02 -8.23507944E-15 -2.80792318E-13
 -6.49099400E-01  7.95774715E-02 -8.21818697E-15 -2.80216334E-13
 -6.47765177E-01  7.95774715E-02 -8.20129450E-15 -2.79640350E-13
 -6.46430954E-01  7.95774715E-02 -8.18440203E-15 -2.79064366E-13
 -6.45096731E-01  7.95774715E-02 -8.16750956E-15 -2.78488381E-13
 -6.43762508E-01  7.95774715E-02 -8.15061709E-15 -2.77912397E-13
 -6.42428286E-01  7.95774715E-02 -8.13372462E-15 -2.77336413E-13
 -6.41094063E-01  7.95774715E-02 -8.11683215E-15 -2.76760429E-13
 -6.39759840E-01  7.95774715E-02 -8.09993968E-15 -2.76184444E-13
 -6.38425617E-01  7.95774715E-02 -8.08304721E-15 -2.75608460E-13
 -6.37091394E-01  7.95774715E-02 -8.06615474E-15 -2.75032476E-13
 -6.35757171E-01  7.95774715E-02 -8.04926227E-15 -2.74456492E-13
 -6.34422949E-01  7.95774715E-02 -8.03236980E-15 -2.73880507E-13
 -6.33088726E-01  7.95774715E-02 -8.01547733E-15 -2.73304523E-13
 -6.31754503E-01  7.95774715E-02 -7.99858486E-15 -2.72728539E-13
 -6.30420280E-01  7.95774715E-02 -7.98169239E-15 -2.72152555E-13
 -6.29086057E-01  7.95774715E-02 -7.96479991E-15 -2.71576571E-13
 -6.27751835E-01  7.95774715E-02 -7.94790744E-15 -2.71000586E-13
 -6.26417612E-01  7.95774715E-02 -7.93101497E-15 -2.70424602E-13
 -6.25083389E-01  7.95774715E-02 -7.91412250E-15 -2.69848618E-13
 -6.23749166E-01  7.95774715E-02 -7.89723003E-15 -2.69272634E-13
 -6.22414943E-01  7.95774715E-02 -7.88033756E-15 -2.68696649E-13
 -6.21080720E-01  7.95774715E-02 -7.86344509E-15 -2.68120665E-13
 -6.19746498E-01  7.95774715E-02 -7.84655262E-15 -2.67544681E-13
 -6.18412275E-01  7.95774715E-02 -7.82966015E-15 -2.66968697E-13
 -6.17078052E-01  7.95774715E-02 -7.81276768E-15 -2.66392712E-13
 -6.15743829E-01  7.95774715E-02 -7.79587521E-15 -2.65816728E-13
 -6.14409606E-01  7.95774715E-02 -7.77898274E-15 -2.65240744E-13
 -6.13075384E-01  7.95774715E-02 -7.76209027E-15 -2.64664760E-13
 -6.11741161E-01  7.95774715E-02 -7.74519780E-15 -2.64088775E-13
 -6.10406938E-01  7.95774715E-02 -7.72830533E-15 -2.63512791E-13
 -6.09072715E-01  7.95774715E-02 -7.71141285E-15 -2.62936807E-13
 -6.07738492E-01  7.95774715E-02 -7.69452038E-15 -2.62360823E-13
 -6.06404270E-01  7.95774715E-02 -7.67762791E-15 -2.61784838E-13
 -6.05070047E-01  7.95774715E-02 -7.66073544E-15 -2.61208854E-13
 -6.03735824E-01  7.95774715E-02 -7.64384297E-15 -2.60632870E-13
 -6.02401601E-01  7.95774715E-02 -7.62695050E-15 -2.60056886E-13
 -6.01067378E-01  7.95774715E-02 -7.61005803E-15 -2.59480901E-13
 -5.99733155E-01  7.95774715E-02 -7.59316556E-15 -2.58904917E-13
 -5.98398933E-01  7.95774715E-02 -7.57627309E-15 -2.58328933E-13
 -5.97064710E-01  7.95774715E-02 -7.55938062E-15 -2.57752949E-13
 -5.95730487E-01  7.95774715E-02 -7.54248815E-15 -2.57176964E-13
 -5.94396264E-01  7.95774715E-02 -7.52559568E-15 -2.56600980E-13
 -5.93062041E-01  7.95774715E-02 -7.50870321E-15 -2.56024996E-13
 -5.91727819E-01  7.95774715E-02 -7.49181074E-15 -2.55449012E-13
 -5.90393596E-01  7.95774715E-02 -7.47491827E-15 -2.54873027E-13
 -5.89059373E-01  7.95774715E-02 -7.45802579E-15 -2.54297043E-13
 -5.87725150E-01  7.95774715E-02 -7.44113332E-15 -2.53721059E-13
 -5.86390927E-01  7.95774715E-02 -7.42424085E-15 -2.53145075E-13
 -5.85056704E-01  7.95774715E-02 -7.40734838E-15 -2.52569090E-13
 -5.83722482E-01  7.95774715E-02 -7.39045591E-15 -2.51993106E-13
 -5.82388259E-01  7.95774715E-02 -7.37356344E-15 -2.51417122E-13
 -5.81054036E-01  7.95774715E-02 -7.35667097E-15 -2.50841138E-13
 -5.79719813E-01  7.95774715E-02 -7.33977850E-15 -2.50265154E-13
 -5.78385590E-01  7.95774715E-02 -7.32288603E-15 -2.49689169E-13
 -5.77051368E-01  7.95774715E-02 -7.30599356E-15 -2.49113185E-13
 -5.75717145E-01  7.95774715E-02 -7.28910109E-15 -2.48537201E-13
 -5.74382922E-01  7.95774715E-02 -7.27220862E-15 -2.47961217E-13
 -5.73048699E-01  7.95774715E-02 -7.25531615E-15 -2.47385232E-13
 -5.71714476E-01  7.95774715E-02 -7.23842368E-15 -2.46809248E-13
 -5.70380254E-01  7.95774715E-02 -7.22153121E-15 -2.46233264E-13
 -5.69046031E-01  7.95774715E-02 -7.20463873E-15 -2.45657280E-13
 -5.67711808E-01  7.95774715E-02 -7.18774626E-15 -2.45081295E-13
 -5.66377585E-01  7.95774715E-02 -7.17085379E-15 -2.44505311E-13
 -5.65043362E-01  7.95774715E-02 -7.15396132E-15 -2.43929327E-13
 -5.63709139E-01  7.95774715E-02 -7.13706885E-15 -2.43353343E-13
 -5.62374917E-01  7.95774715E-02 -7.12017638E-15 -2.42777358E-13
 -5.61040694E-01  7.95774715E-02 -7.10328391E-15 -2.42201374E-13
 -5.59706471E-01  7.95774715E-02 -7.08639144E-15 -2.41625390E-13
 -5.58372248E-01  7.95774715E-02 -7.06949897E-15 -2.41049406E-13
 -5.57038025E-01  7.95774715E-02 -7.05260650E-15 -2.40473421E-13
 -5.55703803E-01  7.95774715E-02 -7.03571403E-15 -2.39897437E-13
 -5.54369580E-01  7.95774715E-02 -7.01882156E-15 -2.39321453E-13
 -5.53035357E-01  7.95774715E-02 -7.00192909E-15 -2.38745469E-13
 -5.51701134E-01  7.95774715E-02 -6.98503662E-15 -2.38169484E-13
 -5.50366911E-01  7.95774715E-02 -6.96814415E-15 -2.37593500E-13
 -5.49032688E-01  7.95774715E-02 -6.95125168E-15 -2.37017516E-13
 -5.47698466E-01  7.95774715E-02 -6.93435920E-15 -2.36441532E-13
 -5.46364243E-01  7.95774715E-02 -6.91746673E-15 -2.35865547E-13
 -5.45030020E-01  7.95774715E-02 -6.90057426E-15 -2.35289563E-13
 -5.43695797E-01  7.95774715E-02 -6.88368179E-15 -2.34713579E-13
 -5.42361574E-01  7.95774715E-02 -6.86678932E-15 -2.34137595E-13
 -5.41027352E-01  7.95774715E-02 -6.84989685E-15 -2.33561610E-13
 -5.39693129E-01  7.95774715E-02 -6.83300438E-15 -2.32985626E-13
 -5.38358906E-01  7.95774715E-02 -6.81611191E-15 -2.32409642E-13
 -5.37024683E-01  7.95774715E-02 -6.79921944E-15 -2.31833658E-13
 -5.35690460E-01  7.95774715E-02 -6.78232697E-15 -2.31257674E-13
 -5.34356237E-01  7.95774715E-02 -6.76543450E-15 -2.30681689E-13
 -5.33022015E-01  7.95774715E-02 -6.74854203E-15 -2.30105705E-13
 -5.31687792E-01  7.95774715E-02 -6.73164956E-15 -2.29529721E-13
 -5.30353569E-01  7.95774715E-02 -6.71475709E-15 -2.28953737E-13
 -5.29019346E-01  7.95774715E-02 -6.69786462E-15 -2.28377752E-13
 -5.27685123E-01  7.95774715E-02 -6.68097214E-15 -2.27801768E-13
 -5.26350901E-01  7.95774715E-02 -6.66407967E-15 -2.27225784E-13
 -5.25016678E-01  7.95774715E-02 -6.64718720E-15 -2.26649800E-13
 -5.23682455E-01  7.95774715E-02 -6.63029473E-15 -2.26073815E-13
 -5.22348232E-01  7.95774715E-02 -6.61340226E-15 -2.25497831E-13
 -5.21014009E-01  7.95774715E-02 -6.59650979E-15 -2.24921847E-13
 -5.19679787E-01  7.95774715E-02 -6.57961732E-15 -2.24345863E-13
 -5.18345564E-01  7.95774715E-02 -6.56272485E-15 -2.23769878E-13
 -5.17011341E-01  7.95774715E-02 -6.54583238E-15 -2.23193894E-13
 -5.15677118E-01  7.95774715E-02 -6.52893991E-15 -2.22617910E-13
 -5.14342895E-01  7.95774715E-02 -6.51204744E-15 -2.22041926E-13
 -5.13008672E-01  7.95774715E-02 -6.49515497E-15 -2.21465941E-13
 -5.11674450E-01  7.95774715E-02 -6.47826250E-15 -2.20889957E-13
 -5.10340227E-01  7.95774715E-02 -6.46137003E-15 -2.20313973E-13
 -5.09006004E-01  7.95774715E-02 -6.44447756E-15 -2.19737989E-13
 -5.07671781E-01  7.95774715E-02 -6.42758508E-15 -2.19162004E-13
 -5.06337558E-01  7.95774715E-02 -6.41069261E-15 -2.18586020E-13
 -5.05003336E-01  7.95774715E-02 -6.39380014E-15 -2.18010036E-13
 -5.03669113E-01  7.95774715E-02 -6.37690767E-15 -2.17434052E-13
 -5.02334890E-01  7.95774715E-02 -6.36001520E-15 -2.16858067E-13
 -5.01000667E-01  7.95774715E-02 -6.34312273E-15 -2.16282083E-13
 -4.99666444E-01  7.95774715E-02 -6.32623026E-15 -2.15706099E-13
 -4.98332221E-01  7.95774715E-02 -6.30933779E-15 -2.15130115E-13
 -4.96997999E-01  7.95774715E-02 -6.29244532E-15 -2.14554130E-13
 -4.95663776E-01  7.95774715E-02 -6.27555285E-15 -2.13978146E-13
 -4.94329553E-01  7.95774715E-02 -6.25866038E-15 -2.13402162E-13
 -4.92995330E-01  7.95774715E-02 -6.24176791E-15 -2.12826178E-13
 -4.91661107E-01  7.95774715E-02 -6.22487544E-15 -2.12250193E-13
 -4.90326885E-01  7.95774715E-02 -6.20798297E-15 -2.11674209E-13
 -4.88992662E-01  7.95774715E-02 -6.19109050E-15 -2.11098225E-13
 -4.87658439E-01  7.95774715E-02 -6.17419802E-15 -2.10522241E-13
 -4.86324216E-01  7.95774715E-02 -6.15730555E-15 -2.09946257E-13
 -4.84989993E-01  7.95774715E-02 -6.14041308E-15 -2.09370272E-13
 -4.83655771E-01  7.95774715E-02 -6.12352061E-15 -2.08794288E-13
 -4.82321548E-01  7.95774715E-02 -6.10662814E-15 -2.08218304E-13
 -4.80987325E-01  7.95774715E-02 -6.08973567E-15 -2.07642320E-13
 -4.79653102E-01  7.95774715E-02 -6.07284320E-15 -2.07066335E-13
 -4.78318879E-01  7.95774715E-02 -6.05595073E-15 -2.06490351E-13
 -4.76984656E-01  7.95774715E-02 -6.03905826E-15 -2.05914367E-13
 -4.75650434E-01  7.95774715E-02 -6.02216579E-15 -2.05338383E-13
 -4.74316211E-01  7.95774715E-02 -6.00527332E-15 -2.04762398E-13
 -4.72981988E-01  7.95774715E-02 -5.98838085E-15 -2.04186414E-13
 -4.71647765E-01  7.95774715E-02 -5.97148838E-15 -2.03610430E-13
 -4.70313542E-01  7.95774715E-02 -5.95459591E-15 -2.03034446E-13
 -4.68979320E-01  7.95774715E-02 -5.93770344E-15 -2.02458461E-13
 -4.67645097E-01  7.95774715E-02 -5.92081097E-15 -2.01882477E-13
 -4.66310874E-01  7.95774715E-02 -5.90391849E-15 -2.01306493E-13
 -4.64976651E-01  7.95774715E-02 -5.88702602E-15 -2.00730509E-13
 -4.63642428E-01  7.95774715E-02 -5.87013355E-15 -2.00154524E-13
 -4.62308205E-01  7.95774715E-02 -5.85324108E-15 -1.99578540E-13
 -4.60973983E-01  7.95774715E-02 -5.83634861E-15 -1.99002556E-13
 -4.59639760E-01  7.95774715E-02 -5.81945614E-15 -1.98426572E-13
 -4.58305537E-01  7.95774715E-02 -5.80256367E-15 -1.97850587E-13
 -4.56971314E-01  7.95774715E-02 -5.78567120E-15 -1.97274603E-13
 -4.55637091E-01  7.95774715E-02 -5.76877873E-15 -1.96698619E-13
 -4.54302869E-01  7.95774715E-02 -5.75188626E-15 -1.96122635E-13
 -4.52968646E-01  7.95774715E-02 -5.73499379E-15 -1.95546650E-13
 -4.51634423E-01  7.95774715E-02 -5.71810132E-15 -1.94970666E-13
 -4.50300200E-01  7.95774715E-02 -5.70120885E-15 -1.94394682E-13
 -4.48965977E-01  7.95774715E-02 -5.68431638E-15 -1.93818698E-13
 -4.47631755E-01  7.95774715E-02 -5.66742391E-15 -1.93242713E-13
 -4.46297532E-01  7.95774715E-02 -5.65053143E-15 -1.92666729E-13
 -4.44963309E-01  7.95774715E-02 -5.63363896E-15 -1.92090745E-13
 -4.43629086E-01  7.95774715E-02 -5.61674649E-15 -1.91514761E-13
 -4.42294863E-01  7.95774715E-02 -5.59985402E-15 -1.90938777E-13
 -4.40960640E-01  7.95774715E-02 -5.58296155E-15 -1.90362792E-13
 -4.39626418E-01  7.95774715E-02 -5.56606908E-15 -1.89786808E-13
 -4.38292195E-01  7.95774715E-02 -5.54917661E-15 -1.89210824E-13
 -4.36957972E-01  7.95774715E-02 -5.53228414E-15 -1.88634840E-13
 -4.35623749E-01  7.95774715E-02 -5.51539167E-15 -1.88058855E-13
 -4.34289526E-01  7.95774715E-02 -5.49849920E-15 -1.87482871E-13
 -4.32955304E-01  7.95774715E-02 -5.48160673E-15 -1.86906887E-13
 -4.31621081E-01  7.95774715E-02 -5.46471426E-15 -1.86330903E-13
 -4.30286858E-01  7.95774715E-02 -5.44782179E-15 -1.85754918E-13
 -4.28952635E-01  7.95774715E-02 -5.43092932E-15 -1.85178934E-13
 -4.27618412E-01  7.95774715E-02 -5.41403685E-15 -1.84602950E-13
 -4.26284189E-01  7.95774715E-02 -5.39714437E-15 -1.84026966E-13
 -4.24949967E-01  7.95774715E-02 -5.38025190E-15 -1.83450981E-13
 -4.23615744E-01  7.95774715E-02 -5.36335943E-15 -1.82874997E-13
 -4.22281521E-01  7.95774715E-02 -5.34646696E-15 -1.82299013E-13
 -4.20947298E-01  7.95774715E-02 -5.32957449E-15 -1.81723029E-13
 -4.19613075E-01  7.95774715E-02 -5.31268202E-15 -1.81147044E-13
 -4.18278853E-01  7.95774715E-02 -5.29578955E-15 -1.80571060E-13
 -4.16944630E-01  7.95774715E-02 -5.27889708E-15 -1.79995076E-13
 -4.15610407E-01  7.95774715E-02 -5.26200461E-15 -1.79419092E-13
 -4.14276184E-01  7.95774715E-02 -5.24511214E-15 -1.78843107E-13
 -4.12941961E-01  7.95774715E-02 -5.22821967E-15 -1.78267123E-13
 -4.11607738E-01  7.95774715E-02 -5.21132720E-15 -1.77691139E-13
 -4.10273516E-01  7.95774715E-02 -5.19443473E-15 -1.77115155E-13
 -4.08939293E-01  7.95774715E-02 -5.17754226E-15 -1.76539170E-13
 -4.07605070E-01  7.95774715E-02 -5.16064979E-15 -1.75963186E-13
 -4.06270847E-01  7.95774715E-02 -5.14375731E-15 -1.75387202E-13
 -4.04936624E-01  7.95774715E-02 -5.12686484E-15 -1.74811218E-13
 -4.03602402E-01  7.95774715E-02 -5.10997237E-15 -1.74235233E-13
 -4.02268179E-01  7.95774715E-02 -5.09307990E-15 -1.73659249E-13
 -4.00933956E-01  7.95774715E-02 -5.07618743E-15 -1.73083265E-13
 -3.99599733E-01  7.95774715E-02 -5.05929496E-15 -1.72507281E-13
 -3.98265510E-01  7.95774715E-02 -5.04240249E-15 -1.71931296E-13
 -3.96931288E-01  7.95774715E-02 -5.02551002E-15 -1.71355312E-13
 -3.95597065E-01  7.95774715E-02 -5.00861755E-15 -1.70779328E-13
 -3.94262842E-01  7.95774715E-02 -4.99172508E-15 -1.70203344E-13
 -3.92928619E-01  7.95774715E-02 -4.97483261E-15 -1.69627360E-13
 -3.91594396E-01  7.95774715E-02 -4.95794014E-15 -1.69051375E-13
 -3.90260173E-01  7.95774715E-02 -4.94104767E-15 -1.68475391E-13
 -3.88925951E-01  7.95774715E-02 -4.92415520E-15 -1.67899407E-13
 -3.87591728E-01  7.95774715E-02 -4.90726273E-15 -1.67323423E-13
 -3.86257505E-01  7.95774715E-02 -4.89037026E-15 -1.66747438E-13
 -3.84923282E-01  7.95774715E-02 -4.87347778E-15 -1.66171454E-13
 -3.83589059E-01  7.95774715E-02 -4.85658531E-15 -1.65595470E-13
 -3.82254837E-01  7.95774715E-02 -4.83969284E-15 -1.65019486E-13
 -3.80920614E-01  7.95774715E-02 -4.82280037E-15 -1.64443501E-13
 -3.79586391E-01  7.95774715E-02 -4.80590790E-15 -1.63867517E-13
 -3.78252168E-01  7.95774715E-02 -4.78901543E-15 -1.63291533E-13
 -3.76917945E-01  7.95774715E-02 -4.77212296E-15 -1.62715549E-13
 -3.75583722E-01  7.95774715E-02 -4.75523049E-15 -1.62139564E-13
 -3.74249500E-01  7.95774715E-02 -4.73833802E-15 -1.61563580E-13
 -3.72915277E-01  7.95774715E-02 -4.72144555E-15 -1.60987596E-13
 -3.71581054E-01  7.95774715E-02 -4.70455308E-15 -1.60411612E-13
 -3.70246831E-01  7.95774715E-02 -4.68766061E-15 -1.59835627E-13
 -3.68912608E-01  7.95774715E-02 -4.67076814E-15 -1.59259643E-13
 -3.67578386E-01  7.95774715E-02 -4.65387567E-15 -1.58683659E-13
 -3.66244163E-01  7.95774715E-02 -4.63698320E-15 -1.58107675E-13
 -3.64909940E-01  7.95774715E-02 -4.62009072E-15 -1.57531690E-13
 -3.63575717E-01  7.95774715E-02 -4.60319825E-15 -1.56955706E-13
 -3.62241494E-01  7.95774715E-02 -4.58630578E-15 -1.56379722E-13
 -3.60907272E-01  7.95774715E-02 -4.56941331E-15 -1.55803738E-13
 -3.59573049E-01  7.95774715E-02 -4.55252084E-15 -1.55227753E-13
 -3.58238826E-01  7.95774715E-02 -4.53562837E-15 -1.54651769E-13
 -3.56904603E-01  7.95774715E-02 -4.51873590E-15 -1.54075785E-13
 -3.55570380E-01  7.95774715E-02 -4.50184343E-15 -1.53499801E-13
 -3.54236157E-01  7.95774715E-02 -4.48495096E-15 -1.52923816E-13
 -3.52901935E-01  7.95774715E-02 -4.46805849E-15 -1.52347832E-13
 -3.51567712E-01  7.95774715E-02 -4.45116602E-15 -1.51771848E-13
 -3.50233489E-01  7.95774715E-02 -4.43427355E-15 -1.51195864E-13
 -3.48899266E-01  7.95774715E-02 -4.41738108E-15 -1.50619880E-13
 -3.47565043E-01  7.95774715E-02 -4.40048861E-15 -1.50043895E-13
 -3.46230821E-01  7.95774715E-02 -4.38359614E-15 -1.49467911E-13
 -3.44896598E-01  7.95774715E-02 -4.36670366E-15 -1.48891927E-13
 -3.43562375E-01  7.95774715E-02 -4.34981119E-15 -1.48315943E-13
 -3.42228152E-01  7.95774715E-02 -4.33291872E-15 -1.47739958E-13
 -3.40893929E-01  7.95774715E-02 -4.31602625E-15 -1.47163974E-13
 -3.39559706E-01  7.95774715E-02 -4.29913378E-15 -1.46587990E-13
 -3.38225484E-01  7.95774715E-02 -4.28224131E-15 -1.46012006E-13
 -3.36891261E-01  7.95774715E-02 -4.26534884E-15 -1.45436021E-13
 -3.35557038E-01  7.95774715E-02 -4.24845637E-15 -1.44860037E-13
 -3.34222815E-01  7.95774715E-02 -4.23156390E-15 -1.44284053E-13
 -3.32888592E-01  7.95774715E-02 -4.21467143E-15 -1.43708069E-13
 -3.31554370E-01  7.95774715E-02 -4.19777896E-15 -1.43132084E-13
 -3.30220147E-01  7.95774715E-02 -4.18088649E-15 -1.42556100E-13
 -3.28885924E-01  7.95774715E-02 -4.16399402E-15 -1.41980116E-13
 -3.27551701E-01  7.95774715E-02 -4.14710155E-15 -1.41404132E-13
 -3.26217478E-01  7.95774715E-02 -4.13020908E-15 -1.40828147E-13
 -3.24883256E-01  7.95774715E-02 -4.11331660E-15 -1.40252163E-13
 -3.23549033E-01  7.95774715E-02 -4.09642413E-15 -1.39676179E-13
 -3.22214810E-01  7.95774715E-02 -4.07953166E-15 -1.39100195E-13
 -3.20880587E-01  7.95774715E-02 -4.06263919E-15 -1.38524210E-13
 -3.19546364E-01  7.95774715E-02 -4.04574672E-15 -1.37948226E-13
 -3.18212141E-01  7.95774715E-02 -4.02885425E-15 -1.37372242E-13
 -3.16877919E-01  7.95774715E-02 -4.01196178E-15 -1.36796258E-13
 -3.15543696E-01  7.95774715E-02 -3.99506931E-15 -1.36220273E-13
 -3.14209473E-01  7.95774715E-02 -3.97817684E-15 -1.35644289E-13
 -3.12875250E-01  7.95774715E-02 -3.96128437E-15 -1.35068305E-13
 -3.11541027E-01  7.95774715E-02 -3.94439190E-15 -1.34492321E-13
 -3.10206805E-01  7.95774715E-02 -3.92749943E-15 -1.33916336E-13
 -3.08872582E-01  7.95774715E-02 -3.91060696E-15 -1.33340352E-13
 -3.07538359E-01  7.95774715E-02 -3.89371449E-15 -1.32764368E-13
 -3.06204136E-01  7.95774715E-02 -3.87682202E-15 -1.32188384E-13
 -3.04869913E-01  7.95774715E-02 -3.85992954E-15 -1.31612399E-13
 -3.03535690E-01  7.95774715E-02 -3.84303707E-15 -1.31036415E-13
 -3.02201468E-01  7.95774715E-02 -3.82614460E-15 -1.30460431E-13
 -3.00867245E-01  7.95774715E-02 -3.80925213E-15 -1.29884447E-13
 -2.99533022E-01  7.95774715E-02 -3.79235966E-15 -1.29308463E-13
 -2.98198799E-01  7.95774715E-02 -3.77546719E-15 -1.28732478E-13
 -2.96864576E-01  7.95774715E-02 -3.75857472E-15 -1.28156494E-13
 -2.95530354E-01  7.95774715E-02 -3.74168225E-15 -1.27580510E-13
 -2.94196131E-01  7.95774715E-02 -3.72478978E-15 -1.27004526E-13
 -2.92861908E-01  7.95774715E-02 -3.70789731E-15 -1.26428541E-13
 -2.91527685E-01  7.95774715E-02 -3.69100484E-15 -1.25852557E-13
 -2.90193462E-01  7.95774715E-02 -3.67411237E-15 -1.25276573E-13
 -2.88859239E-01  7.95774715E-02 -3.65721990E-15 -1.24700589E-13
 -2.87525017E-01  7.95774715E-02 -3.64032743E-15 -1.24124604E-13
 -2.86190794E-01  7.95774715E-02 -3.62343496E-15 -1.23548620E-13
 -2.84856571E-01  7.95774715E-02 -3.60654249E-15 -1.22972636E-13
 -2.83522348E-01  7.95774715E-02 -3.58965001E-15 -1.22396652E-13
 -2.82188125E-01  7.95774715E-02 -3.57275754E-15 -1.21820667E-13
 -2.80853903E-01  7.95774715E-02 -3.55586507E-15 -1.21244683E-13
 -2.79519680E-01  7.95774715E-02 -3.53897260E-15 -1.20668699E-13
 -2.78185457E-01  7.95774715E-02 -3.52208013E-15 -1.20092715E-13
 -2.76851234E-01  7.95774715E-02 -3.50518766E-15 -1.19516730E-13
 -2.75517011E-01  7.95774715E-02 -3.48829519E-15 -1.18940746E-13
 -2.74182789E-01  7.95774715E-02 -3.47140272E-15 -1.18364762E-13
 -2.72848566E-01  7.95774715E-02 -3.45451025E-15 -1.17788778E-13
 -2.71514343E-01  7.95774715E-02 -3.43761778E-15 -1.17212793E-13
 -2.70180120E-01  7.95774715E-02 -3.42072531E-15 -1.16636809E-13
 -2.68845897E-01  7.95774715E-02 -3.40383284E-15 -1.16060825E-13
 -2.67511674E-01  7.95774715E-02 -3.38694037E-15 -1.15484841E-13
 -2.66177452E-01  7.95774715E-02 -3.37004790E-15 -1.14908856E-13
 -2.64843229E-01  7.95774715E-02 -3.35315543E-15 -1.14332872E-13
 -2.63509006E-01  7.95774715E-02 -3.33626295E-15 -1.13756888E-13
 -2.62174783E-01  7.95774715E-02 -3.31937048E-15 -1.13180904E-13
 -2.60840560E-01  7.95774715E-02 -3.30247801E-15 -1.12604919E-13
 -2.59506338E-01  7.95774715E-02 -3.28558554E-15 -1.12028935E-13
 -2.58172115E-01  7.95774715E-02 -3.26869307E-15 -1.11452951E-13
 -2.56837892E-01  7.95774715E-02 -3.25180060E-15 -1.10876967E-13
 -2.55503669E-01  7.95774715E-02 -3.23490813E-15 -1.10300983E-13
 -2.54169446E-01  7.95774715E-02 -3.21801566E-15 -1.09724998E-13
 -2.52835223E-01  7.95774715E-02 -3.20112319E-15 -1.09149014E-13
 -2.51501001E-01  7.95774715E-02 -3.18423072E-15 -1.08573030E-13
 -2.50166778E-01  7.95774715E-02 -3.16733825E-15 -1.07997046E-13
 -2.48832555E-01  7.95774715E-02 -3.15044578E-15 -1.07421061E-13
 -2.47498332E-01  7.95774715E-02 -3.13355331E-15 -1.06845077E-13
 -2.46164109E-01  7.95774715E-02 -3.11666084E-15 -1.06269093E-13
 -2.44829887E-01  7.95774715E-02 -3.09976837E-15 -1.05693109E-13
 -2.43495664E-01  7.95774715E-02 -3.08287589E-15 -1.05117124E-13
 -2.42161441E-01  7.95774715E-02 -3.06598342E-15 -1.04541140E-13
 -2.40827218E-01  7.95774715E-02 -3.04909095E-15 -1.03965156E-13
 -2.39492995E-01  7.95774715E-02 -3.03219848E-15 -1.03389172E-13
 -2.38158773E-01  7.95774715E-02 -3.01530601E-15 -1.02813187E-13
 -2.36824550E-01  7.95774715E-02 -2.99841354E-15 -1.02237203E-13
 -2.35490327E-01  7.95774715E-02 -2.98152107E-15 -1.01661219E-13
 -2.34156104E-01  7.95774715E-02 -2.96462860E-15 -1.01085235E-13
 -2.32821881E-01  7.95774715E-02 -2.94773613E-15 -1.00509250E-13
 -2.31487658E-01  7.95774715E-02 -2.93084366E-15 -9.99332661E-14
 -2.30153436E-01  7.95774715E-02 -2.91395119E-15 -9.93572819E-14
 -2.28819213E-01  7.95774715E-02 -2.89705872E-15 -9.87812977E-14
 -2.27484990E-01  7.95774715E-02 -2.88016625E-15 -9.82053134E-14
 -2.26150767E-01  7.95774715E-02 -2.86327378E-15 -9.76293292E-14
 -2.24816544E-01  7.95774715E-02 -2.84638131E-15 -9.70533449E-14
 -2.23482322E-01  7.95774715E-02 -2.82948883E-15 -9.64773607E-14
 -2.22148099E-01  7.95774715E-02 -2.81259636E-15 -9.59013764E-14
 -2.20813876E-01  7.95774715E-02 -2.79570389E-15 -9.53253922E-14
 -2.19479653E-01  7.95774715E-02 -2.77881142E-15 -9.47494080E-14
 -2.18145430E-01  7.95774715E-02 -2.76191895E-15 -9.41734237E-14
 -2.16811207E-01  7.95774715E-02 -2.74502648E-15 -9.35974395E-14
 -2.15476985E-01  7.95774715E-02 -2.72813401E-15 -9.30214552E-14
 -2.14142762E-01  7.95774715E-02 -2.71124154E-15 -9.24454710E-14
 -2.12808539E-01  7.95774715E-02 -2.69434907E-15 -9.18694867E-14
 -2.11474316E-01  7.95774715E-02 -2.67745660E-15 -9.12935025E-14
 -2.10140093E-01  7.95774715E-02 -2.66056413E-15 -9.07175183E-14
 -2.08805871E-01  7.95774715E-02 -2.64367166E-15 -9.01415340E-14
 -2.07471648E-01  7.95774715E-02 -2.62677919E-15 -8.95655498E-14
 -2.06137425E-01  7.95774715E-02 -2.60988672E-15 -8.89895655E-14
 -2.04803202E-01  7.95774715E-02 -2.59299425E-15 -8.84135813E-14
 -2.03468979E-01  7.95774715E-02 -2.57610178E-15 -8.78375970E-14
 -2.02134757E-01  7.95774715E-02 -2.55920930E-15 -8.72616128E-14
 -2.00800534E-01  7.95774715E-02 -2.54231683E-15 -8.66856286E-14
 -1.99466311E-01  7.95774715E-02 -2.52542436E-15 -8.61096443E-14
 -1.98132088E-01  7.95774715E-02 -2.50853189E-15 -8.55336601E-14
 -1.96797865E-01  7.95774715E-02 -2.49163942E-15 -8.49576758E-14
 -1.95463642E-01  7.95774715E-02 -2.47474695E-15 -8.43816916E-14
 -1.94129420E-01  7.95774715E-02 -2.45785448E-15 -8.38057073E-14
 -1.92795197E-01  7.95774715E-02 -2.44096201E-15 -8.32297231E-14
 -1.91460974E-01  7.95774715E-02 -2.42406954E-15 -8.26537389E-14
 -1.90126751E-01  7.95774715E-02 -2.40717707E-15 -8.20777546E-14
 -1.88792528E-01  7.95774715E-02 -2.39028460E-15 -8.15017704E-14
 -1.87458306E-01  7.95774715E-02 -2.37339213E-15 -8.09257861E-14
 -1.86124083E-01  7.95774715E-02 -2.35649966E-15 -8.03498019E-14
 -1.84789860E-01  7.95774715E-02 -2.33960719E-15 -7.97738176E-14
 -1.83455637E-01  7.95774715E-02 -2.32271472E-15 -7.91978334E-14
 -1.82121414E-01  7.95774715E-02 -2.30582224E-15 -7.86218492E-14
 -1.80787191E-01  7.95774715E-02 -2.28892977E-15 -7.80458649E-14
 -1.79452969E-01  7.95774715E-02 -2.27203730E-15 -7.74698807E-14
 -1.78118746E-01  7.95774715E-02 -2.25514483E-15 -7.68938964E-14
 -1.76784523E-01  7.95774715E-02 -2.23825236E-15 -7.63179122E-14
 -1.75450300E-01  7.95774715E-02 -2.22135989E-15 -7.57419279E-14
 -1.74116077E-01  7.95774715E-02 -2.20446742E-15 -7.51659437E-14
 -1.72781855E-01  7.95774715E-02 -2.18757495E-15 -7.45899595E-14
 -1.71447632E-01  7.95774715E-02 -2.17068248E-15 -7.40139752E-14
 -1.70113409E-01  7.95774715E-02 -2.15379001E-15 -7.34379910E-14
 -1.68779186E-01  7.95774715E-02 -2.13689754E-15 -7.28620067E-14
 -1.67444963E-01  7.95774715E-02 -2.12000507E-15 -7.22860225E-14
 -1.66110740E-01  7.95774715E-02 -2.10311260E-15 -7.17100382E-14
 -1.64776518E-01  7.95774715E-02 -2.08622013E-15 -7.11340540E-14
 -1.63442295E-01  7.95774715E-02 -2.06932766E-15 -7.05580698E-14
 -1.62108072E-01  7.95774715E-02 -2.05243518E-15 -6.99820855E-14
 -1.60773849E-01  7.95774715E-02 -2.03554271E-15 -6.94061013E-14
 -1.59439626E-01  7.95774715E-02 -2.01865024E-15 -6.88301170E-14
 -1.58105404E-01  7.95774715E-02 -2.00175777E-15 -6.82541328E-14
 -1.56771181E-01  7.95774715E-02 -1.98486530E-15 -6.76781485E-14
 -1.55436958E-01  7.95774715E-02 -1.96797283E-15 -6.71021643E-14
 -1.54102735E-01  7.95774715E-02 -1.95108036E-15 -6.65261801E-14
 -1.52768512E-01  7.95774715E-02 -1.93418789E-15 -6.59501958E-14
 -1.51434290E-01  7.95774715E-02 -1.91729542E-15 -6.53742116E-14
 -1.50100067E-01  7.95774715E-02 -1.90040295E-15 -6.47982273E-14
 -1.48765844E-01  7.95774715E-02 -1.88351048E-15 -6.42222431E-14
 -1.47431621E-01  7.95774715E-02 -1.86661801E-15 -6.36462588E-14
 -1.46097398E-01  7.95774715E-02 -1.84972554E-15 -6.30702746E-14
 -1.44763175E-01  7.95774715E-02 -1.83283307E-15 -6.24942904E-14
 -1.43428953E-01  7.95774715E-02 -1.81594060E-15 -6.19183061E-14
 -1.42094730E-01  7.95774715E-02 -1.79904812E-15 -6.13423219E-14
 -1.40760507E-01  7.95774715E-02 -1.78215565E-15 -6.07663376E-14
 -1.39426284E-01  7.95774715E-02 -1.76526318E-15 -6.01903534E-14
 -1.38092061E-01  7.95774715E-02 -1.74837071E-15 -5.96143691E-14
 -1.36757839E-01  7.95774715E-02 -1.73147824E-15 -5.90383849E-14
 -1.35423616E-01  7.95774715E-02 -1.71458577E-15 -5.84624007E-14
 -1.34089393E-01  7.95774715E-02 -1.69769330E-15 -5.78864164E-14
 -1.32755170E-01  7.95774715E-02 -1.68080083E-15 -5.73104322E-14
 -1.31420947E-01  7.95774715E-02 -1.66390836E-15 -5.67344479E-14
 -1.30086724E-01  7.95774715E-02 -1.64701589E-15 -5.61584637E-14
 -1.28752502E-01  7.95774715E-02 -1.63012342E-15 -5.55824794E-14
 -1.27418279E-01  7.95774715E-02 -1.61323095E-15 -5.50064952E-14
 -1.26084056E-01  7.95774715E-02 -1.59633848E-15 -5.44305110E-14
 -1.24749833E-01  7.95774715E-02 -1.57944601E-15 -5.38545267E-14
 -1.23415610E-01  7.95774715E-02 -1.56255354E-15 -5.32785425E-14
 -1.22081388E-01  7.95774715E-02 -1.54566107E-15 -5.27025582E-14
 -1.20747165E-01  7.95774715E-02 -1.52876859E-15 -5.21265740E-14
 -1.19412942E-01  7.95774715E-02 -1.51187612E-15 -5.15505897E-14
 -1.18078719E-01  7.95774715E-02 -1.49498365E-15 -5.09746055E-14
 -1.16744496E-01  7.95774715E-02 -1.47809118E-15 -5.03986213E-14
 -1.15410274E-01  7.95774715E-02 -1.46119871E-15 -4.98226370E-14
 -1.14076051E-01  7.95774715E-02 -1.44430624E-15 -4.92466528E-14
 -1.12741828E-01  7.95774715E-02 -1.42741377E-15 -4.86706685E-14
 -1.11407605E-01  7.95774715E-02 -1.41052130E-15 -4.80946843E-14
 -1.10073382E-01  7.95774715E-02 -1.39362883E-15 -4.75187000E-14
 -1.08739159E-01  7.95774715E-02 -1.37673636E-15 -4.69427158E-14
 -1.07404937E-01  7.95774715E-02 -1.35984389E-15 -4.63667316E-14
 -1.06070714E-01  7.95774715E-02 -1.34295142E-15 -4.57907473E-14
 -1.04736491E-01  7.95774715E-02 -1.32605895E-15 -4.52147631E-14
 -1.03402268E-01  7.95774715E-02 -1.30916648E-15 -4.46387788E-14
 -1.02068045E-01  7.95774715E-02 -1.29227401E-15 -4.40627946E-14
 -1.00733823E-01  7.95774715E-02 -1.27538153E-15 -4.34868103E-14
 -9.93995997E-02  7.95774715E-02 -1.25848906E-15 -4.29108261E-14
 -9.80653769E-02  7.95774715E-02 -1.24159659E-15 -4.23348419E-14
 -9.67311541E-02  7.95774715E-02 -1.22470412E-15 -4.17588576E-14
 -9.53969313E-02  7.95774715E-02 -1.20781165E-15 -4.11828734E-14
 -9.40627085E-02  7.95774715E-02 -1.19091918E-15 -4.06068891E-14
 -9.27284857E-02  7.95774715E-02 -1.17402671E-15 -4.00309049E-14
 -9.13942628E-02  7.95774715E-02 -1.15713424E-15 -3.94549206E-14
 -9.00600400E-02  7.95774715E-02 -1.14024177E-15 -3.88789364E-14
 -8.87258172E-02  7.95774715E-02 -1.12334930E-15 -3.83029522E-14
 -8.73915944E-02  7.95774715E-02 -1.10645683E-15 -3.77269679E-14
 -8.60573716E-02  7.95774715E-02 -1.08956436E-15 -3.71509837E-14
 -8.47231488E-02  7.95774715E-02 -1.07267189E-15 -3.65749994E-14
 -8.33889260E-02  7.95774715E-02 -1.05577942E-15 -3.59990152E-14
 -8.20547031E-02  7.95774715E-02 -1.03888695E-15 -3.54230309E-14
 -8.07204803E-02  7.95774715E-02 -1.02199447E-15 -3.48470467E-14
 -7.93862575E-02  7.95774715E-02 -1.00510200E-15 -3.42710625E-14
 -7.80520347E-02  7.95774715E-02 -9.88209533E-16 -3.36950782E-14
 -7.67178119E-02  7.95774715E-02 -9.71317063E-16 -3.31190940E-14
 -7.53835891E-02  7.95774715E-02 -9.54424592E-16 -3.25431097E-14
 -7.40493662E-02  7.95774715E-02 -9.37532121E-16 -3.19671255E-14
 -7.27151434E-02  7.95774715E-02 -9.20639651E-16 -3.13911412E-14
 -7.13809206E-02  7.95774715E-02 -9.03747180E-16 -3.08151570E-14
 -7.00466978E-02  7.95774715E-02 -8.86854709E-16 -3.02391728E-14
 -6.87124750E-02  7.95774715E-02 -8.69962239E-16 -2.96631885E-14
 -6.73782522E-02  7.95774715E-02 -8.53069768E-16 -2.90872043E-14
 -6.60440294E-02  7.95774715E-02 -8.36177297E-16 -2.85112200E-14
 -6.47098065E-02  7.95774715E-02 -8.19284827E-16 -2.79352358E-14
 -6.33755837E-02  7.95774715E-02 -8.02392356E-16 -2.73592515E-14
 -6.20413609E-02  7.95774715E-02 -7.85499886E-16 -2.67832673E-14
 -6.07071381E-02  7.95774715E-02 -7.68607415E-16 -2.62072831E-14
 -5.93729153E-02  7.95774715E-02 -7.51714944E-16 -2.56312988E-14
 -5.80386925E-02  7.95774715E-02 -7.34822474E-16 -2.50553146E-14
 -5.67044696E-02  7.95774715E-02 -7.17930003E-16 -2.44793303E-14
 -5.53702468E-02  7.95774715E-02 -7.01037532E-16 -2.39033461E-14
 -5.40360240E-02  7.95774715E-02 -6.84145062E-16 -2.33273618E-14
 -5.27018012E-02  7.95774715E-02 -6.67252591E-16 -2.27513776E-14
 -5.13675784E-02  7.95774715E-02 -6.50360120E-16 -2.21753934E-14
 -5.00333556E-02  7.95774715E-02 -6.33467650E-16 -2.15994091E-14
 -4.86991328E-02  7.95774715E-02 -6.16575179E-16 -2.10234249E-14
 -4.73649099E-02  7.95774715E-02 -5.99682708E-16 -2.04474406E-14
 -4.60306871E-02  7.95774715E-02 -5.82790238E-16 -1.98714564E-14
 -4.46964643E-02  7.95774715E-02 -5.65897767E-16 -1.92954721E-14
 -4.33622415E-02  7.95774715E-02 -5.49005296E-16 -1.87194879E-14
 -4.20280187E-02  7.95774715E-02 -5.32112826E-16 -1.81435037E-14
 -4.06937959E-02  7.95774715E-02 -5.15220355E-16 -1.75675194E-14
 -3.93595730E-02  7.95774715E-02 -4.98327884E-16 -1.69915352E-14
 -3.80253502E-02  7.95774715E-02 -4.81435414E-16 -1.64155509E-14
 -3.66911274E-02  7.95774715E-02 -4.64542943E-16 -1.58395667E-14
 -3.53569046E-02  7.95774715E-02 -4.47650472E-16 -1.52635824E-14
 -3.40226818E-02  7.95774715E-02 -4.30758002E-16 -1.46875982E-14
 -3.26884590E-02  7.95774715E-02 -4.13865531E-16 -1.41116140E-14
 -3.13542362E-02  7.95774715E-02 -3.96973060E-16 -1.35356297E-14
 -3.00200133E-02  7.95774715E-02 -3.80080590E-16 -1.29596455E-14
 -2.86857905E-02  7.95774715E-02 -3.63188119E-16 -1.23836612E-14
 -2.73515677E-02  7.95774715E-02 -3.46295648E-16 -1.18076770E-14
 -2.60173449E-02  7.95774715E-02 -3.29403178E-16 -1.12316927E-14
 -2.46831221E-02  7.95774715E-02 -3.12510707E-16 -1.06557085E-14
 -2.33488993E-02  7.95774715E-02 -2.95618236E-16 -1.00797243E-14
 -2.20146765E-02  7.95774715E-02 -2.78725766E-16 -9.50374001E-15
 -2.06804536E-02  7.95774715E-02 -2.61833295E-16 -8.92775576E-15
 -1.93462308E-02  7.95774715E-02 -2.44940825E-16 -8.35177152E-15
 -1.80120080E-02  7.95774715E-02 -2.28048354E-16 -7.77578728E-15
 -1.66777852E-02  7.95774715E-02 -2.11155883E-16 -7.19980304E-15
 -1.53435624E-02  7.95774715E-02 -1.94263413E-16 -6.62381879E-15
 -1.40093396E-02  7.95774715E-02 -1.77370942E-16 -6.04783455E-15
 -1.26751167E-02  7.95774715E-02 -1.60478471E-16 -5.47185031E-15
 -1.13408939E-02  7.95774715E-02 -1.43586001E-16 -4.89586606E-15
 -1.00066711E-02  7.95774715E-02 -1.26693530E-16 -4.31988182E-15
 -8.67244830E-03  7.95774715E-02 -1.09801059E-16 -3.74389758E-15
 -7.33822548E-03  7.95774715E-02 -9.29085886E-17 -3.16791334E-15
 -6.00400267E-03  7.95774715E-02 -7.60161180E-17 -2.59192909E-15
 -4.66977985E-03  7.95774715E-02 -5.91236473E-17 -2.01594485E-15
 -3.33555704E-03  7.95774715E-02 -4.22311766E-17 -1.43996061E-15
 -2.00133422E-03  7.95774715E-02 -2.53387060E-17 -8.63976364E-16
 -6.67111408E-04  7.95774715E-02 -8.44623533E-18 -2.87992121E-16
  6.67111408E-04  7.95774715E-02  8.44623533E-18  2.87992121E-16
  2.00133422E-03  7.95774715E-02  2.53387060E-17  8.63976364E-16
  3.33555704E-03  7.95774715E-02  4.22311766E-17  1.43996061E-15
  4.66977985E-03  7.95774715E-02  5.91236473E-17  2.01594485E-15
  6.00400267E-03  7.95774715E-02  7.60161180E-17  2.59192909E-15
  7.33822548E-03  7.95774715E-02  9.29085886E-17  3.16791334E-15
  8.67244830E-03  7.95774715E-02  1.09801059E-16  3.74389758E-15
  1.00066711E-02  7.95774715E-02  1.26693530E-16  4.31988182E-15
  1.13408939E-02  7.95774715E-02  1.43586001E-16  4.89586606E-15
  1.26751167E-02  7.95774715E-02  1.60478471E-16  5.47185031E-15
  1.40093396E-02  7.95774715E-02  1.77370942E-16  6.04783455E-15
  1.53435624E-02  7.95774715E-02  1.94263413E-16  6.62381879E-15
  1.66777852E-02  7.95774715E-02  2.11155883E-16  7.19980304E-15
  1.80120080E-02  7.95774715E-02  2.28048354E-16  7.77578728E-15
  1.93462308E-02  7.95774715E-02  2.44940825E-16  8.35177152E-15
  2.06804536E-02  7.95774715E-02  2.61833295E-16  8.92775576E-15
  2.20146765E-02  7.95774715E-02  2.78725766E-16  9.50374001E-15
  2.33488993E-02  7.95774715E-02  2.95618236E-16  1.00797243E-14
  2.46831221E-02  7.95774715E-02  3.12510707E-16  1.06557085E-14
  2.60173449E-02  7.95774715E-02  3.29403178E-16  1.12316927E-14
  2.73515677E-02  7.95774715E-02  3.46295648E-16  1.18076770E-14
  2.86857905E-02  7.95774715E-02  3.63188119E-16  1.23836612E-14
  3.00200133E-02  7.95774715E-02  3.80080590E-16  1.29596455E-14
  3.13542362E-02  7.95774715E-02  3.96973060E-16  1.35356297E-14
  3.26884590E-02  7.95774715E-02  4.13865531E-16  1.41116140E-14
  3.40226818E-02  7.95774715E-02  4.30758002E-16  1.46875982E-14
  3.53569046E-02  7.95774715E-02  4.47650472E-16  1.52635824E-14
  3.66911274E-02  7.95774715E-02  4.64542943E-16  1.58395667E-14
  3.80253502E-02  7.95774715E-02  4.81435414E-16  1.64155509E-14
  3.93595730E-02  7.95774715E-02  4.98327884E-16  1.69915352E-14
  4.06937959E-02  7.95774715E-02  5.15220355E-16  1.75675194E-14
  4.20280187E-02  7.95774715E-02  5.32112826E-16  1.81435037E-14
  4.33622415E-02  7.95774715E-02  5.49005296E-16  1.87194879E-14
  4.46964643E-02  7.95774715E-02  5.65897767E-16  1.92954721E-14
  4.60306871E-02  7.95774715E-02  5.82790238E-16  1.98714564E-14
  4.73649099E-02  7.95774715E-02  5.99682708E-16  2.04474406E-14
  4.86991328E-02  7.95774715E-02  6.16575179E-16  2.10234249E-14
  5.00333556E-02  7.95774715E-02  6.33467650E-16  2.15994091E-14
  5.13675784E-02  7.95774715E-02  6.50360120E-16  2.21753934E-14
  5.27018012E-02  7.95774715E-02  6.67252591E-16  2.27513776E-14
  5.40360240E-02  7.95774715E-02  6.84145062E-16  2.33273618E-14
  5.53702468E-02  7.95774715E-02  7.01037532E-16  2.39033461E-14
  5.67044696E-02  7.95774715E-02  7.17930003E-16  2.44793303E-14
  5.80386925E-02  7.95774715E-02  7.34822474E-16  2.50553146E-14
  5.93729153E-02  7.95774715E-02  7.51714944E-16  2.56312988E-14
  6.07071381E-02  7.95774715E-02  7.68607415E-16  2.62072831E-14
  6.20413609E-02  7.95774715E-02  7.85499886E-16  2.67832673E-14
  6.33755837E-02  7.95774715E-02  8.02392356E-16  2.73592515E-14
  6.47098065E-02  7.95774715E-02  8.19284827E-16  2.79352358E-14
  6.60440294E-02  7.95774715E-02  8.36177297E-16  2.85112200E-14
  6.73782522E-02  7.95774715E-02  8.53069768E-16  2.90872043E-14
  6.87124750E-02  7.95774715E-02  8.69962239E-16  2.96631885E-14
  7.00466978E-02  7.95774715E-02  8.86854709E-16  3.02391728E-14
  7.13809206E-02  7.95774715E-02  9.03747180E-16  3.08151570E-14
  7.27151434E-02  7.95774715E-02  9.20639651E-16  3.13911412E-14
  7.40493662E-02  7.95774715E-02  9.37532121E-16  3.19671255E-14
  7.53835891E-02  7.95774715E-02  9.54424592E-16  3.25431097E-14
  7.67178119E-02  7.95774715E-02  9.71317063E-16  3.31190940E-14
  7.80520347E-02  7.95774715E-02  9.88209533E-16  3.36950782E-14
  7.93862575E-02  7.95774715E-02  1.00510200E-15  3.42710625E-14
  8.07204803E-02  7.95774715E-02  1.02199447E-15  3.48470467E-14
  8.20547031E-02  7.95774715E-02  1.03888695E-15  3.54230309E-14
  8.33889260E-02  7.95774715E-02  1.05577942E-15  3.59990152E-14
  8.47231488E-02  7.95774715E-02  1.07267189E-15  3.65749994E-14
  8.60573716E-02  7.95774715E-02  1.08956436E-15  3.71509837E-14
  8.73915944E-02  7.95774715E-02  1.10645683E-15  3.77269679E-14
  8.87258172E-02  7.95774715E-02  1.12334930E-15  3.83029522E-14
  9.00600400E-02  7.95774715E-02  1.14024177E-15  3.88789364E-14
  9.13942628E-02  7.95774715E-02  1.15713424E-15  3.94549206E-14
  9.27284857E-02  7.95774715E-02  1.17402671E-15  4.00309049E-14
  9.40627085E-02  7.95774715E-02  1.19091918E-15  4.06068891E-14
  9.53969313E-02  7.95774715E-02  1.20781165E-15  4.11828734E-14
  9.67311541E-02  7.95774715E-02  1.22470412E-15  4.17588576E-14
  9.80653769E-02  7.95774715E-02  1.24159659E-15  4.23348419E-14
  9.93995997E-02  7.95774715E-02  1.25848906E-15  4.29108261E-14
  1.00733823E-01  7.95774715E-02  1.27538153E-15  4.34868103E-14
  1.02068045E-01  7.95774715E-02  1.29227401E-15  4.40627946E-14
  1.03402268E-01  7.95774715E-02  1.30916648E-15  4.46387788E-14
  1.04736491E-01  7.95774715E-02  1.32605895E-15  4.52147631E-14
  1.06070714E-01  7.95774715E-02  1.34295142E-15  4.57907473E-14
  1.07404937E-01  7.95774715E-02  1.35984389E-15  4.63667316E-14
  1.08739159E-01  7.95774715E-02  1.37673636E-15  4.69427158E-14
  1.10073382E-01  7.95774715E-02  1.39362883E-15  4.75187000E-14
  1.11407605E-01  7.95774715E-02  1.41052130E-15  4.80946843E-14
  1.12741828E-01  7.95774715E-02  1.42741377E-15  4.86706685E-14
  1.14076051E-01  7.95774715E-02  1.44430624E-15  4.92466528E-14
  1.15410274E-01  7.95774715E-02  1.46119871E-15  4.98226370E-14
  1.16744496E-01  7.95774715E-02  1.47809118E-15  5.03986213E-14
  1.18078719E-01  7.95774715E-02  1.49498365E-15  5.09746055E-14
  1.19412942E-01  7.95774715E-02  1.51187612E-15  5.15505897E-14
  1.20747165E-01  7.95774715E-02  1.52876859E-15  5.21265740E-14
  1.22081388E-01  7.95774715E-02  1.54566107E-15  5.27025582E-14
  1.23415610E-01  7.95774715E-02  1.56255354E-15  5.32785425E-14
  1.24749833E-01  7.95774715E-02  1.57944601E-15  5.38545267E-14
  1.26084056E-01  7.95774715E-02  1.59633848E-15  5.44305110E-14
  1.27418279E-01  7.95774715E-02  1.61323095E-15  5.50064952E-14
  1.28752502E-01  7.95774715E-02  1.63012342E-15  5.55824794E-14
  1.30086724E-01  7.95774715E-02  1.64701589E-15  5.61584637E-14
  1.31420947E-01  7.95774715E-02  1.66390836E-15  5.67344479E-14
  1.32755170E-01  7.95774715E-02  1.68080083E-15  5.73104322E-14
  1.34089393E-01  7.95774715E-02  1.69769330E-15  5.78864164E-14
  1.35423616E-01  7.95774715E-02  1.71458577E-15  5.84624007E-14
  1.36757839E-01  7.95774715E-02  1.73147824E-15  5.90383849E-14
  1.38092061E-01  7.95774715E-02  1.74837071E-15  5.96143691E-14
  1.39426284E-01  7.95774715E-02  1.76526318E-15  6.01903534E-14
  1.40760507E-01  7.95774715E-02  1.78215565E-15  6.07663376E-14
  1.42094730E-01  7.95774715E-02  1.79904812E-15  6.13423219E-14
  1.43428953E-01  7.95774715E-02  1.81594060E-15  6.19183061E-14
  1.44763175E-01  7.95774715E-02  1.83283307E-15  6.24942904E-14
  1.46097398E-01  7.95774715E-02  1.84972554E-15  6.30702746E-14
  1.47431621E-01  7.95774715E-02  1.86661801E-15  6.36462588E-14
  1.48765844E-01  7.95774715E-02  1.88351048E-15  6.42222431E-14
  1.50100067E-01  7.95774715E-02  1.90040295E-15  6.47982273E-14
  1.51434290E-01  7.95774715E-02  1.91729542E-15  6.53742116E-14
  1.52768512E-01  7.95774715E-02  1.93418789E-15  6.59501958E-14
  1.54102735E-01  7.95774715E-02  1.95108036E-15  6.65261801E-14
  1.55436958E-01  7.95774715E-02  1.96797283E-15  6.71021643E-14
  1.56771181E-01  7.95774715E-02  1.98486530E-15  6.76781485E-14
  1.58105404E-01  7.95774715E-02  2.00175777E-15  6.82541328E-14
  1.59439626E-01  7.95774715E-02  2.01865024E-15  6.88301170E-14
  1.60773849E-01  7.95774715E-02  2.03554271E-15  6.94061013E-14
  1.62108072E-01  7.95774715E-02  2.05243518E-15  6.99820855E-14
  1.63442295E-01  7.95774715E-02  2.06932766E-15  7.05580698E-14
  1.64776518E-01  7.95774715E-02  2.08622013E-15  7.11340540E-14
  1.66110740E-01  7.95774715E-02  2.10311260E-15  7.17100382E-14
  1.67444963E-01  7.95774715E-02  2.12000507E-15  7.22860225E-14
  1.68779186E-01  7.95774715E-02  2.13689754E-15  7.28620067E-14
  1.70113409E-01  7.95774715E-02  2.15379001E-15  7.34379910E-14
  1.71447632E-01  7.95774715E-02  2.17068248E-15  7.40139752E-14
  1.72781855E-01  7.95774715E-02  2.18757495E-15  7.45899595E-14
  1.74116077E-01  7.95774715E-02  2.20446742E-15  7.51659437E-14
  1.75450300E-01  7.95774715E-02  2.22135989E-15  7.57419279E-14
  1.76784523E-01  7.95774715E-02  2.23825236E-15  7.63179122E-14
  1.78118746E-01  7.95774715E-02  2.25514483E-15  7.68938964E-14
  1.79452969E-01  7.95774715E-02  2.27203730E-15  7.74698807E-14
  1.80787191E-01  7.95774715E-02  2.28892977E-15  7.80458649E-14
  1.82121414E-01  7.95774715E-02  2.30582224E-15  7.86218492E-14
  1.83455637E-01  7.95774715E-02  2.32271472E-15  7.91978334E-14
  1.84789860E-01  7.95774715E-02  2.33960719E-15  7.97738176E-14
  1.86124083E-01  7.95774715E-02  2.35649966E-15  8.03498019E-14
  1.87458306E-01  7.95774715E-02  2.37339213E-15  8.09257861E-14
  1.88792528E-01  7.95774715E-02  2.39028460E-15  8.15017704E-14
  1.90126751E-01  7.95774715E-02  2.40717707E-15  8.20777546E-14
  1.91460974E-01  7.95774715E-02  2.42406954E-15  8.26537389E-14
  1.92795197E-01  7.95774715E-02  2.44096201E-15  8.32297231E-14
  1.94129420E-01  7.95774715E-02  2.45785448E-15  8.38057073E-14
  1.95463642E-01  7.95774715E-02  2.47474695E-15  8.43816916E-14
  1.96797865E-01  7.95774715E-02  2.49163942E-15  8.49576758E-14
  1.98132088E-01  7.95774715E-02  2.50853189E-15  8.55336601E-14
  1.99466311E-01  7.95774715E-02  2.52542436E-15  8.61096443E-14
  2.00800534E-01  7.95774715E-02  2.54231683E-15  8.66856286E-14
  2.02134757E-01  7.95774715E-02  2.55920930E-15  8.72616128E-14
  2.03468979E-01  7.95774715E-02  2.57610178E-15  8.78375970E-14
  2.04803202E-01  7.95774715E-02  2.59299425E-15  8.84135813E-14
  2.06137425E-01  7.95774715E-02  2.60988672E-15  8.89895655E-14
  2.07471648E-01  7.95774715E-02  2.62677919E-15  8.95655498E-14
  2.08805871E-01  7.95774715E-02  2.64367166E-15  9.01415340E-14
  2.10140093E-01  7.95774715E-02  2.66056413E-15  9.07175183E-14
  2.11474316E-01  7.95774715E-02  2.67745660E-15  9.12935025E-14
  2.12808539E-01  7.95774715E-02  2.69434907E-15  9.18694867E-14
  2.14142762E-01  7.95774715E-02  2.71124154E-15  9.24454710E-14
  2.15476985E-01  7.95774715E-02  2.72813401E-15  9.30214552E-14
  2.16811207E-01  7.95774715E-02  2.74502648E-15  9.35974395E-14
  2.18145430E-01  7.95774715E-02  2.76191895E-15  9.41734237E-14
  2.19479653E-01  7.95774715E-02  2.77881142E-15  9.47494080E-14
  2.20813876E-01  7.95774715E-02  2.79570389E-15  9.53253922E-14
  2.22148099E-01  7.95774715E-02  2.81259636E-15  9.59013764E-14
  2.23482322E-01  7.95774715E-02  2.82948883E-15  9.64773607E-14
  2.24816544E-01  7.95774715E-02  2.84638131E-15  9.70533449E-14
  2.26150767E-01  7.95774715E-02  2.86327378E-15  9.76293292E-14
  2.27484990E-01  7.95774715E-02  2.88016625E-15  9.82053134E-14
  2.28819213E-01  7.95774715E-02  2.89705872E-15  9.87812977E-14
  2.30153436E-01  7.95774715E-02  2.91395119E-15  9.93572819E-14
  2.31487658E-01  7.95774715E-02  2.93084366E-15  9.99332661E-14
  2.32821881E-01  7.95774715E-02  2.94773613E-15  1.00509250E-13
  2.34156104E-01  7.95774715E-02  2.96462860E-15  1.01085235E-13
  2.35490327E-01  7.95774715E-02  2.98152107E-15  1.01661219E-13
  2.36824550E-01  7.95774715E-02  2.99841354E-15  1.02237203E-13
  2.38158773E-01  7.95774715E-02  3.01530601E-15  1.02813187E-13
  2.39492995E-01  7.95774715E-02  3.03219848E-15  1.03389172E-13
  2.40827218E-01  7.95774715E-02  3.04909095E-15  1.03965156E-13
  2.42161441E-01  7.95774715E-02  3.06598342E-15  1.04541140E-13
  2.43495664E-01  7.95774715E-02  3.08287589E-15  1.05117124E-13
  2.44829887E-01  7.95774715E-02  3.09976837E-15  1.05693109E-13
  2.46164109E-01  7.95774715E-02  3.11666084E-15  1.06269093E-13
  2.47498332E-01  7.95774715E-02  3.13355331E-15  1.06845077E-13
  2.48832555E-01  7.95774715E-02  3.15044578E-15  1.07421061E-13
  2.50166778E-01  7.95774715E-02  3.16733825E-15  1.07997046E-13
  2.51501001E-01  7.95774715E-02  3.18423072E-15  1.08573030E-13
  2.52835223E-01  7.95774715E-02  3.20112319E-15  1.09149014E-13
  2.54169446E-01  7.95774715E-02  3.21801566E-15  1.09724998E-13
  2.55503669E-01  7.95774715E-02  3.23490813E-15  1.10300983E-13
  2.56837892E-01  7.95774715E-02  3.25180060E-15  1.10876967E-13
  2.58172115E-01  7.95774715E-02  3.26869307E-15  1.11452951E-13
  2.59506338E-01  7.95774715E-02  3.28558554E-15  1.12028935E-13
  2.60840560E-01  7.95774715E-02  3.30247801E-15  1.12604919E-13
  2.62174783E-01  7.95774715E-02  3.31937048E-15  1.13180904E-13
  2.63509006E-01  7.95774715E-02  3.33626295E-15  1.13756888E-13
  2.64843229E-01  7.95774715E-02  3.35315543E-15  1.14332872E-13
  2.66177452E-01  7.95774715E-02  3.37004790E-15  1.14908856E-13
  2.67511674E-01  7.95774715E-02  3.38694037E-15  1.15484841E-13
  2.68845897E-01  7.95774715E-02  3.40383284E-15  1.16060825E-13
  2.70180120E-01  7.95774715E-02  3.42072531E-15  1.16636809E-13
  2.71514343E-01  7.95774715E-02  3.43761778E-15  1.17212793E-13
  2.72848566E-01  7.95774715E-02  3.45451025E-15  1.17788778E-13
  2.74182789E-01  7.95774715E-02  3.47140272E-15  1.18364762E-13
  2.75517011E-01  7.95774715E-02  3.48829519E-15  1.18940746E-13
  2.76851234E-01  7.95774715E-02  3.50518766E-15  1.19516730E-13
  2.78185457E-01  7.95774715E-02  3.52208013E-15  1.20092715E-13
  2.79519680E-01  7.95774715E-02  3.53897260E-15  1.20668699E-13
  2.80853903E-01  7.95774715E-02  3.55586507E-15  1.21244683E-13
  2.82188125E-01  7.95774715E-02  3.57275754E-15  1.21820667E-13
  2.83522348E-01  7.95774715E-02  3.58965001E-15  1.22396652E-13
  2.84856571E-01  7.95774715E-02  3.60654249E-15  1.22972636E-13
  2.86190794E-01  7.95774715E-02  3.62343496E-15  1.23548620E-13
  2.87525017E-01  7.95774715E-02  3.64032743E-15  1.24124604E-13
  2.88859239E-01  7.95774715E-02  3.65721990E-15  1.24700589E-13
  2.90193462E-01  7.95774715E-02  3.67411237E-15  1.25276573E-13
  2.91527685E-01  7.95774715E-02  3.69100484E-15  1.25852557E-13
  2.92861908E-01  7.95774715E-02  3.70789731E-15  1.26428541E-13
  2.94196131E-01  7.95774715E-02  3.72478978E-15  1.27004526E-13
  2.95530354E-01  7.95774715E-02  3.74168225E-15  1.27580510E-13
  2.96864576E-01  7.95774715E-02  3.75857472E-15  1.28156494E-13
  2.98198799E-01  7.95774715E-02  3.77546719E-15  1.28732478E-13
  2.99533022E-01  7.95774715E-02  3.79235966E-15  1.29308463E-13
  3.00867245E-01  7.95774715E-02  3.80925213E-15  1.29884447E-13
  3.02201468E-01  7.95774715E-02  3.82614460E-15  1.30460431E-13
  3.03535690E-01  7.95774715E-02  3.84303707E-15  1.31036415E-13
  3.04869913E-01  7.95774715E-02  3.85992954E-15  1.31612399E-13
  3.06204136E-01  7.95774715E-02  3.87682202E-15  1.32188384E-13
  3.07538359E-01  7.95774715E-02  3.89371449E-15  1.32764368E-13
  3.08872582E-01  7.95774715E-02  3.91060696E-15  1.33340352E-13
  3.10206805E-01  7.95774715E-02  3.92749943E-15  1.33916336E-13
  3.11541027E-01  7.95774715E-02  3.94439190E-15  1.34492321E-13
  3.12875250E-01  7.95774715E-02  3.96128437E-15  1.35068305E-13
  3.14209473E-01  7.95774715E-02  3.97817684E-15  1.35644289E-13
  3.15543696E-01  7.95774715E-02  3.99506931E-15  1.36220273E-13
  3.16877919E-01  7.95774715E-02  4.01196178E-15  1.36796258E-13
  3.18212141E-01  7.95774715E-02  4.02885425E-15  1.37372242E-13
  3.19546364E-01  7.95774715E-02  4.04574672E-15  1.37948226E-13
  3.20880587E-01  7.95774715E-02  4.06263919E-15  1.38524210E-13
  3.22214810E-01  7.95774715E-02  4.07953166E-15  1.39100195E-13
  3.23549033E-01  7.95774715E-02  4.09642413E-15  1.39676179E-13
  3.24883256E-01  7.95774715E-02  4.11331660E-15  1.40252163E-13
  3.26217478E-01  7.95774715E-02  4.13020908E-15  1.40828147E-13
  3.27551701E-01  7.95774715E-02  4.14710155E-15  1.41404132E-13
  3.28885924E-01  7.95774715E-02  4.16399402E-15  1.41980116E-13
  3.30220147E-01  7.95774715E-02  4.18088649E-15  1.42556100E-13
  3.31554370E-01  7.95774715E-02  4.19777896E-15  1.43132084E-13
  3.32888592E-01  7.95774715E-02  4.21467143E-15  1.43708069E-13
  3.34222815E-01  7.95774715E-02  4.23156390E-15  1.44284053E-13
  3.35557038E-01  7.95774715E-02  4.24845637E-15  1.44860037E-13
  3.36891261E-01  7.95774715E-02  4.26534884E-15  1.45436021E-13
  3.38225484E-01  7.95774715E-02  4.28224131E-15  1.46012006E-13
  3.39559706E-01  7.95774715E-02  4.29913378E-15  1.46587990E-13
  3.40893929E-01  7.95774715E-02  4.31602625E-15  1.47163974E-13
  3.42228152E-01  7.95774715E-02  4.33291872E-15  1.47739958E-13
  3.43562375E-01  7.95774715E-02  4.34981119E-15  1.48315943E-13
  3.44896598E-01  7.95774715E-02  4.36670366E-15  1.48891927E-13
  3.46230821E-01  7.95774715E-02  4.38359614E-15  1.49467911E-13
  3.47565043E-01  7.95774715E-02  4.40048861E-15  1.50043895E-13
  3.48899266E-01  7.95774715E-02  4.41738108E-15  1.50619880E-13
  3.50233489E-01  7.95774715E-02  4.43427355E-15  1.51195864E-13
  3.51567712E-01  7.95774715E-02  4.45116602E-15  1.51771848E-13
  3.52901935E-01  7.95774715E-02  4.46805849E-15  1.52347832E-13
  3.54236157E-01  7.95774715E-02  4.48495096E-15  1.52923816E-13
  3.55570380E-01  7.95774715E-02  4.50184343E-15  1.53499801E-13
  3.56904603E-01  7.95774715E-02  4.51873590E-15  1.54075785E-13
  3.58238826E-01  7.95774715E-02  4.53562837E-15  1.54651769E-13
  3.59573049E-01  7.95774715E-02  4.55252084E-15  1.55227753E-13
  3.60907272E-01  7.95774715E-02  4.56941331E-15  1.55803738E-13
  3.62241494E-01  7.95774715E-02  4.58630578E-15  1.56379722E-13
  3.63575717E-01  7.95774715E-02  4.60319825E-15  1.56955706E-13
  3.64909940E-01  7.95774715E-02  4.62009072E-15  1.57531690E-13
  3.66244163E-01  7.95774715E-02  4.63698320E-15  1.58107675E-13
  3.67578386E-01  7.95774715E-02  4.65387567E-15  1.58683659E-13
  3.68912608E-01  7.95774715E-02  4.67076814E-15  1.59259643E-13
  3.70246831E-01  7.95774715E-02  4.68766061E-15  1.59835627E-13
  3.71581054E-01  7.95774715E-02  4.70455308E-15  1.60411612E-13
  3.72915277E-01  7.95774715E-02  4.72144555E-15  1.60987596E-13
  3.74249500E-01  7.95774715E-02  4.73833802E-15  1.61563580E-13
  3.75583722E-01  7.95774715E-02  4.75523049E-15  1.62139564E-13
  3.76917945E-01  7.95774715E-02  4.77212296E-15  1.62715549E-13
  3.78252168E-01  7.95774715E-02  4.78901543E-15  1.63291533E-13
  3.79586391E-01  7.95774715E-02  4.80590790E-15  1.63867517E-13
  3.80920614E-01  7.95774715E-02  4.82280037E-15  1.64443501E-13
  3.82254837E-01  7.95774715E-02  4.83969284E-15  1.65019486E-13
  3.83589059E-01  7.95774715E-02  4.85658531E-15  1.65595470E-13
  3.84923282E-01  7.95774715E-02  4.87347778E-15  1.66171454E-13
  3.86257505E-01  7.95774715E-02  4.89037026E-15  1.66747438E-13
  3.87591728E-01  7.95774715E-02  4.90726273E-15  1.67323423E-13
  3.88925951E-01  7.95774715E-02  4.92415520E-15  1.67899407E-13
  3.90260173E-01  7.95774715E-02  4.94104767E-15  1.68475391E-13
  3.91594396E-01  7.95774715E-02  4.95794014E-15  1.69051375E-13
  3.92928619E-01  7.95774715E-02  4.97483261E-15  1.69627360E-13
  3.94262842E-01  7.95774715E-02  4.99172508E-15  1.70203344E-13
  3.95597065E-01  7.95774715E-02  5.00861755E-15  1.70779328E-13
  3.96931288E-01  7.95774715E-02  5.02551002E-15  1.71355312E-13
  3.98265510E-01  7.95774715E-02  5.04240249E-15  1.71931296E-13
  3.99599733E-01  7.95774715E-02  5.05929496E-15  1.72507281E-13
  4.00933956E-01  7.95774715E-02  5.07618743E-15  1.73083265E-13
  4.02268179E-01  7.95774715E-02  5.09307990E-15  1.73659249E-13
  4.03602402E-01  7.95774715E-02  5.10997237E-15  1.74235233E-13
  4.04936624E-01  7.95774715E-02  5.12686484E-15  1.74811218E-13
  4.06270847E-01  7.95774715E-02  5.14375731E-15  1.75387202E-13
  4.07605070E-01  7.95774715E-02  5.16064979E-15  1.75963186E-13
  4.08939293E-01  7.95774715E-02  5.17754226E-15  1.76539170E-13
  4.10273516E-01  7.95774715E-02  5.19443473E-15  1.77115155E-13
  4.11607738E-01  7.95774715E-02  5.21132720E-15  1.77691139E-13
  4.12941961E-01  7.95774715E-02  5.22821967E-15  1.78267123E-13
  4.14276184E-01  7.95774715E-02  5.24511214E-15  1.78843107E-13
  4.15610407E-01  7.95774715E-02  5.26200461E-15  1.79419092E-13
  4.16944630E-01  7.95774715E-02  5.27889708E-15  1.79995076E-13
  4.18278853E-01  7.95774715E-02  5.29578955E-15  1.80571060E-13
  4.19613075E-01  7.95774715E-02  5.31268202E-15  1.81147044E-13
  4.20947298E-01  7.95774715E-02  5.32957449E-15  1.81723029E-13
  4.22281521E-01  7.95774715E-02  5.34646696E-15  1.82299013E-13
  4.23615744E-01  7.95774715E-02  5.36335943E-15  1.82874997E-13
  4.24949967E-01  7.95774715E-02  5.38025190E-15  1.83450981E-13
  4.26284189E-01  7.95774715E-02  5.39714437E-15  1.84026966E-13
  4.27618412E-01  7.95774715E-02  5.41403685E-15  1.84602950E-13
  4.28952635E-01  7.95774715E-02  5.43092932E-15  1.85178934E-13
  4.30286858E-01  7.95774715E-02  5.44782179E-15  1.85754918E-13
  4.31621081E-01  7.95774715E-02  5.46471426E-15  1.86330903E-13
  4.32955304E-01  7.95774715E-02  5.48160673E-15  1.86906887E-13
  4.34289526E-01  7.95774715E-02  5.49849920E-15  1.87482871E-13
  4.35623749E-01  7.95774715E-02  5.51539167E-15  1.88058855E-13
  4.36957972E-01  7.95774715E-02  5.53228414E-15  1.88634840E-13
  4.38292195E-01  7.95774715E-02  5.54917661E-15  1.89210824E-13
  4.39626418E-01  7.95774715E-02  5.56606908E-15  1.89786808E-13
  4.40960640E-01  7.95774715E-02  5.58296155E-15  1.90362792E-13
  4.42294863E-01  7.95774715E-02  5.59985402E-15  1.90938777E-13
  4.43629086E-01  7.95774715E-02  5.61674649E-15  1.91514761E-13
  4.44963309E-01  7.95774715E-02  5.63363896E-15  1.92090745E-13
  4.46297532E-01  7.95774715E-02  5.65053143E-15  1.92666729E-13
  4.47631755E-01  7.95774715E-02  5.66742391E-15  1.93242713E-13
  4.48965977E-01  7.95774715E-02  5.68431638E-15  1.93818698E-13
  4.50300200E-01  7.95774715E-02  5.70120885E-15  1.94394682E-13
  4.51634423E-01  7.95774715E-02  5.71810132E-15  1.94970666E-13
  4.52968646E-01  7.95774715E-02  5.73499379E-15  1.95546650E-13
  4.54302869E-01  7.95774715E-02  5.75188626E-15  1.96122635E-13
  4.55637091E-01  7.95774715E-02  5.76877873E-15  1.96698619E-13
  4.56971314E-01  7.95774715E-02  5.78567120E-15  1.97274603E-13
  4.58305537E-01  7.95774715E-02  5.80256367E-15  1.97850587E-13
  4.59639760E-01  7.95774715E-02  5.81945614E-15  1.98426572E-13
  4.60973983E-01  7.95774715E-02  5.83634861E-15  1.99002556E-13
  4.62308205E-01  7.95774715E-02  5.85324108E-15  1.99578540E-13
  4.63642428E-01  7.95774715E-02  5.87013355E-15  2.00154524E-13
  4.64976651E-01  7.95774715E-02  5.88702602E-15  2.00730509E-13
  4.66310874E-01  7.95774715E-02  5.90391849E-15  2.01306493E-13
  4.67645097E-01  7.95774715E-02  5.92081097E-15  2.01882477E-13
  4.68979320E-01  7.95774715E-02  5.93770344E-15  2.02458461E-13
  4.70313542E-01  7.95774715E-02  5.95459591E-15  2.03034446E-13
  4.71647765E-01  7.95774715E-02  5.97148838E-15  2.03610430E-13
  4.72981988E-01  7.95774715E-02  5.98838085E-15  2.04186414E-13
  4.74316211E-01  7.95774715E-02  6.00527332E-15  2.04762398E-13
  4.75650434E-01  7.95774715E-02  6.02216579E-15  2.05338383E-13
  4.76984656E-01  7.95774715E-02  6.03905826E-15  2.05914367E-13
  4.78318879E-01  7.95774715E-02  6.05595073E-15  2.06490351E-13
  4.79653102E-01  7.95774715E-02  6.07284320E-15  2.07066335E-13
  4.80987325E-01  7.95774715E-02  6.08973567E-15  2.07642320E-13
  4.82321548E-01  7.95774715E-02  6.10662814E-15  2.08218304E-13
  4.83655771E-01  7.95774715E-02  6.12352061E-15  2.08794288E-13
  4.84989993E-01  7.95774715E-02  6.14041308E-15  2.09370272E-13
  4.86324216E-01  7.95774715E-02  6.15730555E-15  2.09946257E-13
  4.87658439E-01  7.95774715E-02  6.17419802E-15  2.10522241E-13
  4.88992662E-01  7.95774715E-02  6.19109050E-15  2.11098225E-13
  4.90326885E-01  7.95774715E-02  6.20798297E-15  2.11674209E-13
  4.91661107E-01  7.95774715E-02  6.22487544E-15  2.12250193E-13
  4.92995330E-01  7.95774715E-02  6.24176791E-15  2.12826178E-13
  4.94329553E-01  7.95774715E-02  6.25866038E-15  2.13402162E-13
  4.95663776E-01  7.95774715E-02  6.27555285E-15  2.13978146E-13
  4.96997999E-01  7.95774715E-02  6.29244532E-15  2.14554130E-13
  4.98332221E-01  7.95774715E-02  6.30933779E-15  2.15130115E-13
  4.99666444E-01  7.95774715E-02  6.32623026E-15  2.15706099E-13
  5.01000667E-01  7.95774715E-02  6.34312273E-15  2.16282083E-13
  5.02334890E-01  7.95774715E-02  6.36001520E-15  2.16858067E-13
  5.03669113E-01  7.95774715E-02  6.37690767E-15  2.17434052E-13
  5.05003336E-01  7.95774715E-02  6.39380014E-15  2.18010036E-13
  5.06337558E-01  7.95774715E-02  6.41069261E-15  2.18586020E-13
  5.07671781E-01  7.95774715E-02  6.42758508E-15  2.19162004E-13
  5.09006004E-01  7.95774715E-02  6.44447756E-15  2.19737989E-13
  5.10340227E-01  7.95774715E-02  6.46137003E-15  2.20313973E-13
  5.11674450E-01  7.95774715E-02  6.47826250E-15  2.20889957E-13
  5.13008672E-01  7.95774715E-02  6.49515497E-15  2.21465941E-13
  5.14342895E-01  7.95774715E-02  6.51204744E-15  2.22041926E-13
  5.15677118E-01  7.95774715E-02  6.52893991E-15  2.22617910E-13
  5.17011341E-01  7.95774715E-02  6.54583238E-15  2.23193894E-13
  5.18345564E-01  7.95774715E-02  6.56272485E-15  2.23769878E-13
  5.19679787E-01  7.95774715E-02  6.57961732E-15  2.24345863E-13
  5.21014009E-01  7.95774715E-02  6.59650979E-15  2.24921847E-13
  5.22348232E-01  7.95774715E-02  6.61340226E-15  2.25497831E-13
  5.23682455E-01  7.95774715E-02  6.63029473E-15  2.26073815E-13
  5.25016678E-01  7.95774715E-02  6.64718720E-15  2.26649800E-13
  5.26350901E-01  7.95774715E-02  6.66407967E-15  2.27225784E-13
  5.27685123E-01  7.95774715E-02  6.68097214E-15  2.27801768E-13
  5.29019346E-01  7.95774715E-02  6.69786462E-15  2.28377752E-13
  5.30353569E-01  7.95774715E-02  6.71475709E-15  2.28953737E-13
  5.31687792E-01  7.95774715E-02  6.73164956E-15  2.29529721E-13
  5.33022015E-01  7.95774715E-02  6.74854203E-15  2.30105705E-13
  5.34356237E-01  7.95774715E-02  6.76543450E-15  2.30681689E-13
  5.35690460E-01  7.95774715E-02  6.78232697E-15  2.31257674E-13
  5.37024683E-01  7.95774715E-02  6.79921944E-15  2.31833658E-13
  5.38358906E-01  7.95774715E-02  6.81611191E-15  2.32409642E-13
  5.39693129E-01  7.95774715E-02  6.83300438E-15  2.32985626E-13
  5.41027352E-01  7.95774715E-02  6.84989685E-15  2.33561610E-13
  5.42361574E-01  7.95774715E-02  6.86678932E-15  2.34137595E-13
  5.43695797E-01  7.95774715E-02  6.88368179E-15  2.34713579E-13
  5.45030020E-01  7.95774715E-02  6.90057426E-15  2.35289563E-13
  5.46364243E-01  7.95774715E-02  6.91746673E-15  2.35865547E-13
  5.47698466E-01  7.95774715E-02  6.93435920E-15  2.36441532E-13
  5.49032688E-01  7.95774715E-02  6.95125168E-15  2.37017516E-13
  5.50366911E-01  7.95774715E-02  6.96814415E-15  2.37593500E-13
  5.51701134E-01  7.95774715E-02  6.98503662E-15  2.38169484E-13
  5.53035357E-01  7.95774715E-02  7.00192909E-15  2.38745469E-13
  5.54369580E-01  7.95774715E-02  7.01882156E-15  2.39321453E-13
  5.55703803E-01  7.95774715E-02  7.03571403E-15  2.39897437E-13
  5.57038025E-01  7.95774715E-02  7.05260650E-15  2.40473421E-13
  5.58372248E-01  7.95774715E-02  7.06949897E-15  2.41049406E-13
  5.59706471E-01  7.95774715E-02  7.08639144E-15  2.41625390E-13
  5.61040694E-01  7.95774715E-02  7.10328391E-15  2.42201374E-13
  5.62374917E-01  7.95774715E-02  7.12017638E-15  2.42777358E-13
  5.63709139E-01  7.95774715E-02  7.13706885E-15  2.43353343E-13
  5.65043362E-01  7.95774715E-02  7.15396132E-15  2.43929327E-13
  5.66377585E-01  7.95774715E-02  7.17085379E-15  2.44505311E-13
  5.67711808E-01  7.95774715E-02  7.18774626E-15  2.45081295E-13
  5.69046031E-01  7.95774715E-02  7.20463873E-15  2.45657280E-13
  5.70380254E-01  7.95774715E-02  7.22153121E-15  2.46233264E-13
  5.71714476E-01  7.95774715E-02  7.23842368E-15  2.46809248E-13
  5.73048699E-01  7.95774715E-02  7.25531615E-15  2.47385232E-13
  5.74382922E-01  7.95774715E-02  7.27220862E-15  2.47961217E-13
  5.75717145E-01  7.95774715E-02  7.28910109E-15  2.48537201E-13
  5.77051368E-01  7.95774715E-02  7.30599356E-15  2.49113185E-13
  5.78385590E-01  7.95774715E-02  7.32288603E-15  2.49689169E-13
  5.79719813E-01  7.95774715E-02  7.33977850E-15  2.50265154E-13
  5.81054036E-01  7.95774715E-02  7.35667097E-15  2.50841138E-13
  5.82388259E-01  7.95774715E-02  7.37356344E-15  2.51417122E-13
  5.83722482E-01  7.95774715E-02  7.39045591E-15  2.51993106E-13
  5.85056704E-01  7.95774715E-02  7.40734838E-15  2.52569090E-13
  5.86390927E-01  7.95774715E-02  7.42424085E-15  2.53145075E-13
  5.87725150E-01  7.95774715E-02  7.44113332E-15  2.53721059E-13
  5.89059373E-01  7.95774715E-02  7.45802579E-15  2.54297043E-13
  5.90393596E-01  7.95774715E-02  7.47491827E-15  2.54873027E-13
  5.91727819E-01  7.95774715E-02  7.49181074E-15  2.55449012E-13
  5.93062041E-01  7.95774715E-02  7.50870321E-15  2.56024996E-13
  5.94396264E-01  7.95774715E-02  7.52559568E-15  2.56600980E-13
  5.95730487E-01  7.95774715E-02  7.54248815E-15  2.57176964E-13
  5.97064710E-01  7.95774715E-02  7.55938062E-15  2.57752949E-13
  5.98398933E-01  7.95774715E-02  7.57627309E-15  2.58328933E-13
  5.99733155E-01  7.95774715E-02  7.59316556E-15  2.58904917E-13
  6.01067378E-01  7.95774715E-02  7.61005803E-15  2.59480901E-13
  6.02401601E-01  7.95774715E-02  7.62695050E-15  2.60056886E-13
  6.03735824E-01  7.95774715E-02  7.64384297E-15  2.60632870E-13
  6.05070047E-01  7.95774715E-02  7.66073544E-15  2.61208854E-13
  6.06404270E-01  7.95774715E-02  7.67762791E-15  2.61784838E-13
  6.07738492E-01  7.95774715E-02  7.69452038E-15  2.62360823E-13
  6.09072715E-01  7.95774715E-02  7.71141285E-15  2.62936807E-13
  6.10406938E-01  7.95774715E-02  7.72830533E-15  2.63512791E-13
  6.11741161E-01  7.95774715E-02  7.74519780E-15  2.64088775E-13
  6.13075384E-01  7.95774715E-02  7.76209027E-15  2.64664760E-13
  6.14409606E-01  7.95774715E-02  7.77898274E-15  2.65240744E-13
  6.15743829E-01  7.95774715E-02  7.79587521E-15  2.65816728E-13
  6.17078052E-01  7.95774715E-02  7.81276768E-15  2.66392712E-13
  6.18412275E-01  7.95774715E-02  7.82966015E-15  2.66968697E-13
  6.19746498E-01  7.95774715E-02  7.84655262E-15  2.67544681E-13
  6.21080720E-01  7.95774715E-02  7.86344509E-15  2.68120665E-13
  6.22414943E-01  7.95774715E-02  7.88033756E-15  2.68696649E-13
  6.23749166E-01  7.95774715E-02  7.89723003E-15  2.69272634E-13
  6.25083389E-01  7.95774715E-02  7.91412250E-15  2.69848618E-13
  6.26417612E-01  7.95774715E-02  7.93101497E-15  2.70424602E-13
  6.27751835E-01  7.95774715E-02  7.94790744E-15  2.71000586E-13
  6.29086057E-01  7.95774715E-02  7.96479991E-15  2.71576571E-13
  6.30420280E-01  7.95774715E-02  7.98169239E-15  2.72152555E-13
  6.31754503E-01  7.95774715E-02  7.99858486E-15  2.72728539E-13
  6.33088726E-01  7.95774715E-02  8.01547733E-15  2.73304523E-13
  6.34422949E-01  7.95774715E-02  8.03236980E-15  2.73880507E-13
  6.35757171E-01  7.95774715E-02  8.04926227E-15  2.74456492E-13
  6.37091394E-01  7.95774715E-02  8.06615474E-15  2.75032476E-13
  6.38425617E-01  7.95774715E-02  8.08304721E-15  2.75608460E-13
  6.39759840E-01  7.95774715E-02  8.09993968E-15  2.76184444E-13
  6.41094063E-01  7.95774715E-02  8.11683215E-15  2.76760429E-13
  6.42428286E-01  7.95774715E-02  8.13372462E-15  2.77336413E-13
  6.43762508E-01  7.95774715E-02  8.15061709E-15  2.77912397E-13
  6.45096731E-01  7.95774715E-02  8.16750956E-15  2.78488381E-13
  6.46430954E-01  7.95774715E-02  8.18440203E-15  2.79064366E-13
  6.47765177E-01  7.95774715E-02  8.20129450E-15  2.79640350E-13
  6.49099400E-01  7.95774715E-02  8.21818697E-15  2.80216334E-13
  6.50433622E-01  7.95774715E-02  8.23507944E-15  2.80792318E-13
  6.51767845E-01  7.95774715E-02  8.25197192E-15  2.81368303E-13
  6.53102068E-01  7.95774715E-02  8.26886439E-15  2.81944287E-13
  6.54436291E-01  7.95774715E-02  8.28575686E-15  2.82520271E-13
  6.55770514E-01  7.95774715E-02  8.30264933E-15  2.83096255E-13
  6.57104736E-01  7.95774715E-02  8.31954180E-15  2.83672240E-13
  6.58438959E-01  7.95774715E-02  8.33643427E-15  2.84248224E-13
  6.59773182E-01  7.95774715E-02  8.35332674E-15  2.84824208E-13
  6.61107405E-01  7.95774715E-02  8.37021921E-15  2.85400192E-13
  6.62441628E-01  7.95774715E-02  8.38711168E-15  2.85976177E-13
  6.63775851E-01  7.95774715E-02  8.40400415E-15  2.86552161E-13
  6.65110073E-01  7.95774715E-02  8.42089662E-15  2.87128145E-13
  6.66444296E-01  7.95774715E-02  8.43778909E-15  2.87704129E-13
  6.67778519E-01  7.95774715E-02  8.45468156E-15  2.88280114E-13
  6.69112742E-01  7.95774715E-02  8.47157403E-15  2.88856098E-13
  6.70446965E-01  7.95774715E-02  8.48846650E-15  2.89432082E-13
  6.71781187E-01  7.95774715E-02  8.50535898E-15  2.90008066E-13
  6.73115410E-01  7.95774715E-02  8.52225145E-15  2.90584051E-13
  6.74449633E-01  7.95774715E-02  8.53914392E-15  2.91160035E-13
  6.75783856E-01  7.95774715E-02  8.55603639E-15  2.91736019E-13
  6.77118079E-01  7.95774715E-02  8.57292886E-15  2.92312003E-13
  6.78452302E-01  7.95774715E-02  8.58982133E-15  2.92887987E-13
  6.79786524E-01  7.95774715E-02  8.60671380E-15  2.93463972E-13
  6.81120747E-01  7.95774715E-02  8.62360627E-15  2.94039956E-13
  6.82454970E-01  7.95774715E-02  8.64049874E-15  2.94615940E-13
  6.83789193E-01  7.95774715E-02  8.65739121E-15  2.95191924E-13
  6.85123416E-01  7.95774715E-02  8.67428368E-15  2.95767909E-13
  6.86457638E-01  7.95774715E-02  8.69117615E-15  2.96343893E-13
  6.87791861E-01  7.95774715E-02  8.70806862E-15  2.96919877E-13
  6.89126084E-01  7.95774715E-02  8.72496109E-15  2.97495861E-13
  6.90460307E-01  7.95774715E-02  8.74185356E-15  2.98071846E-13
  6.91794530E-01  7.95774715E-02  8.75874604E-15  2.98647830E-13
  6.93128753E-01  7.95774715E-02  8.77563851E-15  2.99223814E-13
  6.94462975E-01  7.95774715E-02  8.79253098E-15  2.99799798E-13
  6.95797198E-01  7.95774715E-02  8.80942345E-15  3.00375783E-13
  6.97131421E-01  7.95774715E-02  8.82631592E-15  3.00951767E-13
  6.98465644E-01  7.95774715E-02  8.84320839E-15  3.01527751E-13
  6.99799867E-01  7.95774715E-02  8.86010086E-15  3.02103735E-13
  7.01134089E-01  7.95774715E-02  8.87699333E-15  3.02679720E-13
  7.02468312E-01  7.95774715E-02  8.89388580E-15  3.03255704E-13
  7.03802535E-01  7.95774715E-02  8.91077827E-15  3.03831688E-13
  7.05136758E-01  7.95774715E-02  8.92767074E-15  3.04407672E-13
  7.06470981E-01  7.95774715E-02  8.94456321E-15  3.04983657E-13
  7.07805203E-01  7.95774715E-02  8.96145568E-15  3.05559641E-13
  7.09139426E-01  7.95774715E-02  8.97834815E-15  3.06135625E-13
  7.10473649E-01  7.95774715E-02  8.99524062E-15  3.06711609E-13
  7.11807872E-01  7.95774715E-02  9.01213310E-15  3.07287594E-13
  7.13142095E-01  7.95774715E-02  9.02902557E-15  3.07863578E-13
  7.14476318E-01  7.95774715E-02  9.04591804E-15  3.08439562E-13
  7.15810540E-01  7.95774715E-02  9.06281051E-15  3.09015546E-13
  7.17144763E-01  7.95774715E-02  9.07970298E-15  3.09591531E-13
  7.18478986E-01  7.95774715E-02  9.09659545E-15  3.10167515E-13
  7.19813209E-01  7.95774715E-02  9.11348792E-15  3.10743499E-13
  7.21147432E-01  7.95774715E-02  9.13038039E-15  3.11319483E-13
  7.22481654E-01  7.95774715E-02  9.14727286E-15  3.11895468E-13
  7.23815877E-01  7.95774715E-02  9.16416533E-15  3.12471452E-13
  7.25150100E-01  7.95774715E-02  9.18105780E-15  3.13047436E-13
  7.26484323E-01  7.95774715E-02  9.19795027E-15  3.13623420E-13
  7.27818546E-01  7.95774715E-02  9.21484274E-15  3.14199404E-13
  7.29152769E-01  7.95774715E-02  9.23173521E-15  3.14775389E-13
  7.30486991E-01  7.95774715E-02  9.24862768E-15  3.15351373E-13
  7.31821214E-01  7.95774715E-02  9.26552015E-15  3.15927357E-13
  7.33155437E-01  7.95774715E-02  9.28241263E-15  3.16503341E-13
  7.34489660E-01  7.95774715E-02  9.29930510E-15  3.17079326E-13
  7.35823883E-01  7.95774715E-02  9.31619757E-15  3.17655310E-13
  7.37158105E-01  7.95774715E-02  9.33309004E-15  3.18231294E-13
  7.38492328E-01  7.95774715E-02  9.34998251E-15  3.18807278E-13
  7.39826551E-01  7.95774715E-02  9.36687498E-15  3.19383263E-13
  7.41160774E-01  7.95774715E-02  9.38376745E-15  3.19959247E-13
  7.42494997E-01  7.95774715E-02  9.40065992E-15  3.20535231E-13
  7.43829219E-01  7.95774715E-02  9.41755239E-15  3.21111215E-13
  7.45163442E-01  7.95774715E-02  9.43444486E-15  3.21687200E-13
  7.46497665E-01  7.95774715E-02  9.45133733E-15  3.22263184E-13
  7.47831888E-01  7.95774715E-02  9.46822980E-15  3.22839168E-13
  7.49166111E-01  7.95774715E-02  9.48512227E-15  3.23415152E-13
  7.50500334E-01  7.95774715E-02  9.50201474E-15  3.23991137E-13
  7.51834556E-01  7.95774715E-02  9.51890721E-15  3.24567121E-13
  7.53168779E-01  7.95774715E-02  9.53579969E-15  3.25143105E-13
  7.54503002E-01  7.95774715E-02  9.55269216E-15  3.25719089E-13
  7.55837225E-01  7.95774715E-02  9.56958463E-15  3.26295074E-13
  7.57171448E-01  7.95774715E-02  9.58647710E-15  3.26871058E-13
  7.58505670E-01  7.95774715E-02  9.60336957E-15  3.27447042E-13
  7.59839893E-01  7.95774715E-02  9.62026204E-15  3.28023026E-13
  7.61174116E-01  7.95774715E-02  9.63715451E-15  3.28599011E-13
  7.62508339E-01  7.95774715E-02  9.65404698E-15  3.29174995E-13
  7.63842562E-01  7.95774715E-02  9.67093945E-15  3.29750979E-13
  7.65176785E-01  7.95774715E-02  9.68783192E-15  3.30326963E-13
  7.66511007E-01  7.95774715E-02  9.70472439E-15  3.30902948E-13
  7.67845230E-01  7.95774715E-02  9.72161686E-15  3.31478932E-13
  7.69179453E-01  7.95774715E-02  9.73850933E-15  3.32054916E-13
  7.70513676E-01  7.95774715E-02  9.75540180E-15  3.32630900E-13
  7.71847899E-01  7.95774715E-02  9.77229427E-15  3.33206884E-13
  7.73182121E-01  7.95774715E-02  9.78918675E-15  3.33782869E-13
  7.74516344E-01  7.95774715E-02  9.80607922E-15  3.34358853E-13
  7.75850567E-01  7.95774715E-02  9.82297169E-15  3.34934837E-13
  7.77184790E-01  7.95774715E-02  9.83986416E-15  3.35510821E-13
  7.78519013E-01  7.95774715E-02  9.85675663E-15  3.36086806E-13
  7.79853235E-01  7.95774715E-02  9.87364910E-15  3.36662790E-13
  7.81187458E-01  7.95774715E-02  9.89054157E-15  3.37238774E-13
  7.82521681E-01  7.95774715E-02  9.90743404E-15  3.37814758E-13
  7.83855904E-01  7.95774715E-02  9.92432651E-15  3.38390743E-13
  7.85190127E-01  7.95774715E-02  9.94121898E-15  3.38966727E-13
  7.86524350E-01  7.95774715E-02  9.95811145E-15  3.39542711E-13
  7.87858572E-01  7.95774715E-02  9.97500392E-15  3.40118695E-13
  7.89192795E-01  7.95774715E-02  9.99189639E-15  3.40694680E-13
  7.90527018E-01  7.95774715E-02  1.00087889E-14  3.41270664E-13
  7.91861241E-01  7.95774715E-02  1.00256813E-14  3.41846648E-13
  7.93195464E-01  7.95774715E-02  1.00425738E-14  3.42422632E-13
  7.94529686E-01  7.95774715E-02  1.00594663E-14  3.42998617E-13
  7.95863909E-01  7.95774715E-02  1.00763587E-14  3.43574601E-13
  7.97198132E-01  7.95774715E-02  1.00932512E-14  3.44150585E-13
  7.98532355E-01  7.95774715E-02  1.01101437E-14  3.44726569E-13
  7.99866578E-01  7.95774715E-02  1.01270362E-14  3.45302554E-13
  8.01200801E-01  7.95774715E-02  1.01439286E-14  3.45878538E-13
  8.02535023E-01  7.95774715E-02  1.01608211E-14  3.46454522E-13
  8.03869246E-01  7.95774715E-02  1.01777136E-14  3.47030506E-13
  8.05203469E-01  7.95774715E-02  1.01946060E-14  3.47606491E-13
  8.06537692E-01  7.95774715E-02  1.02114985E-14  3.48182475E-13
  8.07871915E-01  7.95774715E-02  1.02283910E-14  3.48758459E-13
  8.09206137E-01  7.95774715E-02  1.02452835E-14  3.49334443E-13
  8.10540360E-01  7.95774715E-02  1.02621759E-14  3.49910428E-13
  8.11874583E-01  7.95774715E-02  1.02790684E-14  3.50486412E-13
  8.13208806E-01  7.95774715E-02  1.02959609E-14  3.51062396E-13
  8.14543029E-01  7.95774715E-02  1.03128533E-14  3.51638380E-13
  8.15877252E-01  7.95774715E-02  1.03297458E-14  3.52214365E-13
  8.17211474E-01  7.95774715E-02  1.03466383E-14  3.52790349E-13
  8.18545697E-01  7.95774715E-02  1.03635307E-14  3.53366333E-13
  8.19879920E-01  7.95774715E-02  1.03804232E-14  3.53942317E-13
  8.21214143E-01  7.95774715E-02  1.03973157E-14  3.54518301E-13
  8.22548366E-01  7.95774715E-02  1.04142082E-14  3.55094286E-13
  8.23882588E-01  7.95774715E-02  1.04311006E-14  3.55670270E-13
  8.25216811E-01  7.95774715E-02  1.04479931E-14  3.56246254E-13
  8.26551034E-01  7.95774715E-02  1.04648856E-14  3.56822238E-13
  8.27885257E-01  7.95774715E-02  1.04817780E-14  3.57398223E-13
  8.29219480E-01  7.95774715E-02  1.04986705E-14  3.57974207E-13
  8.30553702E-01  7.95774715E-02  1.05155630E-14  3.58550191E-13
  8.31887925E-01  7.95774715E-02  1.05324555E-14  3.59126175E-13
  8.33222148E-01  7.95774715E-02  1.05493479E-14  3.59702160E-13
  8.34556371E-01  7.95774715E-02  1.05662404E-14  3.60278144E-13
  8.35890594E-01  7.95774715E-02  1.05831329E-14  3.60854128E-13
  8.37224817E-01  7.95774715E-02  1.06000253E-14  3.61430112E-13
  8.38559039E-01  7.95774715E-02  1.06169178E-14  3.62006097E-13
  8.39893262E-01  7.95774715E-02  1.06338103E-14  3.62582081E-13
  8.41227485E-01  7.95774715E-02  1.06507027E-14  3.63158065E-13
  8.42561708E-01  7.95774715E-02  1.06675952E-14  3.63734049E-13
  8.43895931E-01  7.95774715E-02  1.06844877E-14  3.64310034E-13
  8.45230153E-01  7.95774715E-02  1.07013802E-14  3.64886018E-13
  8.46564376E-01  7.95774715E-02  1.07182726E-14  3.65462002E-13
  8.47898599E-01  7.95774715E-02  1.07351651E-14  3.66037986E-13
  8.49232822E-01  7.95774715E-02  1.07520576E-14  3.66613971E-13
  8.50567045E-01  7.95774715E-02  1.07689500E-14  3.67189955E-13
  8.51901268E-01  7.95774715E-02  1.07858425E-14  3.67765939E-13
  8.53235490E-01  7.95774715E-02  1.08027350E-14  3.68341923E-13
  8.54569713E-01  7.95774715E-02  1.08196275E-14  3.68917908E-13
  8.55903936E-01  7.95774715E-02  1.08365199E-14  3.69493892E-13
  8.57238159E-01  7.95774715E-02  1.08534124E-14  3.70069876E-13
  8.58572382E-01  7.95774715E-02  1.08703049E-14  3.70645860E-13
  8.59906604E-01  7.95774715E-02  1.08871973E-14  3.71221845E-13
  8.61240827E-01  7.95774715E-02  1.09040898E-14  3.71797829E-13
  8.62575050E-01  7.95774715E-02  1.09209823E-14  3.72373813E-13
  8.63909273E-01  7.95774715E-02  1.09378747E-14  3.72949797E-13
  8.65243496E-01  7.95774715E-02  1.09547672E-14  3.73525781E-13
  8.66577718E-01  7.95774715E-02  1.09716597E-14  3.74101766E-13
  8.67911941E-01  7.95774715E-02  1.09885522E-14  3.74677750E-13
  8.69246164E-01  7.95774715E-02  1.10054446E-14  3.75253734E-13
  8.70580387E-01  7.95774715E-02  1.10223371E-14  3.75829718E-13
  8.71914610E-01  7.95774715E-02  1.10392296E-14  3.76405703E-13
  8.73248833E-01  7.95774715E-02  1.10561220E-14  3.76981687E-13
  8.74583055E-01  7.95774715E-02  1.10730145E-14  3.77557671E-13
  8.75917278E-01  7.95774715E-02  1.10899070E-14  3.78133655E-13
  8.77251501E-01  7.95774715E-02  1.11067995E-14  3.78709640E-13
  8.78585724E-01  7.95774715E-02  1.11236919E-14  3.79285624E-13
  8.79919947E-01  7.95774715E-02  1.11405844E-14  3.79861608E-13
  8.81254169E-01  7.95774715E-02  1.11574769E-14  3.80437592E-13
  8.82588392E-01  7.95774715E-02  1.11743693E-14  3.81013577E-13
  8.83922615E-01  7.95774715E-02  1.11912618E-14  3.81589561E-13
  8.85256838E-01  7.95774715E-02  1.12081543E-14  3.82165545E-13
  8.86591061E-01  7.95774715E-02  1.12250468E-14  3.82741529E-13
  8.87925284E-01  7.95774715E-02  1.12419392E-14  3.83317514E-13
  8.89259506E-01  7.95774715E-02  1.12588317E-14  3.83893498E-13
  8.90593729E-01  7.95774715E-02  1.12757242E-14  3.84469482E-13
  8.91927952E-01  7.95774715E-02  1.12926166E-14  3.85045466E-13
  8.93262175E-01  7.95774715E-02  1.13095091E-14  3.85621451E-13
  8.94596398E-01  7.95774715E-02  1.13264016E-14  3.86197435E-13
  8.95930620E-01  7.95774715E-02  1.13432940E-14  3.86773419E-13
  8.97264843E-01  7.95774715E-02  1.13601865E-14  3.87349403E-13
  8.98599066E-01  7.95774715E-02  1.13770790E-14  3.87925388E-13
  8.99933289E-01  7.95774715E-02  1.13939715E-14  3.88501372E-13
  9.01267512E-01  7.95774715E-02  1.14108639E-14  3.89077356E-13
  9.02601734E-01  7.95774715E-02  1.14277564E-14  3.89653340E-13
  9.03935957E-01  7.95774715E-02  1.14446489E-14  3.90229325E-13
  9.05270180E-01  7.95774715E-02  1.14615413E-14  3.90805309E-13
  9.06604403E-01  7.95774715E-02  1.14784338E-14  3.91381293E-13
  9.07938626E-01  7.95774715E-02  1.14953263E-14  3.91957277E-13
  9.09272849E-01  7.95774715E-02  1.15122188E-14  3.92533262E-13
  9.10607071E-01  7.95774715E-02  1.15291112E-14  3.93109246E-13
  9.11941294E-01  7.95774715E-02  1.15460037E-14  3.93685230E-13
  9.13275517E-01  7.95774715E-02  1.15628962E-14  3.94261214E-13
  9.14609740E-01  7.95774715E-02  1.15797886E-14  3.94837198E-13
  9.15943963E-01  7.95774715E-02  1.15966811E-14  3.95413183E-13
  9.17278185E-01  7.95774715E-02  1.16135736E-14  3.95989167E-13
  9.18612408E-01  7.95774715E-02  1.16304660E-14  3.96565151E-13
  9.19946631E-01  7.95774715E-02  1.16473585E-14  3.97141135E-13
  9.21280854E-01  7.95774715E-02  1.16642510E-14  3.97717120E-13
  9.22615077E-01  7.95774715E-02  1.16811435E-14  3.98293104E-13
  9.23949300E-01  7.95774715E-02  1.16980359E-14  3.98869088E-13
  9.25283522E-01  7.95774715E-02  1.17149284E-14  3.99445072E-13
  9.26617745E-01  7.95774715E-02  1.17318209E-14  4.00021057E-13
  9.27951968E-01  7.95774715E-02  1.17487133E-14  4.00597041E-13
  9.29286191E-01  7.95774715E-02  1.17656058E-14  4.01173025E-13
  9.30620414E-01  7.95774715E-02  1.17824983E-14  4.01749009E-13
  9.31954636E-01  7.95774715E-02  1.17993908E-14  4.02324994E-13
  9.33288859E-01  7.95774715E-02  1.18162832E-14  4.02900978E-13
  9.34623082E-01  7.95774715E-02  1.18331757E-14  4.03476962E-13
  9.35957305E-01  7.95774715E-02  1.18500682E-14  4.04052946E-13
  9.37291528E-01  7.95774715E-02  1.18669606E-14  4.04628931E-13
  9.38625751E-01  7.95774715E-02  1.18838531E-14  4.05204915E-13
  9.39959973E-01  7.95774715E-02  1.19007456E-14  4.05780899E-13
  9.41294196E-01  7.95774715E-02  1.19176380E-14  4.06356883E-13
  9.42628419E-01  7.95774715E-02  1.19345305E-14  4.06932868E-13
  9.43962642E-01  7.95774715E-02  1.19514230E-14  4.07508852E-13
  9.45296865E-01  7.95774715E-02  1.19683155E-14  4.08084836E-13
  9.46631087E-01  7.95774715E-02  1.19852079E-14  4.08660820E-13
  9.47965310E-01  7.95774715E-02  1.20021004E-14  4.09236805E-13
  9.49299533E-01  7.95774715E-02  1.20189929E-14  4.09812789E-13
  9.50633756E-01  7.95774715E-02  1.20358853E-14  4.10388773E-13
  9.51967979E-01  7.95774715E-02  1.20527778E-14  4.10964757E-13
  9.53302201E-01  7.95774715E-02  1.20696703E-14  4.11540742E-13
  9.54636424E-01  7.95774715E-02  1.20865628E-14  4.12116726E-13
  9.55970647E-01  7.95774715E-02  1.21034552E-14  4.12692710E-13
  9.57304870E-01  7.95774715E-02  1.21203477E-14  4.13268694E-13
  9.58639093E-01  7.95774715E-02  1.21372402E-14  4.13844678E-13
  9.59973316E-01  7.95774715E-02  1.21541326E-14  4.14420663E-13
  9.61307538E-01  7.95774715E-02  1.21710251E-14  4.14996647E-13
  9.62641761E-01  7.95774715E-02  1.21879176E-14  4.15572631E-13
  9.63975984E-01  7.95774715E-02  1.22048100E-14  4.16148615E-13
  9.65310207E-01  7.95774715E-02  1.22217025E-14  4.16724600E-13
  9.66644430E-01  7.95774715E-02  1.22385950E-14  4.17300584E-13
  9.67978652E-01  7.95774715E-02  1.22554875E-14  4.17876568E-13
  9.69312875E-01  7.95774715E-02  1.22723799E-14  4.18452552E-13
  9.70647098E-01  7.95774715E-02  1.22892724E-14  4.19028537E-13
  9.71981321E-01  7.95774715E-02  1.23061649E-14  4.19604521E-13
  9.73315544E-01  7.95774715E-02  1.23230573E-14  4.20180505E-13
  9.74649767E-01  7.95774715E-02  1.23399498E-14  4.20756489E-13
  9.75983989E-01  7.95774715E-02  1.23568423E-14  4.21332474E-13
  9.77318212E-01  7.95774715E-02  1.23737348E-14  4.21908458E-13
  9.78652435E-01  7.95774715E-02  1.23906272E-14  4.22484442E-13
  9.79986658E-01  7.95774715E-02  1.24075197E-14  4.23060426E-13
  9.81320881E-01  7.95774715E-02  1.24244122E-14  4.23636411E-13
  9.82655103E-01  7.95774715E-02  1.24413046E-14  4.24212395E-13
  9.83989326E-01  7.95774715E-02  1.24581971E-14  4.24788379E-13
  9.85323549E-01  7.95774715E-02  1.24750896E-14  4.25364363E-13
  9.86657772E-01  7.95774715E-02  1.24919821E-14  4.25940348E-13
  9.87991995E-01  7.95774715E-02  1.25088745E-14  4.26516332E-13
  9.89326217E-01  7.95774715E-02  1.25257670E-14  4.27092316E-13
  9.90660440E-01  7.95774715E-02  1.25426595E-14  4.27668300E-13
  9.91994663E-01  7.95774715E-02  1.25595519E-14  4.28244285E-13
  9.93328886E-01  7.95774715E-02  1.25764444E-14  4.28820269E-13
  9.94663109E-01  7.95774715E-02  1.25933369E-14  4.29396253E-13
  9.95997332E-01  7.95774715E-02  1.26102293E-14  4.29972237E-13
  9.97331554E-01  7.95774715E-02  1.26271218E-14  4.30548222E-13
  9.98665777E-01  7.95774715E-02  1.26440143E-14  4.31124206E-13
  1.00000000E+00  7.95774715E-02  1.26609068E-14  4.31700190E-13
