 -1.00000000E+00  3.01921377E-03 -7.76086948E-02  1.11984170E+00
 -9.98665777E-01  3.04673222E-03 -7.80051823E-02  1.11894458E+00
 -9.97331554E-01  3.07433931E-03 -7.84017750E-02  1.11803048E+00
 -9.95997332E-01  3.10203515E-03 -7.87984712E-02  1.11709938E+00
 -9.94663109E-01  3.12981989E-03 -7.91952689E-02  1.11615130E+00
 -9.93328886E-01  3.15769365E-03 -7.95921663E-02  1.11518625E+00
 -9.91994663E-01  3.18565656E-03 -7.99891616E-02  1.11420424E+00
 -9.90660440E-01  3.21370876E-03 -8.03862528E-02  1.11320526E+00
 -9.89326217E-01  3.24185038E-03 -8.07834381E-02  1.11218933E+00
 -9.87991995E-01  3.27008154E-03 -8.11807155E-02  1.11115646E+00
 -9.86657772E-01  3.29840238E-03 -8.15780832E-02  1.11010666E+00
 -9.85323549E-01  3.32681303E-03 -8.19755393E-02  1.10903992E+00
 -9.83989326E-01  3.35531363E-03 -8.23730819E-02  1.10795627E+00
 -9.82655103E-01  3.38390430E-03 -8.27707091E-02  1.10685570E+00
 -9.81320881E-01  3.41258518E-03 -8.31684190E-02  1.10573822E+00
 -9.79986658E-01  3.44135639E-03 -8.35662097E-02  1.10460385E+00
 -9.78652435E-01  3.47021808E-03 -8.39640792E-02  1.10345259E+00
 -9.77318212E-01  3.49917037E-03 -8.43620257E-02  1.10228446E+00
 -9.75983989E-01  3.52821339E-03 -8.47600473E-02  1.10109945E+00
 -9.74649767E-01  3.55734729E-03 -8.51581419E-02  1.09989757E+00
 -9.73315544E-01  3.58657218E-03 -8.55563078E-02  1.09867884E+00
 -9.71981321E-01  3.61588820E-03 -8.59545430E-02  1.09744327E+00
 -9.70647098E-01  3.64529550E-03 -8.63528455E-02  1.09619086E+00
 -9.69312875E-01  3.67479419E-03 -8.67512135E-02  1.09492162E+00
 -9.67978652E-01  3.70438441E-03 -8.71496450E-02  1.09363556E+00
 -9.66644430E-01  3.73406629E-03 -8.75481380E-02  1.09233269E+00
 -9.65310207E-01  3.76383997E-03 -8.79466906E-02  1.09101301E+00
 -9.63975984E-01  3.79370559E-03 -8.83453009E-02  1.08967655E+00
 -9.62641761E-01  3.82366327E-03 -8.87439669E-02  1.08832330E+00
 -9.61307538E-01  3.85371314E-03 -8.91426867E-02  1.08695328E+00
 -9.59973316E-01  3.88385535E-03 -8.95414583E-02  1.08556649E+00
 -9.58639093E-01  3.91409002E-03 -8.99402798E-02  1.08416295E+00
 -9.57304870E-01  3.94441728E-03 -9.03391492E-02  1.08274267E+00
 -9.55970647E-01  3.97483728E-03 -9.07380645E-02  1.08130564E+00
 -9.54636424E-01  4.00535015E-03 -9.11370238E-02  1.07985190E+00
 -9.53302201E-01  4.03595602E-03 -9.15360252E-02  1.07838144E+00
 -9.51967979E-01  4.06665501E-03 -9.19350665E-02  1.07689427E+00
 -9.50633756E-01  4.09744728E-03 -9.23341459E-02  1.07539041E+00
 -9.49299533E-01  4.12833295E-03 -9.27332614E-02  1.07386986E+00
 -9.47965310E-01  4.15931216E-03 -9.31324110E-02  1.07233263E+00
 -9.46631087E-01  4.19038504E-03 -9.35315928E-02  1.07077875E+00
 -9.45296865E-01  4.22155172E-03 -9.39308046E-02  1.06920821E+00
 -9.43962642E-01  4.25281234E-03 -9.43300446E-02  1.06762102E+00
 -9.42628419E-01  4.28416704E-03 -9.47293107E-02  1.06601721E+00
 -9.41294196E-01  4.31561595E-03 -9.51286010E-02  1.06439677E+00
 -9.39959973E-01  4.34715921E-03 -9.55279134E-02  1.06275972E+00
 -9.38625751E-01  4.37879694E-03 -9.59272460E-02  1.06110607E+00
 -9.37291528E-01  4.41052929E-03 -9.63265967E-02  1.05943583E+00
 -9.35957305E-01  4.44235639E-03 -9.67259635E-02  1.05774901E+00
 -9.34623082E-01  4.47427838E-03 -9.71253444E-02  1.05604563E+00
 -9.33288859E-01  4.50629538E-03 -9.75247375E-02  1.05432569E+00
 -9.31954636E-01  4.53840755E-03 -9.79241406E-02  1.05258921E+00
 -9.30620414E-01  4.57061500E-03 -9.83235517E-02  1.05083619E+00
 -9.29286191E-01  4.60291789E-03 -9.87229689E-02  1.04906666E+00
 -9.27951968E-01  4.63531634E-03 -9.91223900E-02  1.04728061E+00
 -9.26617745E-01  4.66781049E-03 -9.95218131E-02  1.04547807E+00
 -9.25283522E-01  4.70040047E-03 -9.99212362E-02  1.04365904E+00
 -9.23949300E-01  4.73308643E-03 -1.00320657E-01  1.04182354E+00
 -9.22615077E-01  4.76586850E-03 -1.00720074E-01  1.03997158E+00
 -9.21280854E-01  4.79874681E-03 -1.01119484E-01  1.03810317E+00
 -9.19946631E-01  4.83172150E-03 -1.01518887E-01  1.03621833E+00
 -9.18612408E-01  4.86479271E-03 -1.01918279E-01  1.03431706E+00
 -9.17278185E-01  4.89796058E-03 -1.02317658E-01  1.03239938E+00
 -9.15943963E-01  4.93122523E-03 -1.02717024E-01  1.03046530E+00
 -9.14609740E-01  4.96458682E-03 -1.03116372E-01  1.02851483E+00
 -9.13275517E-01  4.99804547E-03 -1.03515702E-01  1.02654799E+00
 -9.11941294E-01  5.03160132E-03 -1.03915012E-01  1.02456479E+00
 -9.10607071E-01  5.06525451E-03 -1.04314299E-01  1.02256524E+00
 -9.09272849E-01  5.09900518E-03 -1.04713561E-01  1.02054935E+00
 -9.07938626E-01  5.13285346E-03 -1.05112796E-01  1.01851715E+00
 -9.06604403E-01  5.16679949E-03 -1.05512003E-01  1.01646863E+00
 -9.05270180E-01  5.20084341E-03 -1.05911178E-01  1.01440382E+00
 -9.03935957E-01  5.23498536E-03 -1.06310320E-01  1.01232273E+00
 -9.02601734E-01  5.26922547E-03 -1.06709427E-01  1.01022538E+00
 -9.01267512E-01  5.30356389E-03 -1.07108497E-01  1.00811176E+00
 -8.99933289E-01  5.33800074E-03 -1.07507527E-01  1.00598191E+00
 -8.98599066E-01  5.37253617E-03 -1.07906516E-01  1.00383583E+00
 -8.97264843E-01  5.40717032E-03 -1.08305461E-01  1.00167354E+00
 -8.95930620E-01  5.44190332E-03 -1.08704361E-01  9.99495048E-01
 -8.94596398E-01  5.47673532E-03 -1.09103213E-01  9.97300372E-01
 -8.93262175E-01  5.51166644E-03 -1.09502015E-01  9.95089526E-01
 -8.91927952E-01  5.54669684E-03 -1.09900764E-01  9.92862524E-01
 -8.90593729E-01  5.58182664E-03 -1.10299460E-01  9.90619381E-01
 -8.89259506E-01  5.61705600E-03 -1.10698099E-01  9.88360110E-01
 -8.87925284E-01  5.65238503E-03 -1.11096680E-01  9.86084728E-01
 -8.86591061E-01  5.68781389E-03 -1.11495201E-01  9.83793247E-01
 -8.85256838E-01  5.72334272E-03 -1.11893659E-01  9.81485684E-01
 -8.83922615E-01  5.75897165E-03 -1.12292052E-01  9.79162052E-01
 -8.82588392E-01  5.79470082E-03 -1.12690378E-01  9.76822368E-01
 -8.81254169E-01  5.83053037E-03 -1.13088634E-01  9.74466646E-01
 -8.79919947E-01  5.86646044E-03 -1.13486820E-01  9.72094901E-01
 -8.78585724E-01  5.90249118E-03 -1.13884932E-01  9.69707149E-01
 -8.77251501E-01  5.93862271E-03 -1.14282969E-01  9.67303405E-01
 -8.75917278E-01  5.97485519E-03 -1.14680928E-01  9.64883685E-01
 -8.74583055E-01  6.01118874E-03 -1.15078807E-01  9.62448005E-01
 -8.73248833E-01  6.04762351E-03 -1.15476604E-01  9.59996379E-01
 -8.71914610E-01  6.08415964E-03 -1.15874317E-01  9.57528824E-01
 -8.70580387E-01  6.12079728E-03 -1.16271944E-01  9.55045356E-01
 -8.69246164E-01  6.15753655E-03 -1.16669481E-01  9.52545990E-01
 -8.67911941E-01  6.19437760E-03 -1.17066929E-01  9.50030744E-01
 -8.66577718E-01  6.23132057E-03 -1.17464283E-01  9.47499632E-01
 -8.65243496E-01  6.26836561E-03 -1.17861542E-01  9.44952672E-01
 -8.63909273E-01  6.30551285E-03 -1.18258704E-01  9.42389880E-01
 -8.62575050E-01  6.34276242E-03 -1.18655767E-01  9.39811272E-01
 -8.61240827E-01  6.38011449E-03 -1.19052728E-01  9.37216864E-01
 -8.59906604E-01  6.41756917E-03 -1.19449585E-01  9.34606675E-01
 -8.58572382E-01  6.45512663E-03 -1.19846336E-01  9.31980720E-01
 -8.57238159E-01  6.49278698E-03 -1.20242978E-01  9.29339016E-01
 -8.55903936E-01  6.53055039E-03 -1.20639511E-01  9.26681581E-01
 -8.54569713E-01  6.56841699E-03 -1.21035930E-01  9.24008432E-01
 -8.53235490E-01  6.60638691E-03 -1.21432235E-01  9.21319585E-01
 -8.51901268E-01  6.64446031E-03 -1.21828423E-01  9.18615058E-01
 -8.50567045E-01  6.68263733E-03 -1.22224491E-01  9.15894868E-01
 -8.49232822E-01  6.72091809E-03 -1.22620438E-01  9.13159034E-01
 -8.47898599E-01  6.75930276E-03 -1.23016261E-01  9.10407572E-01
 -8.46564376E-01  6.79779146E-03 -1.23411957E-01  9.07640501E-01
 -8.45230153E-01  6.83638435E-03 -1.23807526E-01  9.04857837E-01
 -8.43895931E-01  6.87508156E-03 -1.24202964E-01  9.02059600E-01
 -8.42561708E-01  6.91388323E-03 -1.24598270E-01  8.99245807E-01
 -8.41227485E-01  6.95278952E-03 -1.24993440E-01  8.96416476E-01
 -8.39893262E-01  6.99180055E-03 -1.25388474E-01  8.93571626E-01
 -8.38559039E-01  7.03091648E-03 -1.25783368E-01  8.90711274E-01
 -8.37224817E-01  7.07013744E-03 -1.26178120E-01  8.87835440E-01
 -8.35890594E-01  7.10946358E-03 -1.26572728E-01  8.84944142E-01
 -8.34556371E-01  7.14889505E-03 -1.26967190E-01  8.82037398E-01
 -8.33222148E-01  7.18843197E-03 -1.27361504E-01  8.79115227E-01
 -8.31887925E-01  7.22807451E-03 -1.27755666E-01  8.76177648E-01
 -8.30553702E-01  7.26782279E-03 -1.28149676E-01  8.73224681E-01
 -8.29219480E-01  7.30767697E-03 -1.28543530E-01  8.70256343E-01
 -8.27885257E-01  7.34763719E-03 -1.28937227E-01  8.67272655E-01
 -8.26551034E-01  7.38770358E-03 -1.29330764E-01  8.64273635E-01
 -8.25216811E-01  7.42787630E-03 -1.29724139E-01  8.61259303E-01
 -8.23882588E-01  7.46815549E-03 -1.30117349E-01  8.58229678E-01
 -8.22548366E-01  7.50854129E-03 -1.30510393E-01  8.55184780E-01
 -8.21214143E-01  7.54903385E-03 -1.30903268E-01  8.52124629E-01
 -8.19879920E-01  7.58963330E-03 -1.31295971E-01  8.49049244E-01
 -8.18545697E-01  7.63033980E-03 -1.31688501E-01  8.45958645E-01
 -8.17211474E-01  7.67115349E-03 -1.32080854E-01  8.42852853E-01
 -8.15877252E-01  7.71207451E-03 -1.32473030E-01  8.39731887E-01
 -8.14543029E-01  7.75310300E-03 -1.32865025E-01  8.36595767E-01
 -8.13208806E-01  7.79423912E-03 -1.33256837E-01  8.33444514E-01
 -8.11874583E-01  7.83548300E-03 -1.33648464E-01  8.30278149E-01
 -8.10540360E-01  7.87683479E-03 -1.34039903E-01  8.27096691E-01
 -8.09206137E-01  7.91829463E-03 -1.34431153E-01  8.23900161E-01
 -8.07871915E-01  7.95986268E-03 -1.34822211E-01  8.20688580E-01
 -8.06537692E-01  8.00153907E-03 -1.35213074E-01  8.17461970E-01
 -8.05203469E-01  8.04332395E-03 -1.35603740E-01  8.14220350E-01
 -8.03869246E-01  8.08521746E-03 -1.35994207E-01  8.10963741E-01
 -8.02535023E-01  8.12721976E-03 -1.36384472E-01  8.07692166E-01
 -8.01200801E-01  8.16933098E-03 -1.36774534E-01  8.04405645E-01
 -7.99866578E-01  8.21155127E-03 -1.37164390E-01  8.01104200E-01
 -7.98532355E-01  8.25388078E-03 -1.37554037E-01  7.97787851E-01
 -7.97198132E-01  8.29631965E-03 -1.37943473E-01  7.94456621E-01
 -7.95863909E-01  8.33886803E-03 -1.38332696E-01  7.91110531E-01
 -7.94529686E-01  8.38152607E-03 -1.38721703E-01  7.87749604E-01
 -7.93195464E-01  8.42429390E-03 -1.39110492E-01  7.84373860E-01
 -7.91861241E-01  8.46717168E-03 -1.39499061E-01  7.80983322E-01
 -7.90527018E-01  8.51015956E-03 -1.39887407E-01  7.77578012E-01
 -7.89192795E-01  8.55325767E-03 -1.40275528E-01  7.74157952E-01
 -7.87858572E-01  8.59646617E-03 -1.40663422E-01  7.70723164E-01
 -7.86524350E-01  8.63978520E-03 -1.41051085E-01  7.67273671E-01
 -7.85190127E-01  8.68321491E-03 -1.41438517E-01  7.63809496E-01
 -7.83855904E-01  8.72675544E-03 -1.41825713E-01  7.60330661E-01
 -7.82521681E-01  8.77040695E-03 -1.42212673E-01  7.56837188E-01
 -7.81187458E-01  8.81416957E-03 -1.42599393E-01  7.53329101E-01
 -7.79853235E-01  8.85804346E-03 -1.42985872E-01  7.49806422E-01
 -7.78519013E-01  8.90202877E-03 -1.43372106E-01  7.46269175E-01
 -7.77184790E-01  8.94612563E-03 -1.43758094E-01  7.42717382E-01
 -7.75850567E-01  8.99033420E-03 -1.44143832E-01  7.39151067E-01
 -7.74516344E-01  9.03465463E-03 -1.44529319E-01  7.35570254E-01
 -7.73182121E-01  9.07908706E-03 -1.44914553E-01  7.31974965E-01
 -7.71847899E-01  9.12363164E-03 -1.45299529E-01  7.28365225E-01
 -7.70513676E-01  9.16828852E-03 -1.45684248E-01  7.24741057E-01
 -7.69179453E-01  9.21305785E-03 -1.46068705E-01  7.21102484E-01
 -7.67845230E-01  9.25793977E-03 -1.46452898E-01  7.17449532E-01
 -7.66511007E-01  9.30293443E-03 -1.46836825E-01  7.13782223E-01
 -7.65176785E-01  9.34804198E-03 -1.47220484E-01  7.10100582E-01
 -7.63842562E-01  9.39326257E-03 -1.47603872E-01  7.06404633E-01
 -7.62508339E-01  9.43859635E-03 -1.47986987E-01  7.02694401E-01
 -7.61174116E-01  9.48404346E-03 -1.48369826E-01  6.98969909E-01
 -7.59839893E-01  9.52960406E-03 -1.48752386E-01  6.95231183E-01
 -7.58505670E-01  9.57527828E-03 -1.49134666E-01  6.91478247E-01
 -7.57171448E-01  9.62106630E-03 -1.49516663E-01  6.87711126E-01
 -7.55837225E-01  9.66696824E-03 -1.49898374E-01  6.83929845E-01
 -7.54503002E-01  9.71298426E-03 -1.50279797E-01  6.80134429E-01
 -7.53168779E-01  9.75911451E-03 -1.50660929E-01  6.76324902E-01
 -7.51834556E-01  9.80535913E-03 -1.51041769E-01  6.72501291E-01
 -7.50500334E-01  9.85171829E-03 -1.51422312E-01  6.68663619E-01
 -7.49166111E-01  9.89819212E-03 -1.51802558E-01  6.64811914E-01
 -7.47831888E-01  9.94478078E-03 -1.52182504E-01  6.60946200E-01
 -7.46497665E-01  9.99148441E-03 -1.52562146E-01  6.57066504E-01
 -7.45163442E-01  1.00383032E-02 -1.52941483E-01  6.53172850E-01
 -7.43829219E-01  1.00852372E-02 -1.53320512E-01  6.49265264E-01
 -7.42494997E-01  1.01322867E-02 -1.53699231E-01  6.45343774E-01
 -7.41160774E-01  1.01794517E-02 -1.54077636E-01  6.41408404E-01
 -7.39826551E-01  1.02267324E-02 -1.54455726E-01  6.37459180E-01
 -7.38492328E-01  1.02741291E-02 -1.54833498E-01  6.33496131E-01
 -7.37158105E-01  1.03216417E-02 -1.55210950E-01  6.29519280E-01
 -7.35823883E-01  1.03692706E-02 -1.55588079E-01  6.25528656E-01
 -7.34489660E-01  1.04170157E-02 -1.55964882E-01  6.21524285E-01
 -7.33155437E-01  1.04648774E-02 -1.56341357E-01  6.17506194E-01
 -7.31821214E-01  1.05128556E-02 -1.56717502E-01  6.13474409E-01
 -7.30486991E-01  1.05609507E-02 -1.57093313E-01  6.09428957E-01
 -7.29152769E-01  1.06091627E-02 -1.57468789E-01  6.05369866E-01
 -7.27818546E-01  1.06574917E-02 -1.57843927E-01  6.01297162E-01
 -7.26484323E-01  1.07059380E-02 -1.58218724E-01  5.97210873E-01
 -7.25150100E-01  1.07545017E-02 -1.58593178E-01  5.93111027E-01
 -7.23815877E-01  1.08031829E-02 -1.58967286E-01  5.88997651E-01
 -7.22481654E-01  1.08519818E-02 -1.59341045E-01  5.84870772E-01
 -7.21147432E-01  1.09008985E-02 -1.59714454E-01  5.80730419E-01
 -7.19813209E-01  1.09499333E-02 -1.60087509E-01  5.76576619E-01
 -7.18478986E-01  1.09990861E-02 -1.60460209E-01  5.72409400E-01
 -7.17144763E-01  1.10483573E-02 -1.60832549E-01  5.68228791E-01
 -7.15810540E-01  1.10977469E-02 -1.61204529E-01  5.64034819E-01
 -7.14476318E-01  1.11472551E-02 -1.61576145E-01  5.59827512E-01
 -7.13142095E-01  1.11968821E-02 -1.61947394E-01  5.55606900E-01
 -7.11807872E-01  1.12466279E-02 -1.62318275E-01  5.51373011E-01
 -7.10473649E-01  1.12964928E-02 -1.62688784E-01  5.47125873E-01
 -7.09139426E-01  1.13464770E-02 -1.63058919E-01  5.42865515E-01
 -7.07805203E-01  1.13965804E-02 -1.63428678E-01  5.38591966E-01
 -7.06470981E-01  1.14468034E-02 -1.63798057E-01  5.34305256E-01
 -7.05136758E-01  1.14971461E-02 -1.64167055E-01  5.30005412E-01
 -7.03802535E-01  1.15476086E-02 -1.64535668E-01  5.25692465E-01
 -7.02468312E-01  1.15981910E-02 -1.64903894E-01  5.21366444E-01
 -7.01134089E-01  1.16488936E-02 -1.65271730E-01  5.17027378E-01
 -6.99799867E-01  1.16997164E-02 -1.65639174E-01  5.12675296E-01
 -6.98465644E-01  1.17506597E-02 -1.66006224E-01  5.08310229E-01
 -6.97131421E-01  1.18017236E-02 -1.66372876E-01  5.03932206E-01
 -6.95797198E-01  1.18529082E-02 -1.66739127E-01  4.99541257E-01
 -6.94462975E-01  1.19042137E-02 -1.67104976E-01  4.95137412E-01
 -6.93128753E-01  1.19556402E-02 -1.67470420E-01  4.90720701E-01
 -6.91794530E-01  1.20071880E-02 -1.67835456E-01  4.86291155E-01
 -6.90460307E-01  1.20588571E-02 -1.68200081E-01  4.81848803E-01
 -6.89126084E-01  1.21106477E-02 -1.68564292E-01  4.77393677E-01
 -6.87791861E-01  1.21625600E-02 -1.68928088E-01  4.72925806E-01
 -6.86457638E-01  1.22145941E-02 -1.69291466E-01  4.68445222E-01
 -6.85123416E-01  1.22667501E-02 -1.69654422E-01  4.63951956E-01
 -6.83789193E-01  1.23190283E-02 -1.70016954E-01  4.59446038E-01
 -6.82454970E-01  1.23714288E-02 -1.70379060E-01  4.54927499E-01
 -6.81120747E-01  1.24239517E-02 -1.70740736E-01  4.50396370E-01
 -6.79786524E-01  1.24765972E-02 -1.71101981E-01  4.45852684E-01
 -6.78452302E-01  1.25293654E-02 -1.71462791E-01  4.41296470E-01
 -6.77118079E-01  1.25822565E-02 -1.71823165E-01  4.36727761E-01
 -6.75783856E-01  1.26352707E-02 -1.72183098E-01  4.32146589E-01
 -6.74449633E-01  1.26884081E-02 -1.72542588E-01  4.27552984E-01
 -6.73115410E-01  1.27416689E-02 -1.72901634E-01  4.22946979E-01
 -6.71781187E-01  1.27950532E-02 -1.73260231E-01  4.18328606E-01
 -6.70446965E-01  1.28485611E-02 -1.73618378E-01  4.13697897E-01
 -6.69112742E-01  1.29021929E-02 -1.73976072E-01  4.09054885E-01
 -6.67778519E-01  1.29559487E-02 -1.74333310E-01  4.04399600E-01
 -6.66444296E-01  1.30098287E-02 -1.74690088E-01  3.99732077E-01
 -6.65110073E-01  1.30638329E-02 -1.75046406E-01  3.95052347E-01
 -6.63775851E-01  1.31179616E-02 -1.75402260E-01  3.90360443E-01
 -6.62441628E-01  1.31722149E-02 -1.75757646E-01  3.85656397E-01
 -6.61107405E-01  1.32265930E-02 -1.76112563E-01  3.80940244E-01
 -6.59773182E-01  1.32810960E-02 -1.76467008E-01  3.76212015E-01
 -6.58438959E-01  1.33357240E-02 -1.76820978E-01  3.71471745E-01
 -6.57104736E-01  1.33904774E-02 -1.77174470E-01  3.66719465E-01
 -6.55770514E-01  1.34453561E-02 -1.77527482E-01  3.61955210E-01
 -6.54436291E-01  1.35003603E-02 -1.77880011E-01  3.57179013E-01
 -6.53102068E-01  1.35554903E-02 -1.78232053E-01  3.52390908E-01
 -6.51767845E-01  1.36107462E-02 -1.78583607E-01  3.47590928E-01
 -6.50433622E-01  1.36661280E-02 -1.78934670E-01  3.42779107E-01
 -6.49099400E-01  1.37216361E-02 -1.79285239E-01  3.37955479E-01
 -6.47765177E-01  1.37772705E-02 -1.79635310E-01  3.33120079E-01
 -6.46430954E-01  1.38330314E-02 -1.79984882E-01  3.28272940E-01
 -6.45096731E-01  1.38889189E-02 -1.80333952E-01  3.23414096E-01
 -6.43762508E-01  1.39449332E-02 -1.80682516E-01  3.18543583E-01
 -6.42428286E-01  1.40010746E-02 -1.81030573E-01  3.13661434E-01
 -6.41094063E-01  1.40573430E-02 -1.81378118E-01  3.08767685E-01
 -6.39759840E-01  1.41137387E-02 -1.81725151E-01  3.03862370E-01
 -6.38425617E-01  1.41702619E-02 -1.82071667E-01  2.98945524E-01
 -6.37091394E-01  1.42269127E-02 -1.82417664E-01  2.94017182E-01
 -6.35757171E-01  1.42836912E-02 -1.82763139E-01  2.89077379E-01
 -6.34422949E-01  1.43405977E-02 -1.83108090E-01  2.84126151E-01
 -6.33088726E-01  1.43976322E-02 -1.83452513E-01  2.79163533E-01
 -6.31754503E-01  1.44547950E-02 -1.83796406E-01  2.74189559E-01
 -6.30420280E-01  1.45120862E-02 -1.84139766E-01  2.69204267E-01
 -6.29086057E-01  1.45695059E-02 -1.84482590E-01  2.64207692E-01
 -6.27751835E-01  1.46270543E-02 -1.84824875E-01  2.59199869E-01
 -6.26417612E-01  1.46847316E-02 -1.85166619E-01  2.54180835E-01
 -6.25083389E-01  1.47425379E-02 -1.85507819E-01  2.49150625E-01
 -6.23749166E-01  1.48004735E-02 -1.85848472E-01  2.44109276E-01
 -6.22414943E-01  1.48585383E-02 -1.86188575E-01  2.39056824E-01
 -6.21080720E-01  1.49167327E-02 -1.86528125E-01  2.33993306E-01
 -6.19746498E-01  1.49750568E-02 -1.86867120E-01  2.28918758E-01
 -6.18412275E-01  1.50335107E-02 -1.87205556E-01  2.23833217E-01
 -6.17078052E-01  1.50920945E-02 -1.87543432E-01  2.18736720E-01
 -6.15743829E-01  1.51508086E-02 -1.87880743E-01  2.13629303E-01
 -6.14409606E-01  1.52096529E-02 -1.88217487E-01  2.08511004E-01
 -6.13075384E-01  1.52686277E-02 -1.88553661E-01  2.03381861E-01
 -6.11741161E-01  1.53277331E-02 -1.88889263E-01  1.98241909E-01
 -6.10406938E-01  1.53869693E-02 -1.89224290E-01  1.93091187E-01
 -6.09072715E-01  1.54463365E-02 -1.89558738E-01  1.87929732E-01
 -6.07738492E-01  1.55058348E-02 -1.89892605E-01  1.82757582E-01
 -6.06404270E-01  1.55654643E-02 -1.90225888E-01  1.77574774E-01
 -6.05070047E-01  1.56252253E-02 -1.90558584E-01  1.72381347E-01
 -6.03735824E-01  1.56851179E-02 -1.90890690E-01  1.67177339E-01
 -6.02401601E-01  1.57451422E-02 -1.91222204E-01  1.61962787E-01
 -6.01067378E-01  1.58052985E-02 -1.91553122E-01  1.56737731E-01
 -5.99733155E-01  1.58655868E-02 -1.91883441E-01  1.51502207E-01
 -5.98398933E-01  1.59260073E-02 -1.92213160E-01  1.46256256E-01
 -5.97064710E-01  1.59865603E-02 -1.92542274E-01  1.40999915E-01
 -5.95730487E-01  1.60472458E-02 -1.92870781E-01  1.35733224E-01
 -5.94396264E-01  1.61080641E-02 -1.93198678E-01  1.30456221E-01
 -5.93062041E-01  1.61690152E-02 -1.93525962E-01  1.25168945E-01
 -5.91727819E-01  1.62300994E-02 -1.93852630E-01  1.19871435E-01
 -5.90393596E-01  1.62913168E-02 -1.94178680E-01  1.14563731E-01
 -5.89059373E-01  1.63526675E-02 -1.94504108E-01  1.09245872E-01
 -5.87725150E-01  1.64141518E-02 -1.94828911E-01  1.03917897E-01
 -5.86390927E-01  1.64757698E-02 -1.95153087E-01  9.85798464E-02
 -5.85056704E-01  1.65375217E-02 -1.95476633E-01  9.32317597E-02
 -5.83722482E-01  1.65994075E-02 -1.95799545E-01  8.78736767E-02
 -5.82388259E-01  1.66614276E-02 -1.96121821E-01  8.25056374E-02
 -5.81054036E-01  1.67235820E-02 -1.96443457E-01  7.71276819E-02
 -5.79719813E-01  1.67858709E-02 -1.96764452E-01  7.17398505E-02
 -5.78385590E-01  1.68482945E-02 -1.97084801E-01  6.63421835E-02
 -5.77051368E-01  1.69108529E-02 -1.97404503E-01  6.09347214E-02
 -5.75717145E-01  1.69735463E-02 -1.97723553E-01  5.55175049E-02
 -5.74382922E-01  1.70363749E-02 -1.98041950E-01  5.00905746E-02
 -5.73048699E-01  1.70993388E-02 -1.98359689E-01  4.46539715E-02
 -5.71714476E-01  1.71624382E-02 -1.98676769E-01  3.92077364E-02
 -5.70380254E-01  1.72256732E-02 -1.98993186E-01  3.37519107E-02
 -5.69046031E-01  1.72890441E-02 -1.99308937E-01  2.82865353E-02
 -5.67711808E-01  1.73525509E-02 -1.99624019E-01  2.28116518E-02
 -5.66377585E-01  1.74161939E-02 -1.99938429E-01  1.73273017E-02
 -5.65043362E-01  1.74799732E-02 -2.00252165E-01  1.18335264E-02
 -5.63709139E-01  1.75438890E-02 -2.00565223E-01  6.33036782E-03
 -5.62374917E-01  1.76079414E-02 -2.00877600E-01  8.17867748E-04
 -5.61040694E-01  1.76721306E-02 -2.01189293E-01 -4.70393182E-03
 -5.59706471E-01  1.77364567E-02 -2.01500300E-01 -1.02349888E-02
 -5.58372248E-01  1.78009200E-02 -2.01810617E-01 -1.57752608E-02
 -5.57038025E-01  1.78655206E-02 -2.02120241E-01 -2.13247057E-02
 -5.55703803E-01  1.79302587E-02 -2.02429170E-01 -2.68832809E-02
 -5.54369580E-01  1.79951344E-02 -2.02737400E-01 -3.24509437E-02
 -5.53035357E-01  1.80601479E-02 -2.03044928E-01 -3.80276514E-02
 -5.51701134E-01  1.81252993E-02 -2.03351751E-01 -4.36133613E-02
 -5.50366911E-01  1.81905888E-02 -2.03657866E-01 -4.92080301E-02
 -5.49032688E-01  1.82560167E-02 -2.03963271E-01 -5.48116150E-02
 -5.47698466E-01  1.83215830E-02 -2.04267961E-01 -6.04240725E-02
 -5.46364243E-01  1.83872879E-02 -2.04571935E-01 -6.60453594E-02
 -5.45030020E-01  1.84531316E-02 -2.04875189E-01 -7.16754320E-02
 -5.43695797E-01  1.85191142E-02 -2.05177719E-01 -7.73142469E-02
 -5.42361574E-01  1.85852359E-02 -2.05479524E-01 -8.29617602E-02
 -5.41027352E-01  1.86514970E-02 -2.05780600E-01 -8.86179281E-02
 -5.39693129E-01  1.87178975E-02 -2.06080943E-01 -9.42827065E-02
 -5.38358906E-01  1.87844376E-02 -2.06380551E-01 -9.99560514E-02
 -5.37024683E-01  1.88511174E-02 -2.06679421E-01 -1.05637918E-01
 -5.35690460E-01  1.89179373E-02 -2.06977550E-01 -1.11328263E-01
 -5.34356237E-01  1.89848972E-02 -2.07274934E-01 -1.17027041E-01
 -5.33022015E-01  1.90519974E-02 -2.07571570E-01 -1.22734208E-01
 -5.31687792E-01  1.91192381E-02 -2.07867457E-01 -1.28449718E-01
 -5.30353569E-01  1.91866193E-02 -2.08162589E-01 -1.34173527E-01
 -5.29019346E-01  1.92541414E-02 -2.08456965E-01 -1.39905590E-01
 -5.27685123E-01  1.93218044E-02 -2.08750580E-01 -1.45645862E-01
 -5.26350901E-01  1.93896085E-02 -2.09043433E-01 -1.51394298E-01
 -5.25016678E-01  1.94575539E-02 -2.09335520E-01 -1.57150851E-01
 -5.23682455E-01  1.95256408E-02 -2.09626838E-01 -1.62915477E-01
 -5.22348232E-01  1.95938693E-02 -2.09917383E-01 -1.68688129E-01
 -5.21014009E-01  1.96622395E-02 -2.10207154E-01 -1.74468763E-01
 -5.19679787E-01  1.97307517E-02 -2.10496145E-01 -1.80257331E-01
 -5.18345564E-01  1.97994061E-02 -2.10784356E-01 -1.86053789E-01
 -5.17011341E-01  1.98682027E-02 -2.11071781E-01 -1.91858089E-01
 -5.15677118E-01  1.99371418E-02 -2.11358419E-01 -1.97670186E-01
 -5.14342895E-01  2.00062235E-02 -2.11644265E-01 -2.03490033E-01
 -5.13008672E-01  2.00754480E-02 -2.11929318E-01 -2.09317583E-01
 -5.11674450E-01  2.01448154E-02 -2.12213573E-01 -2.15152790E-01
 -5.10340227E-01  2.02143260E-02 -2.12497028E-01 -2.20995607E-01
 -5.09006004E-01  2.02839799E-02 -2.12779680E-01 -2.26845987E-01
 -5.07671781E-01  2.03537773E-02 -2.13061525E-01 -2.32703882E-01
 -5.06337558E-01  2.04237183E-02 -2.13342560E-01 -2.38569247E-01
 -5.05003336E-01  2.04938031E-02 -2.13622782E-01 -2.44442032E-01
 -5.03669113E-01  2.05640319E-02 -2.13902188E-01 -2.50322191E-01
 -5.02334890E-01  2.06344048E-02 -2.14180775E-01 -2.56209677E-01
 -5.01000667E-01  2.07049220E-02 -2.14458539E-01 -2.62104440E-01
 -4.99666444E-01  2.07755838E-02 -2.14735478E-01 -2.68006435E-01
 -4.98332221E-01  2.08463902E-02 -2.15011588E-01 -2.73915611E-01
 -4.96997999E-01  2.09173414E-02 -2.15286865E-01 -2.79831922E-01
 -4.95663776E-01  2.09884376E-02 -2.15561308E-01 -2.85755319E-01
 -4.94329553E-01  2.10596789E-02 -2.15834913E-01 -2.91685754E-01
 -4.92995330E-01  2.11310656E-02 -2.16107675E-01 -2.97623177E-01
 -4.91661107E-01  2.12025978E-02 -2.16379594E-01 -3.03567541E-01
 -4.90326885E-01  2.12742757E-02 -2.16650664E-01 -3.09518797E-01
 -4.88992662E-01  2.13460994E-02 -2.16920883E-01 -3.15476896E-01
 -4.87658439E-01  2.14180691E-02 -2.17190248E-01 -3.21441788E-01
 -4.86324216E-01  2.14901851E-02 -2.17458755E-01 -3.27413424E-01
 -4.84989993E-01  2.15624473E-02 -2.17726401E-01 -3.33391756E-01
 -4.83655771E-01  2.16348561E-02 -2.17993184E-01 -3.39376733E-01
 -4.82321548E-01  2.17074117E-02 -2.18259099E-01 -3.45368306E-01
 -4.80987325E-01  2.17801140E-02 -2.18524144E-01 -3.51366426E-01
 -4.79653102E-01  2.18529634E-02 -2.18788315E-01 -3.57371042E-01
 -4.78318879E-01  2.19259601E-02 -2.19051609E-01 -3.63382104E-01
 -4.76984656E-01  2.19991041E-02 -2.19314023E-01 -3.69399563E-01
 -4.75650434E-01  2.20723956E-02 -2.19575554E-01 -3.75423368E-01
 -4.74316211E-01  2.21458349E-02 -2.19836198E-01 -3.81453468E-01
 -4.72981988E-01  2.22194221E-02 -2.20095952E-01 -3.87489814E-01
 -4.71647765E-01  2.22931573E-02 -2.20354813E-01 -3.93532354E-01
 -4.70313542E-01  2.23670408E-02 -2.20612778E-01 -3.99581038E-01
 -4.68979320E-01  2.24410728E-02 -2.20869843E-01 -4.05635814E-01
 -4.67645097E-01  2.25152532E-02 -2.21126005E-01 -4.11696632E-01
 -4.66310874E-01  2.25895825E-02 -2.21381261E-01 -4.17763441E-01
 -4.64976651E-01  2.26640607E-02 -2.21635607E-01 -4.23836189E-01
 -4.63642428E-01  2.27386880E-02 -2.21889041E-01 -4.29914825E-01
 -4.62308205E-01  2.28134645E-02 -2.22141559E-01 -4.35999297E-01
 -4.60973983E-01  2.28883905E-02 -2.22393157E-01 -4.42089553E-01
 -4.59639760E-01  2.29634662E-02 -2.22643833E-01 -4.48185542E-01
 -4.58305537E-01  2.30386916E-02 -2.22893583E-01 -4.54287211E-01
 -4.56971314E-01  2.31140670E-02 -2.23142404E-01 -4.60394509E-01
 -4.55637091E-01  2.31895925E-02 -2.23390292E-01 -4.66507383E-01
 -4.54302869E-01  2.32652684E-02 -2.23637245E-01 -4.72625780E-01
 -4.52968646E-01  2.33410947E-02 -2.23883258E-01 -4.78749649E-01
 -4.51634423E-01  2.34170717E-02 -2.24128329E-01 -4.84878936E-01
 -4.50300200E-01  2.34931996E-02 -2.24372455E-01 -4.91013589E-01
 -4.48965977E-01  2.35694784E-02 -2.24615631E-01 -4.97153555E-01
 -4.47631755E-01  2.36459084E-02 -2.24857855E-01 -5.03298781E-01
 -4.46297532E-01  2.37224898E-02 -2.25099123E-01 -5.09449212E-01
 -4.44963309E-01  2.37992227E-02 -2.25339432E-01 -5.15604798E-01
 -4.43629086E-01  2.38761073E-02 -2.25578779E-01 -5.21765482E-01
 -4.42294863E-01  2.39531438E-02 -2.25817160E-01 -5.27931213E-01
 -4.40960640E-01  2.40303324E-02 -2.26054572E-01 -5.34101936E-01
 -4.39626418E-01  2.41076731E-02 -2.26291011E-01 -5.40277597E-01
 -4.38292195E-01  2.41851663E-02 -2.26526475E-01 -5.46458143E-01
 -4.36957972E-01  2.42628121E-02 -2.26760960E-01 -5.52643519E-01
 -4.35623749E-01  2.43406106E-02 -2.26994462E-01 -5.58833670E-01
 -4.34289526E-01  2.44185620E-02 -2.27226978E-01 -5.65028543E-01
 -4.32955304E-01  2.44966665E-02 -2.27458506E-01 -5.71228083E-01
 -4.31621081E-01  2.45749244E-02 -2.27689040E-01 -5.77432235E-01
 -4.30286858E-01  2.46533356E-02 -2.27918579E-01 -5.83640944E-01
 -4.28952635E-01  2.47319005E-02 -2.28147118E-01 -5.89854156E-01
 -4.27618412E-01  2.48106192E-02 -2.28374654E-01 -5.96071815E-01
 -4.26284189E-01  2.48894919E-02 -2.28601185E-01 -6.02293865E-01
 -4.24949967E-01  2.49685187E-02 -2.28826706E-01 -6.08520252E-01
 -4.23615744E-01  2.50476999E-02 -2.29051214E-01 -6.14750920E-01
 -4.22281521E-01  2.51270356E-02 -2.29274705E-01 -6.20985814E-01
 -4.20947298E-01  2.52065259E-02 -2.29497177E-01 -6.27224876E-01
 -4.19613075E-01  2.52861711E-02 -2.29718626E-01 -6.33468053E-01
 -4.18278853E-01  2.53659714E-02 -2.29939048E-01 -6.39715286E-01
 -4.16944630E-01  2.54459268E-02 -2.30158441E-01 -6.45966521E-01
 -4.15610407E-01  2.55260377E-02 -2.30376800E-01 -6.52221701E-01
 -4.14276184E-01  2.56063041E-02 -2.30594122E-01 -6.58480768E-01
 -4.12941961E-01  2.56867263E-02 -2.30810403E-01 -6.64743668E-01
 -4.11607738E-01  2.57673043E-02 -2.31025642E-01 -6.71010342E-01
 -4.10273516E-01  2.58480385E-02 -2.31239833E-01 -6.77280735E-01
 -4.08939293E-01  2.59289290E-02 -2.31452973E-01 -6.83554788E-01
 -4.07605070E-01  2.60099759E-02 -2.31665060E-01 -6.89832445E-01
 -4.06270847E-01  2.60911794E-02 -2.31876089E-01 -6.96113648E-01
 -4.04936624E-01  2.61725397E-02 -2.32086057E-01 -7.02398340E-01
 -4.03602402E-01  2.62540570E-02 -2.32294961E-01 -7.08686464E-01
 -4.02268179E-01  2.63357315E-02 -2.32502797E-01 -7.14977961E-01
 -4.00933956E-01  2.64175633E-02 -2.32709562E-01 -7.21272773E-01
 -3.99599733E-01  2.64995527E-02 -2.32915252E-01 -7.27570843E-01
 -3.98265510E-01  2.65816997E-02 -2.33119864E-01 -7.33872112E-01
 -3.96931288E-01  2.66640046E-02 -2.33323394E-01 -7.40176523E-01
 -3.95597065E-01  2.67464675E-02 -2.33525838E-01 -7.46484016E-01
 -3.94262842E-01  2.68290887E-02 -2.33727195E-01 -7.52794533E-01
 -3.92928619E-01  2.69118683E-02 -2.33927459E-01 -7.59108015E-01
 -3.91594396E-01  2.69948065E-02 -2.34126627E-01 -7.65424403E-01
 -3.90260173E-01  2.70779034E-02 -2.34324696E-01 -7.71743639E-01
 -3.88925951E-01  2.71611593E-02 -2.34521663E-01 -7.78065664E-01
 -3.87591728E-01  2.72445743E-02 -2.34717523E-01 -7.84390417E-01
 -3.86257505E-01  2.73281487E-02 -2.34912274E-01 -7.90717839E-01
 -3.84923282E-01  2.74118825E-02 -2.35105911E-01 -7.97047871E-01
 -3.83589059E-01  2.74957759E-02 -2.35298432E-01 -8.03380454E-01
 -3.82254837E-01  2.75798292E-02 -2.35489832E-01 -8.09715526E-01
 -3.80920614E-01  2.76640425E-02 -2.35680109E-01 -8.16053029E-01
 -3.79586391E-01  2.77484161E-02 -2.35869259E-01 -8.22392902E-01
 -3.78252168E-01  2.78329499E-02 -2.36057277E-01 -8.28735085E-01
 -3.76917945E-01  2.79176444E-02 -2.36244162E-01 -8.35079517E-01
 -3.75583722E-01  2.80024996E-02 -2.36429908E-01 -8.41426138E-01
 -3.74249500E-01  2.80875157E-02 -2.36614513E-01 -8.47774887E-01
 -3.72915277E-01  2.81726929E-02 -2.36797973E-01 -8.54125703E-01
 -3.71581054E-01  2.82580314E-02 -2.36980284E-01 -8.60478526E-01
 -3.70246831E-01  2.83435314E-02 -2.37161443E-01 -8.66833293E-01
 -3.68912608E-01  2.84291930E-02 -2.37341447E-01 -8.73189944E-01
 -3.67578386E-01  2.85150164E-02 -2.37520291E-01 -8.79548418E-01
 -3.66244163E-01  2.86010018E-02 -2.37697972E-01 -8.85908652E-01
 -3.64909940E-01  2.86871495E-02 -2.37874487E-01 -8.92270585E-01
 -3.63575717E-01  2.87734594E-02 -2.38049832E-01 -8.98634156E-01
 -3.62241494E-01  2.88599319E-02 -2.38224003E-01 -9.04999302E-01
 -3.60907272E-01  2.89465672E-02 -2.38396998E-01 -9.11365960E-01
 -3.59573049E-01  2.90333653E-02 -2.38568811E-01 -9.17734070E-01
 -3.58238826E-01  2.91203266E-02 -2.38739440E-01 -9.24103567E-01
 -3.56904603E-01  2.92074511E-02 -2.38908881E-01 -9.30474391E-01
 -3.55570380E-01  2.92947391E-02 -2.39077131E-01 -9.36846477E-01
 -3.54236157E-01  2.93821907E-02 -2.39244185E-01 -9.43219763E-01
 -3.52901935E-01  2.94698061E-02 -2.39410041E-01 -9.49594187E-01
 -3.51567712E-01  2.95575855E-02 -2.39574694E-01 -9.55969685E-01
 -3.50233489E-01  2.96455291E-02 -2.39738141E-01 -9.62346193E-01
 -3.48899266E-01  2.97336371E-02 -2.39900379E-01 -9.68723648E-01
 -3.47565043E-01  2.98219096E-02 -2.40061403E-01 -9.75101987E-01
 -3.46230821E-01  2.99103469E-02 -2.40221210E-01 -9.81481146E-01
 -3.44896598E-01  2.99989490E-02 -2.40379797E-01 -9.87861061E-01
 -3.43562375E-01  3.00877163E-02 -2.40537160E-01 -9.94241667E-01
 -3.42228152E-01  3.01766488E-02 -2.40693294E-01 -1.00062290E+00
 -3.40893929E-01  3.02657468E-02 -2.40848198E-01 -1.00700470E+00
 -3.39559706E-01  3.03550104E-02 -2.41001866E-01 -1.01338700E+00
 -3.38225484E-01  3.04444399E-02 -2.41154295E-01 -1.01976973E+00
 -3.36891261E-01  3.05340354E-02 -2.41305482E-01 -1.02615283E+00
 -3.35557038E-01  3.06237970E-02 -2.41455422E-01 -1.03253624E+00
 -3.34222815E-01  3.07137251E-02 -2.41604113E-01 -1.03891988E+00
 -3.32888592E-01  3.08038197E-02 -2.41751550E-01 -1.04530370E+00
 -3.31554370E-01  3.08940810E-02 -2.41897730E-01 -1.05168763E+00
 -3.30220147E-01  3.09845093E-02 -2.42042650E-01 -1.05807160E+00
 -3.28885924E-01  3.10751047E-02 -2.42186304E-01 -1.06445556E+00
 -3.27551701E-01  3.11658674E-02 -2.42328691E-01 -1.07083942E+00
 -3.26217478E-01  3.12567975E-02 -2.42469805E-01 -1.07722313E+00
 -3.24883256E-01  3.13478954E-02 -2.42609644E-01 -1.08360662E+00
 -3.23549033E-01  3.14391610E-02 -2.42748204E-01 -1.08998982E+00
 -3.22214810E-01  3.15305948E-02 -2.42885480E-01 -1.09637267E+00
 -3.20880587E-01  3.16221967E-02 -2.43021470E-01 -1.10275511E+00
 -3.19546364E-01  3.17139670E-02 -2.43156169E-01 -1.10913706E+00
 -3.18212141E-01  3.18059060E-02 -2.43289574E-01 -1.11551845E+00
 -3.16877919E-01  3.18980137E-02 -2.43421682E-01 -1.12189923E+00
 -3.15543696E-01  3.19902903E-02 -2.43552487E-01 -1.12827932E+00
 -3.14209473E-01  3.20827361E-02 -2.43681987E-01 -1.13465865E+00
 -3.12875250E-01  3.21753513E-02 -2.43810178E-01 -1.14103717E+00
 -3.11541027E-01  3.22681359E-02 -2.43937056E-01 -1.14741480E+00
 -3.10206805E-01  3.23610903E-02 -2.44062617E-01 -1.15379147E+00
 -3.08872582E-01  3.24542145E-02 -2.44186858E-01 -1.16016711E+00
 -3.07538359E-01  3.25475088E-02 -2.44309775E-01 -1.16654167E+00
 -3.06204136E-01  3.26409734E-02 -2.44431364E-01 -1.17291506E+00
 -3.04869913E-01  3.27346084E-02 -2.44551622E-01 -1.17928723E+00
 -3.03535690E-01  3.28284141E-02 -2.44670543E-01 -1.18565810E+00
 -3.02201468E-01  3.29223906E-02 -2.44788126E-01 -1.19202760E+00
 -3.00867245E-01  3.30165381E-02 -2.44904366E-01 -1.19839567E+00
 -2.99533022E-01  3.31108567E-02 -2.45019259E-01 -1.20476224E+00
 -2.98198799E-01  3.32053468E-02 -2.45132801E-01 -1.21112724E+00
 -2.96864576E-01  3.33000084E-02 -2.45244989E-01 -1.21749059E+00
 -2.95530354E-01  3.33948418E-02 -2.45355819E-01 -1.22385223E+00
 -2.94196131E-01  3.34898471E-02 -2.45465287E-01 -1.23021209E+00
 -2.92861908E-01  3.35850245E-02 -2.45573389E-01 -1.23657011E+00
 -2.91527685E-01  3.36803742E-02 -2.45680122E-01 -1.24292620E+00
 -2.90193462E-01  3.37758965E-02 -2.45785481E-01 -1.24928031E+00
 -2.88859239E-01  3.38715914E-02 -2.45889464E-01 -1.25563235E+00
 -2.87525017E-01  3.39674592E-02 -2.45992065E-01 -1.26198226E+00
 -2.86190794E-01  3.40635001E-02 -2.46093281E-01 -1.26832998E+00
 -2.84856571E-01  3.41597142E-02 -2.46193109E-01 -1.27467542E+00
 -2.83522348E-01  3.42561018E-02 -2.46291544E-01 -1.28101853E+00
 -2.82188125E-01  3.43526630E-02 -2.46388583E-01 -1.28735922E+00
 -2.80853903E-01  3.44493980E-02 -2.46484222E-01 -1.29369742E+00
 -2.79519680E-01  3.45463070E-02 -2.46578457E-01 -1.30003308E+00
 -2.78185457E-01  3.46433902E-02 -2.46671284E-01 -1.30636610E+00
 -2.76851234E-01  3.47406478E-02 -2.46762699E-01 -1.31269644E+00
 -2.75517011E-01  3.48380800E-02 -2.46852699E-01 -1.31902400E+00
 -2.74182789E-01  3.49356869E-02 -2.46941279E-01 -1.32534872E+00
 -2.72848566E-01  3.50334688E-02 -2.47028436E-01 -1.33167053E+00
 -2.71514343E-01  3.51314258E-02 -2.47114166E-01 -1.33798935E+00
 -2.70180120E-01  3.52295582E-02 -2.47198465E-01 -1.34430512E+00
 -2.68845897E-01  3.53278660E-02 -2.47281329E-01 -1.35061776E+00
 -2.67511674E-01  3.54263496E-02 -2.47362754E-01 -1.35692720E+00
 -2.66177452E-01  3.55250090E-02 -2.47442737E-01 -1.36323336E+00
 -2.64843229E-01  3.56238446E-02 -2.47521273E-01 -1.36953618E+00
 -2.63509006E-01  3.57228564E-02 -2.47598358E-01 -1.37583558E+00
 -2.62174783E-01  3.58220447E-02 -2.47673989E-01 -1.38213149E+00
 -2.60840560E-01  3.59214096E-02 -2.47748162E-01 -1.38842382E+00
 -2.59506338E-01  3.60209514E-02 -2.47820873E-01 -1.39471252E+00
 -2.58172115E-01  3.61206702E-02 -2.47892117E-01 -1.40099751E+00
 -2.56837892E-01  3.62205663E-02 -2.47961892E-01 -1.40727871E+00
 -2.55503669E-01  3.63206397E-02 -2.48030192E-01 -1.41355605E+00
 -2.54169446E-01  3.64208908E-02 -2.48097015E-01 -1.41982945E+00
 -2.52835223E-01  3.65213196E-02 -2.48162356E-01 -1.42609885E+00
 -2.51501001E-01  3.66219265E-02 -2.48226211E-01 -1.43236416E+00
 -2.50166778E-01  3.67227115E-02 -2.48288577E-01 -1.43862531E+00
 -2.48832555E-01  3.68236749E-02 -2.48349449E-01 -1.44488224E+00
 -2.47498332E-01  3.69248169E-02 -2.48408823E-01 -1.45113485E+00
 -2.46164109E-01  3.70261376E-02 -2.48466696E-01 -1.45738308E+00
 -2.44829887E-01  3.71276373E-02 -2.48523063E-01 -1.46362686E+00
 -2.43495664E-01  3.72293161E-02 -2.48577921E-01 -1.46986610E+00
 -2.42161441E-01  3.73311742E-02 -2.48631266E-01 -1.47610073E+00
 -2.40827218E-01  3.74332118E-02 -2.48683093E-01 -1.48233069E+00
 -2.39492995E-01  3.75354292E-02 -2.48733399E-01 -1.48855588E+00
 -2.38158773E-01  3.76378265E-02 -2.48782179E-01 -1.49477623E+00
 -2.36824550E-01  3.77404038E-02 -2.48829430E-01 -1.50099168E+00
 -2.35490327E-01  3.78431615E-02 -2.48875148E-01 -1.50720214E+00
 -2.34156104E-01  3.79460996E-02 -2.48919329E-01 -1.51340753E+00
 -2.32821881E-01  3.80492184E-02 -2.48961968E-01 -1.51960779E+00
 -2.31487658E-01  3.81525181E-02 -2.49003062E-01 -1.52580282E+00
 -2.30153436E-01  3.82559988E-02 -2.49042607E-01 -1.53199257E+00
 -2.28819213E-01  3.83596608E-02 -2.49080599E-01 -1.53817694E+00
 -2.27484990E-01  3.84635042E-02 -2.49117033E-01 -1.54435587E+00
 -2.26150767E-01  3.85675292E-02 -2.49151906E-01 -1.55052927E+00
 -2.24816544E-01  3.86717361E-02 -2.49185213E-01 -1.55669707E+00
 -2.23482322E-01  3.87761250E-02 -2.49216951E-01 -1.56285918E+00
 -2.22148099E-01  3.88806962E-02 -2.49247116E-01 -1.56901554E+00
 -2.20813876E-01  3.89854497E-02 -2.49275703E-01 -1.57516607E+00
 -2.19479653E-01  3.90903859E-02 -2.49302709E-01 -1.58131068E+00
 -2.18145430E-01  3.91955048E-02 -2.49328130E-01 -1.58744930E+00
 -2.16811207E-01  3.93008068E-02 -2.49351960E-01 -1.59358184E+00
 -2.15476985E-01  3.94062919E-02 -2.49374197E-01 -1.59970824E+00
 -2.14142762E-01  3.95119604E-02 -2.49394837E-01 -1.60582841E+00
 -2.12808539E-01  3.96178125E-02 -2.49413875E-01 -1.61194228E+00
 -2.11474316E-01  3.97238483E-02 -2.49431307E-01 -1.61804976E+00
 -2.10140093E-01  3.98300682E-02 -2.49447129E-01 -1.62415077E+00
 -2.08805871E-01  3.99364721E-02 -2.49461337E-01 -1.63024524E+00
 -2.07471648E-01  4.00430605E-02 -2.49473927E-01 -1.63633309E+00
 -2.06137425E-01  4.01498333E-02 -2.49484895E-01 -1.64241423E+00
 -2.04803202E-01  4.02567910E-02 -2.49494236E-01 -1.64848859E+00
 -2.03468979E-01  4.03639335E-02 -2.49501948E-01 -1.65455609E+00
 -2.02134757E-01  4.04712612E-02 -2.49508025E-01 -1.66061665E+00
 -2.00800534E-01  4.05787743E-02 -2.49512463E-01 -1.66667018E+00
 -1.99466311E-01  4.06864728E-02 -2.49515259E-01 -1.67271661E+00
 -1.98132088E-01  4.07943571E-02 -2.49516409E-01 -1.67875585E+00
 -1.96797865E-01  4.09024273E-02 -2.49515907E-01 -1.68478783E+00
 -1.95463642E-01  4.10106836E-02 -2.49513750E-01 -1.69081246E+00
 -1.94129420E-01  4.11191262E-02 -2.49509935E-01 -1.69682967E+00
 -1.92795197E-01  4.12277553E-02 -2.49504456E-01 -1.70283936E+00
 -1.91460974E-01  4.13365712E-02 -2.49497310E-01 -1.70884147E+00
 -1.90126751E-01  4.14455739E-02 -2.49488492E-01 -1.71483591E+00
 -1.88792528E-01  4.15547637E-02 -2.49477999E-01 -1.72082259E+00
 -1.87458306E-01  4.16641408E-02 -2.49465826E-01 -1.72680144E+00
 -1.86124083E-01  4.17737054E-02 -2.49451970E-01 -1.73277237E+00
 -1.84789860E-01  4.18834577E-02 -2.49436425E-01 -1.73873531E+00
 -1.83455637E-01  4.19933978E-02 -2.49419188E-01 -1.74469016E+00
 -1.82121414E-01  4.21035261E-02 -2.49400254E-01 -1.75063684E+00
 -1.80787191E-01  4.22138426E-02 -2.49379620E-01 -1.75657528E+00
 -1.79452969E-01  4.23243476E-02 -2.49357282E-01 -1.76250540E+00
 -1.78118746E-01  4.24350412E-02 -2.49333234E-01 -1.76842710E+00
 -1.76784523E-01  4.25459238E-02 -2.49307474E-01 -1.77434030E+00
 -1.75450300E-01  4.26569954E-02 -2.49279996E-01 -1.78024492E+00
 -1.74116077E-01  4.27682562E-02 -2.49250797E-01 -1.78614089E+00
 -1.72781855E-01  4.28797065E-02 -2.49219872E-01 -1.79202810E+00
 -1.71447632E-01  4.29913465E-02 -2.49187217E-01 -1.79790649E+00
 -1.70113409E-01  4.31031763E-02 -2.49152828E-01 -1.80377596E+00
 -1.68779186E-01  4.32151962E-02 -2.49116701E-01 -1.80963644E+00
 -1.67444963E-01  4.33274064E-02 -2.49078832E-01 -1.81548783E+00
 -1.66110740E-01  4.34398070E-02 -2.49039216E-01 -1.82133006E+00
 -1.64776518E-01  4.35523982E-02 -2.48997848E-01 -1.82716303E+00
 -1.63442295E-01  4.36651803E-02 -2.48954726E-01 -1.83298667E+00
 -1.62108072E-01  4.37781535E-02 -2.48909845E-01 -1.83880089E+00
 -1.60773849E-01  4.38913179E-02 -2.48863200E-01 -1.84460560E+00
 -1.59439626E-01  4.40046737E-02 -2.48814787E-01 -1.85040072E+00
 -1.58105404E-01  4.41182212E-02 -2.48764602E-01 -1.85618617E+00
 -1.56771181E-01  4.42319605E-02 -2.48712641E-01 -1.86196185E+00
 -1.55436958E-01  4.43458919E-02 -2.48658899E-01 -1.86772769E+00
 -1.54102735E-01  4.44600156E-02 -2.48603372E-01 -1.87348359E+00
 -1.52768512E-01  4.45743316E-02 -2.48546056E-01 -1.87922947E+00
 -1.51434290E-01  4.46888404E-02 -2.48486947E-01 -1.88496524E+00
 -1.50100067E-01  4.48035419E-02 -2.48426041E-01 -1.89069082E+00
 -1.48765844E-01  4.49184366E-02 -2.48363332E-01 -1.89640613E+00
 -1.47431621E-01  4.50335244E-02 -2.48298817E-01 -1.90211106E+00
 -1.46097398E-01  4.51488057E-02 -2.48232492E-01 -1.90780555E+00
 -1.44763175E-01  4.52642807E-02 -2.48164352E-01 -1.91348949E+00
 -1.43428953E-01  4.53799495E-02 -2.48094393E-01 -1.91916281E+00
 -1.42094730E-01  4.54958123E-02 -2.48022611E-01 -1.92482541E+00
 -1.40760507E-01  4.56118694E-02 -2.47949001E-01 -1.93047721E+00
 -1.39426284E-01  4.57281210E-02 -2.47873559E-01 -1.93611812E+00
 -1.38092061E-01  4.58445672E-02 -2.47796281E-01 -1.94174805E+00
 -1.36757839E-01  4.59612082E-02 -2.47717162E-01 -1.94736692E+00
 -1.35423616E-01  4.60780443E-02 -2.47636199E-01 -1.95297463E+00
 -1.34089393E-01  4.61950757E-02 -2.47553386E-01 -1.95857111E+00
 -1.32755170E-01  4.63123025E-02 -2.47468719E-01 -1.96415625E+00
 -1.31420947E-01  4.64297249E-02 -2.47382195E-01 -1.96972997E+00
 -1.30086724E-01  4.65473433E-02 -2.47293809E-01 -1.97529218E+00
 -1.28752502E-01  4.66651577E-02 -2.47203556E-01 -1.98084279E+00
 -1.27418279E-01  4.67831683E-02 -2.47111432E-01 -1.98638172E+00
 -1.26084056E-01  4.69013755E-02 -2.47017433E-01 -1.99190888E+00
 -1.24749833E-01  4.70197793E-02 -2.46921554E-01 -1.99742416E+00
 -1.23415610E-01  4.71383799E-02 -2.46823792E-01 -2.00292750E+00
 -1.22081388E-01  4.72571777E-02 -2.46724141E-01 -2.00841878E+00
 -1.20747165E-01  4.73761727E-02 -2.46622597E-01 -2.01389794E+00
 -1.19412942E-01  4.74953652E-02 -2.46519156E-01 -2.01936486E+00
 -1.18078719E-01  4.76147554E-02 -2.46413814E-01 -2.02481947E+00
 -1.16744496E-01  4.77343434E-02 -2.46306566E-01 -2.03026168E+00
 -1.15410274E-01  4.78541296E-02 -2.46197408E-01 -2.03569139E+00
 -1.14076051E-01  4.79741140E-02 -2.46086335E-01 -2.04110851E+00
 -1.12741828E-01  4.80942970E-02 -2.45973343E-01 -2.04651295E+00
 -1.11407605E-01  4.82146786E-02 -2.45858428E-01 -2.05190462E+00
 -1.10073382E-01  4.83352591E-02 -2.45741585E-01 -2.05728343E+00
 -1.08739159E-01  4.84560388E-02 -2.45622809E-01 -2.06264929E+00
 -1.07404937E-01  4.85770177E-02 -2.45502097E-01 -2.06800210E+00
 -1.06070714E-01  4.86981962E-02 -2.45379444E-01 -2.07334177E+00
 -1.04736491E-01  4.88195744E-02 -2.45254846E-01 -2.07866822E+00
 -1.03402268E-01  4.89411525E-02 -2.45128297E-01 -2.08398135E+00
 -1.02068045E-01  4.90629308E-02 -2.44999794E-01 -2.08928106E+00
 -1.00733823E-01  4.91849093E-02 -2.44869333E-01 -2.09456727E+00
 -9.93995997E-02  4.93070884E-02 -2.44736908E-01 -2.09983988E+00
 -9.80653769E-02  4.94294683E-02 -2.44602515E-01 -2.10509880E+00
 -9.67311541E-02  4.95520491E-02 -2.44466151E-01 -2.11034393E+00
 -9.53969313E-02  4.96748310E-02 -2.44327809E-01 -2.11557519E+00
 -9.40627085E-02  4.97978143E-02 -2.44187487E-01 -2.12079248E+00
 -9.27284857E-02  4.99209992E-02 -2.44045179E-01 -2.12599570E+00
 -9.13942628E-02  5.00443858E-02 -2.43900882E-01 -2.13118476E+00
 -9.00600400E-02  5.01679745E-02 -2.43754589E-01 -2.13635957E+00
 -8.87258172E-02  5.02917652E-02 -2.43606298E-01 -2.14152003E+00
 -8.73915944E-02  5.04157584E-02 -2.43456004E-01 -2.14666606E+00
 -8.60573716E-02  5.05399542E-02 -2.43303701E-01 -2.15179755E+00
 -8.47231488E-02  5.06643527E-02 -2.43149386E-01 -2.15691441E+00
 -8.33889260E-02  5.07889543E-02 -2.42993054E-01 -2.16201654E+00
 -8.20547031E-02  5.09137591E-02 -2.42834701E-01 -2.16710386E+00
 -8.07204803E-02  5.10387672E-02 -2.42674322E-01 -2.17217626E+00
 -7.93862575E-02  5.11639790E-02 -2.42511913E-01 -2.17723366E+00
 -7.80520347E-02  5.12893947E-02 -2.42347468E-01 -2.18227594E+00
 -7.67178119E-02  5.14150143E-02 -2.42180984E-01 -2.18730303E+00
 -7.53835891E-02  5.15408382E-02 -2.42012456E-01 -2.19231482E+00
 -7.40493662E-02  5.16668666E-02 -2.41841880E-01 -2.19731122E+00
 -7.27151434E-02  5.17930996E-02 -2.41669250E-01 -2.20229213E+00
 -7.13809206E-02  5.19195375E-02 -2.41494563E-01 -2.20725746E+00
 -7.00466978E-02  5.20461804E-02 -2.41317814E-01 -2.21220710E+00
 -6.87124750E-02  5.21730287E-02 -2.41138998E-01 -2.21714097E+00
 -6.73782522E-02  5.23000824E-02 -2.40958111E-01 -2.22205897E+00
 -6.60440294E-02  5.24273418E-02 -2.40775148E-01 -2.22696099E+00
 -6.47098065E-02  5.25548071E-02 -2.40590105E-01 -2.23184694E+00
 -6.33755837E-02  5.26824785E-02 -2.40402977E-01 -2.23671673E+00
 -6.20413609E-02  5.28103563E-02 -2.40213759E-01 -2.24157025E+00
 -6.07071381E-02  5.29384405E-02 -2.40022447E-01 -2.24640741E+00
 -5.93729153E-02  5.30667315E-02 -2.39829037E-01 -2.25122812E+00
 -5.80386925E-02  5.31952294E-02 -2.39633523E-01 -2.25603226E+00
 -5.67044696E-02  5.33239345E-02 -2.39435902E-01 -2.26081976E+00
 -5.53702468E-02  5.34528470E-02 -2.39236168E-01 -2.26559049E+00
 -5.40360240E-02  5.35819670E-02 -2.39034317E-01 -2.27034438E+00
 -5.27018012E-02  5.37112948E-02 -2.38830344E-01 -2.27508131E+00
 -5.13675784E-02  5.38408306E-02 -2.38624246E-01 -2.27980120E+00
 -5.00333556E-02  5.39705746E-02 -2.38416016E-01 -2.28450394E+00
 -4.86991328E-02  5.41005270E-02 -2.38205651E-01 -2.28918943E+00
 -4.73649099E-02  5.42306880E-02 -2.37993146E-01 -2.29385757E+00
 -4.60306871E-02  5.43610578E-02 -2.37778496E-01 -2.29850826E+00
 -4.46964643E-02  5.44916367E-02 -2.37561697E-01 -2.30314141E+00
 -4.33622415E-02  5.46224248E-02 -2.37342743E-01 -2.30775691E+00
 -4.20280187E-02  5.47534223E-02 -2.37121632E-01 -2.31235467E+00
 -4.06937959E-02  5.48846296E-02 -2.36898356E-01 -2.31693458E+00
 -3.93595730E-02  5.50160467E-02 -2.36672913E-01 -2.32149654E+00
 -3.80253502E-02  5.51476739E-02 -2.36445298E-01 -2.32604045E+00
 -3.66911274E-02  5.52795114E-02 -2.36215505E-01 -2.33056622E+00
 -3.53569046E-02  5.54115594E-02 -2.35983530E-01 -2.33507373E+00
 -3.40226818E-02  5.55438181E-02 -2.35749368E-01 -2.33956290E+00
 -3.26884590E-02  5.56762877E-02 -2.35513016E-01 -2.34403361E+00
 -3.13542362E-02  5.58089685E-02 -2.35274467E-01 -2.34848577E+00
 -3.00200133E-02  5.59418606E-02 -2.35033718E-01 -2.35291927E+00
 -2.86857905E-02  5.60749643E-02 -2.34790763E-01 -2.35733402E+00
 -2.73515677E-02  5.62082798E-02 -2.34545599E-01 -2.36172991E+00
 -2.60173449E-02  5.63418072E-02 -2.34298220E-01 -2.36610683E+00
 -2.46831221E-02  5.64755469E-02 -2.34048621E-01 -2.37046469E+00
 -2.33488993E-02  5.66094990E-02 -2.33796798E-01 -2.37480339E+00
 -2.20146765E-02  5.67436636E-02 -2.33542747E-01 -2.37912281E+00
 -2.06804536E-02  5.68780411E-02 -2.33286462E-01 -2.38342287E+00
 -1.93462308E-02  5.70126317E-02 -2.33027938E-01 -2.38770345E+00
 -1.80120080E-02  5.71474355E-02 -2.32767172E-01 -2.39196445E+00
 -1.66777852E-02  5.72824528E-02 -2.32504158E-01 -2.39620577E+00
 -1.53435624E-02  5.74176838E-02 -2.32238891E-01 -2.40042730E+00
 -1.40093396E-02  5.75531286E-02 -2.31971368E-01 -2.40462895E+00
 -1.26751167E-02  5.76887876E-02 -2.31701582E-01 -2.40881060E+00
 -1.13408939E-02  5.78246609E-02 -2.31429530E-01 -2.41297216E+00
 -1.00066711E-02  5.79607487E-02 -2.31155206E-01 -2.41711351E+00
 -8.67244830E-03  5.80970513E-02 -2.30878606E-01 -2.42123456E+00
 -7.33822548E-03  5.82335688E-02 -2.30599725E-01 -2.42533519E+00
 -6.00400267E-03  5.83703015E-02 -2.30318558E-01 -2.42941532E+00
 -4.66977985E-03  5.85072496E-02 -2.30035101E-01 -2.43347482E+00
 -3.33555704E-03  5.86444133E-02 -2.29749348E-01 -2.43751359E+00
 -2.00133422E-03  5.87817928E-02 -2.29461296E-01 -2.44153153E+00
 -6.67111408E-04  5.89193883E-02 -2.29170938E-01 -2.44552854E+00
  6.67111408E-04  5.90572001E-02 -2.28878271E-01 -2.44950451E+00
  2.00133422E-03  5.91952283E-02 -2.28583289E-01 -2.45345932E+00
  3.33555704E-03  5.93334732E-02 -2.28285988E-01 -2.45739288E+00
  4.66977985E-03  5.94719350E-02 -2.27986363E-01 -2.46130508E+00
  6.00400267E-03  5.96106139E-02 -2.27684410E-01 -2.46519582E+00
  7.33822548E-03  5.97495101E-02 -2.27380122E-01 -2.46906498E+00
  8.67244830E-03  5.98886238E-02 -2.27073496E-01 -2.47291246E+00
  1.00066711E-02  6.00279553E-02 -2.26764527E-01 -2.47673815E+00
  1.13408939E-02  6.01675047E-02 -2.26453209E-01 -2.48054194E+00
  1.26751167E-02  6.03072723E-02 -2.26139538E-01 -2.48432374E+00
  1.40093396E-02  6.04472583E-02 -2.25823510E-01 -2.48808342E+00
  1.53435624E-02  6.05874629E-02 -2.25505119E-01 -2.49182089E+00
  1.66777852E-02  6.07278863E-02 -2.25184360E-01 -2.49553603E+00
  1.80120080E-02  6.08685288E-02 -2.24861229E-01 -2.49922874E+00
  1.93462308E-02  6.10093905E-02 -2.24535721E-01 -2.50289890E+00
  2.06804536E-02  6.11504716E-02 -2.24207830E-01 -2.50654642E+00
  2.20146765E-02  6.12917725E-02 -2.23877553E-01 -2.51017117E+00
  2.33488993E-02  6.14332933E-02 -2.23544883E-01 -2.51377306E+00
  2.46831221E-02  6.15750342E-02 -2.23209817E-01 -2.51735197E+00
  2.60173449E-02  6.17169954E-02 -2.22872349E-01 -2.52090780E+00
  2.73515677E-02  6.18591771E-02 -2.22532475E-01 -2.52444043E+00
  2.86857905E-02  6.20015797E-02 -2.22190189E-01 -2.52794976E+00
  3.00200133E-02  6.21442032E-02 -2.21845487E-01 -2.53143567E+00
  3.13542362E-02  6.22870479E-02 -2.21498364E-01 -2.53489806E+00
  3.26884590E-02  6.24301140E-02 -2.21148815E-01 -2.53833681E+00
  3.40226818E-02  6.25734018E-02 -2.20796834E-01 -2.54175182E+00
  3.53569046E-02  6.27169114E-02 -2.20442418E-01 -2.54514297E+00
  3.66911274E-02  6.28606431E-02 -2.20085561E-01 -2.54851016E+00
  3.80253502E-02  6.30045971E-02 -2.19726257E-01 -2.55185327E+00
  3.93595730E-02  6.31487735E-02 -2.19364504E-01 -2.55517219E+00
  4.06937959E-02  6.32931728E-02 -2.19000294E-01 -2.55846682E+00
  4.20280187E-02  6.34377949E-02 -2.18633624E-01 -2.56173703E+00
  4.33622415E-02  6.35826402E-02 -2.18264488E-01 -2.56498273E+00
  4.46964643E-02  6.37277089E-02 -2.17892882E-01 -2.56820379E+00
  4.60306871E-02  6.38730012E-02 -2.17518800E-01 -2.57140010E+00
  4.73649099E-02  6.40185172E-02 -2.17142238E-01 -2.57457156E+00
  4.86991328E-02  6.41642574E-02 -2.16763191E-01 -2.57771804E+00
  5.00333556E-02  6.43102217E-02 -2.16381653E-01 -2.58083945E+00
  5.13675784E-02  6.44564106E-02 -2.15997619E-01 -2.58393566E+00
  5.27018012E-02  6.46028241E-02 -2.15611086E-01 -2.58700656E+00
  5.40360240E-02  6.47494626E-02 -2.15222047E-01 -2.59005205E+00
  5.53702468E-02  6.48963262E-02 -2.14830497E-01 -2.59307200E+00
  5.67044696E-02  6.50434151E-02 -2.14436433E-01 -2.59606630E+00
  5.80386925E-02  6.51907296E-02 -2.14039848E-01 -2.59903484E+00
  5.93729153E-02  6.53382698E-02 -2.13640738E-01 -2.60197750E+00
  6.07071381E-02  6.54860361E-02 -2.13239097E-01 -2.60489418E+00
  6.20413609E-02  6.56340286E-02 -2.12834921E-01 -2.60778476E+00
  6.33755837E-02  6.57822476E-02 -2.12428205E-01 -2.61064912E+00
  6.47098065E-02  6.59306932E-02 -2.12018944E-01 -2.61348714E+00
  6.60440294E-02  6.60793657E-02 -2.11607132E-01 -2.61629873E+00
  6.73782522E-02  6.62282653E-02 -2.11192764E-01 -2.61908375E+00
  6.87124750E-02  6.63773923E-02 -2.10775836E-01 -2.62184209E+00
  7.00466978E-02  6.65267468E-02 -2.10356343E-01 -2.62457364E+00
  7.13809206E-02  6.66763290E-02 -2.09934279E-01 -2.62727829E+00
  7.27151434E-02  6.68261393E-02 -2.09509639E-01 -2.62995592E+00
  7.40493662E-02  6.69761777E-02 -2.09082419E-01 -2.63260640E+00
  7.53835891E-02  6.71264446E-02 -2.08652613E-01 -2.63522964E+00
  7.67178119E-02  6.72769402E-02 -2.08220216E-01 -2.63782550E+00
  7.80520347E-02  6.74276646E-02 -2.07785223E-01 -2.64039388E+00
  7.93862575E-02  6.75786181E-02 -2.07347629E-01 -2.64293465E+00
  8.07204803E-02  6.77298010E-02 -2.06907429E-01 -2.64544770E+00
  8.20547031E-02  6.78812133E-02 -2.06464618E-01 -2.64793292E+00
  8.33889260E-02  6.80328555E-02 -2.06019191E-01 -2.65039018E+00
  8.47231488E-02  6.81847276E-02 -2.05571143E-01 -2.65281938E+00
  8.60573716E-02  6.83368300E-02 -2.05120468E-01 -2.65522038E+00
  8.73915944E-02  6.84891627E-02 -2.04667161E-01 -2.65759308E+00
  8.87258172E-02  6.86417261E-02 -2.04211218E-01 -2.65993735E+00
  9.00600400E-02  6.87945204E-02 -2.03752633E-01 -2.66225308E+00
  9.13942628E-02  6.89475458E-02 -2.03291401E-01 -2.66454016E+00
  9.27284857E-02  6.91008025E-02 -2.02827517E-01 -2.66679845E+00
  9.40627085E-02  6.92542908E-02 -2.02360976E-01 -2.66902784E+00
  9.53969313E-02  6.94080108E-02 -2.01891773E-01 -2.67122822E+00
  9.67311541E-02  6.95619628E-02 -2.01419902E-01 -2.67339947E+00
  9.80653769E-02  6.97161471E-02 -2.00945358E-01 -2.67554146E+00
  9.93995997E-02  6.98705637E-02 -2.00468137E-01 -2.67765408E+00
  1.00733823E-01  7.00252130E-02 -1.99988233E-01 -2.67973720E+00
  1.02068045E-01  7.01800952E-02 -1.99505641E-01 -2.68179071E+00
  1.03402268E-01  7.03352106E-02 -1.99020356E-01 -2.68381449E+00
  1.04736491E-01  7.04905592E-02 -1.98532372E-01 -2.68580841E+00
  1.06070714E-01  7.06461414E-02 -1.98041684E-01 -2.68777236E+00
  1.07404937E-01  7.08019574E-02 -1.97548288E-01 -2.68970622E+00
  1.08739159E-01  7.09580074E-02 -1.97052178E-01 -2.69160986E+00
  1.10073382E-01  7.11142916E-02 -1.96553349E-01 -2.69348317E+00
  1.11407605E-01  7.12708103E-02 -1.96051796E-01 -2.69532602E+00
  1.12741828E-01  7.14275636E-02 -1.95547513E-01 -2.69713830E+00
  1.14076051E-01  7.15845519E-02 -1.95040495E-01 -2.69891987E+00
  1.15410274E-01  7.17417753E-02 -1.94530737E-01 -2.70067063E+00
  1.16744496E-01  7.18992340E-02 -1.94018234E-01 -2.70239044E+00
  1.18078719E-01  7.20569283E-02 -1.93502981E-01 -2.70407919E+00
  1.19412942E-01  7.22148585E-02 -1.92984972E-01 -2.70573675E+00
  1.20747165E-01  7.23730246E-02 -1.92464202E-01 -2.70736300E+00
  1.22081388E-01  7.25314270E-02 -1.91940666E-01 -2.70895782E+00
  1.23415610E-01  7.26900659E-02 -1.91414359E-01 -2.71052108E+00
  1.24749833E-01  7.28489416E-02 -1.90885275E-01 -2.71205267E+00
  1.26084056E-01  7.30080541E-02 -1.90353409E-01 -2.71355245E+00
  1.27418279E-01  7.31674038E-02 -1.89818756E-01 -2.71502032E+00
  1.28752502E-01  7.33269909E-02 -1.89281311E-01 -2.71645613E+00
  1.30086724E-01  7.34868156E-02 -1.88741069E-01 -2.71785977E+00
  1.31420947E-01  7.36468781E-02 -1.88198023E-01 -2.71923112E+00
  1.32755170E-01  7.38071788E-02 -1.87652169E-01 -2.72057005E+00
  1.34089393E-01  7.39677177E-02 -1.87103502E-01 -2.72187643E+00
  1.35423616E-01  7.41284951E-02 -1.86552016E-01 -2.72315015E+00
  1.36757839E-01  7.42895113E-02 -1.85997706E-01 -2.72439107E+00
  1.38092061E-01  7.44507664E-02 -1.85440567E-01 -2.72559908E+00
  1.39426284E-01  7.46122608E-02 -1.84880593E-01 -2.72677404E+00
  1.40760507E-01  7.47739946E-02 -1.84317779E-01 -2.72791584E+00
  1.42094730E-01  7.49359680E-02 -1.83752120E-01 -2.72902434E+00
  1.43428953E-01  7.50981814E-02 -1.83183610E-01 -2.73009942E+00
  1.44763175E-01  7.52606348E-02 -1.82612245E-01 -2.73114095E+00
  1.46097398E-01  7.54233286E-02 -1.82038018E-01 -2.73214881E+00
  1.47431621E-01  7.55862630E-02 -1.81460925E-01 -2.73312288E+00
  1.48765844E-01  7.57494382E-02 -1.80880959E-01 -2.73406302E+00
  1.50100067E-01  7.59128544E-02 -1.80298117E-01 -2.73496911E+00
  1.51434290E-01  7.60765118E-02 -1.79712392E-01 -2.73584103E+00
  1.52768512E-01  7.62404108E-02 -1.79123779E-01 -2.73667864E+00
  1.54102735E-01  7.64045514E-02 -1.78532273E-01 -2.73748181E+00
  1.55436958E-01  7.65689340E-02 -1.77937868E-01 -2.73825043E+00
  1.56771181E-01  7.67335588E-02 -1.77340559E-01 -2.73898436E+00
  1.58105404E-01  7.68984260E-02 -1.76740341E-01 -2.73968348E+00
  1.59439626E-01  7.70635358E-02 -1.76137208E-01 -2.74034765E+00
  1.60773849E-01  7.72288884E-02 -1.75531155E-01 -2.74097675E+00
  1.62108072E-01  7.73944842E-02 -1.74922176E-01 -2.74157065E+00
  1.63442295E-01  7.75603233E-02 -1.74310267E-01 -2.74212923E+00
  1.64776518E-01  7.77264059E-02 -1.73695421E-01 -2.74265234E+00
  1.66110740E-01  7.78927323E-02 -1.73077633E-01 -2.74313988E+00
  1.67444963E-01  7.80593027E-02 -1.72456898E-01 -2.74359169E+00
  1.68779186E-01  7.82261174E-02 -1.71833211E-01 -2.74400766E+00
  1.70113409E-01  7.83931765E-02 -1.71206566E-01 -2.74438766E+00
  1.71447632E-01  7.85604803E-02 -1.70576957E-01 -2.74473156E+00
  1.72781855E-01  7.87280291E-02 -1.69944380E-01 -2.74503922E+00
  1.74116077E-01  7.88958230E-02 -1.69308828E-01 -2.74531051E+00
  1.75450300E-01  7.90638624E-02 -1.68670297E-01 -2.74554532E+00
  1.76784523E-01  7.92321473E-02 -1.68028780E-01 -2.74574349E+00
  1.78118746E-01  7.94006781E-02 -1.67384273E-01 -2.74590492E+00
  1.79452969E-01  7.95694550E-02 -1.66736770E-01 -2.74602945E+00
  1.80787191E-01  7.97384782E-02 -1.66086266E-01 -2.74611697E+00
  1.82121414E-01  7.99077480E-02 -1.65432754E-01 -2.74616734E+00
  1.83455637E-01  8.00772646E-02 -1.64776230E-01 -2.74618043E+00
  1.84789860E-01  8.02470281E-02 -1.64116688E-01 -2.74615610E+00
  1.86124083E-01  8.04170389E-02 -1.63454123E-01 -2.74609423E+00
  1.87458306E-01  8.05872972E-02 -1.62788529E-01 -2.74599469E+00
  1.88792528E-01  8.07578033E-02 -1.62119901E-01 -2.74585733E+00
  1.90126751E-01  8.09285572E-02 -1.61448232E-01 -2.74568204E+00
  1.91460974E-01  8.10995593E-02 -1.60773519E-01 -2.74546867E+00
  1.92795197E-01  8.12708099E-02 -1.60095754E-01 -2.74521709E+00
  1.94129420E-01  8.14423091E-02 -1.59414933E-01 -2.74492717E+00
  1.95463642E-01  8.16140571E-02 -1.58731051E-01 -2.74459878E+00
  1.96797865E-01  8.17860543E-02 -1.58044101E-01 -2.74423178E+00
  1.98132088E-01  8.19583008E-02 -1.57354078E-01 -2.74382604E+00
  1.99466311E-01  8.21307969E-02 -1.56660976E-01 -2.74338143E+00
  2.00800534E-01  8.23035428E-02 -1.55964791E-01 -2.74289780E+00
  2.02134757E-01  8.24765388E-02 -1.55265516E-01 -2.74237504E+00
  2.03468979E-01  8.26497850E-02 -1.54563146E-01 -2.74181299E+00
  2.04803202E-01  8.28232817E-02 -1.53857675E-01 -2.74121154E+00
  2.06137425E-01  8.29970292E-02 -1.53149098E-01 -2.74057053E+00
  2.07471648E-01  8.31710277E-02 -1.52437410E-01 -2.73988984E+00
  2.08805871E-01  8.33452773E-02 -1.51722604E-01 -2.73916934E+00
  2.10140093E-01  8.35197785E-02 -1.51004675E-01 -2.73840888E+00
  2.11474316E-01  8.36945313E-02 -1.50283618E-01 -2.73760833E+00
  2.12808539E-01  8.38695360E-02 -1.49559427E-01 -2.73676756E+00
  2.14142762E-01  8.40447929E-02 -1.48832096E-01 -2.73588642E+00
  2.15476985E-01  8.42203021E-02 -1.48101620E-01 -2.73496479E+00
  2.16811207E-01  8.43960640E-02 -1.47367993E-01 -2.73400252E+00
  2.18145430E-01  8.45720787E-02 -1.46631210E-01 -2.73299948E+00
  2.19479653E-01  8.47483466E-02 -1.45891265E-01 -2.73195553E+00
  2.20813876E-01  8.49248677E-02 -1.45148152E-01 -2.73087054E+00
  2.22148099E-01  8.51016425E-02 -1.44401865E-01 -2.72974437E+00
  2.23482322E-01  8.52786710E-02 -1.43652400E-01 -2.72857687E+00
  2.24816544E-01  8.54559536E-02 -1.42899751E-01 -2.72736792E+00
  2.26150767E-01  8.56334904E-02 -1.42143911E-01 -2.72611737E+00
  2.27484990E-01  8.58112817E-02 -1.41384876E-01 -2.72482508E+00
  2.28819213E-01  8.59893278E-02 -1.40622639E-01 -2.72349093E+00
  2.30153436E-01  8.61676289E-02 -1.39857195E-01 -2.72211476E+00
  2.31487658E-01  8.63461852E-02 -1.39088538E-01 -2.72069644E+00
  2.32821881E-01  8.65249969E-02 -1.38316663E-01 -2.71923584E+00
  2.34156104E-01  8.67040644E-02 -1.37541564E-01 -2.71773280E+00
  2.35490327E-01  8.68833877E-02 -1.36763235E-01 -2.71618720E+00
  2.36824550E-01  8.70629673E-02 -1.35981671E-01 -2.71459889E+00
  2.38158773E-01  8.72428032E-02 -1.35196866E-01 -2.71296774E+00
  2.39492995E-01  8.74228958E-02 -1.34408814E-01 -2.71129360E+00
  2.40827218E-01  8.76032452E-02 -1.33617509E-01 -2.70957633E+00
  2.42161441E-01  8.77838518E-02 -1.32822947E-01 -2.70781579E+00
  2.43495664E-01  8.79647157E-02 -1.32025120E-01 -2.70601185E+00
  2.44829887E-01  8.81458372E-02 -1.31224024E-01 -2.70416435E+00
  2.46164109E-01  8.83272166E-02 -1.30419653E-01 -2.70227317E+00
  2.47498332E-01  8.85088540E-02 -1.29612001E-01 -2.70033815E+00
  2.48832555E-01  8.86907497E-02 -1.28801062E-01 -2.69835917E+00
  2.50166778E-01  8.88729040E-02 -1.27986830E-01 -2.69633606E+00
  2.51501001E-01  8.90553170E-02 -1.27169301E-01 -2.69426871E+00
  2.52835223E-01  8.92379891E-02 -1.26348467E-01 -2.69215695E+00
  2.54169446E-01  8.94209204E-02 -1.25524324E-01 -2.69000065E+00
  2.55503669E-01  8.96041112E-02 -1.24696866E-01 -2.68779967E+00
  2.56837892E-01  8.97875618E-02 -1.23866086E-01 -2.68555387E+00
  2.58172115E-01  8.99712723E-02 -1.23031980E-01 -2.68326310E+00
  2.59506338E-01  9.01552431E-02 -1.22194541E-01 -2.68092721E+00
  2.60840560E-01  9.03394743E-02 -1.21353763E-01 -2.67854607E+00
  2.62174783E-01  9.05239662E-02 -1.20509641E-01 -2.67611953E+00
  2.63509006E-01  9.07087191E-02 -1.19662169E-01 -2.67364745E+00
  2.64843229E-01  9.08937331E-02 -1.18811342E-01 -2.67112968E+00
  2.66177452E-01  9.10790086E-02 -1.17957152E-01 -2.66856609E+00
  2.67511674E-01  9.12645457E-02 -1.17099596E-01 -2.66595652E+00
  2.68845897E-01  9.14503447E-02 -1.16238666E-01 -2.66330083E+00
  2.70180120E-01  9.16364058E-02 -1.15374358E-01 -2.66059887E+00
  2.71514343E-01  9.18227294E-02 -1.14506664E-01 -2.65785051E+00
  2.72848566E-01  9.20093155E-02 -1.13635580E-01 -2.65505559E+00
  2.74182789E-01  9.21961645E-02 -1.12761100E-01 -2.65221398E+00
  2.75517011E-01  9.23832766E-02 -1.11883217E-01 -2.64932552E+00
  2.76851234E-01  9.25706521E-02 -1.11001926E-01 -2.64639007E+00
  2.78185457E-01  9.27582911E-02 -1.10117222E-01 -2.64340748E+00
  2.79519680E-01  9.29461940E-02 -1.09229097E-01 -2.64037761E+00
  2.80853903E-01  9.31343609E-02 -1.08337547E-01 -2.63730031E+00
  2.82188125E-01  9.33227921E-02 -1.07442566E-01 -2.63417544E+00
  2.83522348E-01  9.35114879E-02 -1.06544147E-01 -2.63100284E+00
  2.84856571E-01  9.37004485E-02 -1.05642285E-01 -2.62778237E+00
  2.86190794E-01  9.38896741E-02 -1.04736974E-01 -2.62451389E+00
  2.87525017E-01  9.40791650E-02 -1.03828208E-01 -2.62119724E+00
  2.88859239E-01  9.42689215E-02 -1.02915981E-01 -2.61783228E+00
  2.90193462E-01  9.44589436E-02 -1.02000288E-01 -2.61441886E+00
  2.91527685E-01  9.46492318E-02 -1.01081122E-01 -2.61095683E+00
  2.92861908E-01  9.48397863E-02 -1.00158477E-01 -2.60744605E+00
  2.94196131E-01  9.50306072E-02 -9.92323484E-02 -2.60388636E+00
  2.95530354E-01  9.52216948E-02 -9.83027293E-02 -2.60027762E+00
  2.96864576E-01  9.54130495E-02 -9.73696139E-02 -2.59661967E+00
  2.98198799E-01  9.56046713E-02 -9.64329964E-02 -2.59291238E+00
  2.99533022E-01  9.57965607E-02 -9.54928709E-02 -2.58915558E+00
  3.00867245E-01  9.59887177E-02 -9.45492315E-02 -2.58534913E+00
  3.02201468E-01  9.61811427E-02 -9.36020721E-02 -2.58149289E+00
  3.03535690E-01  9.63738358E-02 -9.26513869E-02 -2.57758669E+00
  3.04869913E-01  9.65667975E-02 -9.16971699E-02 -2.57363039E+00
  3.06204136E-01  9.67600278E-02 -9.07394152E-02 -2.56962384E+00
  3.07538359E-01  9.69535270E-02 -8.97781168E-02 -2.56556689E+00
  3.08872582E-01  9.71472954E-02 -8.88132687E-02 -2.56145939E+00
  3.10206805E-01  9.73413332E-02 -8.78448651E-02 -2.55730118E+00
  3.11541027E-01  9.75356407E-02 -8.68728999E-02 -2.55309212E+00
  3.12875250E-01  9.77302181E-02 -8.58973671E-02 -2.54883206E+00
  3.14209473E-01  9.79250656E-02 -8.49182608E-02 -2.54452083E+00
  3.15543696E-01  9.81201836E-02 -8.39355749E-02 -2.54015830E+00
  3.16877919E-01  9.83155722E-02 -8.29493036E-02 -2.53574431E+00
  3.18212141E-01  9.85112316E-02 -8.19594407E-02 -2.53127870E+00
  3.19546364E-01  9.87071623E-02 -8.09659803E-02 -2.52676132E+00
  3.20880587E-01  9.89033642E-02 -7.99689164E-02 -2.52219203E+00
  3.22214810E-01  9.90998379E-02 -7.89682430E-02 -2.51757066E+00
  3.23549033E-01  9.92965833E-02 -7.79639540E-02 -2.51289707E+00
  3.24883256E-01  9.94936009E-02 -7.69560435E-02 -2.50817110E+00
  3.26217478E-01  9.96908909E-02 -7.59445053E-02 -2.50339260E+00
  3.27551701E-01  9.98884535E-02 -7.49293335E-02 -2.49856141E+00
  3.28885924E-01  1.00086289E-01 -7.39105220E-02 -2.49367738E+00
  3.30220147E-01  1.00284397E-01 -7.28880647E-02 -2.48874036E+00
  3.31554370E-01  1.00482779E-01 -7.18619557E-02 -2.48375019E+00
  3.32888592E-01  1.00681435E-01 -7.08321889E-02 -2.47870671E+00
  3.34222815E-01  1.00880364E-01 -6.97987581E-02 -2.47360978E+00
  3.35557038E-01  1.01079568E-01 -6.87616574E-02 -2.46845923E+00
  3.36891261E-01  1.01279045E-01 -6.77208807E-02 -2.46325492E+00
  3.38225484E-01  1.01478798E-01 -6.66764218E-02 -2.45799668E+00
  3.39559706E-01  1.01678825E-01 -6.56282747E-02 -2.45268436E+00
  3.40893929E-01  1.01879127E-01 -6.45764334E-02 -2.44731780E+00
  3.42228152E-01  1.02079705E-01 -6.35208917E-02 -2.44189686E+00
  3.43562375E-01  1.02280558E-01 -6.24616434E-02 -2.43642136E+00
  3.44896598E-01  1.02481687E-01 -6.13986826E-02 -2.43089116E+00
  3.46230821E-01  1.02683092E-01 -6.03320031E-02 -2.42530610E+00
  3.47565043E-01  1.02884773E-01 -5.92615988E-02 -2.41966601E+00
  3.48899266E-01  1.03086731E-01 -5.81874636E-02 -2.41397076E+00
  3.50233489E-01  1.03288966E-01 -5.71095913E-02 -2.40822016E+00
  3.51567712E-01  1.03491478E-01 -5.60279758E-02 -2.40241408E+00
  3.52901935E-01  1.03694267E-01 -5.49426109E-02 -2.39655235E+00
  3.54236157E-01  1.03897334E-01 -5.38534906E-02 -2.39063481E+00
  3.55570380E-01  1.04100678E-01 -5.27606087E-02 -2.38466131E+00
  3.56904603E-01  1.04304301E-01 -5.16639590E-02 -2.37863168E+00
  3.58238826E-01  1.04508202E-01 -5.05635353E-02 -2.37254576E+00
  3.59573049E-01  1.04712381E-01 -4.94593316E-02 -2.36640341E+00
  3.60907272E-01  1.04916840E-01 -4.83513416E-02 -2.36020445E+00
  3.62241494E-01  1.05121577E-01 -4.72395591E-02 -2.35394874E+00
  3.63575717E-01  1.05326594E-01 -4.61239780E-02 -2.34763610E+00
  3.64909940E-01  1.05531890E-01 -4.50045921E-02 -2.34126638E+00
  3.66244163E-01  1.05737466E-01 -4.38813952E-02 -2.33483943E+00
  3.67578386E-01  1.05943322E-01 -4.27543811E-02 -2.32835507E+00
  3.68912608E-01  1.06149459E-01 -4.16235436E-02 -2.32181315E+00
  3.70246831E-01  1.06355876E-01 -4.04888765E-02 -2.31521351E+00
  3.71581054E-01  1.06562574E-01 -3.93503735E-02 -2.30855599E+00
  3.72915277E-01  1.06769552E-01 -3.82080285E-02 -2.30184043E+00
  3.74249500E-01  1.06976813E-01 -3.70618352E-02 -2.29506665E+00
  3.75583722E-01  1.07184354E-01 -3.59117875E-02 -2.28823452E+00
  3.76917945E-01  1.07392178E-01 -3.47578789E-02 -2.28134385E+00
  3.78252168E-01  1.07600284E-01 -3.36001034E-02 -2.27439449E+00
  3.79586391E-01  1.07808672E-01 -3.24384547E-02 -2.26738628E+00
  3.80920614E-01  1.08017342E-01 -3.12729265E-02 -2.26031905E+00
  3.82254837E-01  1.08226296E-01 -3.01035126E-02 -2.25319265E+00
  3.83589059E-01  1.08435532E-01 -2.89302066E-02 -2.24600691E+00
  3.84923282E-01  1.08645052E-01 -2.77530024E-02 -2.23876166E+00
  3.86257505E-01  1.08854856E-01 -2.65718937E-02 -2.23145674E+00
  3.87591728E-01  1.09064943E-01 -2.53868741E-02 -2.22409199E+00
  3.88925951E-01  1.09275314E-01 -2.41979375E-02 -2.21666725E+00
  3.90260173E-01  1.09485970E-01 -2.30050774E-02 -2.20918235E+00
  3.91594396E-01  1.09696910E-01 -2.18082876E-02 -2.20163712E+00
  3.92928619E-01  1.09908136E-01 -2.06075619E-02 -2.19403141E+00
  3.94262842E-01  1.10119646E-01 -1.94028938E-02 -2.18636504E+00
  3.95597065E-01  1.10331442E-01 -1.81942772E-02 -2.17863786E+00
  3.96931288E-01  1.10543523E-01 -1.69817056E-02 -2.17084969E+00
  3.98265510E-01  1.10755890E-01 -1.57651727E-02 -2.16300038E+00
  3.99599733E-01  1.10968543E-01 -1.45446723E-02 -2.15508975E+00
  4.00933956E-01  1.11181483E-01 -1.33201979E-02 -2.14711765E+00
  4.02268179E-01  1.11394709E-01 -1.20917433E-02 -2.13908390E+00
  4.03602402E-01  1.11608222E-01 -1.08593020E-02 -2.13098833E+00
  4.04936624E-01  1.11822023E-01 -9.62286786E-03 -2.12283079E+00
  4.06270847E-01  1.12036110E-01 -8.38243437E-03 -2.11461111E+00
  4.07605070E-01  1.12250485E-01 -7.13799520E-03 -2.10632911E+00
  4.08939293E-01  1.12465149E-01 -5.88954398E-03 -2.09798464E+00
  4.10273516E-01  1.12680100E-01 -4.63707435E-03 -2.08957751E+00
  4.11607738E-01  1.12895340E-01 -3.38057992E-03 -2.08110758E+00
  4.12941961E-01  1.13110868E-01 -2.12005431E-03 -2.07257466E+00
  4.14276184E-01  1.13326686E-01 -8.55491136E-04 -2.06397859E+00
  4.15610407E-01  1.13542792E-01  4.13116008E-04 -2.05531921E+00
  4.16944630E-01  1.13759188E-01  1.68577352E-03 -2.04659634E+00
  4.18278853E-01  1.13975874E-01  2.96248780E-03 -2.03780981E+00
  4.19613075E-01  1.14192850E-01  4.24326527E-03 -2.02895947E+00
  4.20947298E-01  1.14410115E-01  5.52811235E-03 -2.02004512E+00
  4.22281521E-01  1.14627672E-01  6.81703545E-03 -2.01106662E+00
  4.23615744E-01  1.14845519E-01  8.11004100E-03 -2.00202378E+00
  4.24949967E-01  1.15063657E-01  9.40713545E-03 -1.99291644E+00
  4.26284189E-01  1.15282086E-01  1.07083252E-02 -1.98374443E+00
  4.27618412E-01  1.15500807E-01  1.20136168E-02 -1.97450758E+00
  4.28952635E-01  1.15719819E-01  1.33230166E-02 -1.96520571E+00
  4.30286858E-01  1.15939123E-01  1.46365310E-02 -1.95583866E+00
  4.31621081E-01  1.16158720E-01  1.59541666E-02 -1.94640626E+00
  4.32955304E-01  1.16378609E-01  1.72759299E-02 -1.93690833E+00
  4.34289526E-01  1.16598791E-01  1.86018272E-02 -1.92734470E+00
  4.35623749E-01  1.16819266E-01  1.99318651E-02 -1.91771521E+00
  4.36957972E-01  1.17040035E-01  2.12660500E-02 -1.90801967E+00
  4.38292195E-01  1.17261096E-01  2.26043885E-02 -1.89825793E+00
  4.39626418E-01  1.17482452E-01  2.39468870E-02 -1.88842979E+00
  4.40960640E-01  1.17704102E-01  2.52935520E-02 -1.87853510E+00
  4.42294863E-01  1.17926046E-01  2.66443901E-02 -1.86857368E+00
  4.43629086E-01  1.18148284E-01  2.79994078E-02 -1.85854536E+00
  4.44963309E-01  1.18370818E-01  2.93586115E-02 -1.84844996E+00
  4.46297532E-01  1.18593646E-01  3.07220078E-02 -1.83828731E+00
  4.47631755E-01  1.18816770E-01  3.20896033E-02 -1.82805724E+00
  4.48965977E-01  1.19040190E-01  3.34614044E-02 -1.81775956E+00
  4.50300200E-01  1.19263905E-01  3.48374178E-02 -1.80739412E+00
  4.51634423E-01  1.19487916E-01  3.62176499E-02 -1.79696073E+00
  4.52968646E-01  1.19712224E-01  3.76021073E-02 -1.78645922E+00
  4.54302869E-01  1.19936829E-01  3.89907965E-02 -1.77588942E+00
  4.55637091E-01  1.20161730E-01  4.03837242E-02 -1.76525114E+00
  4.56971314E-01  1.20386929E-01  4.17808969E-02 -1.75454422E+00
  4.58305537E-01  1.20612425E-01  4.31823212E-02 -1.74376848E+00
  4.59639760E-01  1.20838219E-01  4.45880036E-02 -1.73292374E+00
  4.60973983E-01  1.21064310E-01  4.59979507E-02 -1.72200983E+00
  4.62308205E-01  1.21290700E-01  4.74121692E-02 -1.71102657E+00
  4.63642428E-01  1.21517389E-01  4.88306656E-02 -1.69997378E+00
  4.64976651E-01  1.21744376E-01  5.02534465E-02 -1.68885129E+00
  4.66310874E-01  1.21971662E-01  5.16805185E-02 -1.67765893E+00
  4.67645097E-01  1.22199247E-01  5.31118883E-02 -1.66639650E+00
  4.68979320E-01  1.22427132E-01  5.45475625E-02 -1.65506385E+00
  4.70313542E-01  1.22655317E-01  5.59875477E-02 -1.64366078E+00
  4.71647765E-01  1.22883802E-01  5.74318505E-02 -1.63218712E+00
  4.72981988E-01  1.23112587E-01  5.88804775E-02 -1.62064270E+00
  4.74316211E-01  1.23341672E-01  6.03334355E-02 -1.60902733E+00
  4.75650434E-01  1.23571059E-01  6.17907310E-02 -1.59734083E+00
  4.76984656E-01  1.23800746E-01  6.32523707E-02 -1.58558304E+00
  4.78318879E-01  1.24030735E-01  6.47183613E-02 -1.57375376E+00
  4.79653102E-01  1.24261025E-01  6.61887094E-02 -1.56185282E+00
  4.80987325E-01  1.24491618E-01  6.76634217E-02 -1.54988005E+00
  4.82321548E-01  1.24722512E-01  6.91425049E-02 -1.53783525E+00
  4.83655771E-01  1.24953709E-01  7.06259657E-02 -1.52571825E+00
  4.84989993E-01  1.25185208E-01  7.21138107E-02 -1.51352888E+00
  4.86324216E-01  1.25417011E-01  7.36060466E-02 -1.50126694E+00
  4.87658439E-01  1.25649116E-01  7.51026802E-02 -1.48893226E+00
  4.88992662E-01  1.25881526E-01  7.66037182E-02 -1.47652467E+00
  4.90326885E-01  1.26114238E-01  7.81091671E-02 -1.46404397E+00
  4.91661107E-01  1.26347255E-01  7.96190339E-02 -1.45148998E+00
  4.92995330E-01  1.26580576E-01  8.11333252E-02 -1.43886253E+00
  4.94329553E-01  1.26814202E-01  8.26520476E-02 -1.42616144E+00
  4.95663776E-01  1.27048132E-01  8.41752081E-02 -1.41338651E+00
  4.96997999E-01  1.27282367E-01  8.57028132E-02 -1.40053758E+00
  4.98332221E-01  1.27516908E-01  8.72348698E-02 -1.38761445E+00
  4.99666444E-01  1.27751754E-01  8.87713845E-02 -1.37461694E+00
  5.01000667E-01  1.27986906E-01  9.03123642E-02 -1.36154487E+00
  5.02334890E-01  1.28222364E-01  9.18578156E-02 -1.34839807E+00
  5.03669113E-01  1.28458129E-01  9.34077455E-02 -1.33517633E+00
  5.05003336E-01  1.28694200E-01  9.49621606E-02 -1.32187949E+00
  5.06337558E-01  1.28930578E-01  9.65210678E-02 -1.30850736E+00
  5.07671781E-01  1.29167263E-01  9.80844738E-02 -1.29505974E+00
  5.09006004E-01  1.29404255E-01  9.96523854E-02 -1.28153647E+00
  5.10340227E-01  1.29641556E-01  1.01224809E-01 -1.26793735E+00
  5.11674450E-01  1.29879164E-01  1.02801753E-01 -1.25426220E+00
  5.13008672E-01  1.30117080E-01  1.04383222E-01 -1.24051083E+00
  5.14342895E-01  1.30355305E-01  1.05969224E-01 -1.22668306E+00
  5.15677118E-01  1.30593839E-01  1.07559765E-01 -1.21277871E+00
  5.17011341E-01  1.30832682E-01  1.09154854E-01 -1.19879758E+00
  5.18345564E-01  1.31071833E-01  1.10754495E-01 -1.18473950E+00
  5.19679787E-01  1.31311295E-01  1.12358696E-01 -1.17060427E+00
  5.21014009E-01  1.31551066E-01  1.13967465E-01 -1.15639170E+00
  5.22348232E-01  1.31791148E-01  1.15580807E-01 -1.14210163E+00
  5.23682455E-01  1.32031539E-01  1.17198730E-01 -1.12773384E+00
  5.25016678E-01  1.32272242E-01  1.18821241E-01 -1.11328817E+00
  5.26350901E-01  1.32513255E-01  1.20448346E-01 -1.09876441E+00
  5.27685123E-01  1.32754579E-01  1.22080052E-01 -1.08416239E+00
  5.29019346E-01  1.32996215E-01  1.23716367E-01 -1.06948192E+00
  5.30353569E-01  1.33238163E-01  1.25357296E-01 -1.05472280E+00
  5.31687792E-01  1.33480422E-01  1.27002848E-01 -1.03988485E+00
  5.33022015E-01  1.33722994E-01  1.28653028E-01 -1.02496788E+00
  5.34356237E-01  1.33965878E-01  1.30307844E-01 -1.00997171E+00
  5.35690460E-01  1.34209075E-01  1.31967302E-01 -9.94896132E-01
  5.37024683E-01  1.34452585E-01  1.33631410E-01 -9.79740971E-01
  5.38358906E-01  1.34696408E-01  1.35300175E-01 -9.64506034E-01
  5.39693129E-01  1.34940545E-01  1.36973603E-01 -9.49191131E-01
  5.41027352E-01  1.35184996E-01  1.38651701E-01 -9.33796072E-01
  5.42361574E-01  1.35429761E-01  1.40334476E-01 -9.18320667E-01
  5.43695797E-01  1.35674840E-01  1.42021936E-01 -9.02764725E-01
  5.45030020E-01  1.35920233E-01  1.43714087E-01 -8.87128055E-01
  5.46364243E-01  1.36165942E-01  1.45410936E-01 -8.71410468E-01
  5.47698466E-01  1.36411966E-01  1.47112489E-01 -8.55611770E-01
  5.49032688E-01  1.36658305E-01  1.48818755E-01 -8.39731772E-01
  5.50366911E-01  1.36904960E-01  1.50529740E-01 -8.23770281E-01
  5.51701134E-01  1.37151931E-01  1.52245451E-01 -8.07727105E-01
  5.53035357E-01  1.37399219E-01  1.53965895E-01 -7.91602053E-01
  5.54369580E-01  1.37646823E-01  1.55691078E-01 -7.75394932E-01
  5.55703803E-01  1.37894743E-01  1.57421009E-01 -7.59105548E-01
  5.57038025E-01  1.38142981E-01  1.59155693E-01 -7.42733711E-01
  5.58372248E-01  1.38391536E-01  1.60895139E-01 -7.26279225E-01
  5.59706471E-01  1.38640409E-01  1.62639352E-01 -7.09741898E-01
  5.61040694E-01  1.38889599E-01  1.64388340E-01 -6.93121537E-01
  5.62374917E-01  1.39139108E-01  1.66142111E-01 -6.76417947E-01
  5.63709139E-01  1.39388935E-01  1.67900670E-01 -6.59630934E-01
  5.65043362E-01  1.39639081E-01  1.69664025E-01 -6.42760305E-01
  5.66377585E-01  1.39889546E-01  1.71432183E-01 -6.25805864E-01
  5.67711808E-01  1.40140330E-01  1.73205152E-01 -6.08767417E-01
  5.69046031E-01  1.40391434E-01  1.74982937E-01 -5.91644768E-01
  5.70380254E-01  1.40642857E-01  1.76765547E-01 -5.74437723E-01
  5.71714476E-01  1.40894600E-01  1.78552988E-01 -5.57146085E-01
  5.73048699E-01  1.41146664E-01  1.80345267E-01 -5.39769660E-01
  5.74382922E-01  1.41399049E-01  1.82142392E-01 -5.22308251E-01
  5.75717145E-01  1.41651754E-01  1.83944370E-01 -5.04761661E-01
  5.77051368E-01  1.41904780E-01  1.85751207E-01 -4.87129695E-01
  5.78385590E-01  1.42158128E-01  1.87562910E-01 -4.69412155E-01
  5.79719813E-01  1.42411798E-01  1.89379488E-01 -4.51608845E-01
  5.81054036E-01  1.42665789E-01  1.91200946E-01 -4.33719567E-01
  5.82388259E-01  1.42920103E-01  1.93027292E-01 -4.15744124E-01
  5.83722482E-01  1.43174739E-01  1.94858534E-01 -3.97682318E-01
  5.85056704E-01  1.43429698E-01  1.96694677E-01 -3.79533951E-01
  5.86390927E-01  1.43684980E-01  1.98535730E-01 -3.61298826E-01
  5.87725150E-01  1.43940586E-01  2.00381700E-01 -3.42976743E-01
  5.89059373E-01  1.44196515E-01  2.02232593E-01 -3.24567503E-01
  5.90393596E-01  1.44452768E-01  2.04088417E-01 -3.06070909E-01
  5.91727819E-01  1.44709345E-01  2.05949179E-01 -2.87486760E-01
  5.93062041E-01  1.44966247E-01  2.07814886E-01 -2.68814857E-01
  5.94396264E-01  1.45223473E-01  2.09685545E-01 -2.50055001E-01
  5.95730487E-01  1.45481024E-01  2.11561164E-01 -2.31206992E-01
  5.97064710E-01  1.45738901E-01  2.13441749E-01 -2.12270630E-01
  5.98398933E-01  1.45997103E-01  2.15327308E-01 -1.93245713E-01
  5.99733155E-01  1.46255631E-01  2.17217848E-01 -1.74132042E-01
  6.01067378E-01  1.46514485E-01  2.19113376E-01 -1.54929415E-01
  6.02401601E-01  1.46773665E-01  2.21013899E-01 -1.35637632E-01
  6.03735824E-01  1.47033172E-01  2.22919425E-01 -1.16256491E-01
  6.05070047E-01  1.47293006E-01  2.24829961E-01 -9.67857904E-02
  6.06404270E-01  1.47553167E-01  2.26745514E-01 -7.72253282E-02
  6.07738492E-01  1.47813656E-01  2.28666091E-01 -5.75749023E-02
  6.09072715E-01  1.48074472E-01  2.30591700E-01 -3.78343105E-02
  6.10406938E-01  1.48335617E-01  2.32522347E-01 -1.80033500E-02
  6.11741161E-01  1.48597089E-01  2.34458040E-01  1.91818199E-03
  6.13075384E-01  1.48858890E-01  2.36398786E-01  2.19304886E-02
  6.14409606E-01  1.49121020E-01  2.38344593E-01  4.20337732E-02
  6.15743829E-01  1.49383480E-01  2.40295467E-01  6.22282393E-02
  6.17078052E-01  1.49646268E-01  2.42251417E-01  8.25140910E-02
  6.18412275E-01  1.49909387E-01  2.44212448E-01  1.02891532E-01
  6.19746498E-01  1.50172835E-01  2.46178569E-01  1.23360767E-01
  6.21080720E-01  1.50436613E-01  2.48149787E-01  1.43922001E-01
  6.22414943E-01  1.50700722E-01  2.50126109E-01  1.64575438E-01
  6.23749166E-01  1.50965162E-01  2.52107542E-01  1.85321284E-01
  6.25083389E-01  1.51229933E-01  2.54094094E-01  2.06159743E-01
  6.26417612E-01  1.51495035E-01  2.56085771E-01  2.27091022E-01
  6.27751835E-01  1.51760469E-01  2.58082582E-01  2.48115326E-01
  6.29086057E-01  1.52026235E-01  2.60084534E-01  2.69232861E-01
  6.30420280E-01  1.52292333E-01  2.62091633E-01  2.90443834E-01
  6.31754503E-01  1.52558763E-01  2.64103888E-01  3.11748452E-01
  6.33088726E-01  1.52825527E-01  2.66121306E-01  3.33146921E-01
  6.34422949E-01  1.53092623E-01  2.68143893E-01  3.54639448E-01
  6.35757171E-01  1.53360052E-01  2.70171657E-01  3.76226240E-01
  6.37091394E-01  1.53627815E-01  2.72204606E-01  3.97907506E-01
  6.38425617E-01  1.53895912E-01  2.74242747E-01  4.19683453E-01
  6.39759840E-01  1.54164343E-01  2.76286088E-01  4.41554289E-01
  6.41094063E-01  1.54433109E-01  2.78334635E-01  4.63520222E-01
  6.42428286E-01  1.54702209E-01  2.80388396E-01  4.85581462E-01
  6.43762508E-01  1.54971644E-01  2.82447379E-01  5.07738216E-01
  6.45096731E-01  1.55241415E-01  2.84511591E-01  5.29990695E-01
  6.46430954E-01  1.55511521E-01  2.86581038E-01  5.52339107E-01
  6.47765177E-01  1.55781963E-01  2.88655730E-01  5.74783662E-01
  6.49099400E-01  1.56052741E-01  2.90735673E-01  5.97324570E-01
  6.50433622E-01  1.56323855E-01  2.92820874E-01  6.19962040E-01
  6.51767845E-01  1.56595306E-01  2.94911341E-01  6.42696284E-01
  6.53102068E-01  1.56867094E-01  2.97007081E-01  6.65527512E-01
  6.54436291E-01  1.57139219E-01  2.99108102E-01  6.88455935E-01
  6.55770514E-01  1.57411682E-01  3.01214411E-01  7.11481764E-01
  6.57104736E-01  1.57684483E-01  3.03326016E-01  7.34605210E-01
  6.58438959E-01  1.57957621E-01  3.05442924E-01  7.57826485E-01
  6.59773182E-01  1.58231098E-01  3.07565143E-01  7.81145800E-01
  6.61107405E-01  1.58504914E-01  3.09692679E-01  8.04563369E-01
  6.62441628E-01  1.58779068E-01  3.11825541E-01  8.28079403E-01
  6.63775851E-01  1.59053562E-01  3.13963736E-01  8.51694114E-01
  6.65110073E-01  1.59328395E-01  3.16107272E-01  8.75407717E-01
  6.66444296E-01  1.59603568E-01  3.18256155E-01  8.99220423E-01
  6.67778519E-01  1.59879081E-01  3.20410394E-01  9.23132447E-01
  6.69112742E-01  1.60154934E-01  3.22569996E-01  9.47144002E-01
  6.70446965E-01  1.60431128E-01  3.24734968E-01  9.71255301E-01
  6.71781187E-01  1.60707663E-01  3.26905318E-01  9.95466560E-01
  6.73115410E-01  1.60984539E-01  3.29081053E-01  1.01977799E+00
  6.74449633E-01  1.61261757E-01  3.31262182E-01  1.04418981E+00
  6.75783856E-01  1.61539316E-01  3.33448711E-01  1.06870224E+00
  6.77118079E-01  1.61817218E-01  3.35640648E-01  1.09331548E+00
  6.78452302E-01  1.62095461E-01  3.37838000E-01  1.11802975E+00
  6.79786524E-01  1.62374047E-01  3.40040776E-01  1.14284528E+00
  6.81120747E-01  1.62652977E-01  3.42248982E-01  1.16776227E+00
  6.82454970E-01  1.62932249E-01  3.44462627E-01  1.19278094E+00
  6.83789193E-01  1.63211865E-01  3.46681717E-01  1.21790151E+00
  6.85123416E-01  1.63491824E-01  3.48906261E-01  1.24312419E+00
  6.86457638E-01  1.63772128E-01  3.51136266E-01  1.26844920E+00
  6.87791861E-01  1.64052776E-01  3.53371739E-01  1.29387677E+00
  6.89126084E-01  1.64333768E-01  3.55612689E-01  1.31940710E+00
  6.90460307E-01  1.64615106E-01  3.57859122E-01  1.34504041E+00
  6.91794530E-01  1.64896788E-01  3.60111046E-01  1.37077693E+00
  6.93128753E-01  1.65178816E-01  3.62368469E-01  1.39661686E+00
  6.94462975E-01  1.65461190E-01  3.64631399E-01  1.42256044E+00
  6.95797198E-01  1.65743910E-01  3.66899843E-01  1.44860787E+00
  6.97131421E-01  1.66026976E-01  3.69173809E-01  1.47475938E+00
  6.98465644E-01  1.66310389E-01  3.71453304E-01  1.50101519E+00
  6.99799867E-01  1.66594148E-01  3.73738337E-01  1.52737551E+00
  7.01134089E-01  1.66878255E-01  3.76028914E-01  1.55384056E+00
  7.02468312E-01  1.67162709E-01  3.78325043E-01  1.58041057E+00
  7.03802535E-01  1.67447511E-01  3.80626732E-01  1.60708576E+00
  7.05136758E-01  1.67732661E-01  3.82933989E-01  1.63386634E+00
  7.06470981E-01  1.68018160E-01  3.85246822E-01  1.66075254E+00
  7.07805203E-01  1.68304007E-01  3.87565237E-01  1.68774458E+00
  7.09139426E-01  1.68590202E-01  3.89889243E-01  1.71484267E+00
  7.10473649E-01  1.68876747E-01  3.92218848E-01  1.74204705E+00
  7.11807872E-01  1.69163642E-01  3.94554058E-01  1.76935793E+00
  7.13142095E-01  1.69450886E-01  3.96894883E-01  1.79677554E+00
  7.14476318E-01  1.69738481E-01  3.99241329E-01  1.82430009E+00
  7.15810540E-01  1.70026425E-01  4.01593404E-01  1.85193181E+00
  7.17144763E-01  1.70314721E-01  4.03951116E-01  1.87967093E+00
  7.18478986E-01  1.70603367E-01  4.06314472E-01  1.90751766E+00
  7.19813209E-01  1.70892364E-01  4.08683481E-01  1.93547223E+00
  7.21147432E-01  1.71181713E-01  4.11058150E-01  1.96353486E+00
  7.22481654E-01  1.71471414E-01  4.13438487E-01  1.99170578E+00
  7.23815877E-01  1.71761467E-01  4.15824500E-01  2.01998522E+00
  7.25150100E-01  1.72051872E-01  4.18216196E-01  2.04837338E+00
  7.26484323E-01  1.72342629E-01  4.20613583E-01  2.07687051E+00
  7.27818546E-01  1.72633740E-01  4.23016669E-01  2.10547683E+00
  7.29152769E-01  1.72925204E-01  4.25425461E-01  2.13419255E+00
  7.30486991E-01  1.73217022E-01  4.27839969E-01  2.16301791E+00
  7.31821214E-01  1.73509193E-01  4.30260198E-01  2.19195313E+00
  7.33155437E-01  1.73801718E-01  4.32686157E-01  2.22099844E+00
  7.34489660E-01  1.74094598E-01  4.35117854E-01  2.25015407E+00
  7.35823883E-01  1.74387833E-01  4.37555297E-01  2.27942024E+00
  7.37158105E-01  1.74681422E-01  4.39998493E-01  2.30879717E+00
  7.38492328E-01  1.74975367E-01  4.42447451E-01  2.33828510E+00
  7.39826551E-01  1.75269667E-01  4.44902177E-01  2.36788425E+00
  7.41160774E-01  1.75564323E-01  4.47362681E-01  2.39759485E+00
  7.42494997E-01  1.75859335E-01  4.49828969E-01  2.42741712E+00
  7.43829219E-01  1.76154704E-01  4.52301050E-01  2.45735131E+00
  7.45163442E-01  1.76450429E-01  4.54778931E-01  2.48739763E+00
  7.46497665E-01  1.76746512E-01  4.57262621E-01  2.51755631E+00
  7.47831888E-01  1.77042951E-01  4.59752126E-01  2.54782758E+00
  7.49166111E-01  1.77339749E-01  4.62247456E-01  2.57821167E+00
  7.50500334E-01  1.77636904E-01  4.64748618E-01  2.60870881E+00
  7.51834556E-01  1.77934417E-01  4.67255619E-01  2.63931924E+00
  7.53168779E-01  1.78232289E-01  4.69768468E-01  2.67004317E+00
  7.54503002E-01  1.78530520E-01  4.72287173E-01  2.70088085E+00
  7.55837225E-01  1.78829109E-01  4.74811741E-01  2.73183249E+00
  7.57171448E-01  1.79128059E-01  4.77342180E-01  2.76289834E+00
  7.58505670E-01  1.79427367E-01  4.79878499E-01  2.79407862E+00
  7.59839893E-01  1.79727036E-01  4.82420705E-01  2.82537356E+00
  7.61174116E-01  1.80027065E-01  4.84968806E-01  2.85678340E+00
  7.62508339E-01  1.80327454E-01  4.87522810E-01  2.88830836E+00
  7.63842562E-01  1.80628204E-01  4.90082725E-01  2.91994869E+00
  7.65176785E-01  1.80929316E-01  4.92648559E-01  2.95170460E+00
  7.66511007E-01  1.81230788E-01  4.95220319E-01  2.98357635E+00
  7.67845230E-01  1.81532623E-01  4.97798015E-01  3.01556415E+00
  7.69179453E-01  1.81834819E-01  5.00381653E-01  3.04766824E+00
  7.70513676E-01  1.82137378E-01  5.02971242E-01  3.07988885E+00
  7.71847899E-01  1.82440299E-01  5.05566790E-01  3.11222622E+00
  7.73182121E-01  1.82743583E-01  5.08168305E-01  3.14468058E+00
  7.74516344E-01  1.83047231E-01  5.10775794E-01  3.17725217E+00
  7.75850567E-01  1.83351241E-01  5.13389266E-01  3.20994122E+00
  7.77184790E-01  1.83655616E-01  5.16008729E-01  3.24274797E+00
  7.78519013E-01  1.83960355E-01  5.18634190E-01  3.27567264E+00
  7.79853235E-01  1.84265458E-01  5.21265658E-01  3.30871548E+00
  7.81187458E-01  1.84570925E-01  5.23903140E-01  3.34187672E+00
  7.82521681E-01  1.84876758E-01  5.26546646E-01  3.37515660E+00
  7.83855904E-01  1.85182956E-01  5.29196182E-01  3.40855535E+00
  7.85190127E-01  1.85489519E-01  5.31851757E-01  3.44207321E+00
  7.86524350E-01  1.85796448E-01  5.34513379E-01  3.47571042E+00
  7.87858572E-01  1.86103744E-01  5.37181056E-01  3.50946721E+00
  7.89192795E-01  1.86411406E-01  5.39854795E-01  3.54334382E+00
  7.90527018E-01  1.86719434E-01  5.42534606E-01  3.57734049E+00
  7.91861241E-01  1.87027830E-01  5.45220496E-01  3.61145745E+00
  7.93195464E-01  1.87336593E-01  5.47912473E-01  3.64569495E+00
  7.94529686E-01  1.87645723E-01  5.50610545E-01  3.68005322E+00
  7.95863909E-01  1.87955222E-01  5.53314720E-01  3.71453249E+00
  7.97198132E-01  1.88265088E-01  5.56025007E-01  3.74913302E+00
  7.98532355E-01  1.88575323E-01  5.58741414E-01  3.78385504E+00
  7.99866578E-01  1.88885927E-01  5.61463948E-01  3.81869878E+00
  8.01200801E-01  1.89196900E-01  5.64192618E-01  3.85366449E+00
  8.02535023E-01  1.89508243E-01  5.66927431E-01  3.88875241E+00
  8.03869246E-01  1.89819955E-01  5.69668397E-01  3.92396277E+00
  8.05203469E-01  1.90132037E-01  5.72415523E-01  3.95929582E+00
  8.06537692E-01  1.90444490E-01  5.75168816E-01  3.99475180E+00
  8.07871915E-01  1.90757313E-01  5.77928287E-01  4.03033095E+00
  8.09206137E-01  1.91070507E-01  5.80693942E-01  4.06603351E+00
  8.10540360E-01  1.91384072E-01  5.83465789E-01  4.10185972E+00
  8.11874583E-01  1.91698009E-01  5.86243838E-01  4.13780983E+00
  8.13208806E-01  1.92012317E-01  5.89028095E-01  4.17388407E+00
  8.14543029E-01  1.92326998E-01  5.91818570E-01  4.21008269E+00
  8.15877252E-01  1.92642051E-01  5.94615270E-01  4.24640592E+00
  8.17211474E-01  1.92957476E-01  5.97418204E-01  4.28285403E+00
  8.18545697E-01  1.93273275E-01  6.00227379E-01  4.31942724E+00
  8.19879920E-01  1.93589447E-01  6.03042805E-01  4.35612580E+00
  8.21214143E-01  1.93905992E-01  6.05864488E-01  4.39294995E+00
  8.22548366E-01  1.94222912E-01  6.08692438E-01  4.42989994E+00
  8.23882588E-01  1.94540206E-01  6.11526663E-01  4.46697602E+00
  8.25216811E-01  1.94857874E-01  6.14367170E-01  4.50417842E+00
  8.26551034E-01  1.95175917E-01  6.17213969E-01  4.54150739E+00
  8.27885257E-01  1.95494335E-01  6.20067067E-01  4.57896318E+00
  8.29219480E-01  1.95813128E-01  6.22926472E-01  4.61654603E+00
  8.30553702E-01  1.96132297E-01  6.25792193E-01  4.65425618E+00
  8.31887925E-01  1.96451843E-01  6.28664239E-01  4.69209389E+00
  8.33222148E-01  1.96771764E-01  6.31542616E-01  4.73005940E+00
  8.34556371E-01  1.97092062E-01  6.34427335E-01  4.76815296E+00
  8.35890594E-01  1.97412737E-01  6.37318402E-01  4.80637481E+00
  8.37224817E-01  1.97733789E-01  6.40215826E-01  4.84472519E+00
  8.38559039E-01  1.98055219E-01  6.43119616E-01  4.88320437E+00
  8.39893262E-01  1.98377027E-01  6.46029780E-01  4.92181258E+00
  8.41227485E-01  1.98699212E-01  6.48946325E-01  4.96055007E+00
  8.42561708E-01  1.99021777E-01  6.51869261E-01  4.99941709E+00
  8.43895931E-01  1.99344719E-01  6.54798596E-01  5.03841389E+00
  8.45230153E-01  1.99668041E-01  6.57734338E-01  5.07754071E+00
  8.46564376E-01  1.99991743E-01  6.60676495E-01  5.11679782E+00
  8.47898599E-01  2.00315823E-01  6.63625076E-01  5.15618544E+00
  8.49232822E-01  2.00640284E-01  6.66580088E-01  5.19570385E+00
  8.50567045E-01  2.00965125E-01  6.69541542E-01  5.23535327E+00
  8.51901268E-01  2.01290347E-01  6.72509443E-01  5.27513398E+00
  8.53235490E-01  2.01615949E-01  6.75483802E-01  5.31504620E+00
  8.54569713E-01  2.01941933E-01  6.78464627E-01  5.35509021E+00
  8.55903936E-01  2.02268298E-01  6.81451925E-01  5.39526623E+00
  8.57238159E-01  2.02595045E-01  6.84445706E-01  5.43557454E+00
  8.58572382E-01  2.02922174E-01  6.87445977E-01  5.47601537E+00
  8.59906604E-01  2.03249685E-01  6.90452747E-01  5.51658899E+00
  8.61240827E-01  2.03577579E-01  6.93466024E-01  5.55729564E+00
  8.62575050E-01  2.03905856E-01  6.96485818E-01  5.59813557E+00
  8.63909273E-01  2.04234516E-01  6.99512135E-01  5.63910904E+00
  8.65243496E-01  2.04563560E-01  7.02544985E-01  5.68021630E+00
  8.66577718E-01  2.04892988E-01  7.05584377E-01  5.72145760E+00
  8.67911941E-01  2.05222800E-01  7.08630317E-01  5.76283320E+00
  8.69246164E-01  2.05552996E-01  7.11682816E-01  5.80434335E+00
  8.70580387E-01  2.05883578E-01  7.14741881E-01  5.84598830E+00
  8.71914610E-01  2.06214544E-01  7.17807521E-01  5.88776832E+00
  8.73248833E-01  2.06545896E-01  7.20879744E-01  5.92968364E+00
  8.74583055E-01  2.06877633E-01  7.23958559E-01  5.97173453E+00
  8.75917278E-01  2.07209757E-01  7.27043974E-01  6.01392125E+00
  8.77251501E-01  2.07542267E-01  7.30135998E-01  6.05624404E+00
  8.78585724E-01  2.07875164E-01  7.33234639E-01  6.09870316E+00
  8.79919947E-01  2.08208447E-01  7.36339906E-01  6.14129888E+00
  8.81254169E-01  2.08542118E-01  7.39451807E-01  6.18403144E+00
  8.82588392E-01  2.08876177E-01  7.42570350E-01  6.22690110E+00
  8.83922615E-01  2.09210623E-01  7.45695545E-01  6.26990812E+00
  8.85256838E-01  2.09545458E-01  7.48827400E-01  6.31305276E+00
  8.86591061E-01  2.09880681E-01  7.51965923E-01  6.35633527E+00
  8.87925284E-01  2.10216293E-01  7.55111122E-01  6.39975591E+00
  8.89259506E-01  2.10552294E-01  7.58263007E-01  6.44331493E+00
  8.90593729E-01  2.10888684E-01  7.61421586E-01  6.48701261E+00
  8.91927952E-01  2.11225465E-01  7.64586867E-01  6.53084919E+00
  8.93262175E-01  2.11562635E-01  7.67758859E-01  6.57482493E+00
  8.94596398E-01  2.11900196E-01  7.70937571E-01  6.61894009E+00
  8.95930620E-01  2.12238147E-01  7.74123010E-01  6.66319494E+00
  8.97264843E-01  2.12576489E-01  7.77315187E-01  6.70758973E+00
  8.98599066E-01  2.12915223E-01  7.80514108E-01  6.75212472E+00
  8.99933289E-01  2.13254348E-01  7.83719784E-01  6.79680017E+00
  9.01267512E-01  2.13593865E-01  7.86932222E-01  6.84161634E+00
  9.02601734E-01  2.13933774E-01  7.90151431E-01  6.88657349E+00
  9.03935957E-01  2.14274076E-01  7.93377419E-01  6.93167189E+00
  9.05270180E-01  2.14614771E-01  7.96610196E-01  6.97691179E+00
  9.06604403E-01  2.14955858E-01  7.99849770E-01  7.02229346E+00
  9.07938626E-01  2.15297340E-01  8.03096149E-01  7.06781716E+00
  9.09272849E-01  2.15639215E-01  8.06349342E-01  7.11348314E+00
  9.10607071E-01  2.15981484E-01  8.09609358E-01  7.15929168E+00
  9.11941294E-01  2.16324147E-01  8.12876206E-01  7.20524304E+00
  9.13275517E-01  2.16667206E-01  8.16149894E-01  7.25133747E+00
  9.14609740E-01  2.17010659E-01  8.19430430E-01  7.29757524E+00
  9.15943963E-01  2.17354507E-01  8.22717824E-01  7.34395661E+00
  9.17278185E-01  2.17698752E-01  8.26012084E-01  7.39048186E+00
  9.18612408E-01  2.18043392E-01  8.29313219E-01  7.43715124E+00
  9.19946631E-01  2.18388428E-01  8.32621237E-01  7.48396501E+00
  9.21280854E-01  2.18733861E-01  8.35936148E-01  7.53092345E+00
  9.22615077E-01  2.19079691E-01  8.39257959E-01  7.57802681E+00
  9.23949300E-01  2.19425918E-01  8.42586680E-01  7.62527537E+00
  9.25283522E-01  2.19772542E-01  8.45922319E-01  7.67266938E+00
  9.26617745E-01  2.20119565E-01  8.49264885E-01  7.72020911E+00
  9.27951968E-01  2.20466985E-01  8.52614387E-01  7.76789484E+00
  9.29286191E-01  2.20814804E-01  8.55970833E-01  7.81572682E+00
  9.30620414E-01  2.21163022E-01  8.59334233E-01  7.86370532E+00
  9.31954636E-01  2.21511639E-01  8.62704594E-01  7.91183061E+00
  9.33288859E-01  2.21860655E-01  8.66081926E-01  7.96010296E+00
  9.34623082E-01  2.22210071E-01  8.69466238E-01  8.00852263E+00
  9.35957305E-01  2.22559887E-01  8.72857538E-01  8.05708989E+00
  9.37291528E-01  2.22910103E-01  8.76255835E-01  8.10580501E+00
  9.38625751E-01  2.23260720E-01  8.79661138E-01  8.15466826E+00
  9.39959973E-01  2.23611738E-01  8.83073455E-01  8.20367991E+00
  9.41294196E-01  2.23963157E-01  8.86492796E-01  8.25284023E+00
  9.42628419E-01  2.24314977E-01  8.89919168E-01  8.30214948E+00
  9.43962642E-01  2.24667200E-01  8.93352582E-01  8.35160793E+00
  9.45296865E-01  2.25019825E-01  8.96793046E-01  8.40121586E+00
  9.46631087E-01  2.25372852E-01  9.00240568E-01  8.45097353E+00
  9.47965310E-01  2.25726282E-01  9.03695158E-01  8.50088122E+00
  9.49299533E-01  2.26080116E-01  9.07156824E-01  8.55093920E+00
  9.50633756E-01  2.26434353E-01  9.10625575E-01  8.60114773E+00
  9.51967979E-01  2.26788993E-01  9.14101420E-01  8.65150709E+00
  9.53302201E-01  2.27144038E-01  9.17584368E-01  8.70201755E+00
  9.54636424E-01  2.27499487E-01  9.21074427E-01  8.75267938E+00
  9.55970647E-01  2.27855341E-01  9.24571607E-01  8.80349285E+00
  9.57304870E-01  2.28211600E-01  9.28075917E-01  8.85445824E+00
  9.58639093E-01  2.28568264E-01  9.31587364E-01  8.90557582E+00
  9.59973316E-01  2.28925335E-01  9.35105959E-01  8.95684586E+00
  9.61307538E-01  2.29282811E-01  9.38631710E-01  9.00826864E+00
  9.62641761E-01  2.29640693E-01  9.42164626E-01  9.05984443E+00
  9.63975984E-01  2.29998982E-01  9.45704716E-01  9.11157349E+00
  9.65310207E-01  2.30357678E-01  9.49251989E-01  9.16345612E+00
  9.66644430E-01  2.30716781E-01  9.52806454E-01  9.21549258E+00
  9.67978652E-01  2.31076292E-01  9.56368119E-01  9.26768314E+00
  9.69312875E-01  2.31436211E-01  9.59936993E-01  9.32002808E+00
  9.70647098E-01  2.31796538E-01  9.63513086E-01  9.37252768E+00
  9.71981321E-01  2.32157274E-01  9.67096407E-01  9.42518222E+00
  9.73315544E-01  2.32518418E-01  9.70686964E-01  9.47799196E+00
  9.74649767E-01  2.32879972E-01  9.74284767E-01  9.53095719E+00
  9.75983989E-01  2.33241935E-01  9.77889823E-01  9.58407817E+00
  9.77318212E-01  2.33604308E-01  9.81502144E-01  9.63735520E+00
  9.78652435E-01  2.33967091E-01  9.85121736E-01  9.69078854E+00
  9.79986658E-01  2.34330284E-01  9.88748610E-01  9.74437847E+00
  9.81320881E-01  2.34693889E-01  9.92382774E-01  9.79812527E+00
  9.82655103E-01  2.35057904E-01  9.96024237E-01  9.85202922E+00
  9.83989326E-01  2.35422331E-01  9.99673009E-01  9.90609060E+00
  9.85323549E-01  2.35787170E-01  1.00332910E+00  9.96030968E+00
  9.86657772E-01  2.36152420E-01  1.00699251E+00  1.00146868E+01
  9.87991995E-01  2.36518083E-01  1.01066326E+00  1.00692221E+01
  9.89326217E-01  2.36884159E-01  1.01434136E+00  1.01239160E+01
  9.90660440E-01  2.37250648E-01  1.01802681E+00  1.01787686E+01
  9.91994663E-01  2.37617550E-01  1.02171962E+00  1.02337804E+01
  9.93328886E-01  2.37984866E-01  1.02541980E+00  1.02889516E+01
  9.94663109E-01  2.38352596E-01  1.02912736E+00  1.03442825E+01
  9.95997332E-01  2.38720740E-01  1.03284232E+00  1.03997733E+01
  9.97331554E-01  2.39089299E-01  1.03656467E+00  1.04554243E+01
  9.98665777E-01  2.39458272E-01  1.04029443E+00  1.05112358E+01
  1.00000000E+00  2.39827661E-01  1.04403160E+00  1.05672081E+01
