 -1.00000000E+00  1.27959436E-04 -6.70224327E-05  5.64854495E-05
 -9.98665777E-01  1.35983171E-04 -7.03958724E-05  5.85440152E-05
 -9.97331554E-01  1.44144232E-04 -7.38116008E-05  6.06166731E-05
 -9.95997332E-01  1.52443772E-04 -7.72698306E-05  6.27034127E-05
 -9.94663109E-01  1.60882948E-04 -8.07707747E-05  6.48042230E-05
 -9.93328886E-01  1.69462924E-04 -8.43146466E-05  6.69190925E-05
 -9.91994663E-01  1.78184871E-04 -8.79016596E-05  6.90480096E-05
 -9.90660440E-01  1.87049962E-04 -9.15320277E-05  7.11909622E-05
 -9.89326217E-01  1.96059379E-04 -9.52059649E-05  7.33479380E-05
 -9.87991995E-01  2.05214307E-04 -9.89236856E-05  7.55189240E-05
 -9.86657772E-01  2.14515940E-04 -1.02685404E-04  7.77039073E-05
 -9.85323549E-01  2.23965475E-04 -1.06491336E-04  7.99028743E-05
 -9.83989326E-01  2.33564116E-04 -1.10341696E-04  8.21158111E-05
 -9.82655103E-01  2.43313072E-04 -1.14236699E-04  8.43427036E-05
 -9.81320881E-01  2.53213557E-04 -1.18176561E-04  8.65835372E-05
 -9.79986658E-01  2.63266794E-04 -1.22161499E-04  8.88382970E-05
 -9.78652435E-01  2.73474008E-04 -1.26191727E-04  9.11069676E-05
 -9.77318212E-01  2.83836432E-04 -1.30267464E-04  9.33895334E-05
 -9.75983989E-01  2.94355305E-04 -1.34388924E-04  9.56859785E-05
 -9.74649767E-01  3.05031870E-04 -1.38556326E-04  9.79962864E-05
 -9.73315544E-01  3.15867378E-04 -1.42769886E-04  1.00320440E-04
 -9.71981321E-01  3.26863085E-04 -1.47029822E-04  1.02658423E-04
 -9.70647098E-01  3.38020252E-04 -1.51336351E-04  1.05010218E-04
 -9.69312875E-01  3.49340147E-04 -1.55689692E-04  1.07375806E-04
 -9.67978652E-01  3.60824045E-04 -1.60090062E-04  1.09755170E-04
 -9.66644430E-01  3.72473224E-04 -1.64537680E-04  1.12148290E-04
 -9.65310207E-01  3.84288971E-04 -1.69032765E-04  1.14555149E-04
 -9.63975984E-01  3.96272576E-04 -1.73575534E-04  1.16975726E-04
 -9.62641761E-01  4.08425339E-04 -1.78166208E-04  1.19410002E-04
 -9.61307538E-01  4.20748562E-04 -1.82805006E-04  1.21857957E-04
 -9.59973316E-01  4.33243555E-04 -1.87492147E-04  1.24319570E-04
 -9.58639093E-01  4.45911634E-04 -1.92227851E-04  1.26794822E-04
 -9.57304870E-01  4.58754121E-04 -1.97012338E-04  1.29283690E-04
 -9.55970647E-01  4.71772344E-04 -2.01845828E-04  1.31786153E-04
 -9.54636424E-01  4.84967637E-04 -2.06728542E-04  1.34302189E-04
 -9.53302201E-01  4.98341340E-04 -2.11660699E-04  1.36831776E-04
 -9.51967979E-01  5.11894801E-04 -2.16642522E-04  1.39374891E-04
 -9.50633756E-01  5.25629370E-04 -2.21674231E-04  1.41931512E-04
 -9.49299533E-01  5.39546408E-04 -2.26756048E-04  1.44501614E-04
 -9.47965310E-01  5.53647278E-04 -2.31888194E-04  1.47085174E-04
 -9.46631087E-01  5.67933353E-04 -2.37070890E-04  1.49682168E-04
 -9.45296865E-01  5.82406010E-04 -2.42304359E-04  1.52292572E-04
 -9.43962642E-01  5.97066632E-04 -2.47588822E-04  1.54916360E-04
 -9.42628419E-01  6.11916610E-04 -2.52924503E-04  1.57553508E-04
 -9.41294196E-01  6.26957340E-04 -2.58311623E-04  1.60203989E-04
 -9.39959973E-01  6.42190225E-04 -2.63750405E-04  1.62867777E-04
 -9.38625751E-01  6.57616672E-04 -2.69241073E-04  1.65544847E-04
 -9.37291528E-01  6.73238099E-04 -2.74783849E-04  1.68235171E-04
 -9.35957305E-01  6.89055926E-04 -2.80378956E-04  1.70938722E-04
 -9.34623082E-01  7.05071582E-04 -2.86026619E-04  1.73655472E-04
 -9.33288859E-01  7.21286501E-04 -2.91727061E-04  1.76385395E-04
 -9.31954636E-01  7.37702125E-04 -2.97480505E-04  1.79128460E-04
 -9.30620414E-01  7.54319899E-04 -3.03287176E-04  1.81884641E-04
 -9.29286191E-01  7.71141279E-04 -3.09147298E-04  1.84653907E-04
 -9.27951968E-01  7.88167725E-04 -3.15061095E-04  1.87436229E-04
 -9.26617745E-01  8.05400703E-04 -3.21028793E-04  1.90231577E-04
 -9.25283522E-01  8.22841688E-04 -3.27050615E-04  1.93039922E-04
 -9.23949300E-01  8.40492158E-04 -3.33126787E-04  1.95861231E-04
 -9.22615077E-01  8.58353600E-04 -3.39257534E-04  1.98695476E-04
 -9.21280854E-01  8.76427508E-04 -3.45443081E-04  2.01542623E-04
 -9.19946631E-01  8.94715381E-04 -3.51683653E-04  2.04402642E-04
 -9.18612408E-01  9.13218725E-04 -3.57979477E-04  2.07275500E-04
 -9.17278185E-01  9.31939053E-04 -3.64330778E-04  2.10161164E-04
 -9.15943963E-01  9.50877885E-04 -3.70737781E-04  2.13059602E-04
 -9.14609740E-01  9.70036747E-04 -3.77200714E-04  2.15970780E-04
 -9.13275517E-01  9.89417172E-04 -3.83719802E-04  2.18894665E-04
 -9.11941294E-01  1.00902070E-03 -3.90295271E-04  2.21831223E-04
 -9.10607071E-01  1.02884888E-03 -3.96927349E-04  2.24780418E-04
 -9.09272849E-01  1.04890325E-03 -4.03616262E-04  2.27742217E-04
 -9.07938626E-01  1.06918540E-03 -4.10362236E-04  2.30716584E-04
 -9.06604403E-01  1.08969686E-03 -4.17165500E-04  2.33703483E-04
 -9.05270180E-01  1.11043924E-03 -4.24026279E-04  2.36702878E-04
 -9.03935957E-01  1.13141409E-03 -4.30944802E-04  2.39714732E-04
 -9.02601734E-01  1.15262301E-03 -4.37921295E-04  2.42739010E-04
 -9.01267512E-01  1.17406760E-03 -4.44955986E-04  2.45775674E-04
 -8.99933289E-01  1.19574945E-03 -4.52049103E-04  2.48824685E-04
 -8.98599066E-01  1.21767018E-03 -4.59200874E-04  2.51886007E-04
 -8.97264843E-01  1.23983139E-03 -4.66411527E-04  2.54959600E-04
 -8.95930620E-01  1.26223471E-03 -4.73681289E-04  2.58045426E-04
 -8.94596398E-01  1.28488177E-03 -4.81010389E-04  2.61143446E-04
 -8.93262175E-01  1.30777420E-03 -4.88399055E-04  2.64253620E-04
 -8.91927952E-01  1.33091364E-03 -4.95847516E-04  2.67375908E-04
 -8.90593729E-01  1.35430175E-03 -5.03356001E-04  2.70510270E-04
 -8.89259506E-01  1.37794019E-03 -5.10924737E-04  2.73656665E-04
 -8.87925284E-01  1.40183061E-03 -5.18553953E-04  2.76815051E-04
 -8.86591061E-01  1.42597469E-03 -5.26243879E-04  2.79985388E-04
 -8.85256838E-01  1.45037410E-03 -5.33994744E-04  2.83167633E-04
 -8.83922615E-01  1.47503053E-03 -5.41806776E-04  2.86361744E-04
 -8.82588392E-01  1.49994567E-03 -5.49680205E-04  2.89567677E-04
 -8.81254169E-01  1.52512123E-03 -5.57615260E-04  2.92785391E-04
 -8.79919947E-01  1.55055890E-03 -5.65612170E-04  2.96014842E-04
 -8.78585724E-01  1.57626040E-03 -5.73671166E-04  2.99255984E-04
 -8.77251501E-01  1.60222746E-03 -5.81792476E-04  3.02508775E-04
 -8.75917278E-01  1.62846180E-03 -5.89976330E-04  3.05773169E-04
 -8.74583055E-01  1.65496515E-03 -5.98222958E-04  3.09049122E-04
 -8.73248833E-01  1.68173927E-03 -6.06532589E-04  3.12336587E-04
 -8.71914610E-01  1.70878589E-03 -6.14905455E-04  3.15635518E-04
 -8.70580387E-01  1.73610678E-03 -6.23341784E-04  3.18945870E-04
 -8.69246164E-01  1.76370370E-03 -6.31841806E-04  3.22267596E-04
 -8.67911941E-01  1.79157842E-03 -6.40405753E-04  3.25600647E-04
 -8.66577718E-01  1.81973273E-03 -6.49033854E-04  3.28944978E-04
 -8.65243496E-01  1.84816841E-03 -6.57726339E-04  3.32300539E-04
 -8.63909273E-01  1.87688725E-03 -6.66483438E-04  3.35667283E-04
 -8.62575050E-01  1.90589105E-03 -6.75305383E-04  3.39045161E-04
 -8.61240827E-01  1.93518163E-03 -6.84192403E-04  3.42434123E-04
 -8.59906604E-01  1.96476081E-03 -6.93144730E-04  3.45834120E-04
 -8.58572382E-01  1.99463040E-03 -7.02162593E-04  3.49245102E-04
 -8.57238159E-01  2.02479223E-03 -7.11246223E-04  3.52667018E-04
 -8.55903936E-01  2.05524815E-03 -7.20395852E-04  3.56099818E-04
 -8.54569713E-01  2.08600001E-03 -7.29611709E-04  3.59543451E-04
 -8.53235490E-01  2.11704966E-03 -7.38894025E-04  3.62997865E-04
 -8.51901268E-01  2.14839895E-03 -7.48243032E-04  3.66463007E-04
 -8.50567045E-01  2.18004976E-03 -7.57658960E-04  3.69938826E-04
 -8.49232822E-01  2.21200398E-03 -7.67142040E-04  3.73425269E-04
 -8.47898599E-01  2.24426347E-03 -7.76692504E-04  3.76922282E-04
 -8.46564376E-01  2.27683014E-03 -7.86310581E-04  3.80429813E-04
 -8.45230153E-01  2.30970588E-03 -7.95996502E-04  3.83947805E-04
 -8.43895931E-01  2.34289261E-03 -8.05750500E-04  3.87476207E-04
 -8.42561708E-01  2.37639223E-03 -8.15572805E-04  3.91014961E-04
 -8.41227485E-01  2.41020668E-03 -8.25463648E-04  3.94564014E-04
 -8.39893262E-01  2.44433788E-03 -8.35423260E-04  3.98123310E-04
 -8.38559039E-01  2.47878778E-03 -8.45451872E-04  4.01692792E-04
 -8.37224817E-01  2.51355832E-03 -8.55549715E-04  4.05272404E-04
 -8.35890594E-01  2.54865145E-03 -8.65717020E-04  4.08862089E-04
 -8.34556371E-01  2.58406914E-03 -8.75954019E-04  4.12461789E-04
 -8.33222148E-01  2.61981336E-03 -8.86260943E-04  4.16071448E-04
 -8.31887925E-01  2.65588608E-03 -8.96638022E-04  4.19691007E-04
 -8.30553702E-01  2.69228930E-03 -9.07085487E-04  4.23320407E-04
 -8.29219480E-01  2.72902501E-03 -9.17603571E-04  4.26959590E-04
 -8.27885257E-01  2.76609521E-03 -9.28192503E-04  4.30608495E-04
 -8.26551034E-01  2.80350192E-03 -9.38852516E-04  4.34267065E-04
 -8.25216811E-01  2.84124714E-03 -9.49583839E-04  4.37935237E-04
 -8.23882588E-01  2.87933291E-03 -9.60386705E-04  4.41612952E-04
 -8.22548366E-01  2.91776126E-03 -9.71261343E-04  4.45300148E-04
 -8.21214143E-01  2.95653424E-03 -9.82207986E-04  4.48996765E-04
 -8.19879920E-01  2.99565390E-03 -9.93226864E-04  4.52702740E-04
 -8.18545697E-01  3.03512229E-03 -1.00431821E-03  4.56418012E-04
 -8.17211474E-01  3.07494148E-03 -1.01548225E-03  4.60142516E-04
 -8.15877252E-01  3.11511354E-03 -1.02671922E-03  4.63876192E-04
 -8.14543029E-01  3.15564057E-03 -1.03802934E-03  4.67618974E-04
 -8.13208806E-01  3.19652466E-03 -1.04941286E-03  4.71370800E-04
 -8.11874583E-01  3.23776789E-03 -1.06087000E-03  4.75131604E-04
 -8.10540360E-01  3.27937239E-03 -1.07240098E-03  4.78901323E-04
 -8.09206137E-01  3.32134026E-03 -1.08400605E-03  4.82679891E-04
 -8.07871915E-01  3.36367364E-03 -1.09568543E-03  4.86467242E-04
 -8.06537692E-01  3.40637466E-03 -1.10743935E-03  4.90263311E-04
 -8.05203469E-01  3.44944545E-03 -1.11926805E-03  4.94068032E-04
 -8.03869246E-01  3.49288817E-03 -1.13117175E-03  4.97881337E-04
 -8.02535023E-01  3.53670498E-03 -1.14315068E-03  5.01703159E-04
 -8.01200801E-01  3.58089804E-03 -1.15520508E-03  5.05533432E-04
 -7.99866578E-01  3.62546954E-03 -1.16733517E-03  5.09372086E-04
 -7.98532355E-01  3.67042164E-03 -1.17954119E-03  5.13219053E-04
 -7.97198132E-01  3.71575655E-03 -1.19182335E-03  5.17074266E-04
 -7.95863909E-01  3.76147646E-03 -1.20418191E-03  5.20937654E-04
 -7.94529686E-01  3.80758359E-03 -1.21661708E-03  5.24809147E-04
 -7.93195464E-01  3.85408016E-03 -1.22912909E-03  5.28688677E-04
 -7.91861241E-01  3.90096838E-03 -1.24171817E-03  5.32576171E-04
 -7.90527018E-01  3.94825050E-03 -1.25438456E-03  5.36471560E-04
 -7.89192795E-01  3.99592875E-03 -1.26712848E-03  5.40374772E-04
 -7.87858572E-01  4.04400540E-03 -1.27995017E-03  5.44285736E-04
 -7.86524350E-01  4.09248270E-03 -1.29284984E-03  5.48204379E-04
 -7.85190127E-01  4.14136292E-03 -1.30582774E-03  5.52130629E-04
 -7.83855904E-01  4.19064834E-03 -1.31888408E-03  5.56064413E-04
 -7.82521681E-01  4.24034125E-03 -1.33201911E-03  5.60005657E-04
 -7.81187458E-01  4.29044394E-03 -1.34523304E-03  5.63954288E-04
 -7.79853235E-01  4.34095872E-03 -1.35852610E-03  5.67910231E-04
 -7.78519013E-01  4.39188790E-03 -1.37189853E-03  5.71873413E-04
 -7.77184790E-01  4.44323380E-03 -1.38535056E-03  5.75843757E-04
 -7.75850567E-01  4.49499876E-03 -1.39888240E-03  5.79821190E-04
 -7.74516344E-01  4.54718512E-03 -1.41249430E-03  5.83805633E-04
 -7.73182121E-01  4.59979521E-03 -1.42618647E-03  5.87797013E-04
 -7.71847899E-01  4.65283142E-03 -1.43995915E-03  5.91795251E-04
 -7.70513676E-01  4.70629609E-03 -1.45381256E-03  5.95800271E-04
 -7.69179453E-01  4.76019160E-03 -1.46774693E-03  5.99811996E-04
 -7.67845230E-01  4.81452035E-03 -1.48176249E-03  6.03830347E-04
 -7.66511007E-01  4.86928471E-03 -1.49585947E-03  6.07855246E-04
 -7.65176785E-01  4.92448711E-03 -1.51003809E-03  6.11886614E-04
 -7.63842562E-01  4.98012994E-03 -1.52429858E-03  6.15924373E-04
 -7.62508339E-01  5.03621564E-03 -1.53864116E-03  6.19968442E-04
 -7.61174116E-01  5.09274662E-03 -1.55306607E-03  6.24018743E-04
 -7.59839893E-01  5.14972533E-03 -1.56757352E-03  6.28075193E-04
 -7.58505670E-01  5.20715422E-03 -1.58216376E-03  6.32137714E-04
 -7.57171448E-01  5.26503575E-03 -1.59683699E-03  6.36206223E-04
 -7.55837225E-01  5.32337238E-03 -1.61159346E-03  6.40280639E-04
 -7.54503002E-01  5.38216658E-03 -1.62643337E-03  6.44360880E-04
 -7.53168779E-01  5.44142085E-03 -1.64135697E-03  6.48446863E-04
 -7.51834556E-01  5.50113768E-03 -1.65636447E-03  6.52538506E-04
 -7.50500334E-01  5.56131957E-03 -1.67145610E-03  6.56635725E-04
 -7.49166111E-01  5.62196903E-03 -1.68663208E-03  6.60738437E-04
 -7.47831888E-01  5.68308859E-03 -1.70189264E-03  6.64846558E-04
 -7.46497665E-01  5.74468079E-03 -1.71723801E-03  6.68960003E-04
 -7.45163442E-01  5.80674815E-03 -1.73266840E-03  6.73078687E-04
 -7.43829219E-01  5.86929323E-03 -1.74818405E-03  6.77202525E-04
 -7.42494997E-01  5.93231860E-03 -1.76378517E-03  6.81331432E-04
 -7.41160774E-01  5.99582682E-03 -1.77947200E-03  6.85465321E-04
 -7.39826551E-01  6.05982047E-03 -1.79524474E-03  6.89604105E-04
 -7.38492328E-01  6.12430214E-03 -1.81110363E-03  6.93747699E-04
 -7.37158105E-01  6.18927443E-03 -1.82704890E-03  6.97896013E-04
 -7.35823883E-01  6.25473994E-03 -1.84308075E-03  7.02048961E-04
 -7.34489660E-01  6.32070130E-03 -1.85919942E-03  7.06206455E-04
 -7.33155437E-01  6.38716112E-03 -1.87540512E-03  7.10368406E-04
 -7.31821214E-01  6.45412205E-03 -1.89169808E-03  7.14534724E-04
 -7.30486991E-01  6.52158674E-03 -1.90807853E-03  7.18705322E-04
 -7.29152769E-01  6.58955783E-03 -1.92454667E-03  7.22880108E-04
 -7.27818546E-01  6.65803800E-03 -1.94110274E-03  7.27058992E-04
 -7.26484323E-01  6.72702992E-03 -1.95774695E-03  7.31241884E-04
 -7.25150100E-01  6.79653627E-03 -1.97447952E-03  7.35428694E-04
 -7.23815877E-01  6.86655975E-03 -1.99130069E-03  7.39619328E-04
 -7.22481654E-01  6.93710307E-03 -2.00821065E-03  7.43813697E-04
 -7.21147432E-01  7.00816894E-03 -2.02520964E-03  7.48011706E-04
 -7.19813209E-01  7.07976008E-03 -2.04229788E-03  7.52213265E-04
 -7.18478986E-01  7.15187923E-03 -2.05947558E-03  7.56418279E-04
 -7.17144763E-01  7.22452913E-03 -2.07674296E-03  7.60626656E-04
 -7.15810540E-01  7.29771254E-03 -2.09410024E-03  7.64838301E-04
 -7.14476318E-01  7.37143222E-03 -2.11154764E-03  7.69053120E-04
 -7.13142095E-01  7.44569094E-03 -2.12908538E-03  7.73271018E-04
 -7.11807872E-01  7.52049150E-03 -2.14671367E-03  7.77491901E-04
 -7.10473649E-01  7.59583667E-03 -2.16443274E-03  7.81715672E-04
 -7.09139426E-01  7.67172927E-03 -2.18224280E-03  7.85942237E-04
 -7.07805203E-01  7.74817212E-03 -2.20014406E-03  7.90171498E-04
 -7.06470981E-01  7.82516803E-03 -2.21813675E-03  7.94403360E-04
 -7.05136758E-01  7.90271984E-03 -2.23622108E-03  7.98637724E-04
 -7.03802535E-01  7.98083040E-03 -2.25439726E-03  8.02874493E-04
 -7.02468312E-01  8.05950255E-03 -2.27266551E-03  8.07113571E-04
 -7.01134089E-01  8.13873918E-03 -2.29102605E-03  8.11354857E-04
 -6.99799867E-01  8.21854314E-03 -2.30947908E-03  8.15598254E-04
 -6.98465644E-01  8.29891733E-03 -2.32802484E-03  8.19843662E-04
 -6.97131421E-01  8.37986464E-03 -2.34666352E-03  8.24090982E-04
 -6.95797198E-01  8.46138798E-03 -2.36539534E-03  8.28340115E-04
 -6.94462975E-01  8.54349026E-03 -2.38422052E-03  8.32590958E-04
 -6.93128753E-01  8.62617441E-03 -2.40313927E-03  8.36843413E-04
 -6.91794530E-01  8.70944338E-03 -2.42215180E-03  8.41097378E-04
 -6.90460307E-01  8.79330010E-03 -2.44125833E-03  8.45352751E-04
 -6.89126084E-01  8.87774753E-03 -2.46045906E-03  8.49609431E-04
 -6.87791861E-01  8.96278865E-03 -2.47975420E-03  8.53867315E-04
 -6.86457638E-01  9.04842643E-03 -2.49914398E-03  8.58126300E-04
 -6.85123416E-01  9.13466386E-03 -2.51862859E-03  8.62386284E-04
 -6.83789193E-01  9.22150394E-03 -2.53820825E-03  8.66647162E-04
 -6.82454970E-01  9.30894969E-03 -2.55788318E-03  8.70908832E-04
 -6.81120747E-01  9.39700412E-03 -2.57765357E-03  8.75171188E-04
 -6.79786524E-01  9.48567027E-03 -2.59751964E-03  8.79434127E-04
 -6.78452302E-01  9.57495117E-03 -2.61748159E-03  8.83697543E-04
 -6.77118079E-01  9.66484989E-03 -2.63753964E-03  8.87961330E-04
 -6.75783856E-01  9.75536948E-03 -2.65769399E-03  8.92225383E-04
 -6.74449633E-01  9.84651303E-03 -2.67794485E-03  8.96489595E-04
 -6.73115410E-01  9.93828360E-03 -2.69829243E-03  9.00753860E-04
 -6.71781187E-01  1.00306843E-02 -2.71873693E-03  9.05018071E-04
 -6.70446965E-01  1.01237183E-02 -2.73927856E-03  9.09282121E-04
 -6.69112742E-01  1.02173886E-02 -2.75991753E-03  9.13545901E-04
 -6.67778519E-01  1.03116984E-02 -2.78065404E-03  9.17809303E-04
 -6.66444296E-01  1.04066508E-02 -2.80148829E-03  9.22072219E-04
 -6.65110073E-01  1.05022490E-02 -2.82242049E-03  9.26334540E-04
 -6.63775851E-01  1.05984961E-02 -2.84345084E-03  9.30596156E-04
 -6.62441628E-01  1.06953953E-02 -2.86457955E-03  9.34856958E-04
 -6.61107405E-01  1.07929499E-02 -2.88580682E-03  9.39116836E-04
 -6.59773182E-01  1.08911629E-02 -2.90713285E-03  9.43375679E-04
 -6.58438959E-01  1.09900376E-02 -2.92855784E-03  9.47633376E-04
 -6.57104736E-01  1.10895772E-02 -2.95008200E-03  9.51889815E-04
 -6.55770514E-01  1.11897850E-02 -2.97170553E-03  9.56144886E-04
 -6.54436291E-01  1.12906641E-02 -2.99342862E-03  9.60398476E-04
 -6.53102068E-01  1.13922179E-02 -3.01525148E-03  9.64650472E-04
 -6.51767845E-01  1.14944495E-02 -3.03717431E-03  9.68900763E-04
 -6.50433622E-01  1.15973623E-02 -3.05919730E-03  9.73149233E-04
 -6.49099400E-01  1.17009595E-02 -3.08132065E-03  9.77395771E-04
 -6.47765177E-01  1.18052445E-02 -3.10354456E-03  9.81640262E-04
 -6.46430954E-01  1.19102205E-02 -3.12586924E-03  9.85882591E-04
 -6.45096731E-01  1.20158909E-02 -3.14829487E-03  9.90122645E-04
 -6.43762508E-01  1.21222590E-02 -3.17082165E-03  9.94360307E-04
 -6.42428286E-01  1.22293281E-02 -3.19344978E-03  9.98595462E-04
 -6.41094063E-01  1.23371016E-02 -3.21617945E-03  1.00282800E-03
 -6.39759840E-01  1.24455828E-02 -3.23901086E-03  1.00705779E-03
 -6.38425617E-01  1.25547752E-02 -3.26194420E-03  1.01128473E-03
 -6.37091394E-01  1.26646820E-02 -3.28497967E-03  1.01550869E-03
 -6.35757171E-01  1.27753067E-02 -3.30811745E-03  1.01972957E-03
 -6.34422949E-01  1.28866528E-02 -3.33135775E-03  1.02394724E-03
 -6.33088726E-01  1.29987236E-02 -3.35470075E-03  1.02816158E-03
 -6.31754503E-01  1.31115225E-02 -3.37814664E-03  1.03237248E-03
 -6.30420280E-01  1.32250531E-02 -3.40169562E-03  1.03657982E-03
 -6.29086057E-01  1.33393187E-02 -3.42534788E-03  1.04078347E-03
 -6.27751835E-01  1.34543228E-02 -3.44910360E-03  1.04498332E-03
 -6.26417612E-01  1.35700690E-02 -3.47296297E-03  1.04917925E-03
 -6.25083389E-01  1.36865606E-02 -3.49692618E-03  1.05337114E-03
 -6.23749166E-01  1.38038013E-02 -3.52099343E-03  1.05755887E-03
 -6.22414943E-01  1.39217944E-02 -3.54516489E-03  1.06174231E-03
 -6.21080720E-01  1.40405436E-02 -3.56944076E-03  1.06592135E-03
 -6.19746498E-01  1.41600524E-02 -3.59382122E-03  1.07009585E-03
 -6.18412275E-01  1.42803243E-02 -3.61830645E-03  1.07426571E-03
 -6.17078052E-01  1.44013629E-02 -3.64289664E-03  1.07843080E-03
 -6.15743829E-01  1.45231717E-02 -3.66759198E-03  1.08259099E-03
 -6.14409606E-01  1.46457544E-02 -3.69239264E-03  1.08674617E-03
 -6.13075384E-01  1.47691146E-02 -3.71729882E-03  1.09089620E-03
 -6.11741161E-01  1.48932558E-02 -3.74231068E-03  1.09504097E-03
 -6.10406938E-01  1.50181816E-02 -3.76742842E-03  1.09918035E-03
 -6.09072715E-01  1.51438958E-02 -3.79265222E-03  1.10331421E-03
 -6.07738492E-01  1.52704019E-02 -3.81798225E-03  1.10744244E-03
 -6.06404270E-01  1.53977036E-02 -3.84341869E-03  1.11156490E-03
 -6.05070047E-01  1.55258046E-02 -3.86896173E-03  1.11568146E-03
 -6.03735824E-01  1.56547086E-02 -3.89461154E-03  1.11979202E-03
 -6.02401601E-01  1.57844192E-02 -3.92036830E-03  1.12389642E-03
 -6.01067378E-01  1.59149402E-02 -3.94623218E-03  1.12799456E-03
 -5.99733155E-01  1.60462753E-02 -3.97220337E-03  1.13208630E-03
 -5.98398933E-01  1.61784282E-02 -3.99828203E-03  1.13617152E-03
 -5.97064710E-01  1.63114026E-02 -4.02446834E-03  1.14025008E-03
 -5.95730487E-01  1.64452023E-02 -4.05076248E-03  1.14432186E-03
 -5.94396264E-01  1.65798312E-02 -4.07716462E-03  1.14838674E-03
 -5.93062041E-01  1.67152928E-02 -4.10367493E-03  1.15244457E-03
 -5.91727819E-01  1.68515912E-02 -4.13029359E-03  1.15649524E-03
 -5.90393596E-01  1.69887299E-02 -4.15702075E-03  1.16053861E-03
 -5.89059373E-01  1.71267130E-02 -4.18385661E-03  1.16457455E-03
 -5.87725150E-01  1.72655442E-02 -4.21080131E-03  1.16860293E-03
 -5.86390927E-01  1.74052273E-02 -4.23785504E-03  1.17262363E-03
 -5.85056704E-01  1.75457662E-02 -4.26501796E-03  1.17663651E-03
 -5.83722482E-01  1.76871648E-02 -4.29229024E-03  1.18064144E-03
 -5.82388259E-01  1.78294269E-02 -4.31967205E-03  1.18463828E-03
 -5.81054036E-01  1.79725565E-02 -4.34716354E-03  1.18862691E-03
 -5.79719813E-01  1.81165574E-02 -4.37476490E-03  1.19260720E-03
 -5.78385590E-01  1.82614336E-02 -4.40247627E-03  1.19657901E-03
 -5.77051368E-01  1.84071890E-02 -4.43029782E-03  1.20054220E-03
 -5.75717145E-01  1.85538276E-02 -4.45822972E-03  1.20449665E-03
 -5.74382922E-01  1.87013532E-02 -4.48627213E-03  1.20844222E-03
 -5.73048699E-01  1.88497699E-02 -4.51442521E-03  1.21237878E-03
 -5.71714476E-01  1.89990817E-02 -4.54268912E-03  1.21630619E-03
 -5.70380254E-01  1.91492926E-02 -4.57106402E-03  1.22022432E-03
 -5.69046031E-01  1.93004064E-02 -4.59955006E-03  1.22413304E-03
 -5.67711808E-01  1.94524274E-02 -4.62814742E-03  1.22803220E-03
 -5.66377585E-01  1.96053595E-02 -4.65685623E-03  1.23192167E-03
 -5.65043362E-01  1.97592068E-02 -4.68567666E-03  1.23580133E-03
 -5.63709139E-01  1.99139733E-02 -4.71460886E-03  1.23967102E-03
 -5.62374917E-01  2.00696631E-02 -4.74365300E-03  1.24353061E-03
 -5.61040694E-01  2.02262802E-02 -4.77280921E-03  1.24737997E-03
 -5.59706471E-01  2.03838289E-02 -4.80207766E-03  1.25121897E-03
 -5.58372248E-01  2.05423132E-02 -4.83145850E-03  1.25504745E-03
 -5.57038025E-01  2.07017371E-02 -4.86095187E-03  1.25886529E-03
 -5.55703803E-01  2.08621050E-02 -4.89055793E-03  1.26267234E-03
 -5.54369580E-01  2.10234209E-02 -4.92027683E-03  1.26646848E-03
 -5.53035357E-01  2.11856890E-02 -4.95010871E-03  1.27025355E-03
 -5.51701134E-01  2.13489134E-02 -4.98005373E-03  1.27402742E-03
 -5.50366911E-01  2.15130984E-02 -5.01011202E-03  1.27778995E-03
 -5.49032688E-01  2.16782482E-02 -5.04028374E-03  1.28154101E-03
 -5.47698466E-01  2.18443669E-02 -5.07056903E-03  1.28528044E-03
 -5.46364243E-01  2.20114589E-02 -5.10096803E-03  1.28900811E-03
 -5.45030020E-01  2.21795283E-02 -5.13148089E-03  1.29272389E-03
 -5.43695797E-01  2.23485795E-02 -5.16210774E-03  1.29642762E-03
 -5.42361574E-01  2.25186167E-02 -5.19284874E-03  1.30011917E-03
 -5.41027352E-01  2.26896442E-02 -5.22370402E-03  1.30379840E-03
 -5.39693129E-01  2.28616662E-02 -5.25467371E-03  1.30746517E-03
 -5.38358906E-01  2.30346872E-02 -5.28575796E-03  1.31111932E-03
 -5.37024683E-01  2.32087114E-02 -5.31695691E-03  1.31476073E-03
 -5.35690460E-01  2.33837432E-02 -5.34827068E-03  1.31838924E-03
 -5.34356237E-01  2.35597869E-02 -5.37969942E-03  1.32200471E-03
 -5.33022015E-01  2.37368469E-02 -5.41124327E-03  1.32560701E-03
 -5.31687792E-01  2.39149276E-02 -5.44290234E-03  1.32919599E-03
 -5.30353569E-01  2.40940334E-02 -5.47467678E-03  1.33277150E-03
 -5.29019346E-01  2.42741687E-02 -5.50656672E-03  1.33633340E-03
 -5.27685123E-01  2.44553379E-02 -5.53857229E-03  1.33988154E-03
 -5.26350901E-01  2.46375455E-02 -5.57069361E-03  1.34341578E-03
 -5.25016678E-01  2.48207959E-02 -5.60293082E-03  1.34693598E-03
 -5.23682455E-01  2.50050936E-02 -5.63528404E-03  1.35044199E-03
 -5.22348232E-01  2.51904430E-02 -5.66775340E-03  1.35393367E-03
 -5.21014009E-01  2.53768487E-02 -5.70033902E-03  1.35741086E-03
 -5.19679787E-01  2.55643152E-02 -5.73304103E-03  1.36087342E-03
 -5.18345564E-01  2.57528469E-02 -5.76585956E-03  1.36432122E-03
 -5.17011341E-01  2.59424485E-02 -5.79879472E-03  1.36775409E-03
 -5.15677118E-01  2.61331244E-02 -5.83184663E-03  1.37117189E-03
 -5.14342895E-01  2.63248794E-02 -5.86501542E-03  1.37457448E-03
 -5.13008672E-01  2.65177178E-02 -5.89830120E-03  1.37796171E-03
 -5.11674450E-01  2.67116443E-02 -5.93170410E-03  1.38133343E-03
 -5.10340227E-01  2.69066636E-02 -5.96522422E-03  1.38468949E-03
 -5.09006004E-01  2.71027803E-02 -5.99886169E-03  1.38802974E-03
 -5.07671781E-01  2.72999989E-02 -6.03261662E-03  1.39135404E-03
 -5.06337558E-01  2.74983242E-02 -6.06648912E-03  1.39466224E-03
 -5.05003336E-01  2.76977608E-02 -6.10047931E-03  1.39795418E-03
 -5.03669113E-01  2.78983133E-02 -6.13458729E-03  1.40122973E-03
 -5.02334890E-01  2.80999866E-02 -6.16881318E-03  1.40448872E-03
 -5.01000667E-01  2.83027852E-02 -6.20315709E-03  1.40773101E-03
 -4.99666444E-01  2.85067140E-02 -6.23761912E-03  1.41095645E-03
 -4.98332221E-01  2.87117777E-02 -6.27219938E-03  1.41416489E-03
 -4.96997999E-01  2.89179809E-02 -6.30689798E-03  1.41735617E-03
 -4.95663776E-01  2.91253285E-02 -6.34171502E-03  1.42053016E-03
 -4.94329553E-01  2.93338253E-02 -6.37665060E-03  1.42368669E-03
 -4.92995330E-01  2.95434761E-02 -6.41170483E-03  1.42682562E-03
 -4.91661107E-01  2.97542856E-02 -6.44687781E-03  1.42994679E-03
 -4.90326885E-01  2.99662588E-02 -6.48216963E-03  1.43305005E-03
 -4.88992662E-01  3.01794003E-02 -6.51758040E-03  1.43613525E-03
 -4.87658439E-01  3.03937152E-02 -6.55311022E-03  1.43920224E-03
 -4.86324216E-01  3.06092083E-02 -6.58875917E-03  1.44225086E-03
 -4.84989993E-01  3.08258844E-02 -6.62452736E-03  1.44528097E-03
 -4.83655771E-01  3.10437485E-02 -6.66041488E-03  1.44829240E-03
 -4.82321548E-01  3.12628055E-02 -6.69642182E-03  1.45128501E-03
 -4.80987325E-01  3.14830602E-02 -6.73254827E-03  1.45425865E-03
 -4.79653102E-01  3.17045178E-02 -6.76879433E-03  1.45721315E-03
 -4.78318879E-01  3.19271830E-02 -6.80516008E-03  1.46014837E-03
 -4.76984656E-01  3.21510610E-02 -6.84164561E-03  1.46306415E-03
 -4.75650434E-01  3.23761567E-02 -6.87825100E-03  1.46596034E-03
 -4.74316211E-01  3.26024750E-02 -6.91497635E-03  1.46883678E-03
 -4.72981988E-01  3.28300211E-02 -6.95182173E-03  1.47169332E-03
 -4.71647765E-01  3.30587999E-02 -6.98878723E-03  1.47452980E-03
 -4.70313542E-01  3.32888166E-02 -7.02587293E-03  1.47734607E-03
 -4.68979320E-01  3.35200761E-02 -7.06307891E-03  1.48014198E-03
 -4.67645097E-01  3.37525836E-02 -7.10040525E-03  1.48291735E-03
 -4.66310874E-01  3.39863442E-02 -7.13785202E-03  1.48567206E-03
 -4.64976651E-01  3.42213629E-02 -7.17541931E-03  1.48840592E-03
 -4.63642428E-01  3.44576450E-02 -7.21310719E-03  1.49111880E-03
 -4.62308205E-01  3.46951955E-02 -7.25091572E-03  1.49381052E-03
 -4.60973983E-01  3.49340196E-02 -7.28884499E-03  1.49648095E-03
 -4.59639760E-01  3.51741226E-02 -7.32689506E-03  1.49912991E-03
 -4.58305537E-01  3.54155095E-02 -7.36506601E-03  1.50175726E-03
 -4.56971314E-01  3.56581856E-02 -7.40335790E-03  1.50436283E-03
 -4.55637091E-01  3.59021562E-02 -7.44177079E-03  1.50694647E-03
 -4.54302869E-01  3.61474264E-02 -7.48030476E-03  1.50950802E-03
 -4.52968646E-01  3.63940015E-02 -7.51895987E-03  1.51204732E-03
 -4.51634423E-01  3.66418868E-02 -7.55773618E-03  1.51456422E-03
 -4.50300200E-01  3.68910876E-02 -7.59663376E-03  1.51705855E-03
 -4.48965977E-01  3.71416092E-02 -7.63565266E-03  1.51953017E-03
 -4.47631755E-01  3.73934568E-02 -7.67479293E-03  1.52197890E-03
 -4.46297532E-01  3.76466359E-02 -7.71405465E-03  1.52440460E-03
 -4.44963309E-01  3.79011518E-02 -7.75343786E-03  1.52680709E-03
 -4.43629086E-01  3.81570099E-02 -7.79294262E-03  1.52918624E-03
 -4.42294863E-01  3.84142154E-02 -7.83256898E-03  1.53154186E-03
 -4.40960640E-01  3.86727739E-02 -7.87231700E-03  1.53387381E-03
 -4.39626418E-01  3.89326908E-02 -7.91218672E-03  1.53618193E-03
 -4.38292195E-01  3.91939714E-02 -7.95217819E-03  1.53846606E-03
 -4.36957972E-01  3.94566213E-02 -7.99229146E-03  1.54072603E-03
 -4.35623749E-01  3.97206458E-02 -8.03252657E-03  1.54296169E-03
 -4.34289526E-01  3.99860505E-02 -8.07288358E-03  1.54517287E-03
 -4.32955304E-01  4.02528409E-02 -8.11336252E-03  1.54735943E-03
 -4.31621081E-01  4.05210224E-02 -8.15396343E-03  1.54952118E-03
 -4.30286858E-01  4.07906007E-02 -8.19468635E-03  1.55165799E-03
 -4.28952635E-01  4.10615812E-02 -8.23553132E-03  1.55376968E-03
 -4.27618412E-01  4.13339695E-02 -8.27649839E-03  1.55585609E-03
 -4.26284189E-01  4.16077712E-02 -8.31758757E-03  1.55791707E-03
 -4.24949967E-01  4.18829919E-02 -8.35879891E-03  1.55995245E-03
 -4.23615744E-01  4.21596372E-02 -8.40013245E-03  1.56196207E-03
 -4.22281521E-01  4.24377127E-02 -8.44158820E-03  1.56394577E-03
 -4.20947298E-01  4.27172241E-02 -8.48316620E-03  1.56590338E-03
 -4.19613075E-01  4.29981770E-02 -8.52486648E-03  1.56783476E-03
 -4.18278853E-01  4.32805771E-02 -8.56668907E-03  1.56973973E-03
 -4.16944630E-01  4.35644301E-02 -8.60863398E-03  1.57161813E-03
 -4.15610407E-01  4.38497417E-02 -8.65070124E-03  1.57346980E-03
 -4.14276184E-01  4.41365176E-02 -8.69289087E-03  1.57529458E-03
 -4.12941961E-01  4.44247637E-02 -8.73520289E-03  1.57709231E-03
 -4.11607738E-01  4.47144855E-02 -8.77763733E-03  1.57886283E-03
 -4.10273516E-01  4.50056890E-02 -8.82019419E-03  1.58060596E-03
 -4.08939293E-01  4.52983799E-02 -8.86287349E-03  1.58232155E-03
 -4.07605070E-01  4.55925640E-02 -8.90567524E-03  1.58400944E-03
 -4.06270847E-01  4.58882472E-02 -8.94859947E-03  1.58566947E-03
 -4.04936624E-01  4.61854353E-02 -8.99164616E-03  1.58730146E-03
 -4.03602402E-01  4.64841341E-02 -9.03481534E-03  1.58890527E-03
 -4.02268179E-01  4.67843496E-02 -9.07810702E-03  1.59048072E-03
 -4.00933956E-01  4.70860877E-02 -9.12152119E-03  1.59202765E-03
 -3.99599733E-01  4.73893541E-02 -9.16505786E-03  1.59354589E-03
 -3.98265510E-01  4.76941550E-02 -9.20871703E-03  1.59503530E-03
 -3.96931288E-01  4.80004962E-02 -9.25249870E-03  1.59649569E-03
 -3.95597065E-01  4.83083837E-02 -9.29640287E-03  1.59792692E-03
 -3.94262842E-01  4.86178235E-02 -9.34042954E-03  1.59932881E-03
 -3.92928619E-01  4.89288216E-02 -9.38457870E-03  1.60070120E-03
 -3.91594396E-01  4.92413840E-02 -9.42885035E-03  1.60204392E-03
 -3.90260173E-01  4.95555167E-02 -9.47324447E-03  1.60335682E-03
 -3.88925951E-01  4.98712258E-02 -9.51776106E-03  1.60463973E-03
 -3.87591728E-01  5.01885174E-02 -9.56240010E-03  1.60589249E-03
 -3.86257505E-01  5.05073975E-02 -9.60716158E-03  1.60711493E-03
 -3.84923282E-01  5.08278723E-02 -9.65204549E-03  1.60830688E-03
 -3.83589059E-01  5.11499478E-02 -9.69705180E-03  1.60946819E-03
 -3.82254837E-01  5.14736303E-02 -9.74218051E-03  1.61059869E-03
 -3.80920614E-01  5.17989259E-02 -9.78743158E-03  1.61169821E-03
 -3.79586391E-01  5.21258407E-02 -9.83280499E-03  1.61276659E-03
 -3.78252168E-01  5.24543810E-02 -9.87830073E-03  1.61380367E-03
 -3.76917945E-01  5.27845529E-02 -9.92391877E-03  1.61480928E-03
 -3.75583722E-01  5.31163627E-02 -9.96965907E-03  1.61578326E-03
 -3.74249500E-01  5.34498167E-02 -1.00155216E-02  1.61672544E-03
 -3.72915277E-01  5.37849211E-02 -1.00615063E-02  1.61763566E-03
 -3.71581054E-01  5.41216821E-02 -1.01076133E-02  1.61851375E-03
 -3.70246831E-01  5.44601062E-02 -1.01538423E-02  1.61935955E-03
 -3.68912608E-01  5.48001995E-02 -1.02001935E-02  1.62017290E-03
 -3.67578386E-01  5.51419685E-02 -1.02466667E-02  1.62095363E-03
 -3.66244163E-01  5.54854195E-02 -1.02932619E-02  1.62170157E-03
 -3.64909940E-01  5.58305589E-02 -1.03399791E-02  1.62241656E-03
 -3.63575717E-01  5.61773931E-02 -1.03868183E-02  1.62309844E-03
 -3.62241494E-01  5.65259284E-02 -1.04337793E-02  1.62374704E-03
 -3.60907272E-01  5.68761713E-02 -1.04808622E-02  1.62436220E-03
 -3.59573049E-01  5.72281283E-02 -1.05280668E-02  1.62494375E-03
 -3.58238826E-01  5.75818058E-02 -1.05753932E-02  1.62549152E-03
 -3.56904603E-01  5.79372103E-02 -1.06228413E-02  1.62600536E-03
 -3.55570380E-01  5.82943484E-02 -1.06704110E-02  1.62648510E-03
 -3.54236157E-01  5.86532264E-02 -1.07181022E-02  1.62693057E-03
 -3.52901935E-01  5.90138510E-02 -1.07659150E-02  1.62734160E-03
 -3.51567712E-01  5.93762287E-02 -1.08138492E-02  1.62771804E-03
 -3.50233489E-01  5.97403662E-02 -1.08619048E-02  1.62805972E-03
 -3.48899266E-01  6.01062699E-02 -1.09100817E-02  1.62836647E-03
 -3.47565043E-01  6.04739465E-02 -1.09583799E-02  1.62863813E-03
 -3.46230821E-01  6.08434027E-02 -1.10067992E-02  1.62887454E-03
 -3.44896598E-01  6.12146450E-02 -1.10553396E-02  1.62907553E-03
 -3.43562375E-01  6.15876802E-02 -1.11040011E-02  1.62924093E-03
 -3.42228152E-01  6.19625150E-02 -1.11527835E-02  1.62937058E-03
 -3.40893929E-01  6.23391560E-02 -1.12016868E-02  1.62946432E-03
 -3.39559706E-01  6.27176100E-02 -1.12507109E-02  1.62952198E-03
 -3.38225484E-01  6.30978837E-02 -1.12998557E-02  1.62954340E-03
 -3.36891261E-01  6.34799839E-02 -1.13491211E-02  1.62952842E-03
 -3.35557038E-01  6.38639173E-02 -1.13985071E-02  1.62947686E-03
 -3.34222815E-01  6.42496909E-02 -1.14480135E-02  1.62938856E-03
 -3.32888592E-01  6.46373113E-02 -1.14976403E-02  1.62926337E-03
 -3.31554370E-01  6.50267855E-02 -1.15473874E-02  1.62910111E-03
 -3.30220147E-01  6.54181202E-02 -1.15972547E-02  1.62890162E-03
 -3.28885924E-01  6.58113224E-02 -1.16472420E-02  1.62866474E-03
 -3.27551701E-01  6.62063990E-02 -1.16973493E-02  1.62839031E-03
 -3.26217478E-01  6.66033569E-02 -1.17475765E-02  1.62807816E-03
 -3.24883256E-01  6.70022030E-02 -1.17979235E-02  1.62772812E-03
 -3.23549033E-01  6.74029443E-02 -1.18483902E-02  1.62734003E-03
 -3.22214810E-01  6.78055877E-02 -1.18989764E-02  1.62691373E-03
 -3.20880587E-01  6.82101403E-02 -1.19496820E-02  1.62644906E-03
 -3.19546364E-01  6.86166091E-02 -1.20005071E-02  1.62594585E-03
 -3.18212141E-01  6.90250010E-02 -1.20514513E-02  1.62540394E-03
 -3.16877919E-01  6.94353232E-02 -1.21025147E-02  1.62482316E-03
 -3.15543696E-01  6.98475827E-02 -1.21536970E-02  1.62420336E-03
 -3.14209473E-01  7.02617866E-02 -1.22049983E-02  1.62354436E-03
 -3.12875250E-01  7.06779421E-02 -1.22564183E-02  1.62284601E-03
 -3.11541027E-01  7.10960562E-02 -1.23079569E-02  1.62210814E-03
 -3.10206805E-01  7.15161361E-02 -1.23596140E-02  1.62133059E-03
 -3.08872582E-01  7.19381889E-02 -1.24113895E-02  1.62051320E-03
 -3.07538359E-01  7.23622220E-02 -1.24632832E-02  1.61965580E-03
 -3.06204136E-01  7.27882424E-02 -1.25152950E-02  1.61875823E-03
 -3.04869913E-01  7.32162575E-02 -1.25674248E-02  1.61782034E-03
 -3.03535690E-01  7.36462744E-02 -1.26196725E-02  1.61684195E-03
 -3.02201468E-01  7.40783004E-02 -1.26720378E-02  1.61582291E-03
 -3.00867245E-01  7.45123429E-02 -1.27245206E-02  1.61476305E-03
 -2.99533022E-01  7.49484091E-02 -1.27771209E-02  1.61366222E-03
 -2.98198799E-01  7.53865064E-02 -1.28298384E-02  1.61252024E-03
 -2.96864576E-01  7.58266420E-02 -1.28826730E-02  1.61133696E-03
 -2.95530354E-01  7.62688235E-02 -1.29356246E-02  1.61011222E-03
 -2.94196131E-01  7.67130582E-02 -1.29886930E-02  1.60884586E-03
 -2.92861908E-01  7.71593534E-02 -1.30418780E-02  1.60753771E-03
 -2.91527685E-01  7.76077167E-02 -1.30951795E-02  1.60618762E-03
 -2.90193462E-01  7.80581554E-02 -1.31485973E-02  1.60479542E-03
 -2.88859239E-01  7.85106771E-02 -1.32021312E-02  1.60336096E-03
 -2.87525017E-01  7.89652893E-02 -1.32557812E-02  1.60188407E-03
 -2.86190794E-01  7.94219994E-02 -1.33095469E-02  1.60036459E-03
 -2.84856571E-01  7.98808150E-02 -1.33634283E-02  1.59880236E-03
 -2.83522348E-01  8.03417437E-02 -1.34174252E-02  1.59719723E-03
 -2.82188125E-01  8.08047929E-02 -1.34715374E-02  1.59554903E-03
 -2.80853903E-01  8.12699704E-02 -1.35257646E-02  1.59385761E-03
 -2.79519680E-01  8.17372838E-02 -1.35801068E-02  1.59212280E-03
 -2.78185457E-01  8.22067406E-02 -1.36345638E-02  1.59034444E-03
 -2.76851234E-01  8.26783485E-02 -1.36891353E-02  1.58852239E-03
 -2.75517011E-01  8.31521153E-02 -1.37438212E-02  1.58665647E-03
 -2.74182789E-01  8.36280486E-02 -1.37986213E-02  1.58474654E-03
 -2.72848566E-01  8.41061561E-02 -1.38535354E-02  1.58279242E-03
 -2.71514343E-01  8.45864456E-02 -1.39085633E-02  1.58079397E-03
 -2.70180120E-01  8.50689249E-02 -1.39637047E-02  1.57875103E-03
 -2.68845897E-01  8.55536016E-02 -1.40189596E-02  1.57666344E-03
 -2.67511674E-01  8.60404837E-02 -1.40743276E-02  1.57453104E-03
 -2.66177452E-01  8.65295790E-02 -1.41298086E-02  1.57235367E-03
 -2.64843229E-01  8.70208953E-02 -1.41854024E-02  1.57013118E-03
 -2.63509006E-01  8.75144405E-02 -1.42411088E-02  1.56786342E-03
 -2.62174783E-01  8.80102224E-02 -1.42969275E-02  1.56555021E-03
 -2.60840560E-01  8.85082490E-02 -1.43528583E-02  1.56319142E-03
 -2.59506338E-01  8.90085282E-02 -1.44089011E-02  1.56078689E-03
 -2.58172115E-01  8.95110680E-02 -1.44650555E-02  1.55833645E-03
 -2.56837892E-01  9.00158763E-02 -1.45213214E-02  1.55583995E-03
 -2.55503669E-01  9.05229612E-02 -1.45776985E-02  1.55329725E-03
 -2.54169446E-01  9.10323307E-02 -1.46341867E-02  1.55070817E-03
 -2.52835223E-01  9.15439927E-02 -1.46907856E-02  1.54807258E-03
 -2.51501001E-01  9.20579554E-02 -1.47474951E-02  1.54539031E-03
 -2.50166778E-01  9.25742269E-02 -1.48043148E-02  1.54266121E-03
 -2.48832555E-01  9.30928152E-02 -1.48612446E-02  1.53988513E-03
 -2.47498332E-01  9.36137284E-02 -1.49182843E-02  1.53706191E-03
 -2.46164109E-01  9.41369749E-02 -1.49754335E-02  1.53419141E-03
 -2.44829887E-01  9.46625626E-02 -1.50326920E-02  1.53127346E-03
 -2.43495664E-01  9.51904998E-02 -1.50900596E-02  1.52830793E-03
 -2.42161441E-01  9.57207947E-02 -1.51475360E-02  1.52529464E-03
 -2.40827218E-01  9.62534556E-02 -1.52051210E-02  1.52223346E-03
 -2.39492995E-01  9.67884906E-02 -1.52628142E-02  1.51912423E-03
 -2.38158773E-01  9.73259082E-02 -1.53206155E-02  1.51596680E-03
 -2.36824550E-01  9.78657165E-02 -1.53785246E-02  1.51276103E-03
 -2.35490327E-01  9.84079239E-02 -1.54365412E-02  1.50950675E-03
 -2.34156104E-01  9.89525388E-02 -1.54946650E-02  1.50620382E-03
 -2.32821881E-01  9.94995696E-02 -1.55528957E-02  1.50285209E-03
 -2.31487658E-01  1.00049025E-01 -1.56112332E-02  1.49945141E-03
 -2.30153436E-01  1.00600912E-01 -1.56696770E-02  1.49600163E-03
 -2.28819213E-01  1.01155241E-01 -1.57282270E-02  1.49250261E-03
 -2.27484990E-01  1.01712019E-01 -1.57868828E-02  1.48895419E-03
 -2.26150767E-01  1.02271255E-01 -1.58456441E-02  1.48535623E-03
 -2.24816544E-01  1.02832958E-01 -1.59045107E-02  1.48170857E-03
 -2.23482322E-01  1.03397136E-01 -1.59634823E-02  1.47801108E-03
 -2.22148099E-01  1.03963797E-01 -1.60225585E-02  1.47426361E-03
 -2.20813876E-01  1.04532950E-01 -1.60817391E-02  1.47046600E-03
 -2.19479653E-01  1.05104605E-01 -1.61410238E-02  1.46661812E-03
 -2.18145430E-01  1.05678768E-01 -1.62004122E-02  1.46271981E-03
 -2.16811207E-01  1.06255450E-01 -1.62599040E-02  1.45877094E-03
 -2.15476985E-01  1.06834658E-01 -1.63194990E-02  1.45477136E-03
 -2.14142762E-01  1.07416402E-01 -1.63791968E-02  1.45072091E-03
 -2.12808539E-01  1.08000689E-01 -1.64389971E-02  1.44661947E-03
 -2.11474316E-01  1.08587530E-01 -1.64988996E-02  1.44246688E-03
 -2.10140093E-01  1.09176932E-01 -1.65589040E-02  1.43826301E-03
 -2.08805871E-01  1.09768904E-01 -1.66190099E-02  1.43400770E-03
 -2.07471648E-01  1.10363456E-01 -1.66792170E-02  1.42970082E-03
 -2.06137425E-01  1.10960595E-01 -1.67395250E-02  1.42534223E-03
 -2.04803202E-01  1.11560332E-01 -1.67999335E-02  1.42093179E-03
 -2.03468979E-01  1.12162674E-01 -1.68604422E-02  1.41646934E-03
 -2.02134757E-01  1.12767630E-01 -1.69210508E-02  1.41195476E-03
 -2.00800534E-01  1.13375210E-01 -1.69817588E-02  1.40738790E-03
 -1.99466311E-01  1.13985422E-01 -1.70425661E-02  1.40276863E-03
 -1.98132088E-01  1.14598276E-01 -1.71034721E-02  1.39809680E-03
 -1.96797865E-01  1.15213780E-01 -1.71644767E-02  1.39337228E-03
 -1.95463642E-01  1.15831944E-01 -1.72255793E-02  1.38859492E-03
 -1.94129420E-01  1.16452776E-01 -1.72867796E-02  1.38376459E-03
 -1.92795197E-01  1.17076285E-01 -1.73480774E-02  1.37888116E-03
 -1.91460974E-01  1.17702481E-01 -1.74094721E-02  1.37394448E-03
 -1.90126751E-01  1.18331373E-01 -1.74709635E-02  1.36895443E-03
 -1.88792528E-01  1.18962969E-01 -1.75325512E-02  1.36391085E-03
 -1.87458306E-01  1.19597279E-01 -1.75942347E-02  1.35881363E-03
 -1.86124083E-01  1.20234313E-01 -1.76560138E-02  1.35366262E-03
 -1.84789860E-01  1.20874078E-01 -1.77178880E-02  1.34845769E-03
 -1.83455637E-01  1.21516585E-01 -1.77798570E-02  1.34319871E-03
 -1.82121414E-01  1.22161843E-01 -1.78419203E-02  1.33788554E-03
 -1.80787191E-01  1.22809861E-01 -1.79040776E-02  1.33251805E-03
 -1.79452969E-01  1.23460649E-01 -1.79663284E-02  1.32709611E-03
 -1.78118746E-01  1.24114215E-01 -1.80286724E-02  1.32161959E-03
 -1.76784523E-01  1.24770569E-01 -1.80911092E-02  1.31608835E-03
 -1.75450300E-01  1.25429720E-01 -1.81536383E-02  1.31050227E-03
 -1.74116077E-01  1.26091679E-01 -1.82162594E-02  1.30486122E-03
 -1.72781855E-01  1.26756453E-01 -1.82789721E-02  1.29916506E-03
 -1.71447632E-01  1.27424053E-01 -1.83417758E-02  1.29341367E-03
 -1.70113409E-01  1.28094488E-01 -1.84046703E-02  1.28760693E-03
 -1.68779186E-01  1.28767768E-01 -1.84676551E-02  1.28174469E-03
 -1.67444963E-01  1.29443902E-01 -1.85307297E-02  1.27582684E-03
 -1.66110740E-01  1.30122899E-01 -1.85938937E-02  1.26985325E-03
 -1.64776518E-01  1.30804770E-01 -1.86571468E-02  1.26382380E-03
 -1.63442295E-01  1.31489523E-01 -1.87204884E-02  1.25773835E-03
 -1.62108072E-01  1.32177169E-01 -1.87839181E-02  1.25159679E-03
 -1.60773849E-01  1.32867716E-01 -1.88474356E-02  1.24539898E-03
 -1.59439626E-01  1.33561176E-01 -1.89110402E-02  1.23914481E-03
 -1.58105404E-01  1.34257557E-01 -1.89747317E-02  1.23283416E-03
 -1.56771181E-01  1.34956869E-01 -1.90385095E-02  1.22646690E-03
 -1.55436958E-01  1.35659122E-01 -1.91023731E-02  1.22004291E-03
 -1.54102735E-01  1.36364325E-01 -1.91663222E-02  1.21356207E-03
 -1.52768512E-01  1.37072489E-01 -1.92303563E-02  1.20702426E-03
 -1.51434290E-01  1.37783623E-01 -1.92944748E-02  1.20042936E-03
 -1.50100067E-01  1.38497737E-01 -1.93586774E-02  1.19377725E-03
 -1.48765844E-01  1.39214841E-01 -1.94229634E-02  1.18706781E-03
 -1.47431621E-01  1.39934944E-01 -1.94873326E-02  1.18030093E-03
 -1.46097398E-01  1.40658058E-01 -1.95517844E-02  1.17347648E-03
 -1.44763175E-01  1.41384191E-01 -1.96163182E-02  1.16659436E-03
 -1.43428953E-01  1.42113353E-01 -1.96809337E-02  1.15965445E-03
 -1.42094730E-01  1.42845555E-01 -1.97456303E-02  1.15265663E-03
 -1.40760507E-01  1.43580807E-01 -1.98104075E-02  1.14560078E-03
 -1.39426284E-01  1.44319118E-01 -1.98752648E-02  1.13848681E-03
 -1.38092061E-01  1.45060499E-01 -1.99402018E-02  1.13131458E-03
 -1.36757839E-01  1.45804960E-01 -2.00052179E-02  1.12408399E-03
 -1.35423616E-01  1.46552511E-01 -2.00703126E-02  1.11679494E-03
 -1.34089393E-01  1.47303162E-01 -2.01354854E-02  1.10944730E-03
 -1.32755170E-01  1.48056923E-01 -2.02007358E-02  1.10204097E-03
 -1.31420947E-01  1.48813804E-01 -2.02660632E-02  1.09457584E-03
 -1.30086724E-01  1.49573816E-01 -2.03314672E-02  1.08705180E-03
 -1.28752502E-01  1.50336969E-01 -2.03969472E-02  1.07946874E-03
 -1.27418279E-01  1.51103273E-01 -2.04625026E-02  1.07182656E-03
 -1.26084056E-01  1.51872738E-01 -2.05281330E-02  1.06412515E-03
 -1.24749833E-01  1.52645376E-01 -2.05938378E-02  1.05636441E-03
 -1.23415610E-01  1.53421195E-01 -2.06596164E-02  1.04854423E-03
 -1.22081388E-01  1.54200207E-01 -2.07254684E-02  1.04066450E-03
 -1.20747165E-01  1.54982421E-01 -2.07913931E-02  1.03272513E-03
 -1.19412942E-01  1.55767849E-01 -2.08573900E-02  1.02472602E-03
 -1.18078719E-01  1.56556501E-01 -2.09234586E-02  1.01666705E-03
 -1.16744496E-01  1.57348387E-01 -2.09895982E-02  1.00854813E-03
 -1.15410274E-01  1.58143518E-01 -2.10558083E-02  1.00036917E-03
 -1.14076051E-01  1.58941904E-01 -2.11220884E-02  9.92130056E-04
 -1.12741828E-01  1.59743556E-01 -2.11884379E-02  9.83830696E-04
 -1.11407605E-01  1.60548484E-01 -2.12548562E-02  9.75470993E-04
 -1.10073382E-01  1.61356699E-01 -2.13213426E-02  9.67050849E-04
 -1.08739159E-01  1.62168212E-01 -2.13878967E-02  9.58570170E-04
 -1.07404937E-01  1.62983034E-01 -2.14545179E-02  9.50028861E-04
 -1.06070714E-01  1.63801174E-01 -2.15212054E-02  9.41426828E-04
 -1.04736491E-01  1.64622644E-01 -2.15879588E-02  9.32763977E-04
 -1.03402268E-01  1.65447455E-01 -2.16547775E-02  9.24040217E-04
 -1.02068045E-01  1.66275617E-01 -2.17216608E-02  9.15255456E-04
 -1.00733823E-01  1.67107141E-01 -2.17886081E-02  9.06409604E-04
 -9.93995997E-02  1.67942038E-01 -2.18556189E-02  8.97502572E-04
 -9.80653769E-02  1.68780319E-01 -2.19226924E-02  8.88534270E-04
 -9.67311541E-02  1.69621994E-01 -2.19898281E-02  8.79504612E-04
 -9.53969313E-02  1.70467075E-01 -2.20570254E-02  8.70413510E-04
 -9.40627085E-02  1.71315572E-01 -2.21242836E-02  8.61260877E-04
 -9.27284857E-02  1.72167497E-01 -2.21916021E-02  8.52046631E-04
 -9.13942628E-02  1.73022860E-01 -2.22589802E-02  8.42770685E-04
 -9.00600400E-02  1.73881673E-01 -2.23264173E-02  8.33432958E-04
 -8.87258172E-02  1.74743946E-01 -2.23939128E-02  8.24033366E-04
 -8.73915944E-02  1.75609691E-01 -2.24614660E-02  8.14571829E-04
 -8.60573716E-02  1.76478919E-01 -2.25290763E-02  8.05048266E-04
 -8.47231488E-02  1.77351640E-01 -2.25967430E-02  7.95462598E-04
 -8.33889260E-02  1.78227866E-01 -2.26644654E-02  7.85814747E-04
 -8.20547031E-02  1.79107609E-01 -2.27322428E-02  7.76104635E-04
 -8.07204803E-02  1.79990879E-01 -2.28000747E-02  7.66332186E-04
 -7.93862575E-02  1.80877687E-01 -2.28679603E-02  7.56497323E-04
 -7.80520347E-02  1.81768045E-01 -2.29358989E-02  7.46599974E-04
 -7.67178119E-02  1.82661964E-01 -2.30038899E-02  7.36640063E-04
 -7.53835891E-02  1.83559456E-01 -2.30719326E-02  7.26617520E-04
 -7.40493662E-02  1.84460532E-01 -2.31400263E-02  7.16532272E-04
 -7.27151434E-02  1.85365203E-01 -2.32081702E-02  7.06384248E-04
 -7.13809206E-02  1.86273480E-01 -2.32763637E-02  6.96173380E-04
 -7.00466978E-02  1.87185376E-01 -2.33446061E-02  6.85899600E-04
 -6.87124750E-02  1.88100901E-01 -2.34128967E-02  6.75562839E-04
 -6.73782522E-02  1.89020067E-01 -2.34812347E-02  6.65163031E-04
 -6.60440294E-02  1.89942885E-01 -2.35496194E-02  6.54700111E-04
 -6.47098065E-02  1.90869368E-01 -2.36180502E-02  6.44174016E-04
 -6.33755837E-02  1.91799526E-01 -2.36865263E-02  6.33584681E-04
 -6.20413609E-02  1.92733372E-01 -2.37550469E-02  6.22932046E-04
 -6.07071381E-02  1.93670916E-01 -2.38236113E-02  6.12216048E-04
 -5.93729153E-02  1.94612171E-01 -2.38922188E-02  6.01436627E-04
 -5.80386925E-02  1.95557148E-01 -2.39608687E-02  5.90593727E-04
 -5.67044696E-02  1.96505859E-01 -2.40295601E-02  5.79687287E-04
 -5.53702468E-02  1.97458316E-01 -2.40982924E-02  5.68717253E-04
 -5.40360240E-02  1.98414530E-01 -2.41670648E-02  5.57683567E-04
 -5.27018012E-02  1.99374514E-01 -2.42358765E-02  5.46586177E-04
 -5.13675784E-02  2.00338278E-01 -2.43047267E-02  5.35425029E-04
 -5.00333556E-02  2.01305836E-01 -2.43736147E-02  5.24200071E-04
 -4.86991328E-02  2.02277198E-01 -2.44425397E-02  5.12911251E-04
 -4.73649099E-02  2.03252378E-01 -2.45115009E-02  5.01558521E-04
 -4.60306871E-02  2.04231386E-01 -2.45804975E-02  4.90141830E-04
 -4.46964643E-02  2.05214234E-01 -2.46495288E-02  4.78661133E-04
 -4.33622415E-02  2.06200936E-01 -2.47185940E-02  4.67116383E-04
 -4.20280187E-02  2.07191502E-01 -2.47876922E-02  4.55507534E-04
 -4.06937959E-02  2.08185945E-01 -2.48568227E-02  4.43834543E-04
 -3.93595730E-02  2.09184277E-01 -2.49259846E-02  4.32097367E-04
 -3.80253502E-02  2.10186510E-01 -2.49951771E-02  4.20295964E-04
 -3.66911274E-02  2.11192656E-01 -2.50643994E-02  4.08430295E-04
 -3.53569046E-02  2.12202727E-01 -2.51336508E-02  3.96500319E-04
 -3.40226818E-02  2.13216736E-01 -2.52029303E-02  3.84506000E-04
 -3.26884590E-02  2.14234695E-01 -2.52722371E-02  3.72447300E-04
 -3.13542362E-02  2.15256616E-01 -2.53415704E-02  3.60324185E-04
 -3.00200133E-02  2.16282512E-01 -2.54109294E-02  3.48136619E-04
 -2.86857905E-02  2.17312394E-01 -2.54803132E-02  3.35884571E-04
 -2.73515677E-02  2.18346276E-01 -2.55497210E-02  3.23568009E-04
 -2.60173449E-02  2.19384169E-01 -2.56191518E-02  3.11186901E-04
 -2.46831221E-02  2.20426085E-01 -2.56886049E-02  2.98741220E-04
 -2.33488993E-02  2.21472039E-01 -2.57580794E-02  2.86230937E-04
 -2.20146765E-02  2.22522041E-01 -2.58275744E-02  2.73656026E-04
 -2.06804536E-02  2.23576104E-01 -2.58970890E-02  2.61016461E-04
 -1.93462308E-02  2.24634242E-01 -2.59666224E-02  2.48312220E-04
 -1.80120080E-02  2.25696466E-01 -2.60361737E-02  2.35543278E-04
 -1.66777852E-02  2.26762789E-01 -2.61057419E-02  2.22709616E-04
 -1.53435624E-02  2.27833223E-01 -2.61753263E-02  2.09811213E-04
 -1.40093396E-02  2.28907783E-01 -2.62449258E-02  1.96848050E-04
 -1.26751167E-02  2.29986479E-01 -2.63145397E-02  1.83820111E-04
 -1.13408939E-02  2.31069325E-01 -2.63841669E-02  1.70727379E-04
 -1.00066711E-02  2.32156334E-01 -2.64538065E-02  1.57569840E-04
 -8.67244830E-03  2.33247518E-01 -2.65234577E-02  1.44347481E-04
 -7.33822548E-03  2.34342890E-01 -2.65931196E-02  1.31060290E-04
 -6.00400267E-03  2.35442463E-01 -2.66627911E-02  1.17708256E-04
 -4.66977985E-03  2.36546251E-01 -2.67324714E-02  1.04291372E-04
 -3.33555704E-03  2.37654265E-01 -2.68021596E-02  9.08096287E-05
 -2.00133422E-03  2.38766519E-01 -2.68718546E-02  7.72630206E-05
 -6.67111408E-04  2.39883025E-01 -2.69415555E-02  6.36515430E-05
  6.67111408E-04  2.41003797E-01 -2.70112614E-02  4.99751924E-05
  2.00133422E-03  2.42128849E-01 -2.70809713E-02  3.62339671E-05
  3.33555704E-03  2.43258191E-01 -2.71506843E-02  2.24278666E-05
  4.66977985E-03  2.44391839E-01 -2.72203994E-02  8.55689208E-06
  6.00400267E-03  2.45529805E-01 -2.72901156E-02 -5.37895409E-06
  7.33822548E-03  2.46672103E-01 -2.73598319E-02 -1.93796679E-05
  8.67244830E-03  2.47818744E-01 -2.74295474E-02 -3.34452439E-05
  1.00066711E-02  2.48969743E-01 -2.74992610E-02 -4.75756750E-05
  1.13408939E-02  2.50125114E-01 -2.75689718E-02 -6.17709530E-05
  1.26751167E-02  2.51284868E-01 -2.76386787E-02 -7.60310679E-05
  1.40093396E-02  2.52449020E-01 -2.77083808E-02 -9.03560081E-05
  1.53435624E-02  2.53617582E-01 -2.77780771E-02 -1.04745761E-04
  1.66777852E-02  2.54790569E-01 -2.78477665E-02 -1.19200311E-04
  1.80120080E-02  2.55967994E-01 -2.79174480E-02 -1.33719644E-04
  1.93462308E-02  2.57149869E-01 -2.79871205E-02 -1.48303741E-04
  2.06804536E-02  2.58336210E-01 -2.80567832E-02 -1.62952583E-04
  2.20146765E-02  2.59527028E-01 -2.81264348E-02 -1.77666150E-04
  2.33488993E-02  2.60722338E-01 -2.81960744E-02 -1.92444418E-04
  2.46831221E-02  2.61922153E-01 -2.82657009E-02 -2.07287366E-04
  2.60173449E-02  2.63126487E-01 -2.83353133E-02 -2.22194966E-04
  2.73515677E-02  2.64335353E-01 -2.84049106E-02 -2.37167192E-04
  2.86857905E-02  2.65548765E-01 -2.84744915E-02 -2.52204016E-04
  3.00200133E-02  2.66766737E-01 -2.85440552E-02 -2.67305406E-04
  3.13542362E-02  2.67989283E-01 -2.86136004E-02 -2.82471332E-04
  3.26884590E-02  2.69216416E-01 -2.86831262E-02 -2.97701759E-04
  3.40226818E-02  2.70448150E-01 -2.87526314E-02 -3.12996653E-04
  3.53569046E-02  2.71684499E-01 -2.88221149E-02 -3.28355977E-04
  3.66911274E-02  2.72925477E-01 -2.88915757E-02 -3.43779692E-04
  3.80253502E-02  2.74171097E-01 -2.89610126E-02 -3.59267759E-04
  3.93595730E-02  2.75421374E-01 -2.90304246E-02 -3.74820134E-04
  4.06937959E-02  2.76676322E-01 -2.90998105E-02 -3.90436776E-04
  4.20280187E-02  2.77935954E-01 -2.91691692E-02 -4.06117639E-04
  4.33622415E-02  2.79200285E-01 -2.92384996E-02 -4.21862675E-04
  4.46964643E-02  2.80469328E-01 -2.93078005E-02 -4.37671837E-04
  4.60306871E-02  2.81743099E-01 -2.93770708E-02 -4.53545074E-04
  4.73649099E-02  2.83021610E-01 -2.94463094E-02 -4.69482334E-04
  4.86991328E-02  2.84304876E-01 -2.95155152E-02 -4.85483563E-04
  5.00333556E-02  2.85592911E-01 -2.95846869E-02 -5.01548706E-04
  5.13675784E-02  2.86885730E-01 -2.96538234E-02 -5.17677706E-04
  5.27018012E-02  2.88183346E-01 -2.97229236E-02 -5.33870503E-04
  5.40360240E-02  2.89485775E-01 -2.97919862E-02 -5.50127036E-04
  5.53702468E-02  2.90793029E-01 -2.98610102E-02 -5.66447244E-04
  5.67044696E-02  2.92105125E-01 -2.99299942E-02 -5.82831062E-04
  5.80386925E-02  2.93422075E-01 -2.99989372E-02 -5.99278423E-04
  5.93729153E-02  2.94743895E-01 -3.00678380E-02 -6.15789259E-04
  6.07071381E-02  2.96070599E-01 -3.01366953E-02 -6.32363502E-04
  6.20413609E-02  2.97402202E-01 -3.02055079E-02 -6.49001078E-04
  6.33755837E-02  2.98738717E-01 -3.02742746E-02 -6.65701915E-04
  6.47098065E-02  3.00080161E-01 -3.03429943E-02 -6.82465938E-04
  6.60440294E-02  3.01426546E-01 -3.04116656E-02 -6.99293068E-04
  6.73782522E-02  3.02777888E-01 -3.04802874E-02 -7.16183228E-04
  6.87124750E-02  3.04134201E-01 -3.05488585E-02 -7.33136335E-04
  7.00466978E-02  3.05495501E-01 -3.06173775E-02 -7.50152308E-04
  7.13809206E-02  3.06861801E-01 -3.06858432E-02 -7.67231062E-04
  7.27151434E-02  3.08233117E-01 -3.07542545E-02 -7.84372509E-04
  7.40493662E-02  3.09609464E-01 -3.08226099E-02 -8.01576562E-04
  7.53835891E-02  3.10990856E-01 -3.08909084E-02 -8.18843130E-04
  7.67178119E-02  3.12377308E-01 -3.09591485E-02 -8.36172120E-04
  7.80520347E-02  3.13768835E-01 -3.10273290E-02 -8.53563439E-04
  7.93862575E-02  3.15165452E-01 -3.10954487E-02 -8.71016990E-04
  8.07204803E-02  3.16567173E-01 -3.11635063E-02 -8.88532674E-04
  8.20547031E-02  3.17974015E-01 -3.12315003E-02 -9.06110392E-04
  8.33889260E-02  3.19385992E-01 -3.12994297E-02 -9.23750041E-04
  8.47231488E-02  3.20803119E-01 -3.13672930E-02 -9.41451518E-04
  8.60573716E-02  3.22225412E-01 -3.14350889E-02 -9.59214715E-04
  8.73915944E-02  3.23652884E-01 -3.15028161E-02 -9.77039525E-04
  8.87258172E-02  3.25085552E-01 -3.15704733E-02 -9.94925838E-04
  9.00600400E-02  3.26523431E-01 -3.16380592E-02 -1.01287354E-03
  9.13942628E-02  3.27966536E-01 -3.17055724E-02 -1.03088252E-03
  9.27284857E-02  3.29414882E-01 -3.17730116E-02 -1.04895266E-03
  9.40627085E-02  3.30868485E-01 -3.18403754E-02 -1.06708384E-03
  9.53969313E-02  3.32327360E-01 -3.19076625E-02 -1.08527594E-03
  9.67311541E-02  3.33791522E-01 -3.19748715E-02 -1.10352883E-03
  9.80653769E-02  3.35260987E-01 -3.20420010E-02 -1.12184241E-03
  9.93995997E-02  3.36735770E-01 -3.21090497E-02 -1.14021652E-03
  1.00733823E-01  3.38215887E-01 -3.21760162E-02 -1.15865106E-03
  1.02068045E-01  3.39701353E-01 -3.22428991E-02 -1.17714588E-03
  1.03402268E-01  3.41192184E-01 -3.23096970E-02 -1.19570086E-03
  1.04736491E-01  3.42688396E-01 -3.23764085E-02 -1.21431585E-03
  1.06070714E-01  3.44190003E-01 -3.24430322E-02 -1.23299073E-03
  1.07404937E-01  3.45697023E-01 -3.25095667E-02 -1.25172535E-03
  1.08739159E-01  3.47209470E-01 -3.25760105E-02 -1.27051956E-03
  1.10073382E-01  3.48727360E-01 -3.26423623E-02 -1.28937324E-03
  1.11407605E-01  3.50250709E-01 -3.27086206E-02 -1.30828622E-03
  1.12741828E-01  3.51779533E-01 -3.27747840E-02 -1.32725836E-03
  1.14076051E-01  3.53313848E-01 -3.28408509E-02 -1.34628952E-03
  1.15410274E-01  3.54853669E-01 -3.29068201E-02 -1.36537953E-03
  1.16744496E-01  3.56399013E-01 -3.29726899E-02 -1.38452824E-03
  1.18078719E-01  3.57949896E-01 -3.30384590E-02 -1.40373551E-03
  1.19412942E-01  3.59506333E-01 -3.31041259E-02 -1.42300115E-03
  1.20747165E-01  3.61068341E-01 -3.31696890E-02 -1.44232502E-03
  1.22081388E-01  3.62635935E-01 -3.32351470E-02 -1.46170696E-03
  1.23415610E-01  3.64209132E-01 -3.33004983E-02 -1.48114678E-03
  1.24749833E-01  3.65787948E-01 -3.33657414E-02 -1.50064433E-03
  1.26084056E-01  3.67372399E-01 -3.34308748E-02 -1.52019944E-03
  1.27418279E-01  3.68962501E-01 -3.34958971E-02 -1.53981193E-03
  1.28752502E-01  3.70558271E-01 -3.35608066E-02 -1.55948162E-03
  1.30086724E-01  3.72159725E-01 -3.36256018E-02 -1.57920834E-03
  1.31420947E-01  3.73766878E-01 -3.36902813E-02 -1.59899191E-03
  1.32755170E-01  3.75379749E-01 -3.37548435E-02 -1.61883214E-03
  1.34089393E-01  3.76998352E-01 -3.38192868E-02 -1.63872885E-03
  1.35423616E-01  3.78622705E-01 -3.38836098E-02 -1.65868185E-03
  1.36757839E-01  3.80252824E-01 -3.39478107E-02 -1.67869096E-03
  1.38092061E-01  3.81888725E-01 -3.40118881E-02 -1.69875598E-03
  1.39426284E-01  3.83530426E-01 -3.40758404E-02 -1.71887671E-03
  1.40760507E-01  3.85177942E-01 -3.41396660E-02 -1.73905296E-03
  1.42094730E-01  3.86831290E-01 -3.42033634E-02 -1.75928453E-03
  1.43428953E-01  3.88490487E-01 -3.42669308E-02 -1.77957122E-03
  1.44763175E-01  3.90155549E-01 -3.43303668E-02 -1.79991282E-03
  1.46097398E-01  3.91826494E-01 -3.43936698E-02 -1.82030912E-03
  1.47431621E-01  3.93503338E-01 -3.44568380E-02 -1.84075992E-03
  1.48765844E-01  3.95186098E-01 -3.45198699E-02 -1.86126501E-03
  1.50100067E-01  3.96874791E-01 -3.45827639E-02 -1.88182417E-03
  1.51434290E-01  3.98569434E-01 -3.46455183E-02 -1.90243718E-03
  1.52768512E-01  4.00270043E-01 -3.47081315E-02 -1.92310382E-03
  1.54102735E-01  4.01976636E-01 -3.47706019E-02 -1.94382388E-03
  1.55436958E-01  4.03689229E-01 -3.48329277E-02 -1.96459712E-03
  1.56771181E-01  4.05407840E-01 -3.48951073E-02 -1.98542332E-03
  1.58105404E-01  4.07132486E-01 -3.49571390E-02 -2.00630226E-03
  1.59439626E-01  4.08863184E-01 -3.50190212E-02 -2.02723369E-03
  1.60773849E-01  4.10599951E-01 -3.50807522E-02 -2.04821739E-03
  1.62108072E-01  4.12342804E-01 -3.51423303E-02 -2.06925311E-03
  1.63442295E-01  4.14091760E-01 -3.52037537E-02 -2.09034062E-03
  1.64776518E-01  4.15846838E-01 -3.52650209E-02 -2.11147967E-03
  1.66110740E-01  4.17608053E-01 -3.53261300E-02 -2.13267003E-03
  1.67444963E-01  4.19375424E-01 -3.53870793E-02 -2.15391143E-03
  1.68779186E-01  4.21148968E-01 -3.54478672E-02 -2.17520363E-03
  1.70113409E-01  4.22928703E-01 -3.55084918E-02 -2.19654638E-03
  1.71447632E-01  4.24714644E-01 -3.55689515E-02 -2.21793941E-03
  1.72781855E-01  4.26506812E-01 -3.56292444E-02 -2.23938248E-03
  1.74116077E-01  4.28305222E-01 -3.56893689E-02 -2.26087532E-03
  1.75450300E-01  4.30109892E-01 -3.57493231E-02 -2.28241767E-03
  1.76784523E-01  4.31920841E-01 -3.58091053E-02 -2.30400925E-03
  1.78118746E-01  4.33738085E-01 -3.58687137E-02 -2.32564981E-03
  1.79452969E-01  4.35561643E-01 -3.59281466E-02 -2.34733906E-03
  1.80787191E-01  4.37391532E-01 -3.59874020E-02 -2.36907673E-03
  1.82121414E-01  4.39227770E-01 -3.60464783E-02 -2.39086255E-03
  1.83455637E-01  4.41070375E-01 -3.61053736E-02 -2.41269623E-03
  1.84789860E-01  4.42919365E-01 -3.61640860E-02 -2.43457749E-03
  1.86124083E-01  4.44774757E-01 -3.62226139E-02 -2.45650605E-03
  1.87458306E-01  4.46636569E-01 -3.62809553E-02 -2.47848161E-03
  1.88792528E-01  4.48504821E-01 -3.63391083E-02 -2.50050388E-03
  1.90126751E-01  4.50379528E-01 -3.63970712E-02 -2.52257257E-03
  1.91460974E-01  4.52260711E-01 -3.64548421E-02 -2.54468737E-03
  1.92795197E-01  4.54148386E-01 -3.65124191E-02 -2.56684800E-03
  1.94129420E-01  4.56042572E-01 -3.65698004E-02 -2.58905414E-03
  1.95463642E-01  4.57943287E-01 -3.66269841E-02 -2.61130549E-03
  1.96797865E-01  4.59850550E-01 -3.66839682E-02 -2.63360174E-03
  1.98132088E-01  4.61764378E-01 -3.67407509E-02 -2.65594258E-03
  1.99466311E-01  4.63684790E-01 -3.67973303E-02 -2.67832768E-03
  2.00800534E-01  4.65611804E-01 -3.68537045E-02 -2.70075675E-03
  2.02134757E-01  4.67545439E-01 -3.69098716E-02 -2.72322944E-03
  2.03468979E-01  4.69485713E-01 -3.69658296E-02 -2.74574545E-03
  2.04803202E-01  4.71432644E-01 -3.70215766E-02 -2.76830443E-03
  2.06137425E-01  4.73386252E-01 -3.70771107E-02 -2.79090607E-03
  2.07471648E-01  4.75346554E-01 -3.71324299E-02 -2.81355002E-03
  2.08805871E-01  4.77313569E-01 -3.71875322E-02 -2.83623596E-03
  2.10140093E-01  4.79287316E-01 -3.72424157E-02 -2.85896353E-03
  2.11474316E-01  4.81267814E-01 -3.72970785E-02 -2.88173241E-03
  2.12808539E-01  4.83255081E-01 -3.73515185E-02 -2.90454225E-03
  2.14142762E-01  4.85249136E-01 -3.74057337E-02 -2.92739269E-03
  2.15476985E-01  4.87249997E-01 -3.74597222E-02 -2.95028338E-03
  2.16811207E-01  4.89257685E-01 -3.75134820E-02 -2.97321398E-03
  2.18145430E-01  4.91272217E-01 -3.75670110E-02 -2.99618411E-03
  2.19479653E-01  4.93293612E-01 -3.76203072E-02 -3.01919343E-03
  2.20813876E-01  4.95321890E-01 -3.76733685E-02 -3.04224157E-03
  2.22148099E-01  4.97357069E-01 -3.77261931E-02 -3.06532816E-03
  2.23482322E-01  4.99399168E-01 -3.77787787E-02 -3.08845283E-03
  2.24816544E-01  5.01448208E-01 -3.78311234E-02 -3.11161520E-03
  2.26150767E-01  5.03504205E-01 -3.78832251E-02 -3.13481491E-03
  2.27484990E-01  5.05567181E-01 -3.79350816E-02 -3.15805156E-03
  2.28819213E-01  5.07637154E-01 -3.79866911E-02 -3.18132479E-03
  2.30153436E-01  5.09714143E-01 -3.80380513E-02 -3.20463419E-03
  2.31487658E-01  5.11798168E-01 -3.80891601E-02 -3.22797938E-03
  2.32821881E-01  5.13889248E-01 -3.81400155E-02 -3.25135997E-03
  2.34156104E-01  5.15987402E-01 -3.81906154E-02 -3.27477557E-03
  2.35490327E-01  5.18092650E-01 -3.82409575E-02 -3.29822576E-03
  2.36824550E-01  5.20205011E-01 -3.82910399E-02 -3.32171016E-03
  2.38158773E-01  5.22324505E-01 -3.83408603E-02 -3.34522835E-03
  2.39492995E-01  5.24451152E-01 -3.83904167E-02 -3.36877992E-03
  2.40827218E-01  5.26584970E-01 -3.84397068E-02 -3.39236446E-03
  2.42161441E-01  5.28725980E-01 -3.84887285E-02 -3.41598156E-03
  2.43495664E-01  5.30874201E-01 -3.85374797E-02 -3.43963080E-03
  2.44829887E-01  5.33029653E-01 -3.85859581E-02 -3.46331174E-03
  2.46164109E-01  5.35192356E-01 -3.86341615E-02 -3.48702398E-03
  2.47498332E-01  5.37362330E-01 -3.86820879E-02 -3.51076707E-03
  2.48832555E-01  5.39539594E-01 -3.87297349E-02 -3.53454058E-03
  2.50166778E-01  5.41724168E-01 -3.87771004E-02 -3.55834409E-03
  2.51501001E-01  5.43916073E-01 -3.88241821E-02 -3.58217714E-03
  2.52835223E-01  5.46115328E-01 -3.88709778E-02 -3.60603929E-03
  2.54169446E-01  5.48321953E-01 -3.89174853E-02 -3.62993010E-03
  2.55503669E-01  5.50535968E-01 -3.89637023E-02 -3.65384912E-03
  2.56837892E-01  5.52757394E-01 -3.90096265E-02 -3.67779589E-03
  2.58172115E-01  5.54986251E-01 -3.90552558E-02 -3.70176995E-03
  2.59506338E-01  5.57222558E-01 -3.91005878E-02 -3.72577085E-03
  2.60840560E-01  5.59466337E-01 -3.91456202E-02 -3.74979812E-03
  2.62174783E-01  5.61717607E-01 -3.91903508E-02 -3.77385129E-03
  2.63509006E-01  5.63976388E-01 -3.92347773E-02 -3.79792989E-03
  2.64843229E-01  5.66242702E-01 -3.92788973E-02 -3.82203345E-03
  2.66177452E-01  5.68516568E-01 -3.93227085E-02 -3.84616148E-03
  2.67511674E-01  5.70798008E-01 -3.93662086E-02 -3.87031350E-03
  2.68845897E-01  5.73087040E-01 -3.94093953E-02 -3.89448903E-03
  2.70180120E-01  5.75383687E-01 -3.94522662E-02 -3.91868758E-03
  2.71514343E-01  5.77687969E-01 -3.94948190E-02 -3.94290866E-03
  2.72848566E-01  5.79999905E-01 -3.95370513E-02 -3.96715176E-03
  2.74182789E-01  5.82319518E-01 -3.95789607E-02 -3.99141639E-03
  2.75517011E-01  5.84646827E-01 -3.96205449E-02 -4.01570204E-03
  2.76851234E-01  5.86981854E-01 -3.96618015E-02 -4.04000820E-03
  2.78185457E-01  5.89324619E-01 -3.97027280E-02 -4.06433437E-03
  2.79519680E-01  5.91675144E-01 -3.97433222E-02 -4.08868002E-03
  2.80853903E-01  5.94033448E-01 -3.97835814E-02 -4.11304464E-03
  2.82188125E-01  5.96399553E-01 -3.98235034E-02 -4.13742770E-03
  2.83522348E-01  5.98773481E-01 -3.98630857E-02 -4.16182868E-03
  2.84856571E-01  6.01155251E-01 -3.99023258E-02 -4.18624705E-03
  2.86190794E-01  6.03544886E-01 -3.99412214E-02 -4.21068226E-03
  2.87525017E-01  6.05942406E-01 -3.99797698E-02 -4.23513379E-03
  2.88859239E-01  6.08347833E-01 -4.00179688E-02 -4.25960110E-03
  2.90193462E-01  6.10761187E-01 -4.00558157E-02 -4.28408362E-03
  2.91527685E-01  6.13182490E-01 -4.00933081E-02 -4.30858082E-03
  2.92861908E-01  6.15611764E-01 -4.01304435E-02 -4.33309214E-03
  2.94196131E-01  6.18049029E-01 -4.01672194E-02 -4.35761703E-03
  2.95530354E-01  6.20494308E-01 -4.02036333E-02 -4.38215491E-03
  2.96864576E-01  6.22947621E-01 -4.02396826E-02 -4.40670523E-03
  2.98198799E-01  6.25408990E-01 -4.02753648E-02 -4.43126742E-03
  2.99533022E-01  6.27878436E-01 -4.03106774E-02 -4.45584089E-03
  3.00867245E-01  6.30355982E-01 -4.03456178E-02 -4.48042509E-03
  3.02201468E-01  6.32841648E-01 -4.03801834E-02 -4.50501941E-03
  3.03535690E-01  6.35335457E-01 -4.04143718E-02 -4.52962329E-03
  3.04869913E-01  6.37837431E-01 -4.04481802E-02 -4.55423612E-03
  3.06204136E-01  6.40347590E-01 -4.04816060E-02 -4.57885732E-03
  3.07538359E-01  6.42865957E-01 -4.05146468E-02 -4.60348628E-03
  3.08872582E-01  6.45392554E-01 -4.05472999E-02 -4.62812241E-03
  3.10206805E-01  6.47927403E-01 -4.05795626E-02 -4.65276509E-03
  3.11541027E-01  6.50470525E-01 -4.06114324E-02 -4.67741373E-03
  3.12875250E-01  6.53021942E-01 -4.06429065E-02 -4.70206770E-03
  3.14209473E-01  6.55581678E-01 -4.06739824E-02 -4.72672639E-03
  3.15543696E-01  6.58149753E-01 -4.07046573E-02 -4.75138917E-03
  3.16877919E-01  6.60726190E-01 -4.07349286E-02 -4.77605542E-03
  3.18212141E-01  6.63311011E-01 -4.07647937E-02 -4.80072451E-03
  3.19546364E-01  6.65904239E-01 -4.07942498E-02 -4.82539580E-03
  3.20880587E-01  6.68505895E-01 -4.08232943E-02 -4.85006865E-03
  3.22214810E-01  6.71116002E-01 -4.08519243E-02 -4.87474243E-03
  3.23549033E-01  6.73734583E-01 -4.08801373E-02 -4.89941647E-03
  3.24883256E-01  6.76361659E-01 -4.09079305E-02 -4.92409014E-03
  3.26217478E-01  6.78997253E-01 -4.09353011E-02 -4.94876277E-03
  3.27551701E-01  6.81641389E-01 -4.09622464E-02 -4.97343370E-03
  3.28885924E-01  6.84294088E-01 -4.09887636E-02 -4.99810228E-03
  3.30220147E-01  6.86955373E-01 -4.10148500E-02 -5.02276782E-03
  3.31554370E-01  6.89625266E-01 -4.10405027E-02 -5.04742966E-03
  3.32888592E-01  6.92303791E-01 -4.10657191E-02 -5.07208712E-03
  3.34222815E-01  6.94990970E-01 -4.10904963E-02 -5.09673952E-03
  3.35557038E-01  6.97686826E-01 -4.11148314E-02 -5.12138617E-03
  3.36891261E-01  7.00391382E-01 -4.11387217E-02 -5.14602638E-03
  3.38225484E-01  7.03104661E-01 -4.11621644E-02 -5.17065946E-03
  3.39559706E-01  7.05826686E-01 -4.11851566E-02 -5.19528469E-03
  3.40893929E-01  7.08557479E-01 -4.12076954E-02 -5.21990139E-03
  3.42228152E-01  7.11297064E-01 -4.12297780E-02 -5.24450885E-03
  3.43562375E-01  7.14045464E-01 -4.12514016E-02 -5.26910634E-03
  3.44896598E-01  7.16802702E-01 -4.12725631E-02 -5.29369315E-03
  3.46230821E-01  7.19568801E-01 -4.12932599E-02 -5.31826856E-03
  3.47565043E-01  7.22343785E-01 -4.13134889E-02 -5.34283185E-03
  3.48899266E-01  7.25127676E-01 -4.13332472E-02 -5.36738227E-03
  3.50233489E-01  7.27920499E-01 -4.13525320E-02 -5.39191911E-03
  3.51567712E-01  7.30722276E-01 -4.13713402E-02 -5.41644160E-03
  3.52901935E-01  7.33533031E-01 -4.13896690E-02 -5.44094902E-03
  3.54236157E-01  7.36352788E-01 -4.14075154E-02 -5.46544061E-03
  3.55570380E-01  7.39181570E-01 -4.14248764E-02 -5.48991562E-03
  3.56904603E-01  7.42019400E-01 -4.14417491E-02 -5.51437329E-03
  3.58238826E-01  7.44866303E-01 -4.14581305E-02 -5.53881285E-03
  3.59573049E-01  7.47722302E-01 -4.14740175E-02 -5.56323353E-03
  3.60907272E-01  7.50587420E-01 -4.14894072E-02 -5.58763457E-03
  3.62241494E-01  7.53461682E-01 -4.15042966E-02 -5.61201519E-03
  3.63575717E-01  7.56345111E-01 -4.15186826E-02 -5.63637460E-03
  3.64909940E-01  7.59237732E-01 -4.15325622E-02 -5.66071202E-03
  3.66244163E-01  7.62139567E-01 -4.15459324E-02 -5.68502665E-03
  3.67578386E-01  7.65050642E-01 -4.15587900E-02 -5.70931770E-03
  3.68912608E-01  7.67970980E-01 -4.15711321E-02 -5.73358437E-03
  3.70246831E-01  7.70900605E-01 -4.15829555E-02 -5.75782585E-03
  3.71581054E-01  7.73839542E-01 -4.15942572E-02 -5.78204133E-03
  3.72915277E-01  7.76787815E-01 -4.16050341E-02 -5.80622999E-03
  3.74249500E-01  7.79745447E-01 -4.16152829E-02 -5.83039102E-03
  3.75583722E-01  7.82712463E-01 -4.16250007E-02 -5.85452358E-03
  3.76917945E-01  7.85688889E-01 -4.16341843E-02 -5.87862686E-03
  3.78252168E-01  7.88674746E-01 -4.16428305E-02 -5.90270000E-03
  3.79586391E-01  7.91670062E-01 -4.16509363E-02 -5.92674218E-03
  3.80920614E-01  7.94674859E-01 -4.16584983E-02 -5.95075254E-03
  3.82254837E-01  7.97689162E-01 -4.16655135E-02 -5.97473024E-03
  3.83589059E-01  8.00712997E-01 -4.16719786E-02 -5.99867442E-03
  3.84923282E-01  8.03746387E-01 -4.16778905E-02 -6.02258422E-03
  3.86257505E-01  8.06789358E-01 -4.16832459E-02 -6.04645877E-03
  3.87591728E-01  8.09841933E-01 -4.16880417E-02 -6.07029721E-03
  3.88925951E-01  8.12904139E-01 -4.16922746E-02 -6.09409866E-03
  3.90260173E-01  8.15975999E-01 -4.16959413E-02 -6.11786224E-03
  3.91594396E-01  8.19057539E-01 -4.16990386E-02 -6.14158706E-03
  3.92928619E-01  8.22148783E-01 -4.17015632E-02 -6.16527224E-03
  3.94262842E-01  8.25249757E-01 -4.17035119E-02 -6.18891687E-03
  3.95597065E-01  8.28360486E-01 -4.17048814E-02 -6.21252006E-03
  3.96931288E-01  8.31480995E-01 -4.17056683E-02 -6.23608090E-03
  3.98265510E-01  8.34611308E-01 -4.17058693E-02 -6.25959847E-03
  3.99599733E-01  8.37751452E-01 -4.17054812E-02 -6.28307187E-03
  4.00933956E-01  8.40901451E-01 -4.17045006E-02 -6.30650017E-03
  4.02268179E-01  8.44061331E-01 -4.17029242E-02 -6.32988245E-03
  4.03602402E-01  8.47231117E-01 -4.17007485E-02 -6.35321777E-03
  4.04936624E-01  8.50410835E-01 -4.16979703E-02 -6.37650519E-03
  4.06270847E-01  8.53600509E-01 -4.16945862E-02 -6.39974377E-03
  4.07605070E-01  8.56800166E-01 -4.16905927E-02 -6.42293257E-03
  4.08939293E-01  8.60009831E-01 -4.16859864E-02 -6.44607062E-03
  4.10273516E-01  8.63229530E-01 -4.16807640E-02 -6.46915698E-03
  4.11607738E-01  8.66459289E-01 -4.16749220E-02 -6.49219068E-03
  4.12941961E-01  8.69699132E-01 -4.16684570E-02 -6.51517074E-03
  4.14276184E-01  8.72949087E-01 -4.16613656E-02 -6.53809620E-03
  4.15610407E-01  8.76209178E-01 -4.16536442E-02 -6.56096607E-03
  4.16944630E-01  8.79479432E-01 -4.16452894E-02 -6.58377937E-03
  4.18278853E-01  8.82759875E-01 -4.16362977E-02 -6.60653510E-03
  4.19613075E-01  8.86050532E-01 -4.16266657E-02 -6.62923228E-03
  4.20947298E-01  8.89351431E-01 -4.16163898E-02 -6.65186989E-03
  4.22281521E-01  8.92662596E-01 -4.16054665E-02 -6.67444693E-03
  4.23615744E-01  8.95984054E-01 -4.15938922E-02 -6.69696239E-03
  4.24949967E-01  8.99315831E-01 -4.15816635E-02 -6.71941525E-03
  4.26284189E-01  9.02657953E-01 -4.15687767E-02 -6.74180448E-03
  4.27618412E-01  9.06010448E-01 -4.15552284E-02 -6.76412905E-03
  4.28952635E-01  9.09373341E-01 -4.15410149E-02 -6.78638794E-03
  4.30286858E-01  9.12746658E-01 -4.15261326E-02 -6.80858009E-03
  4.31621081E-01  9.16130426E-01 -4.15105780E-02 -6.83070446E-03
  4.32955304E-01  9.19524672E-01 -4.14943474E-02 -6.85276000E-03
  4.34289526E-01  9.22929422E-01 -4.14774372E-02 -6.87474565E-03
  4.35623749E-01  9.26344704E-01 -4.14598438E-02 -6.89666035E-03
  4.36957972E-01  9.29770542E-01 -4.14415635E-02 -6.91850303E-03
  4.38292195E-01  9.33206965E-01 -4.14225926E-02 -6.94027261E-03
  4.39626418E-01  9.36654000E-01 -4.14029275E-02 -6.96196801E-03
  4.40960640E-01  9.40111672E-01 -4.13825645E-02 -6.98358814E-03
  4.42294863E-01  9.43580009E-01 -4.13614999E-02 -7.00513192E-03
  4.43629086E-01  9.47059038E-01 -4.13397300E-02 -7.02659824E-03
  4.44963309E-01  9.50548786E-01 -4.13172510E-02 -7.04798600E-03
  4.46297532E-01  9.54049280E-01 -4.12940592E-02 -7.06929409E-03
  4.47631755E-01  9.57560548E-01 -4.12701510E-02 -7.09052139E-03
  4.48965977E-01  9.61082615E-01 -4.12455224E-02 -7.11166679E-03
  4.50300200E-01  9.64615511E-01 -4.12201698E-02 -7.13272915E-03
  4.51634423E-01  9.68159261E-01 -4.11940893E-02 -7.15370734E-03
  4.52968646E-01  9.71713893E-01 -4.11672772E-02 -7.17460023E-03
  4.54302869E-01  9.75279436E-01 -4.11397297E-02 -7.19540665E-03
  4.55637091E-01  9.78855915E-01 -4.11114429E-02 -7.21612548E-03
  4.56971314E-01  9.82443359E-01 -4.10824130E-02 -7.23675554E-03
  4.58305537E-01  9.86041795E-01 -4.10526361E-02 -7.25729567E-03
  4.59639760E-01  9.89651252E-01 -4.10221084E-02 -7.27774471E-03
  4.60973983E-01  9.93271756E-01 -4.09908261E-02 -7.29810147E-03
  4.62308205E-01  9.96903335E-01 -4.09587851E-02 -7.31836479E-03
  4.63642428E-01  1.00054602E+00 -4.09259817E-02 -7.33853346E-03
  4.64976651E-01  1.00419983E+00 -4.08924120E-02 -7.35860629E-03
  4.66310874E-01  1.00786480E+00 -4.08580719E-02 -7.37858209E-03
  4.67645097E-01  1.01154096E+00 -4.08229576E-02 -7.39845965E-03
  4.68979320E-01  1.01522834E+00 -4.07870651E-02 -7.41823775E-03
  4.70313542E-01  1.01892695E+00 -4.07503905E-02 -7.43791518E-03
  4.71647765E-01  1.02263684E+00 -4.07129298E-02 -7.45749071E-03
  4.72981988E-01  1.02635803E+00 -4.06746789E-02 -7.47696312E-03
  4.74316211E-01  1.03009055E+00 -4.06356340E-02 -7.49633115E-03
  4.75650434E-01  1.03383442E+00 -4.05957909E-02 -7.51559358E-03
  4.76984656E-01  1.03758968E+00 -4.05551457E-02 -7.53474914E-03
  4.78318879E-01  1.04135634E+00 -4.05136943E-02 -7.55379659E-03
  4.79653102E-01  1.04513445E+00 -4.04714327E-02 -7.57273466E-03
  4.80987325E-01  1.04892403E+00 -4.04283567E-02 -7.59156208E-03
  4.82321548E-01  1.05272511E+00 -4.03844624E-02 -7.61027758E-03
  4.83655771E-01  1.05653772E+00 -4.03397457E-02 -7.62887987E-03
  4.84989993E-01  1.06036188E+00 -4.02942024E-02 -7.64736767E-03
  4.86324216E-01  1.06419763E+00 -4.02478283E-02 -7.66573967E-03
  4.87658439E-01  1.06804498E+00 -4.02006195E-02 -7.68399459E-03
  4.88992662E-01  1.07190399E+00 -4.01525717E-02 -7.70213111E-03
  4.90326885E-01  1.07577466E+00 -4.01036808E-02 -7.72014792E-03
  4.91661107E-01  1.07965703E+00 -4.00539426E-02 -7.73804369E-03
  4.92995330E-01  1.08355113E+00 -4.00033529E-02 -7.75581710E-03
  4.94329553E-01  1.08745699E+00 -3.99519076E-02 -7.77346682E-03
  4.95663776E-01  1.09137464E+00 -3.98996023E-02 -7.79099150E-03
  4.96997999E-01  1.09530411E+00 -3.98464330E-02 -7.80838981E-03
  4.98332221E-01  1.09924542E+00 -3.97923954E-02 -7.82566037E-03
  4.99666444E-01  1.10319861E+00 -3.97374851E-02 -7.84280184E-03
  5.01000667E-01  1.10716370E+00 -3.96816980E-02 -7.85981284E-03
  5.02334890E-01  1.11114072E+00 -3.96250298E-02 -7.87669201E-03
  5.03669113E-01  1.11512971E+00 -3.95674761E-02 -7.89343796E-03
  5.05003336E-01  1.11913070E+00 -3.95090327E-02 -7.91004930E-03
  5.06337558E-01  1.12314371E+00 -3.94496953E-02 -7.92652465E-03
  5.07671781E-01  1.12716876E+00 -3.93894595E-02 -7.94286259E-03
  5.09006004E-01  1.13120591E+00 -3.93283210E-02 -7.95906172E-03
  5.10340227E-01  1.13525516E+00 -3.92662754E-02 -7.97512063E-03
  5.11674450E-01  1.13931656E+00 -3.92033183E-02 -7.99103790E-03
  5.13008672E-01  1.14339013E+00 -3.91394454E-02 -8.00681210E-03
  5.14342895E-01  1.14747590E+00 -3.90746523E-02 -8.02244178E-03
  5.15677118E-01  1.15157390E+00 -3.90089345E-02 -8.03792552E-03
  5.17011341E-01  1.15568417E+00 -3.89422876E-02 -8.05326185E-03
  5.18345564E-01  1.15980673E+00 -3.88747072E-02 -8.06844933E-03
  5.19679787E-01  1.16394161E+00 -3.88061888E-02 -8.08348650E-03
  5.21014009E-01  1.16808885E+00 -3.87367280E-02 -8.09837187E-03
  5.22348232E-01  1.17224847E+00 -3.86663202E-02 -8.11310398E-03
  5.23682455E-01  1.17642050E+00 -3.85949610E-02 -8.12768134E-03
  5.25016678E-01  1.18060498E+00 -3.85226458E-02 -8.14210246E-03
  5.26350901E-01  1.18480193E+00 -3.84493702E-02 -8.15636584E-03
  5.27685123E-01  1.18901139E+00 -3.83751296E-02 -8.17046997E-03
  5.29019346E-01  1.19323338E+00 -3.82999194E-02 -8.18441335E-03
  5.30353569E-01  1.19746794E+00 -3.82237350E-02 -8.19819445E-03
  5.31687792E-01  1.20171510E+00 -3.81465719E-02 -8.21181174E-03
  5.33022015E-01  1.20597489E+00 -3.80684256E-02 -8.22526370E-03
  5.34356237E-01  1.21024734E+00 -3.79892913E-02 -8.23854878E-03
  5.35690460E-01  1.21453247E+00 -3.79091644E-02 -8.25166543E-03
  5.37024683E-01  1.21883033E+00 -3.78280403E-02 -8.26461209E-03
  5.38358906E-01  1.22314095E+00 -3.77459144E-02 -8.27738721E-03
  5.39693129E-01  1.22746434E+00 -3.76627820E-02 -8.28998921E-03
  5.41027352E-01  1.23180055E+00 -3.75786384E-02 -8.30241651E-03
  5.42361574E-01  1.23614961E+00 -3.74934789E-02 -8.31466754E-03
  5.43695797E-01  1.24051155E+00 -3.74072988E-02 -8.32674068E-03
  5.45030020E-01  1.24488639E+00 -3.73200933E-02 -8.33863436E-03
  5.46364243E-01  1.24927418E+00 -3.72318578E-02 -8.35034695E-03
  5.47698466E-01  1.25367493E+00 -3.71425874E-02 -8.36187685E-03
  5.49032688E-01  1.25808869E+00 -3.70522774E-02 -8.37322243E-03
  5.50366911E-01  1.26251549E+00 -3.69609230E-02 -8.38438205E-03
  5.51701134E-01  1.26695535E+00 -3.68685195E-02 -8.39535410E-03
  5.53035357E-01  1.27140831E+00 -3.67750619E-02 -8.40613691E-03
  5.54369580E-01  1.27587440E+00 -3.66805455E-02 -8.41672883E-03
  5.55703803E-01  1.28035366E+00 -3.65849655E-02 -8.42712821E-03
  5.57038025E-01  1.28484611E+00 -3.64883169E-02 -8.43733338E-03
  5.58372248E-01  1.28935178E+00 -3.63905948E-02 -8.44734266E-03
  5.59706471E-01  1.29387072E+00 -3.62917945E-02 -8.45715437E-03
  5.61040694E-01  1.29840294E+00 -3.61919110E-02 -8.46676682E-03
  5.62374917E-01  1.30294849E+00 -3.60909394E-02 -8.47617831E-03
  5.63709139E-01  1.30750739E+00 -3.59888747E-02 -8.48538713E-03
  5.65043362E-01  1.31207968E+00 -3.58857120E-02 -8.49439157E-03
  5.66377585E-01  1.31666539E+00 -3.57814463E-02 -8.50318990E-03
  5.67711808E-01  1.32126456E+00 -3.56760727E-02 -8.51178041E-03
  5.69046031E-01  1.32587720E+00 -3.55695861E-02 -8.52016134E-03
  5.70380254E-01  1.33050337E+00 -3.54619816E-02 -8.52833096E-03
  5.71714476E-01  1.33514309E+00 -3.53532542E-02 -8.53628750E-03
  5.73048699E-01  1.33979638E+00 -3.52433987E-02 -8.54402922E-03
  5.74382922E-01  1.34446330E+00 -3.51324101E-02 -8.55155434E-03
  5.75717145E-01  1.34914386E+00 -3.50202834E-02 -8.55886108E-03
  5.77051368E-01  1.35383810E+00 -3.49070135E-02 -8.56594766E-03
  5.78385590E-01  1.35854606E+00 -3.47925953E-02 -8.57281229E-03
  5.79719813E-01  1.36326777E+00 -3.46770236E-02 -8.57945316E-03
  5.81054036E-01  1.36800326E+00 -3.45602933E-02 -8.58586847E-03
  5.82388259E-01  1.37275256E+00 -3.44423994E-02 -8.59205639E-03
  5.83722482E-01  1.37751570E+00 -3.43233365E-02 -8.59801510E-03
  5.85056704E-01  1.38229273E+00 -3.42030996E-02 -8.60374278E-03
  5.86390927E-01  1.38708367E+00 -3.40816834E-02 -8.60923757E-03
  5.87725150E-01  1.39188856E+00 -3.39590828E-02 -8.61449763E-03
  5.89059373E-01  1.39670743E+00 -3.38352925E-02 -8.61952110E-03
  5.90393596E-01  1.40154031E+00 -3.37103073E-02 -8.62430611E-03
  5.91727819E-01  1.40638724E+00 -3.35841218E-02 -8.62885079E-03
  5.93062041E-01  1.41124825E+00 -3.34567310E-02 -8.63315326E-03
  5.94396264E-01  1.41612338E+00 -3.33281293E-02 -8.63721162E-03
  5.95730487E-01  1.42101266E+00 -3.31983117E-02 -8.64102398E-03
  5.97064710E-01  1.42591611E+00 -3.30672726E-02 -8.64458843E-03
  5.98398933E-01  1.43083379E+00 -3.29350069E-02 -8.64790304E-03
  5.99733155E-01  1.43576572E+00 -3.28015091E-02 -8.65096591E-03
  6.01067378E-01  1.44071193E+00 -3.26667739E-02 -8.65377509E-03
  6.02401601E-01  1.44567246E+00 -3.25307959E-02 -8.65632864E-03
  6.03735824E-01  1.45064734E+00 -3.23935697E-02 -8.65862462E-03
  6.05070047E-01  1.45563661E+00 -3.22550899E-02 -8.66066106E-03
  6.06404270E-01  1.46064031E+00 -3.21153510E-02 -8.66243600E-03
  6.07738492E-01  1.46565845E+00 -3.19743476E-02 -8.66394746E-03
  6.09072715E-01  1.47069109E+00 -3.18320743E-02 -8.66519346E-03
  6.10406938E-01  1.47573826E+00 -3.16885255E-02 -8.66617201E-03
  6.11741161E-01  1.48079999E+00 -3.15436959E-02 -8.66688110E-03
  6.13075384E-01  1.48587631E+00 -3.13975797E-02 -8.66731873E-03
  6.14409606E-01  1.49096725E+00 -3.12501716E-02 -8.66748287E-03
  6.15743829E-01  1.49607287E+00 -3.11014660E-02 -8.66737151E-03
  6.17078052E-01  1.50119318E+00 -3.09514573E-02 -8.66698259E-03
  6.18412275E-01  1.50632823E+00 -3.08001399E-02 -8.66631409E-03
  6.19746498E-01  1.51147804E+00 -3.06475083E-02 -8.66536394E-03
  6.21080720E-01  1.51664266E+00 -3.04935568E-02 -8.66413008E-03
  6.22414943E-01  1.52182212E+00 -3.03382798E-02 -8.66261044E-03
  6.23749166E-01  1.52701645E+00 -3.01816717E-02 -8.66080295E-03
  6.25083389E-01  1.53222570E+00 -3.00237268E-02 -8.65870551E-03
  6.26417612E-01  1.53744989E+00 -2.98644395E-02 -8.65631602E-03
  6.27751835E-01  1.54268905E+00 -2.97038040E-02 -8.65363239E-03
  6.29086057E-01  1.54794324E+00 -2.95418146E-02 -8.65065248E-03
  6.30420280E-01  1.55321248E+00 -2.93784656E-02 -8.64737418E-03
  6.31754503E-01  1.55849680E+00 -2.92137513E-02 -8.64379536E-03
  6.33088726E-01  1.56379624E+00 -2.90476658E-02 -8.63991387E-03
  6.34422949E-01  1.56911085E+00 -2.88802035E-02 -8.63572756E-03
  6.35757171E-01  1.57444065E+00 -2.87113586E-02 -8.63123427E-03
  6.37091394E-01  1.57978568E+00 -2.85411251E-02 -8.62643182E-03
  6.38425617E-01  1.58514597E+00 -2.83694974E-02 -8.62131805E-03
  6.39759840E-01  1.59052157E+00 -2.81964694E-02 -8.61589076E-03
  6.41094063E-01  1.59591251E+00 -2.80220355E-02 -8.61014775E-03
  6.42428286E-01  1.60131882E+00 -2.78461897E-02 -8.60408681E-03
  6.43762508E-01  1.60674054E+00 -2.76689261E-02 -8.59770574E-03
  6.45096731E-01  1.61217771E+00 -2.74902388E-02 -8.59100231E-03
  6.46430954E-01  1.61763037E+00 -2.73101218E-02 -8.58397428E-03
  6.47765177E-01  1.62309854E+00 -2.71285693E-02 -8.57661940E-03
  6.49099400E-01  1.62858227E+00 -2.69455752E-02 -8.56893543E-03
  6.50433622E-01  1.63408159E+00 -2.67611336E-02 -8.56092010E-03
  6.51767845E-01  1.63959654E+00 -2.65752385E-02 -8.55257113E-03
  6.53102068E-01  1.64512716E+00 -2.63878838E-02 -8.54388626E-03
  6.54436291E-01  1.65067348E+00 -2.61990636E-02 -8.53486318E-03
  6.55770514E-01  1.65623555E+00 -2.60087717E-02 -8.52549960E-03
  6.57104736E-01  1.66181339E+00 -2.58170022E-02 -8.51579321E-03
  6.58438959E-01  1.66740704E+00 -2.56237489E-02 -8.50574168E-03
  6.59773182E-01  1.67301654E+00 -2.54290057E-02 -8.49534269E-03
  6.61107405E-01  1.67864194E+00 -2.52327664E-02 -8.48459390E-03
  6.62441628E-01  1.68428326E+00 -2.50350251E-02 -8.47349296E-03
  6.63775851E-01  1.68994054E+00 -2.48357754E-02 -8.46203751E-03
  6.65110073E-01  1.69561382E+00 -2.46350113E-02 -8.45022518E-03
  6.66444296E-01  1.70130314E+00 -2.44327265E-02 -8.43805360E-03
  6.67778519E-01  1.70700853E+00 -2.42289149E-02 -8.42552039E-03
  6.69112742E-01  1.71273004E+00 -2.40235701E-02 -8.41262313E-03
  6.70446965E-01  1.71846770E+00 -2.38166860E-02 -8.39935943E-03
  6.71781187E-01  1.72422155E+00 -2.36082563E-02 -8.38572687E-03
  6.73115410E-01  1.72999162E+00 -2.33982747E-02 -8.37172303E-03
  6.74449633E-01  1.73577795E+00 -2.31867349E-02 -8.35734546E-03
  6.75783856E-01  1.74158059E+00 -2.29736306E-02 -8.34259172E-03
  6.77118079E-01  1.74739957E+00 -2.27589555E-02 -8.32745935E-03
  6.78452302E-01  1.75323492E+00 -2.25427032E-02 -8.31194590E-03
  6.79786524E-01  1.75908669E+00 -2.23248673E-02 -8.29604887E-03
  6.81120747E-01  1.76495492E+00 -2.21054415E-02 -8.27976579E-03
  6.82454970E-01  1.77083964E+00 -2.18844193E-02 -8.26309416E-03
  6.83789193E-01  1.77674088E+00 -2.16617943E-02 -8.24603148E-03
  6.85123416E-01  1.78265870E+00 -2.14375602E-02 -8.22857522E-03
  6.86457638E-01  1.78859313E+00 -2.12117103E-02 -8.21072286E-03
  6.87791861E-01  1.79454420E+00 -2.09842382E-02 -8.19247186E-03
  6.89126084E-01  1.80051195E+00 -2.07551375E-02 -8.17381968E-03
  6.90460307E-01  1.80649643E+00 -2.05244017E-02 -8.15476376E-03
  6.91794530E-01  1.81249768E+00 -2.02920241E-02 -8.13530153E-03
  6.93128753E-01  1.81851572E+00 -2.00579982E-02 -8.11543042E-03
  6.94462975E-01  1.82455061E+00 -1.98223175E-02 -8.09514783E-03
  6.95797198E-01  1.83060237E+00 -1.95849753E-02 -8.07445117E-03
  6.97131421E-01  1.83667105E+00 -1.93459652E-02 -8.05333783E-03
  6.98465644E-01  1.84275669E+00 -1.91052803E-02 -8.03180519E-03
  6.99799867E-01  1.84885933E+00 -1.88629141E-02 -8.00985061E-03
  7.01134089E-01  1.85497900E+00 -1.86188600E-02 -7.98747147E-03
  7.02468312E-01  1.86111575E+00 -1.83731112E-02 -7.96466511E-03
  7.03802535E-01  1.86726962E+00 -1.81256610E-02 -7.94142887E-03
  7.05136758E-01  1.87344063E+00 -1.78765027E-02 -7.91776007E-03
  7.06470981E-01  1.87962885E+00 -1.76256296E-02 -7.89365604E-03
  7.07805203E-01  1.88583429E+00 -1.73730350E-02 -7.86911408E-03
  7.09139426E-01  1.89205701E+00 -1.71187119E-02 -7.84413149E-03
  7.10473649E-01  1.89829705E+00 -1.68626537E-02 -7.81870556E-03
  7.11807872E-01  1.90455443E+00 -1.66048535E-02 -7.79283356E-03
  7.13142095E-01  1.91082921E+00 -1.63453045E-02 -7.76651275E-03
  7.14476318E-01  1.91712143E+00 -1.60839998E-02 -7.73974038E-03
  7.15810540E-01  1.92343112E+00 -1.58209326E-02 -7.71251371E-03
  7.17144763E-01  1.92975832E+00 -1.55560960E-02 -7.68482997E-03
  7.18478986E-01  1.93610307E+00 -1.52894830E-02 -7.65668636E-03
  7.19813209E-01  1.94246542E+00 -1.50210867E-02 -7.62808012E-03
  7.21147432E-01  1.94884541E+00 -1.47509002E-02 -7.59900842E-03
  7.22481654E-01  1.95524307E+00 -1.44789165E-02 -7.56946848E-03
  7.23815877E-01  1.96165844E+00 -1.42051286E-02 -7.53945745E-03
  7.25150100E-01  1.96809158E+00 -1.39295296E-02 -7.50897251E-03
  7.26484323E-01  1.97454251E+00 -1.36521123E-02 -7.47801081E-03
  7.27818546E-01  1.98101128E+00 -1.33728697E-02 -7.44656950E-03
  7.29152769E-01  1.98749792E+00 -1.30917948E-02 -7.41464572E-03
  7.30486991E-01  1.99400249E+00 -1.28088805E-02 -7.38223657E-03
  7.31821214E-01  2.00052502E+00 -1.25241197E-02 -7.34933919E-03
  7.33155437E-01  2.00706555E+00 -1.22375052E-02 -7.31595065E-03
  7.34489660E-01  2.01362412E+00 -1.19490299E-02 -7.28206806E-03
  7.35823883E-01  2.02020078E+00 -1.16586866E-02 -7.24768850E-03
  7.37158105E-01  2.02679557E+00 -1.13664682E-02 -7.21280902E-03
  7.38492328E-01  2.03340852E+00 -1.10723674E-02 -7.17742668E-03
  7.39826551E-01  2.04003968E+00 -1.07763771E-02 -7.14153853E-03
  7.41160774E-01  2.04668909E+00 -1.04784899E-02 -7.10514160E-03
  7.42494997E-01  2.05335680E+00 -1.01786987E-02 -7.06823291E-03
  7.43829219E-01  2.06004284E+00 -9.87699606E-03 -7.03080946E-03
  7.45163442E-01  2.06674725E+00 -9.57337477E-03 -6.99286827E-03
  7.46497665E-01  2.07347008E+00 -9.26782748E-03 -6.95440631E-03
  7.47831888E-01  2.08021137E+00 -8.96034685E-03 -6.91542056E-03
  7.49166111E-01  2.08697116E+00 -8.65092551E-03 -6.87590798E-03
  7.50500334E-01  2.09374950E+00 -8.33955607E-03 -6.83586552E-03
  7.51834556E-01  2.10054642E+00 -8.02623114E-03 -6.79529013E-03
  7.53168779E-01  2.10736197E+00 -7.71094329E-03 -6.75417874E-03
  7.54503002E-01  2.11419620E+00 -7.39368507E-03 -6.71252825E-03
  7.55837225E-01  2.12104913E+00 -7.07444902E-03 -6.67033558E-03
  7.57171448E-01  2.12792082E+00 -6.75322764E-03 -6.62759762E-03
  7.58505670E-01  2.13481131E+00 -6.43001344E-03 -6.58431125E-03
  7.59839893E-01  2.14172064E+00 -6.10479888E-03 -6.54047334E-03
  7.61174116E-01  2.14864885E+00 -5.77757643E-03 -6.49608074E-03
  7.62508339E-01  2.15559599E+00 -5.44833850E-03 -6.45113032E-03
  7.63842562E-01  2.16256210E+00 -5.11707752E-03 -6.40561889E-03
  7.65176785E-01  2.16954722E+00 -4.78378587E-03 -6.35954329E-03
  7.66511007E-01  2.17655140E+00 -4.44845592E-03 -6.31290031E-03
  7.67845230E-01  2.18357467E+00 -4.11108002E-03 -6.26568677E-03
  7.69179453E-01  2.19061709E+00 -3.77165050E-03 -6.21789945E-03
  7.70513676E-01  2.19767869E+00 -3.43015967E-03 -6.16953511E-03
  7.71847899E-01  2.20475952E+00 -3.08659981E-03 -6.12059053E-03
  7.73182121E-01  2.21185962E+00 -2.74096320E-03 -6.07106246E-03
  7.74516344E-01  2.21897904E+00 -2.39324207E-03 -6.02094762E-03
  7.75850567E-01  2.22611782E+00 -2.04342865E-03 -5.97024276E-03
  7.77184790E-01  2.23327600E+00 -1.69151514E-03 -5.91894457E-03
  7.78519013E-01  2.24045362E+00 -1.33749372E-03 -5.86704977E-03
  7.79853235E-01  2.24765074E+00 -9.81356564E-04 -5.81455504E-03
  7.81187458E-01  2.25486739E+00 -6.23095799E-04 -5.76145705E-03
  7.82521681E-01  2.26210362E+00 -2.62703547E-04 -5.70775248E-03
  7.83855904E-01  2.26935948E+00  9.98280944E-05 -5.65343798E-03
  7.85190127E-01  2.27663499E+00  4.64507049E-04 -5.59851017E-03
  7.86524350E-01  2.28393022E+00  8.31341263E-04 -5.54296570E-03
  7.87858572E-01  2.29124521E+00  1.20033870E-03 -5.48680117E-03
  7.89192795E-01  2.29858000E+00  1.57150735E-03 -5.43001319E-03
  7.90527018E-01  2.30593463E+00  1.94485523E-03 -5.37259835E-03
  7.91861241E-01  2.31330914E+00  2.32039036E-03 -5.31455322E-03
  7.93195464E-01  2.32070360E+00  2.69812080E-03 -5.25587437E-03
  7.94529686E-01  2.32811803E+00  3.07805461E-03 -5.19655835E-03
  7.95863909E-01  2.33555248E+00  3.46019991E-03 -5.13660170E-03
  7.97198132E-01  2.34300700E+00  3.84456479E-03 -5.07600094E-03
  7.98532355E-01  2.35048164E+00  4.23115741E-03 -5.01475259E-03
  7.99866578E-01  2.35797643E+00  4.61998593E-03 -4.95285314E-03
  8.01200801E-01  2.36549143E+00  5.01105852E-03 -4.89029910E-03
  8.02535023E-01  2.37302668E+00  5.40438339E-03 -4.82708692E-03
  8.03869246E-01  2.38058222E+00  5.79996876E-03 -4.76321308E-03
  8.05203469E-01  2.38815810E+00  6.19782290E-03 -4.69867402E-03
  8.06537692E-01  2.39575436E+00  6.59795406E-03 -4.63346619E-03
  8.07871915E-01  2.40337106E+00  7.00037053E-03 -4.56758599E-03
  8.09206137E-01  2.41100823E+00  7.40508064E-03 -4.50102984E-03
  8.10540360E-01  2.41866592E+00  7.81209272E-03 -4.43379414E-03
  8.11874583E-01  2.42634418E+00  8.22141512E-03 -4.36587528E-03
  8.13208806E-01  2.43404306E+00  8.63305623E-03 -4.29726962E-03
  8.14543029E-01  2.44176259E+00  9.04702445E-03 -4.22797352E-03
  8.15877252E-01  2.44950283E+00  9.46332821E-03 -4.15798333E-03
  8.17211474E-01  2.45726382E+00  9.88197595E-03 -4.08729537E-03
  8.18545697E-01  2.46504561E+00  1.03029761E-02 -4.01590597E-03
  8.19879920E-01  2.47284825E+00  1.07263373E-02 -3.94381143E-03
  8.21214143E-01  2.48067177E+00  1.11520679E-02 -3.87100804E-03
  8.22548366E-01  2.48851624E+00  1.15801765E-02 -3.79749208E-03
  8.23882588E-01  2.49638168E+00  1.20106716E-02 -3.72325981E-03
  8.25216811E-01  2.50426816E+00  1.24435619E-02 -3.64830749E-03
  8.26551034E-01  2.51217572E+00  1.28788560E-02 -3.57263134E-03
  8.27885257E-01  2.52010440E+00  1.33165624E-02 -3.49622761E-03
  8.29219480E-01  2.52805425E+00  1.37566898E-02 -3.41909249E-03
  8.30553702E-01  2.53602532E+00  1.41992469E-02 -3.34122218E-03
  8.31887925E-01  2.54401766E+00  1.46442425E-02 -3.26261287E-03
  8.33222148E-01  2.55203131E+00  1.50916851E-02 -3.18326073E-03
  8.34556371E-01  2.56006631E+00  1.55415836E-02 -3.10316190E-03
  8.35890594E-01  2.56812273E+00  1.59939467E-02 -3.02231255E-03
  8.37224817E-01  2.57620060E+00  1.64487832E-02 -2.94070878E-03
  8.38559039E-01  2.58429997E+00  1.69061019E-02 -2.85834672E-03
  8.39893262E-01  2.59242089E+00  1.73659117E-02 -2.77522247E-03
  8.41227485E-01  2.60056341E+00  1.78282214E-02 -2.69133212E-03
  8.42561708E-01  2.60872758E+00  1.82930398E-02 -2.60667173E-03
  8.43895931E-01  2.61691344E+00  1.87603760E-02 -2.52123737E-03
  8.45230153E-01  2.62512104E+00  1.92302388E-02 -2.43502508E-03
  8.46564376E-01  2.63335043E+00  1.97026371E-02 -2.34803089E-03
  8.47898599E-01  2.64160165E+00  2.01775800E-02 -2.26025082E-03
  8.49232822E-01  2.64987476E+00  2.06550764E-02 -2.17168088E-03
  8.50567045E-01  2.65816981E+00  2.11351354E-02 -2.08231705E-03
  8.51901268E-01  2.66648684E+00  2.16177660E-02 -1.99215530E-03
  8.53235490E-01  2.67482590E+00  2.21029772E-02 -1.90119160E-03
  8.54569713E-01  2.68318704E+00  2.25907782E-02 -1.80942189E-03
  8.55903936E-01  2.69157030E+00  2.30811781E-02 -1.71684211E-03
  8.57238159E-01  2.69997575E+00  2.35741860E-02 -1.62344817E-03
  8.58572382E-01  2.70840341E+00  2.40698110E-02 -1.52923597E-03
  8.59906604E-01  2.71685336E+00  2.45680625E-02 -1.43420141E-03
  8.61240827E-01  2.72532562E+00  2.50689494E-02 -1.33834035E-03
  8.62575050E-01  2.73382026E+00  2.55724812E-02 -1.24164866E-03
  8.63909273E-01  2.74233732E+00  2.60786671E-02 -1.14412219E-03
  8.65243496E-01  2.75087686E+00  2.65875163E-02 -1.04575676E-03
  8.66577718E-01  2.75943891E+00  2.70990381E-02 -9.46548192E-04
  8.67911941E-01  2.76802353E+00  2.76132419E-02 -8.46492286E-04
  8.69246164E-01  2.77663077E+00  2.81301370E-02 -7.45584830E-04
  8.70580387E-01  2.78526068E+00  2.86497329E-02 -6.43821595E-04
  8.71914610E-01  2.79391331E+00  2.91720388E-02 -5.41198340E-04
  8.73248833E-01  2.80258871E+00  2.96970643E-02 -4.37710807E-04
  8.74583055E-01  2.81128693E+00  3.02248188E-02 -3.33354725E-04
  8.75917278E-01  2.82000801E+00  3.07553117E-02 -2.28125806E-04
  8.77251501E-01  2.82875202E+00  3.12885526E-02 -1.22019750E-04
  8.78585724E-01  2.83751899E+00  3.18245509E-02 -1.50322388E-05
  8.79919947E-01  2.84630898E+00  3.23633163E-02  9.28410581E-05
  8.81254169E-01  2.85512204E+00  3.29048583E-02  2.01604487E-04
  8.82588392E-01  2.86395822E+00  3.34491865E-02  3.11262411E-04
  8.83922615E-01  2.87281757E+00  3.39963105E-02  4.21819204E-04
  8.85256838E-01  2.88170014E+00  3.45462400E-02  5.33279260E-04
  8.86591061E-01  2.89060599E+00  3.50989846E-02  6.45646985E-04
  8.87925284E-01  2.89953515E+00  3.56545540E-02  7.58926800E-04
  8.89259506E-01  2.90848769E+00  3.62129580E-02  8.73123144E-04
  8.90593729E-01  2.91746366E+00  3.67742063E-02  9.88240468E-04
  8.91927952E-01  2.92646309E+00  3.73383087E-02  1.10428324E-03
  8.93262175E-01  2.93548606E+00  3.79052750E-02  1.22125594E-03
  8.94596398E-01  2.94453260E+00  3.84751149E-02  1.33916308E-03
  8.95930620E-01  2.95360277E+00  3.90478383E-02  1.45800915E-03
  8.97264843E-01  2.96269662E+00  3.96234552E-02  1.57779870E-03
  8.98599066E-01  2.97181421E+00  4.02019753E-02  1.69853627E-03
  8.99933289E-01  2.98095558E+00  4.07834087E-02  1.82022642E-03
  9.01267512E-01  2.99012078E+00  4.13677652E-02  1.94287372E-03
  9.02601734E-01  2.99930987E+00  4.19550549E-02  2.06648276E-03
  9.03935957E-01  3.00852290E+00  4.25452877E-02  2.19105816E-03
  9.05270180E-01  3.01775992E+00  4.31384737E-02  2.31660453E-03
  9.06604403E-01  3.02702098E+00  4.37346228E-02  2.44312652E-03
  9.07938626E-01  3.03630614E+00  4.43337453E-02  2.57062878E-03
  9.09272849E-01  3.04561544E+00  4.49358511E-02  2.69911597E-03
  9.10607071E-01  3.05494895E+00  4.55409504E-02  2.82859279E-03
  9.11941294E-01  3.06430671E+00  4.61490534E-02  2.95906393E-03
  9.13275517E-01  3.07368877E+00  4.67601702E-02  3.09053412E-03
  9.14609740E-01  3.08309519E+00  4.73743110E-02  3.22300809E-03
  9.15943963E-01  3.09252602E+00  4.79914861E-02  3.35649058E-03
  9.17278185E-01  3.10198132E+00  4.86117057E-02  3.49098637E-03
  9.18612408E-01  3.11146112E+00  4.92349800E-02  3.62650023E-03
  9.19946631E-01  3.12096550E+00  4.98613195E-02  3.76303697E-03
  9.21280854E-01  3.13049450E+00  5.04907344E-02  3.90060139E-03
  9.22615077E-01  3.14004818E+00  5.11232351E-02  4.03919833E-03
  9.23949300E-01  3.14962658E+00  5.17588319E-02  4.17883263E-03
  9.25283522E-01  3.15922977E+00  5.23975353E-02  4.31950916E-03
  9.26617745E-01  3.16885779E+00  5.30393557E-02  4.46123280E-03
  9.27951968E-01  3.17851070E+00  5.36843036E-02  4.60400844E-03
  9.29286191E-01  3.18818855E+00  5.43323894E-02  4.74784099E-03
  9.30620414E-01  3.19789140E+00  5.49836238E-02  4.89273539E-03
  9.31954636E-01  3.20761930E+00  5.56380171E-02  5.03869657E-03
  9.33288859E-01  3.21737231E+00  5.62955800E-02  5.18572950E-03
  9.34623082E-01  3.22715047E+00  5.69563231E-02  5.33383916E-03
  9.35957305E-01  3.23695384E+00  5.76202570E-02  5.48303054E-03
  9.37291528E-01  3.24678249E+00  5.82873923E-02  5.63330865E-03
  9.38625751E-01  3.25663645E+00  5.89577397E-02  5.78467852E-03
  9.39959973E-01  3.26651578E+00  5.96313100E-02  5.93714519E-03
  9.41294196E-01  3.27642055E+00  6.03081138E-02  6.09071374E-03
  9.42628419E-01  3.28635080E+00  6.09881619E-02  6.24538922E-03
  9.43962642E-01  3.29630659E+00  6.16714650E-02  6.40117675E-03
  9.45296865E-01  3.30628798E+00  6.23580341E-02  6.55808143E-03
  9.46631087E-01  3.31629501E+00  6.30478799E-02  6.71610839E-03
  9.47965310E-01  3.32632775E+00  6.37410132E-02  6.87526278E-03
  9.49299533E-01  3.33638625E+00  6.44374451E-02  7.03554976E-03
  9.50633756E-01  3.34647056E+00  6.51371863E-02  7.19697450E-03
  9.51967979E-01  3.35658074E+00  6.58402478E-02  7.35954222E-03
  9.53302201E-01  3.36671685E+00  6.65466407E-02  7.52325812E-03
  9.54636424E-01  3.37687893E+00  6.72563758E-02  7.68812742E-03
  9.55970647E-01  3.38706706E+00  6.79694643E-02  7.85415540E-03
  9.57304870E-01  3.39728127E+00  6.86859171E-02  8.02134729E-03
  9.58639093E-01  3.40752163E+00  6.94057454E-02  8.18970840E-03
  9.59973316E-01  3.41778820E+00  7.01289602E-02  8.35924403E-03
  9.61307538E-01  3.42808102E+00  7.08555728E-02  8.52995948E-03
  9.62641761E-01  3.43840016E+00  7.15855942E-02  8.70186010E-03
  9.63975984E-01  3.44874567E+00  7.23190356E-02  8.87495123E-03
  9.65310207E-01  3.45911761E+00  7.30559083E-02  9.04923826E-03
  9.66644430E-01  3.46951603E+00  7.37962235E-02  9.22472656E-03
  9.67978652E-01  3.47994100E+00  7.45399925E-02  9.40142155E-03
  9.69312875E-01  3.49039256E+00  7.52872266E-02  9.57932865E-03
  9.70647098E-01  3.50087078E+00  7.60379371E-02  9.75845329E-03
  9.71981321E-01  3.51137570E+00  7.67921354E-02  9.93880094E-03
  9.73315544E-01  3.52190740E+00  7.75498328E-02  1.01203771E-02
  9.74649767E-01  3.53246591E+00  7.83110407E-02  1.03031872E-02
  9.75983989E-01  3.54305131E+00  7.90757707E-02  1.04872368E-02
  9.77318212E-01  3.55366365E+00  7.98440342E-02  1.06725314E-02
  9.78652435E-01  3.56430299E+00  8.06158426E-02  1.08590766E-02
  9.79986658E-01  3.57496937E+00  8.13912076E-02  1.10468779E-02
  9.81320881E-01  3.58566287E+00  8.21701405E-02  1.12359410E-02
  9.82655103E-01  3.59638354E+00  8.29526532E-02  1.14262713E-02
  9.83989326E-01  3.60713143E+00  8.37387570E-02  1.16178746E-02
  9.85323549E-01  3.61790661E+00  8.45284638E-02  1.18107565E-02
  9.86657772E-01  3.62870913E+00  8.53217851E-02  1.20049227E-02
  9.87991995E-01  3.63953905E+00  8.61187326E-02  1.22003787E-02
  9.89326217E-01  3.65039642E+00  8.69193182E-02  1.23971304E-02
  9.90660440E-01  3.66128132E+00  8.77235534E-02  1.25951834E-02
  9.91994663E-01  3.67219378E+00  8.85314502E-02  1.27945434E-02
  9.93328886E-01  3.68313388E+00  8.93430202E-02  1.29952162E-02
  9.94663109E-01  3.69410167E+00  9.01582755E-02  1.31972076E-02
  9.95997332E-01  3.70509721E+00  9.09772277E-02  1.34005233E-02
  9.97331554E-01  3.71612056E+00  9.17998889E-02  1.36051692E-02
  9.98665777E-01  3.72717177E+00  9.26262710E-02  1.38111511E-02
  1.00000000E+00  3.73825092E+00  9.34563858E-02  1.40184748E-02
